模拟下注：贝斯,0 | 吉他,0 | 下注结果：【未命中】。2022-12-14 16:46:52 钢琴。本次回收：0。，总投入：0，总回收：0，实际收益：0，开关=1
****************************************
模拟下注：钢琴,0 | 吉他,0 | 下注结果：【未命中】。2022-12-14 16:48:48 竖琴。本次回收：0。，总投入：0，总回收：0，实际收益：0，开关=1
****************************************
模拟下注：钢琴,0 | 吉他,0 | 下注结果：【未命中】。2022-12-14 16:50:44 贝斯。本次回收：0。，总投入：0，总回收：0，实际收益：0，开关=1
****************************************
模拟下注：贝斯,0 | 小提琴,0 | 下注结果：【未命中】。2022-12-14 17:00:24 钢琴。本次回收：0。，总投入：0，总回收：0，实际收益：0，开关=1
****************************************
模拟下注：吉他,0 | 小提琴,0 | 下注结果：【未命中】。2022-12-14 17:11:02 圆号。本次回收：0。，总投入：0，总回收：0，实际收益：0，开关=2
****************************************
模拟下注：吉他,0 | 小提琴,0 | 下注结果：【未命中】。2022-12-14 17:18:46 贝斯。本次回收：0。，总投入：0，总回收：0，实际收益：0，开关=2
****************************************
模拟下注：贝斯,0 | 钢琴,0 | 下注结果：【未命中】。2022-12-14 17:23:36 小提琴。本次回收：0。，总投入：0，总回收：0，实际收益：0，开关=1
****************************************
模拟下注：钢琴,0 | 贝斯,0 | 下注结果：【命中】。2022-12-14 17:34:14 钢琴。本次回收：0。总投入：0，总回收：0，实际收益：0，开关=2
****************************************
模拟下注：贝斯,0 | 吉他,0 | 下注结果：【命中】。2022-12-14 18:02:16 贝斯。本次回收：0。总投入：0，总回收：0，实际收益：0，开关=1
****************************************
模拟下注：贝斯,1 | 吉他,1 | 下注结果：【未命中】。2022-12-14 18:04:12 钢琴。本次回收：0。，总投入：2，总回收：0，实际收益：-1，开关=1
****************************************
模拟下注：贝斯,10 | 吉他,10 | 下注结果：【命中】。2022-12-14 18:08:04 吉他。本次回收：50。总投入：22，总回收：50，实际收益：11，开关=1
****************************************
模拟下注：贝斯,1 | 吉他,1 | 下注结果：【命中】。2022-12-14 18:09:02 吉他。本次回收：5。总投入：24，总回收：55，实际收益：12，开关=1
****************************************
模拟下注：贝斯,1 | 吉他,1 | 下注结果：【命中】。2022-12-14 18:10:00 吉他。本次回收：5。总投入：26，总回收：60，实际收益：14，开关=1
****************************************
模拟下注：贝斯,1 | 吉他,1 | 下注结果：【未命中】。2022-12-14 18:10:58 钢琴。本次回收：0。，总投入：28，总回收：60，实际收益：12，开关=1
****************************************
模拟下注：小提琴,10 | 贝斯,10 | 下注结果：【命中】。2022-12-14 18:19:40 小提琴。本次回收：50。总投入：48，总回收：110，实际收益：25，开关=1
****************************************
模拟下注：贝斯,1 | 小提琴,1 | 下注结果：【未命中】。2022-12-14 18:20:38 钢琴。本次回收：0。，总投入：50，总回收：110，实际收益：23，开关=1
****************************************
模拟下注：小提琴,1 | 贝斯,1 | 下注结果：【未命中】。2022-12-14 20:24:22 吉他。本次回收：0。，总投入：2，总回收：0，实际收益：-1，开关=1
****************************************
模拟下注：贝斯,10 | 钢琴,10 | 下注结果：【命中】。2022-12-14 20:36:56 钢琴。本次回收：50。总投入：22，总回收：50，实际收益：11，开关=2
****************************************
模拟下注：小提琴,1 | 吉他,1 | 下注结果：【未命中】。2022-12-14 20:42:44 贝斯。本次回收：0。，总投入：24，总回收：50，实际收益：9，开关=2
****************************************
模拟下注：钢琴,10 | 贝斯,10 | 下注结果：【未命中】。2022-12-14 20:43:42 架子鼓。本次回收：0。，总投入：44，总回收：50，实际收益：-8，开关=1
****************************************
模拟下注：贝斯,100 | 小提琴,100 | 下注结果：【未命中】。2022-12-14 20:45:38 吉他。本次回收：0。，总投入：244，总回收：50，实际收益：-192，开关=1
****************************************
模拟下注：小提琴,0 | 钢琴,0 | 下注结果：【未命中】。2022-12-14 20:49:30 架子鼓。本次回收：0。，总投入：244，总回收：50，实际收益：-192，开关=1
****************************************
模拟下注：小提琴,0 | 钢琴,0 | 下注结果：【未命中】。2022-12-14 21:05:56 萨克斯风。本次回收：0。，总投入：244，总回收：50，实际收益：-192，开关=2
****************************************
模拟下注：吉他,0 | 贝斯,0 | 下注结果：【命中】。2022-12-14 21:08:50 贝斯。本次回收：0。总投入：244，总回收：50，实际收益：-192，开关=1
****************************************
模拟下注：小提琴,0 | 钢琴,0 | 下注结果：【未命中】。2022-12-14 21:09:48 贝斯。本次回收：0。，总投入：244，总回收：50，实际收益：-192，开关=2
****************************************
模拟下注：吉他,0 | 贝斯,0 | 下注结果：【未命中】。2022-12-14 21:10:46 萨克斯风。本次回收：0。，总投入：244，总回收：50，实际收益：-192，开关=1
****************************************
模拟下注：钢琴,0 | 贝斯,0 | 下注结果：【未命中】。2022-12-14 21:15:36 竖琴。本次回收：0。，总投入：244，总回收：50，实际收益：-192，开关=2
****************************************
模拟下注：小提琴,0 | 贝斯,0 | 下注结果：【未命中】。2022-12-14 21:17:32 吉他。本次回收：0。，总投入：244，总回收：50，实际收益：-192，开关=2
****************************************
模拟下注：钢琴,0 | 小提琴,0 | 下注结果：【未命中】。2022-12-14 21:18:30 萨克斯风。本次回收：0。，总投入：244，总回收：50，实际收益：-192，开关=1
****************************************
模拟下注：吉他,0 | 贝斯,0 | 下注结果：【命中】。2022-12-14 21:20:26 吉他。本次回收：0。总投入：244，总回收：50，实际收益：-192，开关=1
****************************************
模拟下注：钢琴,0 | 贝斯,0 | 下注结果：【未命中】。2022-12-14 21:25:16 小提琴。本次回收：0。，总投入：244，总回收：50，实际收益：-192，开关=2
****************************************
模拟下注：钢琴,0 | 贝斯,0 | 下注结果：【未命中】。2022-12-14 21:27:12 架子鼓。本次回收：0。，总投入：244，总回收：50，实际收益：-192，开关=2
****************************************
模拟下注：贝斯,0 | 吉他,0 | 下注结果：【未命中】。2022-12-14 21:45:34 小提琴。本次回收：0。，总投入：244，总回收：50，实际收益：-192，开关=1
****************************************
模拟下注：贝斯,0 | 吉他,0 | 下注结果：【未命中】。2022-12-14 21:49:26 小提琴。本次回收：0。，总投入：244，总回收：50，实际收益：-192，开关=1
****************************************
模拟下注：贝斯,0 | 钢琴,0 | 下注结果：【命中】。2022-12-14 22:02:58 贝斯。本次回收：0。总投入：0，总回收：0，实际收益：0，开关=1
****************************************
模拟下注：吉他,0 | 小提琴,0 | 下注结果：【未命中】。2022-12-14 22:03:56 钢琴。本次回收：0。，总投入：0，总回收：0，实际收益：0，开关=2
****************************************
模拟下注：贝斯,0 | 钢琴,0 | 下注结果：【未命中】。2022-12-14 22:04:54 吉他。本次回收：0。，总投入：0，总回收：0，实际收益：0，开关=1
****************************************
模拟下注：贝斯,0 | 吉他,0 | 下注结果：【未命中】。2022-12-14 22:09:44 架子鼓。本次回收：0。，总投入：0，总回收：0，实际收益：0，开关=2
****************************************
模拟下注：小提琴,0 | 贝斯,0 | 下注结果：【命中】。2022-12-14 22:14:34 小提琴。本次回收：0。总投入：0，总回收：0，实际收益：0，开关=1
****************************************
模拟下注：吉他,0 | 钢琴,0 | 下注结果：【命中】。2022-12-14 22:15:32 钢琴。本次回收：0。总投入：0，总回收：0，实际收益：0，开关=2
****************************************
模拟下注：小提琴,1 | 钢琴,1 | 下注结果：【未命中】。2022-12-14 22:23:16 吉他。本次回收：0。，总投入：2，总回收：0，实际收益：-1，开关=2
****************************************
模拟下注：吉他,10 | 钢琴,10 | 下注结果：【未命中】。2022-12-14 22:26:10 贝斯。本次回收：0。，总投入：22，总回收：0，实际收益：-20，开关=1
****************************************
模拟下注：钢琴,100 | 吉他,100 | 下注结果：【未命中】。2022-12-14 22:31:00 萨克斯风。本次回收：0。，总投入：222，总回收：0，实际收益：-204，开关=2
****************************************
模拟下注：贝斯,0 | 钢琴,0 | 下注结果：【命中】。2022-12-14 22:49:22 贝斯。本次回收：0。总投入：222，总回收：0，实际收益：-204，开关=1
****************************************
模拟下注：小提琴,0 | 吉他,0 | 下注结果：【命中】。2022-12-14 22:54:12 小提琴。本次回收：0。总投入：222，总回收：0，实际收益：-204，开关=2
****************************************
模拟下注：钢琴,1 | 贝斯,1 | 下注结果：【未命中】。2022-12-14 23:05:48 吉他。本次回收：0。，总投入：224，总回收：0，实际收益：-206，开关=2
****************************************
模拟下注：小提琴,10 | 钢琴,10 | 下注结果：【未命中】。2022-12-14 23:08:42 吉他。本次回收：0。，总投入：244，总回收：0，实际收益：-224，开关=1
****************************************
模拟下注：小提琴,100 | 钢琴,100 | 下注结果：【未命中】。2022-12-14 23:11:36 吉他。本次回收：0。，总投入：444，总回收：0，实际收益：-408，开关=2
****************************************
模拟下注：小提琴,0 | 钢琴,0 | 下注结果：【未命中】。2022-12-14 23:17:24 竖琴。本次回收：0。，总投入：444，总回收：0，实际收益：-408，开关=2
****************************************
模拟下注：贝斯,0 | 吉他,0 | 下注结果：【命中】。2022-12-14 23:18:22 吉他。本次回收：0。总投入：444，总回收：0，实际收益：-408，开关=1
****************************************
模拟下注：小提琴,0 | 钢琴,0 | 下注结果：【命中】。2022-12-14 23:19:20 小提琴。本次回收：0。总投入：444，总回收：0，实际收益：-408，开关=2
****************************************
模拟下注：钢琴,1 | 吉他,1 | 下注结果：【未命中】。2022-12-14 23:24:10 小提琴。本次回收：0。，总投入：446，总回收：0，实际收益：-410，开关=1
****************************************
模拟下注：小提琴,10 | 贝斯,10 | 下注结果：【未命中】。2022-12-14 23:44:28 钢琴。本次回收：0。，总投入：466，总回收：0，实际收益：-428，开关=2
****************************************
模拟下注：吉他,100 | 钢琴,100 | 下注结果：【未命中】。2022-12-14 23:45:26 架子鼓。本次回收：0。，总投入：666，总回收：0，实际收益：-612，开关=1
****************************************
模拟下注：吉他,0 | 贝斯,0 | 下注结果：【命中】。2022-12-14 23:54:08 贝斯。本次回收：0。总投入：666，总回收：0，实际收益：-612，开关=2
****************************************
模拟下注：小提琴,0 | 钢琴,0 | 下注结果：【命中】。2022-12-14 23:59:56 小提琴。本次回收：0。总投入：666，总回收：0，实际收益：-612，开关=2
****************************************
模拟下注：钢琴,1 | 小提琴,1 | 下注结果：【命中】。2022-12-15 00:01:52 钢琴。本次回收：5。总投入：668，总回收：5，实际收益：-611，开关=2
****************************************
模拟下注：钢琴,1 | 吉他,1 | 下注结果：【命中】。2022-12-15 01:02:46 吉他。本次回收：5。总投入：2，总回收：5，实际收益：1，开关=1
****************************************
模拟下注：吉他,1 | 贝斯,1 | 下注结果：【命中】。2022-12-15 01:03:44 贝斯。本次回收：5。总投入：4，总回收：10，实际收益：2，开关=2
****************************************
模拟下注：小提琴,1 | 钢琴,1 | 下注结果：【未命中】。2022-12-15 01:06:38 贝斯。本次回收：0。，总投入：6，总回收：10，实际收益：0，开关=1
****************************************
模拟下注：钢琴,10 | 小提琴,10 | 下注结果：【命中】。2022-12-15 01:12:26 钢琴。本次回收：50。总投入：26，总回收：60，实际收益：14，开关=1
****************************************
模拟下注：钢琴,1 | 小提琴,1 | 下注结果：【未命中】。2022-12-15 01:14:22 贝斯。本次回收：0。，总投入：28，总回收：60，实际收益：12，开关=1
****************************************
模拟下注：吉他,10 | 钢琴,10 | 下注结果：【未命中】。2022-12-15 01:27:54 贝斯。本次回收：0。，总投入：48，总回收：60，实际收益：-6，开关=1
****************************************
模拟下注：吉他,100 | 钢琴,100 | 下注结果：【未命中】。2022-12-15 01:32:44 小提琴。本次回收：0。，总投入：248，总回收：60，实际收益：-190，开关=2
****************************************
模拟下注：小提琴,0 | 贝斯,0 | 下注结果：【未命中】。2022-12-15 01:33:42 吉他。本次回收：0。，总投入：248，总回收：60，实际收益：-190，开关=1
****************************************
模拟下注：钢琴,0 | 吉他,0 | 下注结果：【未命中】。2022-12-15 01:40:28 小提琴。本次回收：0。，总投入：248，总回收：60，实际收益：-190，开关=2
****************************************
模拟下注：贝斯,0 | 小提琴,0 | 下注结果：【未命中】。2022-12-15 01:41:26 吉他。本次回收：0。，总投入：248，总回收：60，实际收益：-190，开关=1
****************************************
模拟下注：小提琴,0 | 钢琴,0 | 下注结果：【未命中】。2022-12-15 01:43:22 贝斯。本次回收：0。，总投入：248，总回收：60，实际收益：-190，开关=1
****************************************
模拟下注：钢琴,0 | 贝斯,0 | 下注结果：【未命中】。2022-12-15 01:49:10 小提琴。本次回收：0。，总投入：248，总回收：60，实际收益：-190，开关=1
****************************************
模拟下注：贝斯,0 | 钢琴,0 | 下注结果：【命中】。2022-12-15 01:52:04 贝斯。本次回收：0。总投入：248，总回收：60，实际收益：-190，开关=2
****************************************
模拟下注：贝斯,0 | 小提琴,0 | 下注结果：【未命中】。2022-12-15 01:58:50 吉他。本次回收：0。，总投入：248，总回收：60，实际收益：-190，开关=1
****************************************
模拟下注：钢琴,0 | 吉他,0 | 下注结果：【命中】。2022-12-15 02:13:20 吉他。本次回收：0。总投入：248，总回收：60，实际收益：-190，开关=2
****************************************
模拟下注：钢琴,0 | 贝斯,0 | 下注结果：【命中】。2022-12-15 02:16:14 钢琴。本次回收：0。总投入：248，总回收：60，实际收益：-190，开关=1
****************************************
模拟下注：钢琴,1 | 贝斯,1 | 下注结果：【命中】。2022-12-15 02:17:12 钢琴。本次回收：5。总投入：250，总回收：65，实际收益：-188，开关=1
****************************************
模拟下注：钢琴,1 | 贝斯,1 | 下注结果：【未命中】。2022-12-15 02:18:10 架子鼓。本次回收：0。，总投入：252，总回收：65，实际收益：-190，开关=1
****************************************
模拟下注：小提琴,10 | 贝斯,10 | 下注结果：【未命中】。2022-12-15 02:32:40 吉他。本次回收：0。，总投入：272，总回收：65，实际收益：-208，开关=1
****************************************
模拟下注：吉他,100 | 贝斯,100 | 下注结果：【未命中】。2022-12-15 02:36:32 架子鼓。本次回收：0。，总投入：472，总回收：65，实际收益：-392，开关=1
****************************************
模拟下注：吉他,0 | 贝斯,0 | 下注结果：【未命中】。2022-12-15 02:38:28 小提琴。本次回收：0。，总投入：472，总回收：65，实际收益：-392，开关=1
****************************************
模拟下注：钢琴,0 | 贝斯,0 | 下注结果：【未命中】。2022-12-15 02:56:50 小提琴。本次回收：0。，总投入：472，总回收：65，实际收益：-392，开关=2
****************************************
模拟下注：吉他,0 | 小提琴,0 | 下注结果：【未命中】。2022-12-15 02:57:48 架子鼓。本次回收：0。，总投入：472，总回收：65，实际收益：-392，开关=1
****************************************
模拟下注：贝斯,0 | 钢琴,0 | 下注结果：【命中】。2022-12-15 03:06:30 贝斯。本次回收：0。总投入：472，总回收：65，实际收益：-392，开关=2
****************************************
模拟下注：吉他,0 | 小提琴,0 | 下注结果：【未命中】。2022-12-15 03:20:02 钢琴。本次回收：0。，总投入：472，总回收：65，实际收益：-392，开关=2
****************************************
模拟下注：钢琴,0 | 小提琴,0 | 下注结果：【命中】。2022-12-15 03:21:58 小提琴。本次回收：0。总投入：472，总回收：65，实际收益：-392，开关=2
****************************************
模拟下注：贝斯,0 | 吉他,0 | 下注结果：【命中】。2022-12-15 03:24:52 吉他。本次回收：0。总投入：472，总回收：65，实际收益：-392，开关=1
****************************************
模拟下注：贝斯,1 | 吉他,1 | 下注结果：【命中】。2022-12-15 03:25:50 吉他。本次回收：5。总投入：474，总回收：70，实际收益：-391，开关=1
****************************************
模拟下注：小提琴,1 | 钢琴,1 | 下注结果：【未命中】。2022-12-15 03:30:40 圆号。本次回收：0。，总投入：476，总回收：70，实际收益：-393，开关=1
****************************************
模拟下注：钢琴,10 | 小提琴,10 | 下注结果：【未命中】。2022-12-15 03:47:06 圆号。本次回收：0。，总投入：496，总回收：70，实际收益：-411，开关=1
****************************************
模拟下注：钢琴,100 | 小提琴,100 | 下注结果：【命中】。2022-12-15 03:50:00 小提琴。本次回收：500。总投入：696，总回收：570，实际收益：-278，开关=1
****************************************
模拟下注：钢琴,0 | 小提琴,0 | 下注结果：【未命中】。2022-12-15 03:50:58 贝斯。本次回收：0。，总投入：696，总回收：570，实际收益：-278，开关=1
****************************************
模拟下注：钢琴,0 | 小提琴,0 | 下注结果：【未命中】。2022-12-15 04:01:36 萨克斯风。本次回收：0。，总投入：696，总回收：570，实际收益：-278，开关=2
****************************************
模拟下注：小提琴,0 | 贝斯,0 | 下注结果：【未命中】。2022-12-15 04:11:16 钢琴。本次回收：0。，总投入：696，总回收：570，实际收益：-278，开关=2
****************************************
模拟下注：吉他,0 | 钢琴,0 | 下注结果：【未命中】。2022-12-15 04:12:14 小提琴。本次回收：0。，总投入：696，总回收：570，实际收益：-278，开关=1
****************************************
模拟下注：吉他,0 | 小提琴,0 | 下注结果：【命中】。2022-12-15 04:20:56 吉他。本次回收：0。总投入：696，总回收：570，实际收益：-278，开关=2
****************************************
模拟下注：小提琴,0 | 吉他,0 | 下注结果：【未命中】。2022-12-15 04:29:38 架子鼓。本次回收：0。，总投入：696，总回收：570，实际收益：-278，开关=1
****************************************
模拟下注：钢琴,0 | 贝斯,0 | 下注结果：【未命中】。2022-12-15 04:33:30 小提琴。本次回收：0。，总投入：696，总回收：570，实际收益：-278，开关=1
****************************************
模拟下注：贝斯,0 | 钢琴,0 | 下注结果：【未命中】。2022-12-15 04:37:22 吉他。本次回收：0。，总投入：696，总回收：570，实际收益：-278，开关=1
****************************************
模拟下注：小提琴,0 | 贝斯,0 | 下注结果：【未命中】。2022-12-15 04:51:52 钢琴。本次回收：0。，总投入：696，总回收：570，实际收益：-278，开关=2
****************************************
模拟下注：吉他,0 | 钢琴,0 | 下注结果：【未命中】。2022-12-15 04:52:50 小提琴。本次回收：0。，总投入：696，总回收：570，实际收益：-278，开关=1
****************************************
模拟下注：吉他,0 | 钢琴,0 | 下注结果：【命中】。2022-12-15 04:59:36 钢琴。本次回收：0。总投入：696，总回收：570，实际收益：-278，开关=2
****************************************
模拟下注：贝斯,0 | 吉他,0 | 下注结果：【未命中】。2022-12-15 05:07:20 钢琴。本次回收：0。，总投入：696，总回收：570，实际收益：-278，开关=2
****************************************
模拟下注：小提琴,0 | 钢琴,0 | 下注结果：【未命中】。2022-12-15 05:08:18 吉他。本次回收：0。，总投入：696，总回收：570，实际收益：-278，开关=1
****************************************
模拟下注：贝斯,0 | 小提琴,0 | 下注结果：【命中】。2022-12-15 05:13:08 小提琴。本次回收：0。总投入：696，总回收：570，实际收益：-278，开关=2
****************************************
模拟下注：贝斯,0 | 小提琴,0 | 下注结果：【未命中】。2022-12-15 05:22:48 吉他。本次回收：0。，总投入：696，总回收：570，实际收益：-278，开关=2
****************************************
模拟下注：吉他,0 | 钢琴,0 | 下注结果：【命中】。2022-12-15 05:30:32 吉他。本次回收：0。总投入：696，总回收：570，实际收益：-278，开关=2
****************************************
模拟下注：钢琴,0 | 贝斯,0 | 下注结果：【未命中】。2022-12-15 05:42:08 小提琴。本次回收：0。，总投入：696，总回收：570，实际收益：-278，开关=2
****************************************
模拟下注：小提琴,0 | 吉他,0 | 下注结果：【未命中】。2022-12-15 05:49:52 钢琴。本次回收：0。，总投入：696，总回收：570，实际收益：-278，开关=2
****************************************
模拟下注：贝斯,0 | 钢琴,0 | 下注结果：【未命中】。2022-12-15 05:50:50 小提琴。本次回收：0。，总投入：696，总回收：570，实际收益：-278，开关=1
****************************************
模拟下注：贝斯,0 | 吉他,0 | 下注结果：【命中】。2022-12-15 06:01:28 吉他。本次回收：0。总投入：696，总回收：570，实际收益：-278，开关=2
****************************************
模拟下注：吉他,0 | 小提琴,0 | 下注结果：【未命中】。2022-12-15 06:10:10 贝斯。本次回收：0。，总投入：696，总回收：570，实际收益：-278，开关=1
****************************************
模拟下注：吉他,0 | 小提琴,0 | 下注结果：【命中】。2022-12-15 06:15:58 小提琴。本次回收：0。总投入：696，总回收：570，实际收益：-278，开关=1
****************************************
模拟下注：贝斯,0 | 钢琴,0 | 下注结果：【未命中】。2022-12-15 06:16:56 吉他。本次回收：0。，总投入：696，总回收：570，实际收益：-278，开关=2
****************************************
模拟下注：贝斯,0 | 钢琴,0 | 下注结果：【命中】。2022-12-15 06:31:26 钢琴。本次回收：0。总投入：696，总回收：570，实际收益：-278，开关=1
****************************************
模拟下注：贝斯,0 | 小提琴,0 | 下注结果：【命中】。2022-12-15 06:33:22 小提琴。本次回收：0。总投入：696，总回收：570，实际收益：-278，开关=1
****************************************
模拟下注：贝斯,1 | 小提琴,1 | 下注结果：【命中】。2022-12-15 06:46:54 小提琴。本次回收：5。总投入：698，总回收：575，实际收益：-277，开关=1
****************************************
模拟下注：贝斯,1 | 钢琴,1 | 下注结果：【命中】。2022-12-15 06:47:52 贝斯。本次回收：5。总投入：700，总回收：580，实际收益：-275，开关=1
****************************************
模拟下注：贝斯,1 | 钢琴,1 | 下注结果：【未命中】。2022-12-15 06:48:50 吉他。本次回收：0。，总投入：702，总回收：580，实际收益：-277，开关=1
****************************************
模拟下注：小提琴,10 | 吉他,10 | 下注结果：【未命中】。2022-12-15 06:55:36 贝斯。本次回收：0。，总投入：722，总回收：580，实际收益：-295，开关=1
****************************************
模拟下注：钢琴,100 | 贝斯,100 | 下注结果：【未命中】。2022-12-15 07:01:24 小提琴。本次回收：0。，总投入：922，总回收：580，实际收益：-479，开关=1
****************************************
模拟下注：贝斯,0 | 小提琴,0 | 下注结果：【未命中】。2022-12-15 07:03:20 钢琴。本次回收：0。，总投入：922，总回收：580，实际收益：-479，开关=1
****************************************
模拟下注：吉他,0 | 钢琴,0 | 下注结果：【命中】。2022-12-15 07:13:00 吉他。本次回收：0。总投入：922，总回收：580，实际收益：-479，开关=1
****************************************
模拟下注：吉他,0 | 小提琴,0 | 下注结果：【未命中】。2022-12-15 07:13:58 贝斯。本次回收：0。，总投入：922，总回收：580，实际收益：-479，开关=2
****************************************
模拟下注：吉他,0 | 钢琴,0 | 下注结果：【命中】。2022-12-15 07:19:46 钢琴。本次回收：0。总投入：922，总回收：580，实际收益：-479，开关=2
****************************************
模拟下注：小提琴,0 | 钢琴,0 | 下注结果：【未命中】。2022-12-15 07:30:24 贝斯。本次回收：0。，总投入：922，总回收：580，实际收益：-479，开关=1
****************************************
模拟下注：吉他,0 | 贝斯,0 | 下注结果：【未命中】。2022-12-15 07:32:20 钢琴。本次回收：0。，总投入：922，总回收：580，实际收益：-479，开关=1
****************************************
模拟下注：贝斯,0 | 吉他,0 | 下注结果：【命中】。2022-12-15 07:41:02 贝斯。本次回收：0。总投入：922，总回收：580，实际收益：-479，开关=2
****************************************
模拟下注：小提琴,0 | 钢琴,0 | 下注结果：【未命中】。2022-12-15 07:46:50 吉他。本次回收：0。，总投入：922，总回收：580，实际收益：-479，开关=2
****************************************
模拟下注：贝斯,0 | 吉他,0 | 下注结果：【未命中】。2022-12-15 08:06:10 小提琴。本次回收：0。，总投入：922，总回收：580，实际收益：-479，开关=2
****************************************
模拟下注：小提琴,0 | 钢琴,0 | 下注结果：【命中】。2022-12-15 08:07:08 小提琴。本次回收：0。总投入：922，总回收：580，实际收益：-479，开关=1
****************************************
模拟下注：贝斯,0 | 吉他,0 | 下注结果：【未命中】。2022-12-15 08:10:02 竖琴。本次回收：0。，总投入：922，总回收：580，实际收益：-479，开关=2
****************************************
模拟下注：小提琴,0 | 钢琴,0 | 下注结果：【未命中】。2022-12-15 08:11:00 吉他。本次回收：0。，总投入：922，总回收：580，实际收益：-479，开关=1
****************************************
模拟下注：贝斯,0 | 吉他,0 | 下注结果：【未命中】。2022-12-15 08:17:46 小提琴。本次回收：0。，总投入：922，总回收：580，实际收益：-479，开关=2
****************************************
模拟下注：钢琴,0 | 小提琴,0 | 下注结果：【未命中】。2022-12-15 08:18:44 吉他。本次回收：0。，总投入：922，总回收：580，实际收益：-479，开关=1
****************************************
模拟下注：贝斯,0 | 吉他,0 | 下注结果：【未命中】。2022-12-15 08:22:36 钢琴。本次回收：0。，总投入：922，总回收：580，实际收益：-479，开关=1
****************************************
模拟下注：吉他,0 | 小提琴,0 | 下注结果：【未命中】。2022-12-15 08:30:20 架子鼓。本次回收：0。，总投入：922，总回收：580，实际收益：-479，开关=1
****************************************
模拟下注：钢琴,0 | 吉他,0 | 下注结果：【未命中】。2022-12-15 08:33:14 竖琴。本次回收：0。，总投入：922，总回收：580，实际收益：-479，开关=2
****************************************
模拟下注：贝斯,0 | 小提琴,0 | 下注结果：【命中】。2022-12-15 08:34:12 小提琴。本次回收：0。总投入：922，总回收：580，实际收益：-479，开关=1
****************************************
模拟下注：钢琴,0 | 吉他,0 | 下注结果：【未命中】。2022-12-15 08:35:10 小提琴。本次回收：0。，总投入：922，总回收：580，实际收益：-479，开关=2
****************************************
模拟下注：贝斯,0 | 小提琴,0 | 下注结果：【未命中】。2022-12-15 08:36:08 吉他。本次回收：0。，总投入：922，总回收：580，实际收益：-479，开关=1
****************************************
模拟下注：贝斯,0 | 小提琴,0 | 下注结果：【未命中】。2022-12-15 08:42:54 竖琴。本次回收：0。，总投入：922，总回收：580，实际收益：-479，开关=2
****************************************
模拟下注：贝斯,0 | 吉他,0 | 下注结果：【未命中】。2022-12-15 08:44:50 架子鼓。本次回收：0。，总投入：922，总回收：580，实际收益：-479，开关=2
****************************************
模拟下注：钢琴,0 | 小提琴,0 | 下注结果：【命中】。2022-12-15 08:49:40 小提琴。本次回收：0。总投入：922，总回收：580，实际收益：-479，开关=1
****************************************
模拟下注：贝斯,0 | 吉他,0 | 下注结果：【命中】。2022-12-15 08:50:38 贝斯。本次回收：0。总投入：922，总回收：580，实际收益：-479，开关=2
****************************************
模拟下注：钢琴,1 | 小提琴,1 | 下注结果：【命中】。2022-12-15 08:58:22 钢琴。本次回收：5。总投入：924，总回收：585，实际收益：-478，开关=2
****************************************
模拟下注：吉他,1 | 贝斯,1 | 下注结果：【未命中】。2022-12-15 09:05:08 小提琴。本次回收：0。，总投入：926，总回收：585，实际收益：-480，开关=2
****************************************
模拟下注：吉他,10 | 贝斯,10 | 下注结果：【未命中】。2022-12-15 09:19:38 钢琴。本次回收：0。，总投入：946，总回收：585，实际收益：-498，开关=2
****************************************
模拟下注：钢琴,100 | 小提琴,100 | 下注结果：【未命中】。2022-12-15 09:22:32 贝斯。本次回收：0。，总投入：1146，总回收：585，实际收益：-682，开关=2
****************************************
模拟下注：贝斯,0 | 小提琴,0 | 下注结果：【命中】。2022-12-15 09:31:14 小提琴。本次回收：0。总投入：1146，总回收：585，实际收益：-682，开关=1
****************************************
模拟下注：贝斯,0 | 吉他,0 | 下注结果：【未命中】。2022-12-15 09:37:02 小提琴。本次回收：0。，总投入：1146，总回收：585，实际收益：-682，开关=1
****************************************
模拟下注：钢琴,0 | 贝斯,0 | 下注结果：【未命中】。2022-12-15 09:45:44 圆号。本次回收：0。，总投入：1146，总回收：585，实际收益：-682，开关=2
****************************************
模拟下注：吉他,0 | 小提琴,0 | 下注结果：【未命中】。2022-12-15 09:53:28 贝斯。本次回收：0。，总投入：1146，总回收：585，实际收益：-682，开关=2
****************************************
模拟下注：小提琴,0 | 钢琴,0 | 下注结果：【命中】。2022-12-15 10:07:00 小提琴。本次回收：0。总投入：1146，总回收：585，实际收益：-682，开关=2
****************************************
模拟下注：钢琴,0 | 小提琴,0 | 下注结果：【命中】。2022-12-15 10:09:54 小提琴。本次回收：0。总投入：1146，总回收：585，实际收益：-682，开关=1
****************************************
模拟下注：贝斯,1 | 吉他,1 | 下注结果：【命中】。2022-12-15 10:10:52 贝斯。本次回收：5。总投入：1148，总回收：590，实际收益：-681，开关=2
****************************************
模拟下注：贝斯,1 | 小提琴,1 | 下注结果：【未命中】。2022-12-15 10:32:08 架子鼓。本次回收：0。，总投入：1150，总回收：590，实际收益：-683，开关=2
****************************************
模拟下注：吉他,10 | 钢琴,10 | 下注结果：【未命中】。2022-12-15 10:38:54 小提琴。本次回收：0。，总投入：1170，总回收：590，实际收益：-701，开关=2
****************************************
模拟下注：钢琴,100 | 吉他,100 | 下注结果：【未命中】。2022-12-15 10:39:52 圆号。本次回收：0。，总投入：1370，总回收：590，实际收益：-885，开关=2
****************************************
模拟下注：吉他,0 | 贝斯,0 | 下注结果：【命中】。2022-12-15 10:44:42 贝斯。本次回收：0。总投入：1370，总回收：590，实际收益：-885，开关=1
****************************************
模拟下注：钢琴,0 | 贝斯,0 | 下注结果：【未命中】。2022-12-15 10:47:36 吉他。本次回收：0。，总投入：1370，总回收：590，实际收益：-885，开关=2
****************************************
模拟下注：钢琴,0 | 贝斯,0 | 下注结果：【命中】。2022-12-15 10:50:30 钢琴。本次回收：0。总投入：1370，总回收：590，实际收益：-885，开关=1
****************************************
模拟下注：小提琴,0 | 吉他,0 | 下注结果：【命中】。2022-12-15 10:51:28 吉他。本次回收：0。总投入：1370，总回收：590，实际收益：-885，开关=2
****************************************
模拟下注：钢琴,1 | 贝斯,1 | 下注结果：【命中】。2022-12-15 10:55:20 钢琴。本次回收：5。总投入：1372，总回收：595，实际收益：-884，开关=2
****************************************
模拟下注：吉他,1 | 小提琴,1 | 下注结果：【未命中】。2022-12-15 11:04:02 架子鼓。本次回收：0。，总投入：1374，总回收：595，实际收益：-886，开关=2
****************************************
模拟下注：小提琴,10 | 钢琴,10 | 下注结果：【未命中】。2022-12-15 11:06:56 吉他。本次回收：0。，总投入：1394，总回收：595，实际收益：-904，开关=2
****************************************
模拟下注：钢琴,100 | 小提琴,100 | 下注结果：【未命中】。2022-12-15 11:11:46 贝斯。本次回收：0。，总投入：1594，总回收：595，实际收益：-1088，开关=2
****************************************
模拟下注：贝斯,0 | 吉他,0 | 下注结果：【命中】。2022-12-15 11:12:44 吉他。本次回收：0。总投入：1594，总回收：595，实际收益：-1088，开关=1
****************************************
模拟下注：贝斯,0 | 吉他,0 | 下注结果：【未命中】。2022-12-15 11:17:34 小提琴。本次回收：0。，总投入：1594，总回收：595，实际收益：-1088，开关=2
****************************************
模拟下注：钢琴,0 | 贝斯,0 | 下注结果：【命中】。2022-12-15 11:18:32 钢琴。本次回收：0。总投入：1594，总回收：595，实际收益：-1088，开关=1
****************************************
模拟下注：小提琴,0 | 钢琴,0 | 下注结果：【未命中】。2022-12-15 11:19:30 竖琴。本次回收：0。，总投入：1594，总回收：595，实际收益：-1088，开关=2
****************************************
模拟下注：小提琴,0 | 贝斯,0 | 下注结果：【未命中】。2022-12-15 11:22:24 架子鼓。本次回收：0。，总投入：1594，总回收：595，实际收益：-1088，开关=1
****************************************
模拟下注：吉他,0 | 钢琴,0 | 下注结果：【未命中】。2022-12-15 11:24:20 贝斯。本次回收：0。，总投入：1594，总回收：595，实际收益：-1088，开关=1
****************************************
模拟下注：钢琴,0 | 贝斯,0 | 下注结果：【未命中】。2022-12-15 11:28:12 吉他。本次回收：0。，总投入：1594，总回收：595，实际收益：-1088，开关=1
****************************************
模拟下注：钢琴,0 | 吉他,0 | 下注结果：【命中】。2022-12-15 11:38:50 钢琴。本次回收：0。总投入：1594，总回收：595，实际收益：-1088，开关=2
****************************************
模拟下注：吉他,0 | 贝斯,0 | 下注结果：【未命中】。2022-12-15 11:42:42 钢琴。本次回收：0。，总投入：1594，总回收：595，实际收益：-1088，开关=2
****************************************
模拟下注：小提琴,0 | 钢琴,0 | 下注结果：【未命中】。2022-12-15 11:43:40 吉他。本次回收：0。，总投入：1594，总回收：595，实际收益：-1088，开关=1
****************************************
模拟下注：小提琴,0 | 钢琴,0 | 下注结果：【命中】。2022-12-15 11:46:34 钢琴。本次回收：0。总投入：1594，总回收：595，实际收益：-1088，开关=2
****************************************
模拟下注：贝斯,0 | 钢琴,0 | 下注结果：【未命中】。2022-12-15 12:03:00 萨克斯风。本次回收：0。，总投入：1594，总回收：595，实际收益：-1088，开关=1
****************************************
模拟下注：钢琴,0 | 贝斯,0 | 下注结果：【未命中】。2022-12-15 12:08:48 圆号。本次回收：0。，总投入：1594，总回收：595，实际收益：-1088，开关=1
****************************************
模拟下注：吉他,0 | 小提琴,0 | 下注结果：【命中】。2022-12-15 12:12:40 小提琴。本次回收：0。总投入：1594，总回收：595，实际收益：-1088，开关=1
****************************************
模拟下注：钢琴,0 | 贝斯,0 | 下注结果：【未命中】。2022-12-15 12:13:38 吉他。本次回收：0。，总投入：1594，总回收：595，实际收益：-1088，开关=2
****************************************
模拟下注：小提琴,0 | 吉他,0 | 下注结果：【命中】。2022-12-15 12:14:36 小提琴。本次回收：0。总投入：1594，总回收：595，实际收益：-1088，开关=1
****************************************
模拟下注：小提琴,0 | 贝斯,0 | 下注结果：【命中】。2022-12-15 12:15:34 小提琴。本次回收：0。总投入：1594，总回收：595，实际收益：-1088，开关=2
****************************************
模拟下注：吉他,1 | 钢琴,1 | 下注结果：【未命中】。2022-12-15 12:20:24 贝斯。本次回收：0。，总投入：1596，总回收：595，实际收益：-1090，开关=2
****************************************
模拟下注：钢琴,10 | 小提琴,10 | 下注结果：【未命中】。2022-12-15 12:41:40 吉他。本次回收：0。，总投入：1616，总回收：595，实际收益：-1108，开关=2
****************************************
模拟下注：吉他,100 | 小提琴,100 | 下注结果：【未命中】。2022-12-15 12:45:32 贝斯。本次回收：0。，总投入：1816，总回收：595，实际收益：-1292，开关=2
****************************************
模拟下注：钢琴,0 | 贝斯,0 | 下注结果：【命中】。2022-12-15 12:46:30 钢琴。本次回收：0。总投入：1816，总回收：595，实际收益：-1292，开关=1
****************************************
模拟下注：小提琴,0 | 钢琴,0 | 下注结果：【命中】。2022-12-15 12:47:28 小提琴。本次回收：0。总投入：1816，总回收：595，实际收益：-1292，开关=2
****************************************
模拟下注：小提琴,1 | 钢琴,1 | 下注结果：【未命中】。2022-12-15 12:49:24 架子鼓。本次回收：0。，总投入：1818，总回收：595，实际收益：-1294，开关=2
****************************************
模拟下注：吉他,10 | 贝斯,10 | 下注结果：【命中】。2022-12-15 12:50:22 吉他。本次回收：50。总投入：1838，总回收：645，实际收益：-1281，开关=1
****************************************
模拟下注：钢琴,1 | 贝斯,1 | 下注结果：【命中】。2022-12-15 12:51:20 贝斯。本次回收：5。总投入：1840，总回收：650，实际收益：-1280，开关=1
****************************************
模拟下注：贝斯,1 | 吉他,1 | 下注结果：【命中】。2022-12-15 12:58:06 贝斯。本次回收：5。总投入：1842，总回收：655，实际收益：-1278，开关=1
****************************************
模拟下注：贝斯,1 | 钢琴,1 | 下注结果：【命中】。2022-12-15 13:13:34 钢琴。本次回收：5。总投入：1844，总回收：660，实际收益：-1277，开关=1
****************************************
模拟下注：贝斯,1 | 钢琴,1 | 下注结果：【未命中】。2022-12-15 13:14:32 圆号。本次回收：0。，总投入：1846，总回收：660，实际收益：-1279，开关=1
****************************************
模拟下注：贝斯,10 | 钢琴,10 | 下注结果：【未命中】。2022-12-15 13:18:24 吉他。本次回收：0。，总投入：1866，总回收：660，实际收益：-1297，开关=1
****************************************
模拟下注：小提琴,100 | 吉他,100 | 下注结果：【未命中】。2022-12-15 13:21:18 架子鼓。本次回收：0。，总投入：2066，总回收：660，实际收益：-1481，开关=1
****************************************
模拟下注：吉他,0 | 钢琴,0 | 下注结果：【未命中】。2022-12-15 13:22:16 贝斯。本次回收：0。，总投入：2066，总回收：660，实际收益：-1481，开关=2
****************************************
模拟下注：小提琴,0 | 贝斯,0 | 下注结果：【未命中】。2022-12-15 13:30:00 架子鼓。本次回收：0。，总投入：2066，总回收：660，实际收益：-1481，开关=2
****************************************
模拟下注：小提琴,0 | 贝斯,0 | 下注结果：【未命中】。2022-12-15 13:32:54 钢琴。本次回收：0。，总投入：2066，总回收：660，实际收益：-1481，开关=1
****************************************
模拟下注：小提琴,0 | 贝斯,0 | 下注结果：【未命中】。2022-12-15 13:34:50 竖琴。本次回收：0。，总投入：2066，总回收：660，实际收益：-1481，开关=1
****************************************
模拟下注：贝斯,0 | 吉他,0 | 下注结果：【命中】。2022-12-15 13:36:46 吉他。本次回收：0。总投入：2066，总回收：660，实际收益：-1481，开关=1
****************************************
模拟下注：小提琴,0 | 吉他,0 | 下注结果：【命中】。2022-12-15 13:37:44 小提琴。本次回收：0。总投入：2066，总回收：660，实际收益：-1481，开关=2
****************************************
模拟下注：吉他,1 | 贝斯,1 | 下注结果：【未命中】。2022-12-15 13:44:30 钢琴。本次回收：0。，总投入：2068，总回收：660，实际收益：-1483，开关=1
****************************************
模拟下注：小提琴,10 | 钢琴,10 | 下注结果：【未命中】。2022-12-15 13:49:20 贝斯。本次回收：0。，总投入：2088，总回收：660，实际收益：-1501，开关=2
****************************************
模拟下注：吉他,100 | 贝斯,100 | 下注结果：【未命中】。2022-12-15 13:50:18 架子鼓。本次回收：0。，总投入：2288，总回收：660，实际收益：-1685，开关=1
****************************************
模拟下注：贝斯,0 | 钢琴,0 | 下注结果：【命中】。2022-12-15 14:01:54 钢琴。本次回收：0。总投入：2288，总回收：660，实际收益：-1685，开关=1
****************************************
模拟下注：吉他,0 | 小提琴,0 | 下注结果：【未命中】。2022-12-15 14:02:52 钢琴。本次回收：0。，总投入：2288，总回收：660，实际收益：-1685，开关=2
****************************************
模拟下注：小提琴,0 | 钢琴,0 | 下注结果：【命中】。2022-12-15 14:03:50 小提琴。本次回收：0。总投入：2288，总回收：660，实际收益：-1685，开关=1
****************************************
模拟下注：吉他,0 | 贝斯,0 | 下注结果：【命中】。2022-12-15 14:19:18 吉他。本次回收：0。总投入：2288，总回收：660，实际收益：-1685，开关=1
****************************************
模拟下注：吉他,1 | 钢琴,1 | 下注结果：【未命中】。2022-12-15 14:20:16 贝斯。本次回收：0。，总投入：2290，总回收：660，实际收益：-1687，开关=1
****************************************
模拟下注：吉他,10 | 贝斯,10 | 下注结果：【命中】。2022-12-15 14:28:00 贝斯。本次回收：50。总投入：2310，总回收：710，实际收益：-1674，开关=1
****************************************
模拟下注：吉他,1 | 贝斯,1 | 下注结果：【命中】。2022-12-15 14:28:58 贝斯。本次回收：5。总投入：2312，总回收：715，实际收益：-1673，开关=1
****************************************
模拟下注：吉他,1 | 贝斯,1 | 下注结果：【命中】。2022-12-15 14:29:56 贝斯。本次回收：5。总投入：2314，总回收：720，实际收益：-1671，开关=1
****************************************
模拟下注：吉他,1 | 贝斯,1 | 下注结果：【未命中】。2022-12-15 14:30:54 架子鼓。本次回收：0。，总投入：2316，总回收：720，实际收益：-1673，开关=1
****************************************
模拟下注：贝斯,10 | 吉他,10 | 下注结果：【未命中】。2022-12-15 14:51:12 萨克斯风。本次回收：0。，总投入：2336，总回收：720，实际收益：-1691，开关=1
****************************************
模拟下注：小提琴,100 | 钢琴,100 | 下注结果：【未命中】。2022-12-15 15:26:00 架子鼓。本次回收：0。，总投入：2536，总回收：720，实际收益：-1875，开关=1
****************************************
模拟下注：贝斯,0 | 小提琴,0 | 下注结果：【命中】。2022-12-15 15:31:48 贝斯。本次回收：0。总投入：2536，总回收：720，实际收益：-1875，开关=1
****************************************
模拟下注：吉他,0 | 钢琴,0 | 下注结果：【未命中】。2022-12-15 15:32:46 小提琴。本次回收：0。，总投入：2536，总回收：720，实际收益：-1875，开关=2
****************************************
模拟下注：贝斯,0 | 钢琴,0 | 下注结果：【未命中】。2022-12-15 15:39:32 萨克斯风。本次回收：0。，总投入：2536，总回收：720，实际收益：-1875，开关=1
****************************************
模拟下注：小提琴,0 | 贝斯,0 | 下注结果：【命中】。2022-12-15 15:51:08 小提琴。本次回收：0。总投入：2536，总回收：720，实际收益：-1875，开关=1
****************************************
模拟下注：贝斯,0 | 小提琴,0 | 下注结果：【未命中】。2022-12-15 16:14:20 钢琴。本次回收：0。，总投入：2536，总回收：720，实际收益：-1875，开关=1
****************************************
模拟下注：吉他,0 | 小提琴,0 | 下注结果：【未命中】。2022-12-15 16:18:12 竖琴。本次回收：0。，总投入：2536，总回收：720，实际收益：-1875，开关=1
****************************************
模拟下注：吉他,0 | 小提琴,0 | 下注结果：【命中】。2022-12-15 16:22:04 吉他。本次回收：0。总投入：2536，总回收：720，实际收益：-1875，开关=1
****************************************
模拟下注：贝斯,0 | 钢琴,0 | 下注结果：【未命中】。2022-12-15 16:23:02 架子鼓。本次回收：0。，总投入：2536，总回收：720，实际收益：-1875，开关=2
****************************************
模拟下注：吉他,0 | 小提琴,0 | 下注结果：【未命中】。2022-12-15 16:26:54 贝斯。本次回收：0。，总投入：2536，总回收：720，实际收益：-1875，开关=2
****************************************
模拟下注：小提琴,0 | 贝斯,0 | 下注结果：【未命中】。2022-12-15 16:27:52 钢琴。本次回收：0。，总投入：2536，总回收：720，实际收益：-1875，开关=1
****************************************
模拟下注：小提琴,0 | 钢琴,0 | 下注结果：【未命中】。2022-12-15 16:35:36 贝斯。本次回收：0。，总投入：2536，总回收：720，实际收益：-1875，开关=1
****************************************
模拟下注：小提琴,0 | 贝斯,0 | 下注结果：【未命中】。2022-12-15 16:38:30 吉他。本次回收：0。，总投入：2536，总回收：720，实际收益：-1875，开关=2
****************************************
模拟下注：小提琴,0 | 钢琴,0 | 下注结果：【命中】。2022-12-15 16:39:28 小提琴。本次回收：0。总投入：2536，总回收：720，实际收益：-1875，开关=1
****************************************
模拟下注：贝斯,0 | 吉他,0 | 下注结果：【未命中】。2022-12-15 16:40:26 萨克斯风。本次回收：0。，总投入：2536，总回收：720，实际收益：-1875，开关=2
****************************************
模拟下注：钢琴,0 | 吉他,0 | 下注结果：【未命中】。2022-12-15 16:41:24 萨克斯风。本次回收：0。，总投入：2536，总回收：720，实际收益：-1875，开关=1
****************************************
模拟下注：小提琴,0 | 贝斯,0 | 下注结果：【未命中】。2022-12-15 16:43:20 圆号。本次回收：0。，总投入：2536，总回收：720，实际收益：-1875，开关=1
****************************************
模拟下注：贝斯,0 | 吉他,0 | 下注结果：【命中】。2022-12-15 16:57:50 吉他。本次回收：0。总投入：2536，总回收：720，实际收益：-1875，开关=2
****************************************
模拟下注：小提琴,0 | 贝斯,0 | 下注结果：【未命中】。2022-12-15 17:05:34 竖琴。本次回收：0。，总投入：2536，总回收：720，实际收益：-1875，开关=2
****************************************
模拟下注：贝斯,0 | 吉他,0 | 下注结果：【未命中】。2022-12-15 17:09:26 架子鼓。本次回收：0。，总投入：2536，总回收：720，实际收益：-1875，开关=2
****************************************
模拟下注：小提琴,0 | 贝斯,0 | 下注结果：【命中】。2022-12-15 17:12:20 贝斯。本次回收：0。总投入：2536，总回收：720，实际收益：-1875，开关=1
****************************************
模拟下注：小提琴,0 | 吉他,0 | 下注结果：【未命中】。2022-12-15 17:14:16 萨克斯风。本次回收：0。，总投入：2536，总回收：720，实际收益：-1875，开关=1
****************************************
模拟下注：贝斯,0 | 小提琴,0 | 下注结果：【命中】。2022-12-15 17:16:12 小提琴。本次回收：0。总投入：2536，总回收：720，实际收益：-1875，开关=1
****************************************
模拟下注：吉他,0 | 小提琴,0 | 下注结果：【未命中】。2022-12-15 17:17:10 圆号。本次回收：0。，总投入：2536，总回收：720，实际收益：-1875，开关=2
****************************************
模拟下注：贝斯,0 | 吉他,0 | 下注结果：【未命中】。2022-12-15 17:19:06 钢琴。本次回收：0。，总投入：2536，总回收：720，实际收益：-1875，开关=2
****************************************
模拟下注：钢琴,0 | 小提琴,0 | 下注结果：【未命中】。2022-12-15 17:20:04 贝斯。本次回收：0。，总投入：2536，总回收：720，实际收益：-1875，开关=1
****************************************
模拟下注：钢琴,0 | 小提琴,0 | 下注结果：【未命中】。2022-12-15 17:22:58 萨克斯风。本次回收：0。，总投入：2536，总回收：720，实际收益：-1875，开关=2
****************************************
模拟下注：吉他,0 | 小提琴,0 | 下注结果：【命中】。2022-12-15 17:32:38 小提琴。本次回收：0。总投入：2536，总回收：720，实际收益：-1875，开关=2
****************************************
模拟下注：吉他,0 | 小提琴,0 | 下注结果：【命中】。2022-12-15 17:35:32 小提琴。本次回收：0。总投入：2536，总回收：720，实际收益：-1875，开关=1
****************************************
模拟下注：钢琴,1 | 贝斯,1 | 下注结果：【未命中】。2022-12-15 17:36:30 架子鼓。本次回收：0。，总投入：2538，总回收：720，实际收益：-1877，开关=2
****************************************
模拟下注：吉他,10 | 小提琴,10 | 下注结果：【命中】。2022-12-15 17:38:26 小提琴。本次回收：50。总投入：2558，总回收：770，实际收益：-1864，开关=2
****************************************
模拟下注：钢琴,1 | 贝斯,1 | 下注结果：【未命中】。2022-12-15 17:42:18 小提琴。本次回收：0。，总投入：2560，总回收：770，实际收益：-1866，开关=2
****************************************
模拟下注：钢琴,10 | 贝斯,10 | 下注结果：【未命中】。2022-12-15 17:43:16 萨克斯风。本次回收：0。，总投入：2580，总回收：770，实际收益：-1884，开关=2
****************************************
模拟下注：钢琴,100 | 贝斯,100 | 下注结果：【未命中】。2022-12-15 17:45:12 吉他。本次回收：0。，总投入：2780，总回收：770，实际收益：-2068，开关=2
****************************************
模拟下注：吉他,0 | 小提琴,0 | 下注结果：【命中】。2022-12-15 17:46:10 小提琴。本次回收：0。总投入：2780，总回收：770，实际收益：-2068，开关=1
****************************************
模拟下注：钢琴,0 | 贝斯,0 | 下注结果：【命中】。2022-12-15 17:47:08 贝斯。本次回收：0。总投入：2780，总回收：770，实际收益：-2068，开关=2
****************************************
模拟下注：钢琴,1 | 吉他,1 | 下注结果：【命中】。2022-12-15 18:02:36 吉他。本次回收：5。总投入：2782，总回收：775，实际收益：-2067，开关=2
****************************************
模拟下注：钢琴,1 | 小提琴,1 | 下注结果：【未命中】。2022-12-15 18:06:28 竖琴。本次回收：0。，总投入：2784，总回收：775，实际收益：-2069，开关=2
****************************************
模拟下注：钢琴,10 | 小提琴,10 | 下注结果：【未命中】。2022-12-15 18:14:12 吉他。本次回收：0。，总投入：2804，总回收：775，实际收益：-2087，开关=2
****************************************
模拟下注：钢琴,100 | 吉他,100 | 下注结果：【命中】。2022-12-15 18:17:06 钢琴。本次回收：500。总投入：3004，总回收：1275，实际收益：-1954，开关=2
****************************************
模拟下注：钢琴,0 | 小提琴,0 | 下注结果：【未命中】。2022-12-15 18:21:56 贝斯。本次回收：0。，总投入：3004，总回收：1275，实际收益：-1954，开关=2
****************************************
模拟下注：吉他,0 | 钢琴,0 | 下注结果：【未命中】。2022-12-15 18:23:52 小提琴。本次回收：0。，总投入：3004，总回收：1275，实际收益：-1954，开关=2
****************************************
模拟下注：吉他,0 | 小提琴,0 | 下注结果：【未命中】。2022-12-15 18:37:24 竖琴。本次回收：0。，总投入：3004，总回收：1275，实际收益：-1954，开关=2
****************************************
模拟下注：钢琴,0 | 吉他,0 | 下注结果：【未命中】。2022-12-15 18:41:16 小提琴。本次回收：0。，总投入：3004，总回收：1275，实际收益：-1954，开关=2
****************************************
模拟下注：小提琴,0 | 贝斯,0 | 下注结果：【未命中】。2022-12-15 18:44:10 竖琴。本次回收：0。，总投入：3004，总回收：1275，实际收益：-1954，开关=1
****************************************
模拟下注：钢琴,0 | 吉他,0 | 下注结果：【命中】。2022-12-15 18:49:58 钢琴。本次回收：0。总投入：3004，总回收：1275，实际收益：-1954，开关=1
****************************************
模拟下注：小提琴,0 | 贝斯,0 | 下注结果：【未命中】。2022-12-15 18:50:56 钢琴。本次回收：0。，总投入：3004，总回收：1275，实际收益：-1954，开关=2
****************************************
模拟下注：贝斯,0 | 吉他,0 | 下注结果：【命中】。2022-12-15 19:01:34 吉他。本次回收：0。总投入：3004，总回收：1275，实际收益：-1954，开关=1
****************************************
模拟下注：吉他,0 | 钢琴,0 | 下注结果：【未命中】。2022-12-15 19:04:28 萨克斯风。本次回收：0。，总投入：3004，总回收：1275，实际收益：-1954，开关=2
****************************************
模拟下注：小提琴,0 | 贝斯,0 | 下注结果：【未命中】。2022-12-15 19:06:24 钢琴。本次回收：0。，总投入：3004，总回收：1275，实际收益：-1954，开关=2
****************************************
模拟下注：吉他,0 | 钢琴,0 | 下注结果：【命中】。2022-12-15 19:07:22 吉他。本次回收：0。总投入：3004，总回收：1275，实际收益：-1954，开关=1
****************************************
模拟下注：吉他,0 | 贝斯,0 | 下注结果：【未命中】。2022-12-15 19:12:12 架子鼓。本次回收：0。，总投入：3004，总回收：1275，实际收益：-1954，开关=2
****************************************
模拟下注：小提琴,0 | 钢琴,0 | 下注结果：【未命中】。2022-12-15 19:13:10 竖琴。本次回收：0。，总投入：3004，总回收：1275，实际收益：-1954，开关=1
****************************************
模拟下注：吉他,0 | 钢琴,0 | 下注结果：【未命中】。2022-12-15 19:23:48 小提琴。本次回收：0。，总投入：3004，总回收：1275，实际收益：-1954，开关=2
****************************************
模拟下注：小提琴,0 | 贝斯,0 | 下注结果：【命中】。2022-12-15 19:24:46 小提琴。本次回收：0。总投入：3004，总回收：1275，实际收益：-1954，开关=1
****************************************
模拟下注：小提琴,0 | 钢琴,0 | 下注结果：【未命中】。2022-12-15 19:25:44 萨克斯风。本次回收：0。，总投入：3004，总回收：1275，实际收益：-1954，开关=2
****************************************
模拟下注：小提琴,0 | 钢琴,0 | 下注结果：【命中】。2022-12-15 19:36:22 小提琴。本次回收：0。总投入：3004，总回收：1275，实际收益：-1954，开关=1
****************************************
模拟下注：贝斯,0 | 吉他,0 | 下注结果：【未命中】。2022-12-15 19:37:20 架子鼓。本次回收：0。，总投入：3004，总回收：1275，实际收益：-1954，开关=2
****************************************
模拟下注：贝斯,0 | 钢琴,0 | 下注结果：【命中】。2022-12-15 19:42:10 钢琴。本次回收：0。总投入：3004，总回收：1275，实际收益：-1954，开关=1
****************************************
模拟下注：贝斯,0 | 吉他,0 | 下注结果：【未命中】。2022-12-15 19:46:02 竖琴。本次回收：0。，总投入：3004，总回收：1275，实际收益：-1954，开关=1
****************************************
模拟下注：吉他,0 | 小提琴,0 | 下注结果：【命中】。2022-12-15 19:51:50 吉他。本次回收：0。总投入：3004，总回收：1275，实际收益：-1954，开关=1
****************************************
模拟下注：小提琴,0 | 贝斯,0 | 下注结果：【未命中】。2022-12-15 19:52:48 钢琴。本次回收：0。，总投入：3004，总回收：1275，实际收益：-1954，开关=1
****************************************
模拟下注：吉他,0 | 钢琴,0 | 下注结果：【未命中】。2022-12-15 19:56:40 贝斯。本次回收：0。，总投入：3004，总回收：1275，实际收益：-1954，开关=1
****************************************
模拟下注：小提琴,0 | 钢琴,0 | 下注结果：【命中】。2022-12-15 19:59:34 小提琴。本次回收：0。总投入：3004，总回收：1275，实际收益：-1954，开关=2
****************************************
模拟下注：吉他,0 | 小提琴,0 | 下注结果：【未命中】。2022-12-15 20:06:20 钢琴。本次回收：0。，总投入：3004，总回收：1275，实际收益：-1954，开关=1
****************************************
模拟下注：吉他,0 | 小提琴,0 | 下注结果：【命中】。2022-12-15 20:09:14 吉他。本次回收：0。总投入：3004，总回收：1275，实际收益：-1954，开关=2
****************************************
模拟下注：吉他,0 | 贝斯,0 | 下注结果：【未命中】。2022-12-15 20:18:54 萨克斯风。本次回收：0。，总投入：3004，总回收：1275，实际收益：-1954，开关=2
****************************************
模拟下注：小提琴,0 | 钢琴,0 | 下注结果：【未命中】。2022-12-15 20:22:46 贝斯。本次回收：0。，总投入：3004，总回收：1275，实际收益：-1954，开关=2
****************************************
模拟下注：贝斯,0 | 吉他,0 | 下注结果：【未命中】。2022-12-15 20:23:44 萨克斯风。本次回收：0。，总投入：3004，总回收：1275，实际收益：-1954，开关=1
****************************************
模拟下注：小提琴,0 | 钢琴,0 | 下注结果：【未命中】。2022-12-15 20:25:40 架子鼓。本次回收：0。，总投入：3004，总回收：1275，实际收益：-1954，开关=1
****************************************
模拟下注：钢琴,0 | 小提琴,0 | 下注结果：【未命中】。2022-12-15 20:29:32 贝斯。本次回收：0。，总投入：3004，总回收：1275，实际收益：-1954，开关=1
****************************************
模拟下注：吉他,0 | 钢琴,0 | 下注结果：【未命中】。2022-12-15 20:34:22 贝斯。本次回收：0。，总投入：3004，总回收：1275，实际收益：-1954，开关=2
****************************************
模拟下注：小提琴,0 | 贝斯,0 | 下注结果：【未命中】。2022-12-15 20:38:14 萨克斯风。本次回收：0。，总投入：3004，总回收：1275，实际收益：-1954，开关=2
****************************************
模拟下注：钢琴,0 | 吉他,0 | 下注结果：【未命中】。2022-12-15 20:40:10 小提琴。本次回收：0。，总投入：3004，总回收：1275，实际收益：-1954，开关=2
****************************************
模拟下注：吉他,0 | 贝斯,0 | 下注结果：【命中】。2022-12-15 20:48:52 贝斯。本次回收：0。总投入：3004，总回收：1275，实际收益：-1954，开关=1
****************************************
模拟下注：小提琴,0 | 贝斯,0 | 下注结果：【未命中】。2022-12-15 21:09:10 吉他。本次回收：0。，总投入：3004，总回收：1275，实际收益：-1954，开关=2
****************************************
模拟下注：钢琴,0 | 吉他,0 | 下注结果：【命中】。2022-12-15 21:10:08 吉他。本次回收：0。总投入：3004，总回收：1275，实际收益：-1954，开关=1
****************************************
模拟下注：贝斯,0 | 钢琴,0 | 下注结果：【未命中】。2022-12-15 21:16:54 竖琴。本次回收：0。，总投入：3004，总回收：1275，实际收益：-1954，开关=2
****************************************
模拟下注：小提琴,0 | 吉他,0 | 下注结果：【命中】。2022-12-15 21:18:50 小提琴。本次回收：0。总投入：3004，总回收：1275，实际收益：-1954，开关=2
****************************************
模拟下注：钢琴,0 | 贝斯,0 | 下注结果：【命中】。2022-12-15 21:22:42 贝斯。本次回收：0。总投入：3004，总回收：1275，实际收益：-1954，开关=2
****************************************
模拟下注：钢琴,1 | 吉他,1 | 下注结果：【未命中】。2022-12-15 21:39:08 小提琴。本次回收：0。，总投入：3006，总回收：1275，实际收益：-1955，开关=2
****************************************
模拟下注：钢琴,10 | 小提琴,10 | 下注结果：【命中】。2022-12-15 21:40:06 小提琴。本次回收：50。总投入：3026，总回收：1325，实际收益：-1942，开关=2
****************************************
模拟下注：吉他,1 | 贝斯,1 | 下注结果：【未命中】。2022-12-15 21:42:02 钢琴。本次回收：0。，总投入：3028，总回收：1325，实际收益：-1944，开关=2
****************************************
模拟下注：贝斯,10 | 吉他,10 | 下注结果：【命中】。2022-12-15 21:43:58 贝斯。本次回收：50。总投入：3048，总回收：1375，实际收益：-1931，开关=2
****************************************
模拟下注：钢琴,1 | 小提琴,1 | 下注结果：【未命中】。2022-12-15 21:50:44 萨克斯风。本次回收：0。，总投入：3050，总回收：1375，实际收益：-1932，开关=2
****************************************
模拟下注：吉他,10 | 贝斯,10 | 下注结果：【未命中】。2022-12-15 21:56:32 架子鼓。本次回收：0。，总投入：3070，总回收：1375，实际收益：-1951，开关=2
****************************************
模拟下注：吉他,100 | 贝斯,100 | 下注结果：【未命中】。2022-12-15 22:00:24 小提琴。本次回收：0。，总投入：3270，总回收：1375，实际收益：-2135，开关=2
****************************************
模拟下注：钢琴,0 | 小提琴,0 | 下注结果：【未命中】。2022-12-15 22:01:22 贝斯。本次回收：0。，总投入：3270，总回收：1375，实际收益：-2135，开关=1
****************************************
模拟下注：贝斯,0 | 小提琴,0 | 下注结果：【未命中】。2022-12-15 22:06:12 钢琴。本次回收：0。，总投入：3270，总回收：1375，实际收益：-2135，开关=2
****************************************
模拟下注：吉他,0 | 钢琴,0 | 下注结果：【命中】。2022-12-15 22:12:58 钢琴。本次回收：0。总投入：3270，总回收：1375，实际收益：-2135，开关=1
****************************************
模拟下注：吉他,0 | 钢琴,0 | 下注结果：【未命中】。2022-12-15 22:15:52 萨克斯风。本次回收：0。，总投入：3270，总回收：1375，实际收益：-2135，开关=2
****************************************
模拟下注：吉他,0 | 小提琴,0 | 下注结果：【命中】。2022-12-15 22:25:32 吉他。本次回收：0。总投入：3270，总回收：1375，实际收益：-2135，开关=2
****************************************
模拟下注：钢琴,0 | 贝斯,0 | 下注结果：【命中】。2022-12-15 22:37:08 钢琴。本次回收：0。总投入：3270，总回收：1375，实际收益：-2135，开关=2
****************************************
模拟下注：钢琴,1 | 吉他,1 | 下注结果：【命中】。2022-12-15 22:52:36 钢琴。本次回收：5。总投入：3272，总回收：1380，实际收益：-2133，开关=2
****************************************
模拟下注：吉他,1 | 钢琴,1 | 下注结果：【命中】。2022-12-15 22:56:28 吉他。本次回收：5。总投入：3274，总回收：1385，实际收益：-2132，开关=2
****************************************
模拟下注：贝斯,1 | 小提琴,1 | 下注结果：【未命中】。2022-12-15 23:02:16 钢琴。本次回收：0。，总投入：3276，总回收：1385，实际收益：-2134，开关=2
****************************************
模拟下注：贝斯,10 | 小提琴,10 | 下注结果：【命中】。2022-12-15 23:09:02 贝斯。本次回收：50。总投入：3296，总回收：1435，实际收益：-2121，开关=2
****************************************
模拟下注：小提琴,1 | 贝斯,1 | 下注结果：【未命中】。2022-12-15 23:15:48 圆号。本次回收：0。，总投入：3298，总回收：1435，实际收益：-2122，开关=2
****************************************
模拟下注：小提琴,10 | 贝斯,10 | 下注结果：【命中】。2022-12-15 23:19:40 贝斯。本次回收：50。总投入：3318，总回收：1485，实际收益：-2109，开关=2
****************************************
模拟下注：小提琴,1 | 吉他,1 | 下注结果：【未命中】。2022-12-15 23:22:34 钢琴。本次回收：0。，总投入：3320，总回收：1485，实际收益：-2111，开关=2
****************************************
模拟下注：贝斯,10 | 钢琴,10 | 下注结果：【未命中】。2022-12-15 23:23:32 小提琴。本次回收：0。，总投入：3340，总回收：1485，实际收益：-2129，开关=1
****************************************
模拟下注：贝斯,100 | 钢琴,100 | 下注结果：【命中】。2022-12-15 23:26:26 钢琴。本次回收：500。总投入：3540，总回收：1985，实际收益：-1996，开关=2
****************************************
模拟下注：小提琴,0 | 贝斯,0 | 下注结果：【未命中】。2022-12-15 23:31:16 钢琴。本次回收：0。，总投入：3540，总回收：1985，实际收益：-1996，开关=1
****************************************
模拟下注：吉他,0 | 贝斯,0 | 下注结果：【未命中】。2022-12-15 23:39:00 萨克斯风。本次回收：0。，总投入：3540，总回收：1985，实际收益：-1996，开关=1
****************************************
模拟下注：贝斯,0 | 吉他,0 | 下注结果：【未命中】。2022-12-15 23:44:48 小提琴。本次回收：0。，总投入：3540，总回收：1985，实际收益：-1996，开关=1
****************************************
模拟下注：小提琴,0 | 钢琴,0 | 下注结果：【未命中】。2022-12-15 23:49:38 竖琴。本次回收：0。，总投入：3540，总回收：1985，实际收益：-1996，开关=2
****************************************
模拟下注：吉他,0 | 贝斯,0 | 下注结果：【命中】。2022-12-15 23:51:34 吉他。本次回收：0。总投入：3540，总回收：1985，实际收益：-1996，开关=2
****************************************
模拟下注：小提琴,0 | 贝斯,0 | 下注结果：【未命中】。2022-12-16 00:02:12 钢琴。本次回收：0。，总投入：3540，总回收：1985，实际收益：-1996，开关=1
****************************************
模拟下注：吉他,0 | 钢琴,0 | 下注结果：【未命中】。2022-12-16 00:09:56 贝斯。本次回收：0。，总投入：3540，总回收：1985，实际收益：-1996，开关=1
****************************************
模拟下注：小提琴,0 | 钢琴,0 | 下注结果：【未命中】。2022-12-16 00:15:44 贝斯。本次回收：0。，总投入：3540，总回收：1985，实际收益：-1996，开关=1
****************************************
模拟下注：贝斯,0 | 钢琴,0 | 下注结果：【未命中】。2022-12-16 00:21:32 吉他。本次回收：0。，总投入：3540，总回收：1985，实际收益：-1996，开关=1
****************************************
模拟下注：吉他,0 | 钢琴,0 | 下注结果：【命中】。2022-12-16 00:32:10 钢琴。本次回收：0。总投入：3540，总回收：1985，实际收益：-1996，开关=2
****************************************
模拟下注：吉他,0 | 钢琴,0 | 下注结果：【命中】。2022-12-16 00:53:26 钢琴。本次回收：0。总投入：3540，总回收：1985，实际收益：-1996，开关=2
****************************************
模拟下注：小提琴,1 | 钢琴,1 | 下注结果：【命中】。2022-12-16 00:59:14 钢琴。本次回收：5。总投入：3542，总回收：1990，实际收益：-1994，开关=2
****************************************
模拟下注：贝斯,1 | 吉他,1 | 下注结果：【命中】。2022-12-16 01:02:08 贝斯。本次回收：5。总投入：3544，总回收：1995，实际收益：-1993，开关=2
****************************************
模拟下注：吉他,1 | 贝斯,1 | 下注结果：【命中】。2022-12-16 01:06:58 吉他。本次回收：5。总投入：3546，总回收：2000，实际收益：-1992，开关=2
****************************************
模拟下注：贝斯,1 | 钢琴,1 | 下注结果：【命中】。2022-12-16 01:14:42 钢琴。本次回收：5。总投入：3548，总回收：2005，实际收益：-1990，开关=2
****************************************
模拟下注：贝斯,1 | 钢琴,1 | 下注结果：【未命中】。2022-12-16 01:21:28 吉他。本次回收：0。，总投入：3550，总回收：2005，实际收益：-1992，开关=2
****************************************
模拟下注：吉他,10 | 钢琴,10 | 下注结果：【命中】。2022-12-16 01:22:26 吉他。本次回收：50。总投入：3570，总回收：2055，实际收益：-1979，开关=2
****************************************
模拟下注：小提琴,1 | 钢琴,1 | 下注结果：【未命中】。2022-12-16 01:28:14 架子鼓。本次回收：0。，总投入：3572，总回收：2055，实际收益：-1981，开关=2
****************************************
模拟下注：钢琴,10 | 吉他,10 | 下注结果：【未命中】。2022-12-16 01:35:58 圆号。本次回收：0。，总投入：3592，总回收：2055，实际收益：-1999，开关=2
****************************************
模拟下注：贝斯,100 | 小提琴,100 | 下注结果：【命中】。2022-12-16 01:37:54 小提琴。本次回收：500。总投入：3792，总回收：2555，实际收益：-1866，开关=2
****************************************
模拟下注：贝斯,0 | 小提琴,0 | 下注结果：【命中】。2022-12-16 01:41:46 贝斯。本次回收：0。总投入：3792，总回收：2555，实际收益：-1866，开关=2
****************************************
模拟下注：贝斯,1 | 小提琴,1 | 下注结果：【未命中】。2022-12-16 01:44:40 吉他。本次回收：0。，总投入：3794，总回收：2555，实际收益：-1868，开关=2
****************************************
模拟下注：钢琴,10 | 吉他,10 | 下注结果：【命中】。2022-12-16 01:45:38 钢琴。本次回收：50。总投入：3814，总回收：2605，实际收益：-1854，开关=1
****************************************
模拟下注：钢琴,1 | 吉他,1 | 下注结果：【未命中】。2022-12-16 01:48:32 架子鼓。本次回收：0。，总投入：3816，总回收：2605，实际收益：-1856，开关=1
****************************************
模拟下注：钢琴,10 | 吉他,10 | 下注结果：【命中】。2022-12-16 01:49:30 钢琴。本次回收：50。总投入：3836，总回收：2655，实际收益：-1843，开关=1
****************************************
模拟下注：钢琴,1 | 吉他,1 | 下注结果：【未命中】。2022-12-16 01:55:18 贝斯。本次回收：0。，总投入：3838，总回收：2655，实际收益：-1845，开关=1
****************************************
模拟下注：贝斯,10 | 吉他,10 | 下注结果：【未命中】。2022-12-16 02:01:06 钢琴。本次回收：0。，总投入：3858，总回收：2655，实际收益：-1863，开关=1
****************************************
模拟下注：小提琴,100 | 钢琴,100 | 下注结果：【未命中】。2022-12-16 02:09:48 吉他。本次回收：0。，总投入：4058，总回收：2655，实际收益：-2047，开关=2
****************************************
模拟下注：吉他,0 | 贝斯,0 | 下注结果：【未命中】。2022-12-16 02:21:24 钢琴。本次回收：0。，总投入：4058，总回收：2655，实际收益：-2047，开关=2
****************************************
模拟下注：贝斯,0 | 吉他,0 | 下注结果：【命中】。2022-12-16 02:26:14 贝斯。本次回收：0。总投入：4058，总回收：2655，实际收益：-2047，开关=1
****************************************
模拟下注：钢琴,0 | 贝斯,0 | 下注结果：【未命中】。2022-12-16 02:27:12 吉他。本次回收：0。，总投入：4058，总回收：2655，实际收益：-2047，开关=2
****************************************
模拟下注：钢琴,0 | 小提琴,0 | 下注结果：【命中】。2022-12-16 02:28:10 小提琴。本次回收：0。总投入：4058，总回收：2655，实际收益：-2047，开关=1
****************************************
模拟下注：小提琴,0 | 贝斯,0 | 下注结果：【未命中】。2022-12-16 02:45:34 吉他。本次回收：0。，总投入：0，总回收：0，实际收益：0，开关=2
****************************************
模拟下注：钢琴,0 | 吉他,0 | 下注结果：【未命中】。2022-12-16 02:46:32 竖琴。本次回收：0。，总投入：0，总回收：0，实际收益：0，开关=1
****************************************
模拟下注：小提琴,0 | 贝斯,0 | 下注结果：【命中】。2022-12-16 02:48:28 小提琴。本次回收：0。总投入：0，总回收：0，实际收益：0，开关=1
****************************************
模拟下注：钢琴,0 | 吉他,0 | 下注结果：【命中】。2022-12-16 02:49:26 吉他。本次回收：0。总投入：0，总回收：0，实际收益：0，开关=2
****************************************
模拟下注：小提琴,1 | 钢琴,1 | 下注结果：【命中】。2022-12-16 02:58:08 钢琴。本次回收：5。总投入：2，总回收：5，实际收益：1，开关=1
****************************************
模拟下注：小提琴,1 | 吉他,1 | 下注结果：【命中】。2022-12-16 03:03:56 吉他。本次回收：5。总投入：4，总回收：10，实际收益：2，开关=1
****************************************
模拟下注：小提琴,1 | 吉他,1 | 下注结果：【未命中】。2022-12-16 03:04:54 钢琴。本次回收：0。，总投入：6，总回收：10，实际收益：0，开关=1
****************************************
模拟下注：小提琴,10 | 吉他,10 | 下注结果：【命中】。2022-12-16 03:08:46 小提琴。本次回收：50。总投入：26，总回收：60，实际收益：14，开关=1
****************************************
模拟下注：小提琴,1 | 吉他,1 | 下注结果：【命中】。2022-12-16 03:11:40 小提琴。本次回收：5。总投入：28，总回收：65，实际收益：15，开关=1
****************************************
模拟下注：钢琴,1 | 贝斯,1 | 下注结果：【未命中】。2022-12-16 03:14:34 架子鼓。本次回收：0。，总投入：30，总回收：65，实际收益：13，开关=1
****************************************
模拟下注：小提琴,10 | 吉他,10 | 下注结果：【未命中】。2022-12-16 03:16:30 贝斯。本次回收：0。，总投入：50，总回收：65，实际收益：-4，开关=1
****************************************
模拟下注：小提琴,100 | 吉他,100 | 下注结果：【未命中】。2022-12-16 03:18:26 萨克斯风。本次回收：0。，总投入：250，总回收：65，实际收益：-188，开关=1
****************************************
模拟下注：钢琴,0 | 贝斯,0 | 下注结果：【未命中】。2022-12-16 03:20:22 吉他。本次回收：0。，总投入：250，总回收：65，实际收益：-188，开关=1
****************************************
模拟下注：吉他,0 | 小提琴,0 | 下注结果：【命中】。2022-12-16 03:31:00 小提琴。本次回收：0。总投入：250，总回收：65，实际收益：-188，开关=2
****************************************
模拟下注：吉他,0 | 钢琴,0 | 下注结果：【未命中】。2022-12-16 03:38:44 架子鼓。本次回收：0。，总投入：250，总回收：65，实际收益：-188，开关=2
****************************************
模拟下注：贝斯,0 | 吉他,0 | 下注结果：【未命中】。2022-12-16 03:52:16 钢琴。本次回收：0。，总投入：250，总回收：65，实际收益：-188，开关=2
****************************************
模拟下注：小提琴,0 | 钢琴,0 | 下注结果：【命中】。2022-12-16 03:53:14 小提琴。本次回收：0。总投入：250，总回收：65，实际收益：-188，开关=1
****************************************
模拟下注：小提琴,0 | 吉他,0 | 下注结果：【命中】。2022-12-16 03:54:12 吉他。本次回收：0。总投入：250，总回收：65，实际收益：-188，开关=2
****************************************
模拟下注：钢琴,1 | 吉他,1 | 下注结果：【未命中】。2022-12-16 03:58:04 贝斯。本次回收：0。，总投入：252，总回收：65，实际收益：-190，开关=2
****************************************
模拟下注：小提琴,10 | 贝斯,10 | 下注结果：【未命中】。2022-12-16 03:59:02 钢琴。本次回收：0。，总投入：272，总回收：65，实际收益：-208，开关=1
****************************************
模拟下注：贝斯,100 | 小提琴,100 | 下注结果：【命中】。2022-12-16 04:00:58 贝斯。本次回收：500。总投入：472，总回收：565，实际收益：-75，开关=1
****************************************
模拟下注：贝斯,0 | 小提琴,0 | 下注结果：【命中】。2022-12-16 04:01:56 贝斯。本次回收：0。总投入：472，总回收：565，实际收益：-75，开关=1
****************************************
模拟下注：吉他,1 | 小提琴,1 | 下注结果：【未命中】。2022-12-16 04:02:54 架子鼓。本次回收：0。，总投入：474，总回收：565，实际收益：-77，开关=1
****************************************
模拟下注：钢琴,10 | 贝斯,10 | 下注结果：【未命中】。2022-12-16 04:12:34 小提琴。本次回收：0。，总投入：494，总回收：565，实际收益：-95，开关=1
****************************************
模拟下注：钢琴,100 | 贝斯,100 | 下注结果：【未命中】。2022-12-16 04:14:30 架子鼓。本次回收：0。，总投入：694，总回收：565，实际收益：-279，开关=1
****************************************
模拟下注：钢琴,0 | 吉他,0 | 下注结果：【命中】。2022-12-16 04:17:24 钢琴。本次回收：0。总投入：694，总回收：565，实际收益：-279，开关=2
****************************************
模拟下注：钢琴,0 | 小提琴,0 | 下注结果：【命中】。2022-12-16 04:24:10 小提琴。本次回收：0。总投入：694，总回收：565，实际收益：-279，开关=1
****************************************
模拟下注：钢琴,1 | 吉他,1 | 下注结果：【未命中】。2022-12-16 04:26:06 小提琴。本次回收：0。，总投入：696，总回收：565，实际收益：-281，开关=1
****************************************
模拟下注：钢琴,10 | 贝斯,10 | 下注结果：【命中】。2022-12-16 04:32:52 钢琴。本次回收：50。总投入：716，总回收：615，实际收益：-268，开关=2
****************************************
模拟下注：贝斯,1 | 钢琴,1 | 下注结果：【命中】。2022-12-16 04:42:32 贝斯。本次回收：5。总投入：718，总回收：620，实际收益：-266，开关=2
****************************************
模拟下注：钢琴,1 | 吉他,1 | 下注结果：【未命中】。2022-12-16 04:48:20 架子鼓。本次回收：0。，总投入：720，总回收：620，实际收益：-268，开关=2
****************************************
模拟下注：贝斯,10 | 小提琴,10 | 下注结果：【未命中】。2022-12-16 04:50:16 吉他。本次回收：0。，总投入：740，总回收：620，实际收益：-287，开关=2
****************************************
模拟下注：钢琴,100 | 吉他,100 | 下注结果：【未命中】。2022-12-16 04:51:14 贝斯。本次回收：0。，总投入：940，总回收：620，实际收益：-471，开关=1
****************************************
模拟下注：吉他,0 | 小提琴,0 | 下注结果：【未命中】。2022-12-16 04:57:02 贝斯。本次回收：0。，总投入：940，总回收：620，实际收益：-471，开关=1
****************************************
模拟下注：钢琴,0 | 贝斯,0 | 下注结果：【命中】。2022-12-16 05:01:52 贝斯。本次回收：0。总投入：940，总回收：620，实际收益：-471，开关=2
****************************************
模拟下注：吉他,0 | 小提琴,0 | 下注结果：【命中】。2022-12-16 05:05:44 小提琴。本次回收：0。总投入：940，总回收：620，实际收益：-471，开关=2
****************************************
模拟下注：吉他,1 | 小提琴,1 | 下注结果：【命中】。2022-12-16 05:08:38 小提琴。本次回收：5。总投入：942，总回收：625，实际收益：-469，开关=1
****************************************
模拟下注：吉他,1 | 钢琴,1 | 下注结果：【命中】。2022-12-16 05:10:34 钢琴。本次回收：5。总投入：944，总回收：630，实际收益：-468，开关=1
****************************************
模拟下注：钢琴,1 | 小提琴,1 | 下注结果：【未命中】。2022-12-16 05:21:12 贝斯。本次回收：0。，总投入：946，总回收：630，实际收益：-470，开关=1
****************************************
模拟下注：钢琴,10 | 小提琴,10 | 下注结果：【未命中】。2022-12-16 05:24:06 贝斯。本次回收：0。，总投入：966，总回收：630，实际收益：-488，开关=1
****************************************
模拟下注：吉他,100 | 小提琴,100 | 下注结果：【命中】。2022-12-16 05:26:02 吉他。本次回收：500。总投入：1166，总回收：1130，实际收益：-355，开关=1
****************************************
模拟下注：吉他,0 | 小提琴,0 | 下注结果：【未命中】。2022-12-16 05:27:00 贝斯。本次回收：0。，总投入：1166，总回收：1130，实际收益：-355，开关=1
****************************************
模拟下注：钢琴,0 | 贝斯,0 | 下注结果：【命中】。2022-12-16 05:36:40 贝斯。本次回收：0。总投入：1166，总回收：1130，实际收益：-355，开关=1
****************************************
模拟下注：吉他,0 | 小提琴,0 | 下注结果：【未命中】。2022-12-16 05:37:38 萨克斯风。本次回收：0。，总投入：1166，总回收：1130，实际收益：-355，开关=2
****************************************
模拟下注：小提琴,0 | 钢琴,0 | 下注结果：【未命中】。2022-12-16 05:53:06 贝斯。本次回收：0。，总投入：1166，总回收：1130，实际收益：-355，开关=2
****************************************
模拟下注：吉他,0 | 钢琴,0 | 下注结果：【未命中】。2022-12-16 05:54:04 萨克斯风。本次回收：0。，总投入：1166，总回收：1130，实际收益：-355，开关=1
****************************************
模拟下注：小提琴,0 | 钢琴,0 | 下注结果：【未命中】。2022-12-16 06:04:42 吉他。本次回收：0。，总投入：1166，总回收：1130，实际收益：-355，开关=2
****************************************
模拟下注：吉他,0 | 贝斯,0 | 下注结果：【未命中】。2022-12-16 06:05:40 圆号。本次回收：0。，总投入：1166，总回收：1130，实际收益：-355，开关=1
****************************************
模拟下注：吉他,0 | 贝斯,0 | 下注结果：【命中】。2022-12-16 06:08:34 贝斯。本次回收：0。总投入：1166，总回收：1130，实际收益：-355，开关=2
****************************************
模拟下注：贝斯,0 | 吉他,0 | 下注结果：【命中】。2022-12-16 06:14:22 贝斯。本次回收：0。总投入：1166，总回收：1130，实际收益：-355，开关=2
****************************************
模拟下注：钢琴,1 | 吉他,1 | 下注结果：【未命中】。2022-12-16 06:24:02 架子鼓。本次回收：0。，总投入：1168，总回收：1130，实际收益：-357，开关=2
****************************************
模拟下注：钢琴,10 | 吉他,10 | 下注结果：【命中】。2022-12-16 06:30:48 吉他。本次回收：50。总投入：1188，总回收：1180，实际收益：-343，开关=1
****************************************
模拟下注：吉他,1 | 小提琴,1 | 下注结果：【未命中】。2022-12-16 06:36:36 竖琴。本次回收：0。，总投入：1190，总回收：1180，实际收益：-345，开关=1
****************************************
模拟下注：贝斯,10 | 钢琴,10 | 下注结果：【未命中】。2022-12-16 06:38:32 吉他。本次回收：0。，总投入：1210，总回收：1180，实际收益：-363，开关=1
****************************************
模拟下注：钢琴,100 | 吉他,100 | 下注结果：【未命中】。2022-12-16 06:43:22 贝斯。本次回收：0。，总投入：1410，总回收：1180，实际收益：-547，开关=2
****************************************
模拟下注：贝斯,0 | 小提琴,0 | 下注结果：【未命中】。2022-12-16 06:44:20 钢琴。本次回收：0。，总投入：1410，总回收：1180，实际收益：-547，开关=1
****************************************
模拟下注：吉他,0 | 小提琴,0 | 下注结果：【命中】。2022-12-16 06:46:16 小提琴。本次回收：0。总投入：1410，总回收：1180，实际收益：-547，开关=1
****************************************
模拟下注：钢琴,0 | 贝斯,0 | 下注结果：【未命中】。2022-12-16 06:49:10 吉他。本次回收：0。，总投入：1410，总回收：1180，实际收益：-547，开关=2
****************************************
模拟下注：吉他,0 | 小提琴,0 | 下注结果：【命中】。2022-12-16 06:50:08 吉他。本次回收：0。总投入：1410，总回收：1180，实际收益：-547，开关=1
****************************************
模拟下注：钢琴,0 | 贝斯,0 | 下注结果：【未命中】。2022-12-16 06:51:06 小提琴。本次回收：0。，总投入：1410，总回收：1180，实际收益：-547，开关=2
****************************************
模拟下注：小提琴,0 | 吉他,0 | 下注结果：【未命中】。2022-12-16 06:55:56 贝斯。本次回收：0。，总投入：1410，总回收：1180，实际收益：-547，开关=1
****************************************
模拟下注：吉他,0 | 贝斯,0 | 下注结果：【命中】。2022-12-16 07:00:46 吉他。本次回收：0。总投入：1410，总回收：1180，实际收益：-547，开关=2
****************************************
模拟下注：小提琴,0 | 钢琴,0 | 下注结果：【未命中】。2022-12-16 07:08:30 架子鼓。本次回收：0。，总投入：1410，总回收：1180，实际收益：-547，开关=2
****************************************
模拟下注：钢琴,0 | 贝斯,0 | 下注结果：【未命中】。2022-12-16 07:18:10 小提琴。本次回收：0。，总投入：1410，总回收：1180，实际收益：-547，开关=2
****************************************
模拟下注：吉他,0 | 小提琴,0 | 下注结果：【未命中】。2022-12-16 07:21:04 贝斯。本次回收：0。，总投入：1410，总回收：1180，实际收益：-547，开关=1
****************************************
模拟下注：钢琴,0 | 贝斯,0 | 下注结果：【未命中】。2022-12-16 07:23:58 吉他。本次回收：0。，总投入：1410，总回收：1180，实际收益：-547，开关=2
****************************************
模拟下注：钢琴,0 | 贝斯,0 | 下注结果：【未命中】。2022-12-16 07:25:54 小提琴。本次回收：0。，总投入：1410，总回收：1180，实际收益：-547，开关=2
****************************************
模拟下注：吉他,0 | 小提琴,0 | 下注结果：【命中】。2022-12-16 07:26:52 吉他。本次回收：0。总投入：1410，总回收：1180，实际收益：-547，开关=1
****************************************
模拟下注：吉他,0 | 小提琴,0 | 下注结果：【命中】。2022-12-16 07:30:44 小提琴。本次回收：0。总投入：1410，总回收：1180，实际收益：-547，开关=1
****************************************
模拟下注：贝斯,1 | 钢琴,1 | 下注结果：【未命中】。2022-12-16 07:31:42 小提琴。本次回收：0。，总投入：1412，总回收：1180，实际收益：-549，开关=2
****************************************
模拟下注：吉他,10 | 小提琴,10 | 下注结果：【未命中】。2022-12-16 07:32:40 架子鼓。本次回收：0。，总投入：1432，总回收：1180，实际收益：-568，开关=1
****************************************
模拟下注：吉他,100 | 小提琴,100 | 下注结果：【未命中】。2022-12-16 07:36:32 萨克斯风。本次回收：0。，总投入：1632，总回收：1180，实际收益：-752，开关=1
****************************************
模拟下注：钢琴,0 | 贝斯,0 | 下注结果：【未命中】。2022-12-16 07:41:22 小提琴。本次回收：0。，总投入：1632，总回收：1180，实际收益：-752，开关=2
****************************************
模拟下注：贝斯,0 | 小提琴,0 | 下注结果：【未命中】。2022-12-16 07:42:20 钢琴。本次回收：0。，总投入：1632，总回收：1180，实际收益：-752，开关=1
****************************************
模拟下注：钢琴,0 | 小提琴,0 | 下注结果：【未命中】。2022-12-16 07:48:08 架子鼓。本次回收：0。，总投入：1632，总回收：1180，实际收益：-752，开关=1
****************************************
模拟下注：钢琴,0 | 小提琴,0 | 下注结果：【未命中】。2022-12-16 07:50:04 吉他。本次回收：0。，总投入：1632，总回收：1180，实际收益：-752，开关=1
****************************************
模拟下注：小提琴,0 | 贝斯,0 | 下注结果：【命中】。2022-12-16 08:10:22 小提琴。本次回收：0。总投入：1632，总回收：1180，实际收益：-752，开关=2
****************************************
模拟下注：吉他,0 | 小提琴,0 | 下注结果：【未命中】。2022-12-16 08:21:58 贝斯。本次回收：0。，总投入：1632，总回收：1180，实际收益：-752，开关=2
****************************************
模拟下注：贝斯,0 | 钢琴,0 | 下注结果：【命中】。2022-12-16 08:22:56 钢琴。本次回收：0。总投入：1632，总回收：1180，实际收益：-752，开关=1
****************************************
模拟下注：钢琴,0 | 小提琴,0 | 下注结果：【未命中】。2022-12-16 08:29:42 贝斯。本次回收：0。，总投入：1632，总回收：1180，实际收益：-752，开关=2
****************************************
模拟下注：吉他,0 | 小提琴,0 | 下注结果：【未命中】。2022-12-16 08:30:40 竖琴。本次回收：0。，总投入：1632，总回收：1180，实际收益：-752，开关=1
****************************************
模拟下注：钢琴,0 | 贝斯,0 | 下注结果：【命中】。2022-12-16 08:39:22 钢琴。本次回收：0。总投入：1632，总回收：1180，实际收益：-752，开关=2
****************************************
模拟下注：吉他,0 | 小提琴,0 | 下注结果：【未命中】。2022-12-16 08:48:04 钢琴。本次回收：0。，总投入：1632，总回收：1180，实际收益：-752，开关=1
****************************************
模拟下注：吉他,0 | 贝斯,0 | 下注结果：【未命中】。2022-12-16 09:01:36 小提琴。本次回收：0。，总投入：1632，总回收：1180，实际收益：-752，开关=1
****************************************
模拟下注：吉他,0 | 钢琴,0 | 下注结果：【未命中】。2022-12-16 09:08:22 小提琴。本次回收：0。，总投入：1632，总回收：1180，实际收益：-752，开关=2
****************************************
模拟下注：贝斯,0 | 小提琴,0 | 下注结果：【未命中】。2022-12-16 09:09:20 竖琴。本次回收：0。，总投入：1632，总回收：1180，实际收益：-752，开关=1
****************************************
模拟下注：贝斯,0 | 小提琴,0 | 下注结果：【未命中】。2022-12-16 09:19:00 钢琴。本次回收：0。，总投入：1632，总回收：1180，实际收益：-752，开关=1
****************************************
模拟下注：贝斯,0 | 小提琴,0 | 下注结果：【未命中】。2022-12-16 09:21:54 钢琴。本次回收：0。，总投入：1632，总回收：1180，实际收益：-752，开关=2
****************************************
模拟下注：贝斯,0 | 吉他,0 | 下注结果：【未命中】。2022-12-16 09:22:52 架子鼓。本次回收：0。，总投入：1632，总回收：1180，实际收益：-752，开关=1
****************************************
模拟下注：贝斯,0 | 钢琴,0 | 下注结果：【未命中】。2022-12-16 09:25:46 萨克斯风。本次回收：0。，总投入：1632，总回收：1180，实际收益：-752，开关=2
****************************************
模拟下注：贝斯,0 | 钢琴,0 | 下注结果：【命中】。2022-12-16 09:28:40 钢琴。本次回收：0。总投入：1632，总回收：1180，实际收益：-752，开关=1
****************************************
模拟下注：小提琴,0 | 钢琴,0 | 下注结果：【命中】。2022-12-16 09:29:38 小提琴。本次回收：0。总投入：1632，总回收：1180，实际收益：-752，开关=2
****************************************
模拟下注：贝斯,1 | 钢琴,1 | 下注结果：【未命中】。2022-12-16 09:32:32 吉他。本次回收：0。，总投入：1634，总回收：1180，实际收益：-753，开关=1
****************************************
模拟下注：贝斯,10 | 小提琴,10 | 下注结果：【未命中】。2022-12-16 09:36:24 钢琴。本次回收：0。，总投入：1654，总回收：1180，实际收益：-772，开关=1
****************************************
模拟下注：贝斯,100 | 吉他,100 | 下注结果：【命中】。2022-12-16 09:43:10 贝斯。本次回收：500。总投入：1854，总回收：1680，实际收益：-638，开关=2
****************************************
模拟下注：贝斯,0 | 吉他,0 | 下注结果：【命中】。2022-12-16 09:48:00 吉他。本次回收：0。总投入：1854，总回收：1680，实际收益：-638，开关=2
****************************************
模拟下注：贝斯,1 | 吉他,1 | 下注结果：【未命中】。2022-12-16 09:54:46 小提琴。本次回收：0。，总投入：1856，总回收：1680，实际收益：-640，开关=2
****************************************
模拟下注：钢琴,10 | 小提琴,10 | 下注结果：【命中】。2022-12-16 09:55:44 小提琴。本次回收：50。总投入：1876，总回收：1730，实际收益：-627，开关=1
****************************************
模拟下注：钢琴,1 | 小提琴,1 | 下注结果：【命中】。2022-12-16 09:56:42 小提琴。本次回收：5。总投入：1878，总回收：1735，实际收益：-626，开关=1
****************************************
模拟下注：钢琴,1 | 小提琴,1 | 下注结果：【未命中】。2022-12-16 09:57:40 吉他。本次回收：0。，总投入：1880，总回收：1735，实际收益：-627，开关=1
****************************************
模拟下注：小提琴,10 | 贝斯,10 | 下注结果：【命中】。2022-12-16 10:21:50 小提琴。本次回收：50。总投入：1900，总回收：1785，实际收益：-614，开关=1
****************************************
模拟下注：贝斯,1 | 小提琴,1 | 下注结果：【命中】。2022-12-16 10:22:48 贝斯。本次回收：5。总投入：1902，总回收：1790，实际收益：-613，开关=1
****************************************
模拟下注：小提琴,1 | 钢琴,1 | 下注结果：【未命中】。2022-12-16 10:23:46 吉他。本次回收：0。，总投入：1904，总回收：1790，实际收益：-615，开关=1
****************************************
模拟下注：小提琴,10 | 贝斯,10 | 下注结果：【命中】。2022-12-16 10:28:36 贝斯。本次回收：50。总投入：1924，总回收：1840，实际收益：-601，开关=1
****************************************
模拟下注：小提琴,1 | 贝斯,1 | 下注结果：【命中】。2022-12-16 10:58:34 贝斯。本次回收：5。总投入：1926，总回收：1845，实际收益：-600，开关=1
****************************************
模拟下注：吉他,1 | 小提琴,1 | 下注结果：【未命中】。2022-12-16 11:07:16 架子鼓。本次回收：0。，总投入：1928，总回收：1845，实际收益：-602，开关=1
****************************************
模拟下注：吉他,10 | 小提琴,10 | 下注结果：【命中】。2022-12-16 11:09:12 小提琴。本次回收：50。总投入：1948，总回收：1895，实际收益：-588，开关=1
****************************************
模拟下注：吉他,1 | 小提琴,1 | 下注结果：【未命中】。2022-12-16 11:10:10 贝斯。本次回收：0。，总投入：1950，总回收：1895，实际收益：-590，开关=1
****************************************
模拟下注：小提琴,10 | 钢琴,10 | 下注结果：【未命中】。2022-12-16 11:53:40 吉他。本次回收：0。，总投入：1970，总回收：1895，实际收益：-609，开关=1
****************************************
模拟下注：贝斯,100 | 小提琴,100 | 下注结果：【未命中】。2022-12-16 11:56:34 架子鼓。本次回收：0。，总投入：2170，总回收：1895，实际收益：-793，开关=2
****************************************
模拟下注：吉他,0 | 钢琴,0 | 下注结果：【未命中】。2022-12-16 12:08:10 萨克斯风。本次回收：0。，总投入：2170，总回收：1895，实际收益：-793，开关=2
****************************************
模拟下注：小提琴,0 | 钢琴,0 | 下注结果：【命中】。2022-12-16 12:10:06 钢琴。本次回收：0。总投入：2170，总回收：1895，实际收益：-793，开关=2
****************************************
模拟下注：小提琴,0 | 贝斯,0 | 下注结果：【未命中】。2022-12-16 12:23:38 架子鼓。本次回收：0。，总投入：2170，总回收：1895，实际收益：-793，开关=2
****************************************
模拟下注：钢琴,0 | 贝斯,0 | 下注结果：【命中】。2022-12-16 12:26:32 钢琴。本次回收：0。总投入：2170，总回收：1895，实际收益：-793，开关=1
****************************************
模拟下注：小提琴,0 | 钢琴,0 | 下注结果：【未命中】。2022-12-16 12:27:30 贝斯。本次回收：0。，总投入：2170，总回收：1895，实际收益：-793，开关=2
****************************************
模拟下注：吉他,0 | 小提琴,0 | 下注结果：【未命中】。2022-12-16 12:28:28 贝斯。本次回收：0。，总投入：2170，总回收：1895，实际收益：-793，开关=1
****************************************
模拟下注：吉他,0 | 钢琴,0 | 下注结果：【未命中】。2022-12-16 12:35:14 小提琴。本次回收：0。，总投入：2170，总回收：1895，实际收益：-793，开关=2
****************************************
模拟下注：贝斯,0 | 小提琴,0 | 下注结果：【未命中】。2022-12-16 12:36:12 竖琴。本次回收：0。，总投入：2170，总回收：1895，实际收益：-793，开关=1
****************************************
模拟下注：贝斯,0 | 小提琴,0 | 下注结果：【未命中】。2022-12-16 12:38:08 吉他。本次回收：0。，总投入：2170，总回收：1895，实际收益：-793，开关=1
****************************************
模拟下注：吉他,0 | 小提琴,0 | 下注结果：【未命中】。2022-12-16 12:46:50 贝斯。本次回收：0。，总投入：2170，总回收：1895，实际收益：-793，开关=2
****************************************
模拟下注：钢琴,0 | 贝斯,0 | 下注结果：【未命中】。2022-12-16 12:47:48 吉他。本次回收：0。，总投入：2170，总回收：1895，实际收益：-793，开关=1
****************************************
模拟下注：钢琴,0 | 贝斯,0 | 下注结果：【命中】。2022-12-16 12:53:36 贝斯。本次回收：0。总投入：2170，总回收：1895，实际收益：-793，开关=1
****************************************
模拟下注：吉他,0 | 小提琴,0 | 下注结果：【命中】。2022-12-16 12:54:34 小提琴。本次回收：0。总投入：2170，总回收：1895，实际收益：-793，开关=2
****************************************
模拟下注：贝斯,1 | 钢琴,1 | 下注结果：【未命中】。2022-12-16 12:59:24 吉他。本次回收：0。，总投入：2172，总回收：1895，实际收益：-794，开关=1
****************************************
模拟下注：吉他,10 | 贝斯,10 | 下注结果：【未命中】。2022-12-16 13:03:16 小提琴。本次回收：0。，总投入：2192，总回收：1895，实际收益：-813，开关=1
****************************************
模拟下注：贝斯,100 | 钢琴,100 | 下注结果：【未命中】。2022-12-16 13:14:52 吉他。本次回收：0。，总投入：2392，总回收：1895，实际收益：-997，开关=1
****************************************
模拟下注：小提琴,0 | 吉他,0 | 下注结果：【未命中】。2022-12-16 13:20:40 贝斯。本次回收：0。，总投入：2392，总回收：1895，实际收益：-997，开关=1
****************************************
模拟下注：钢琴,0 | 小提琴,0 | 下注结果：【命中】。2022-12-16 13:29:22 钢琴。本次回收：0。总投入：2392，总回收：1895，实际收益：-997，开关=2
****************************************
模拟下注：钢琴,0 | 小提琴,0 | 下注结果：【命中】。2022-12-16 13:33:14 钢琴。本次回收：0。总投入：2392，总回收：1895，实际收益：-997，开关=2
****************************************
模拟下注：小提琴,1 | 钢琴,1 | 下注结果：【命中】。2022-12-16 13:37:06 小提琴。本次回收：5。总投入：2394，总回收：1900，实际收益：-995，开关=2
****************************************
模拟下注：钢琴,1 | 吉他,1 | 下注结果：【未命中】。2022-12-16 13:49:40 萨克斯风。本次回收：0。，总投入：2396，总回收：1900，实际收益：-997，开关=2
****************************************
模拟下注：钢琴,10 | 吉他,10 | 下注结果：【命中】。2022-12-16 13:51:36 钢琴。本次回收：50。总投入：2416，总回收：1950，实际收益：-984，开关=2
****************************************
模拟下注：小提琴,1 | 贝斯,1 | 下注结果：【未命中】。2022-12-16 13:59:20 吉他。本次回收：0。，总投入：2418，总回收：1950，实际收益：-986，开关=2
****************************************
模拟下注：吉他,10 | 贝斯,10 | 下注结果：【未命中】。2022-12-16 14:00:18 小提琴。本次回收：0。，总投入：2438，总回收：1950，实际收益：-1004，开关=2
****************************************
模拟下注：钢琴,100 | 吉他,100 | 下注结果：【命中】。2022-12-16 14:07:04 吉他。本次回收：500。总投入：2638，总回收：2450，实际收益：-871，开关=1
****************************************
模拟下注：钢琴,0 | 贝斯,0 | 下注结果：【命中】。2022-12-16 14:11:54 钢琴。本次回收：0。总投入：2638，总回收：2450，实际收益：-871，开关=2
****************************************
模拟下注：吉他,1 | 小提琴,1 | 下注结果：【命中】。2022-12-16 14:16:44 吉他。本次回收：5。总投入：2640，总回收：2455，实际收益：-869，开关=2
****************************************
模拟下注：小提琴,1 | 贝斯,1 | 下注结果：【命中】。2022-12-16 14:25:26 贝斯。本次回收：5。总投入：2642，总回收：2460，实际收益：-868，开关=2
****************************************
模拟下注：小提琴,1 | 贝斯,1 | 下注结果：【命中】。2022-12-16 14:28:20 小提琴。本次回收：5。总投入：2644，总回收：2465，实际收益：-867，开关=2
****************************************
模拟下注：小提琴,1 | 钢琴,1 | 下注结果：【未命中】。2022-12-16 14:39:56 圆号。本次回收：0。，总投入：2646，总回收：2465，实际收益：-869，开关=2
****************************************
模拟下注：贝斯,10 | 吉他,10 | 下注结果：【命中】。2022-12-16 14:48:38 贝斯。本次回收：50。总投入：2666，总回收：2515，实际收益：-855，开关=2
****************************************
模拟下注：贝斯,1 | 吉他,1 | 下注结果：【未命中】。2022-12-16 15:02:10 钢琴。本次回收：0。，总投入：2668，总回收：2515，实际收益：-857，开关=2
****************************************
模拟下注：小提琴,10 | 吉他,10 | 下注结果：【未命中】。2022-12-16 15:04:06 钢琴。本次回收：0。，总投入：2688，总回收：2515，实际收益：-875，开关=2
****************************************
模拟下注：钢琴,100 | 吉他,100 | 下注结果：【未命中】。2022-12-16 15:32:08 贝斯。本次回收：0。，总投入：2888，总回收：2515，实际收益：-1059，开关=1
****************************************
