同意买入。买入操作配置【未开启】。买入计量为0。模拟买入：贝斯,0 | 钢琴,0 | 买入结果：【未命中】。2022-12-20 16:41:08 吉他。本次回收：0。总投入：0。总回收：0。总收益：0。
同意买入。买入操作配置【未开启】。买入计量为0。模拟买入：贝斯,0 | 钢琴,0 | 买入结果：【未命中】。2022-12-20 16:44:02 小提琴。本次回收：0。总投入：0。总回收：0。总收益：0。
同意买入。买入操作配置【未开启】。买入计量为0。模拟买入：贝斯,0 | 钢琴,0 | 买入结果：【未命中】。2022-12-20 16:47:54 圆号。本次回收：0。总投入：0。总回收：0。总收益：0。
同意买入。买入操作配置【未开启】。买入计量为0。模拟买入：贝斯,0 | 钢琴,0 | 买入结果：【未命中】。2022-12-20 16:49:50 小提琴。本次回收：0。总投入：0。总回收：0。总收益：0。
同意买入。买入操作配置【未开启】。买入计量为0。模拟买入：贝斯,0 | 吉他,0 | 买入结果：【命中】。2022-12-20 16:51:46 贝斯。本次回收：0。总投入：0。总回收：0。总收益：0。
同意买入。买入操作配置【未开启】。买入计量为0。模拟买入：钢琴,0 | 吉他,0 | 买入结果：【命中】。2022-12-20 16:52:44 吉他。本次回收：0。总投入：0。总回收：0。总收益：0。
同意买入。买入操作配置【未开启】。买入计量为0。模拟买入：小提琴,0 | 贝斯,0 | 买入结果：【未命中】。2022-12-20 16:53:42 钢琴。本次回收：0。总投入：0。总回收：0。总收益：0。
同意买入。买入操作配置【未开启】。买入计量为0。模拟买入：小提琴,0 | 吉他,0 | 买入结果：【命中】。2022-12-20 16:55:38 吉他。本次回收：0。总投入：0。总回收：0。总收益：0。
同意买入。买入操作配置【开启】。买入计量为2。模拟买入：小提琴,1 | 贝斯,1 | 买入结果：【未命中】。2022-12-20 16:56:36 萨克斯风。本次回收：0。总投入：2。总回收：0。总收益：-1。
同意买入。买入操作配置【开启】。买入计量为20。模拟买入：钢琴,10 | 吉他,10 | 买入结果：【未命中】。2022-12-20 16:59:30 小提琴。本次回收：0。总投入：22。总回收：0。总收益：-20。
同意买入。买入操作配置【开启】。买入计量为200。模拟买入：贝斯,100 | 吉他,100 | 买入结果：【命中】。2022-12-20 17:02:24 贝斯。本次回收：500。总投入：222。总回收：500。总收益：113。
同意买入。买入操作配置【未开启】。买入计量为0。模拟买入：钢琴,0 | 吉他,0 | 买入结果：【命中】。2022-12-20 17:03:22 吉他。本次回收：0。总投入：222。总回收：500。总收益：113。
同意买入。买入操作配置【开启】。买入计量为2。模拟买入：小提琴,1 | 吉他,1 | 买入结果：【未命中】。2022-12-20 17:05:18 钢琴。本次回收：0。总投入：224。总回收：500。总收益：111。
同意买入。买入操作配置【开启】。买入计量为20。模拟买入：贝斯,10 | 小提琴,10 | 买入结果：【命中】。2022-12-20 17:07:14 贝斯。本次回收：50。总投入：244。总回收：550。总收益：124。
同意买入。买入操作配置【开启】。买入计量为2。模拟买入：吉他,1 | 钢琴,1 | 买入结果：【命中】。2022-12-20 17:11:06 吉他。本次回收：5。总投入：246。总回收：555。总收益：126。
同意买入。买入操作配置【开启】。买入计量为2。模拟买入：吉他,1 | 钢琴,1 | 买入结果：【未命中】。2022-12-20 17:12:04 小提琴。本次回收：0。总投入：248。总回收：555。总收益：124。
同意买入。买入操作配置【开启】。买入计量为20。模拟买入：钢琴,10 | 小提琴,10 | 买入结果：【未命中】。2022-12-20 17:16:54 吉他。本次回收：0。总投入：268。总回收：555。总收益：105。
同意买入。买入操作配置【开启】。买入计量为200。模拟买入：贝斯,100 | 小提琴,100 | 买入结果：【命中】。2022-12-20 17:20:46 小提琴。本次回收：500。总投入：468。总回收：1055。总收益：239。
同意买入。买入操作配置【未开启】。买入计量为0。模拟买入：钢琴,0 | 小提琴,0 | 买入结果：【未命中】。2022-12-20 17:31:24 贝斯。本次回收：0。总投入：468。总回收：1055。总收益：239。
同意买入。买入操作配置【未开启】。买入计量为0。模拟买入：贝斯,0 | 小提琴,0 | 买入结果：【未命中】。2022-12-20 17:37:12 竖琴。本次回收：0。总投入：468。总回收：1055。总收益：239。
同意买入。买入操作配置【未开启】。买入计量为0。模拟买入：吉他,0 | 小提琴,0 | 买入结果：【命中】。2022-12-20 17:43:58 吉他。本次回收：0。总投入：468。总回收：1055。总收益：239。
同意买入。买入操作配置【未开启】。买入计量为0。模拟买入：小提琴,0 | 钢琴,0 | 买入结果：【命中】。2022-12-20 17:47:50 小提琴。本次回收：0。总投入：468。总回收：1055。总收益：239。
同意买入。买入操作配置【开启】。买入计量为2。模拟买入：贝斯,1 | 小提琴,1 | 买入结果：【命中】。2022-12-20 17:59:26 贝斯。本次回收：5。总投入：470。总回收：1060。总收益：240。
同意买入。买入操作配置【开启】。买入计量为2。模拟买入：吉他,1 | 小提琴,1 | 买入结果：【命中】。2022-12-20 18:00:24 吉他。本次回收：5。总投入：472。总回收：1065。总收益：242。
同意买入。买入操作配置【开启】。买入计量为2。模拟买入：钢琴,1 | 小提琴,1 | 买入结果：【未命中】。2022-12-20 18:13:56 萨克斯风。本次回收：0。总投入：474。总回收：1065。总收益：240。
同意买入。买入操作配置【开启】。买入计量为20。模拟买入：小提琴,10 | 吉他,10 | 买入结果：【未命中】。2022-12-20 18:24:34 架子鼓。本次回收：0。总投入：494。总回收：1065。总收益：221。
同意买入。买入操作配置【开启】。买入计量为200。模拟买入：钢琴,100 | 吉他,100 | 买入结果：【未命中】。2022-12-20 18:27:28 贝斯。本次回收：0。总投入：694。总回收：1065。总收益：37。
同意买入。买入操作配置【开启】。买入计量为2。模拟买入：钢琴,1 | 小提琴,1 | 买入结果：【命中】。2022-12-20 18:29:24 钢琴。本次回收：5。总投入：696。总回收：1070。总收益：39。
同意买入。买入操作配置【未开启】。买入计量为0。模拟买入：钢琴,0 | 贝斯,0 | 买入结果：【命中】。2022-12-20 18:30:22 钢琴。本次回收：0。总投入：696。总回收：1070。总收益：39。
同意买入。买入操作配置【未开启】。买入计量为0。模拟买入：贝斯,0 | 吉他,0 | 买入结果：【未命中】。2022-12-20 18:33:16 钢琴。本次回收：0。总投入：696。总回收：1070。总收益：39。
同意买入。买入操作配置【未开启】。买入计量为0。模拟买入：吉他,0 | 贝斯,0 | 买入结果：【未命中】。2022-12-20 18:40:02 小提琴。本次回收：0。总投入：696。总回收：1070。总收益：39。
同意买入。买入操作配置【未开启】。买入计量为0。模拟买入：小提琴,0 | 钢琴,0 | 买入结果：【未命中】。2022-12-20 18:41:58 吉他。本次回收：0。总投入：696。总回收：1070。总收益：39。
同意买入。买入操作配置【未开启】。买入计量为0。模拟买入：小提琴,0 | 钢琴,0 | 买入结果：【未命中】。2022-12-20 18:45:50 吉他。本次回收：0。总投入：696。总回收：1070。总收益：39。
同意买入。买入操作配置【未开启】。买入计量为0。模拟买入：吉他,0 | 钢琴,0 | 买入结果：【未命中】。2022-12-20 18:52:36 架子鼓。本次回收：0。总投入：696。总回收：1070。总收益：39。
同意买入。买入操作配置【未开启】。买入计量为0。模拟买入：贝斯,0 | 吉他,0 | 买入结果：【命中】。2022-12-20 18:56:28 贝斯。本次回收：0。总投入：696。总回收：1070。总收益：39。
同意买入。买入操作配置【未开启】。买入计量为0。模拟买入：贝斯,0 | 吉他,0 | 买入结果：【未命中】。2022-12-20 18:57:26 架子鼓。本次回收：0。总投入：696。总回收：1070。总收益：39。
同意买入。买入操作配置【未开启】。买入计量为0。模拟买入：贝斯,0 | 钢琴,0 | 买入结果：【未命中】。2022-12-20 19:05:10 竖琴。本次回收：0。总投入：696。总回收：1070。总收益：39。
同意买入。买入操作配置【未开启】。买入计量为0。模拟买入：贝斯,0 | 吉他,0 | 买入结果：【未命中】。2022-12-20 19:07:06 小提琴。本次回收：0。总投入：696。总回收：1070。总收益：39。
同意买入。买入操作配置【未开启】。买入计量为0。模拟买入：贝斯,0 | 钢琴,0 | 买入结果：【命中】。2022-12-20 19:11:56 钢琴。本次回收：0。总投入：696。总回收：1070。总收益：39。
同意买入。买入操作配置【未开启】。买入计量为0。模拟买入：贝斯,0 | 钢琴,0 | 买入结果：【命中】。2022-12-20 19:13:52 贝斯。本次回收：0。总投入：696。总回收：1070。总收益：39。
同意买入。买入操作配置【未开启】。买入计量为0。模拟买入：小提琴,0 | 钢琴,0 | 买入结果：【命中】。2022-12-20 19:14:50 小提琴。本次回收：0。总投入：696。总回收：1070。总收益：39。
同意买入。买入操作配置【开启】。买入计量为2。模拟买入：吉他,1 | 钢琴,1 | 买入结果：【命中】。2022-12-20 19:15:48 钢琴。本次回收：5。总投入：698。总回收：1075。总收益：40。
同意买入。买入操作配置【开启】。买入计量为2。模拟买入：贝斯,1 | 吉他,1 | 买入结果：【命中】。2022-12-20 19:16:46 贝斯。本次回收：5。总投入：700。总回收：1080。总收益：41。
同意买入。买入操作配置【开启】。买入计量为2。模拟买入：吉他,1 | 小提琴,1 | 买入结果：【未命中】。2022-12-20 19:24:30 贝斯。本次回收：0。总投入：702。总回收：1080。总收益：39。
同意买入。买入操作配置【开启】。买入计量为20。模拟买入：吉他,10 | 贝斯,10 | 买入结果：【命中】。2022-12-20 19:26:26 吉他。本次回收：50。总投入：722。总回收：1130。总收益：53。
同意买入。买入操作配置【开启】。买入计量为2。模拟买入：吉他,1 | 贝斯,1 | 买入结果：【未命中】。2022-12-20 19:27:24 架子鼓。本次回收：0。总投入：724。总回收：1130。总收益：51。
同意买入。买入操作配置【开启】。买入计量为20。模拟买入：钢琴,10 | 吉他,10 | 买入结果：【命中】。2022-12-20 19:32:14 吉他。本次回收：50。总投入：744。总回收：1180。总收益：64。
同意买入。买入操作配置【开启】。买入计量为2。模拟买入：钢琴,1 | 贝斯,1 | 买入结果：【命中】。2022-12-20 19:33:12 贝斯。本次回收：5。总投入：746。总回收：1185。总收益：66。
同意买入。买入操作配置【开启】。买入计量为2。模拟买入：钢琴,1 | 贝斯,1 | 买入结果：【命中】。2022-12-20 19:35:08 贝斯。本次回收：5。总投入：748。总回收：1190。总收益：67。
同意买入。买入操作配置【开启】。买入计量为2。模拟买入：钢琴,1 | 小提琴,1 | 买入结果：【命中】。2022-12-20 19:36:06 钢琴。本次回收：5。总投入：750。总回收：1195。总收益：68。
同意买入。买入操作配置【开启】。买入计量为2。模拟买入：钢琴,1 | 贝斯,1 | 买入结果：【命中】。2022-12-20 19:37:04 贝斯。本次回收：5。总投入：752。总回收：1200。总收益：70。
同意买入。买入操作配置【开启】。买入计量为2。模拟买入：钢琴,1 | 小提琴,1 | 买入结果：【命中】。2022-12-20 19:38:02 钢琴。本次回收：5。总投入：754。总回收：1205。总收益：71。
同意买入。买入操作配置【开启】。买入计量为2。模拟买入：小提琴,1 | 贝斯,1 | 买入结果：【未命中】。2022-12-20 19:39:00 钢琴。本次回收：0。总投入：756。总回收：1205。总收益：69。
同意买入。买入操作配置【开启】。买入计量为20。模拟买入：贝斯,10 | 钢琴,10 | 买入结果：【命中】。2022-12-20 19:44:48 贝斯。本次回收：50。总投入：776。总回收：1255。总收益：83。
同意买入。买入操作配置【开启】。买入计量为2。模拟买入：吉他,1 | 钢琴,1 | 买入结果：【未命中】。2022-12-20 19:51:34 贝斯。本次回收：0。总投入：778。总回收：1255。总收益：81。
同意买入。买入操作配置【开启】。买入计量为20。模拟买入：吉他,10 | 小提琴,10 | 买入结果：【命中】。2022-12-20 19:56:24 小提琴。本次回收：50。总投入：798。总回收：1305。总收益：94。
同意买入。买入操作配置【开启】。买入计量为2。模拟买入：吉他,1 | 贝斯,1 | 买入结果：【命中】。2022-12-20 19:57:22 吉他。本次回收：5。总投入：800。总回收：1310。总收益：95。
同意买入。买入操作配置【开启】。买入计量为2。模拟买入：贝斯,1 | 吉他,1 | 买入结果：【命中】。2022-12-20 19:58:20 贝斯。本次回收：5。总投入：802。总回收：1315。总收益：97。
同意买入。买入操作配置【开启】。买入计量为2。模拟买入：吉他,1 | 钢琴,1 | 买入结果：【命中】。2022-12-20 20:01:14 吉他。本次回收：5。总投入：804。总回收：1320。总收益：98。
同意买入。买入操作配置【开启】。买入计量为2。模拟买入：小提琴,1 | 钢琴,1 | 买入结果：【命中】。2022-12-20 20:02:12 小提琴。本次回收：5。总投入：806。总回收：1325。总收益：99。
同意买入。买入操作配置【开启】。买入计量为2。模拟买入：贝斯,1 | 吉他,1 | 买入结果：【命中】。2022-12-20 20:12:50 贝斯。本次回收：5。总投入：808。总回收：1330。总收益：101。
同意买入。买入操作配置【开启】。买入计量为2。模拟买入：钢琴,1 | 吉他,1 | 买入结果：【未命中】。2022-12-20 20:13:48 贝斯。本次回收：0。总投入：810。总回收：1330。总收益：99。
同意买入。买入操作配置【开启】。买入计量为20。模拟买入：贝斯,10 | 吉他,10 | 买入结果：【未命中】。2022-12-20 20:20:34 架子鼓。本次回收：0。总投入：830。总回收：1330。总收益：80。
同意买入。买入操作配置【开启】。买入计量为200。模拟买入：钢琴,100 | 贝斯,100 | 买入结果：【未命中】。2022-12-20 20:24:26 吉他。本次回收：0。总投入：1030。总回收：1330。总收益：-103。
同意买入。买入操作配置【开启】。买入计量为2。模拟买入：吉他,1 | 小提琴,1 | 买入结果：【未命中】。2022-12-20 20:32:10 贝斯。本次回收：0。总投入：1032。总回收：1330。总收益：-104。
同意买入。买入操作配置【开启】。买入计量为20。模拟买入：吉他,10 | 小提琴,10 | 买入结果：【未命中】。2022-12-20 20:33:08 钢琴。本次回收：0。总投入：1052。总回收：1330。总收益：-123。
同意买入。买入操作配置【开启】。买入计量为200。模拟买入：贝斯,100 | 钢琴,100 | 买入结果：【命中】。2022-12-20 20:36:02 钢琴。本次回收：500。总投入：1252。总回收：1830。总收益：10。
同意买入。买入操作配置【未开启】。买入计量为0。模拟买入：吉他,0 | 小提琴,0 | 买入结果：【未命中】。2022-12-20 20:37:00 贝斯。本次回收：0。总投入：1252。总回收：1830。总收益：10。
同意买入。买入操作配置【未开启】。买入计量为0。模拟买入：贝斯,0 | 钢琴,0 | 买入结果：【未命中】。2022-12-20 20:38:56 竖琴。本次回收：0。总投入：1252。总回收：1830。总收益：10。
同意买入。买入操作配置【未开启】。买入计量为0。模拟买入：吉他,0 | 贝斯,0 | 买入结果：【未命中】。2022-12-20 20:45:42 小提琴。本次回收：0。总投入：1252。总回收：1830。总收益：10。
同意买入。买入操作配置【未开启】。买入计量为0。模拟买入：贝斯,0 | 钢琴,0 | 买入结果：【命中】。2022-12-20 20:49:34 贝斯。本次回收：0。总投入：1252。总回收：1830。总收益：10。
同意买入。买入操作配置【未开启】。买入计量为0。模拟买入：钢琴,0 | 贝斯,0 | 买入结果：【命中】。2022-12-20 20:51:30 钢琴。本次回收：0。总投入：1252。总回收：1830。总收益：10。
同意买入。买入操作配置【未开启】。买入计量为0。模拟买入：钢琴,0 | 吉他,0 | 买入结果：【未命中】。2022-12-20 20:56:20 贝斯。本次回收：0。总投入：1252。总回收：1830。总收益：10。
同意买入。买入操作配置【未开启】。买入计量为0。模拟买入：小提琴,0 | 贝斯,0 | 买入结果：【未命中】。2022-12-20 20:59:14 钢琴。本次回收：0。总投入：1252。总回收：1830。总收益：10。
同意买入。买入操作配置【未开启】。买入计量为0。模拟买入：吉他,0 | 小提琴,0 | 买入结果：【未命中】。2022-12-20 21:03:06 钢琴。本次回收：0。总投入：1252。总回收：1830。总收益：10。
同意买入。买入操作配置【未开启】。买入计量为0。模拟买入：吉他,0 | 贝斯,0 | 买入结果：【命中】。2022-12-20 21:04:04 吉他。本次回收：0。总投入：1252。总回收：1830。总收益：10。
同意买入。买入操作配置【未开启】。买入计量为0。模拟买入：吉他,0 | 钢琴,0 | 买入结果：【未命中】。2022-12-20 21:05:02 贝斯。本次回收：0。总投入：1252。总回收：1830。总收益：10。
同意买入。买入操作配置【未开启】。买入计量为0。模拟买入：小提琴,0 | 吉他,0 | 买入结果：【未命中】。2022-12-20 21:08:54 钢琴。本次回收：0。总投入：1252。总回收：1830。总收益：10。
同意买入。买入操作配置【未开启】。买入计量为0。模拟买入：小提琴,0 | 钢琴,0 | 买入结果：【未命中】。2022-12-20 21:13:44 吉他。本次回收：0。总投入：1252。总回收：1830。总收益：10。
同意买入。买入操作配置【未开启】。买入计量为0。模拟买入：吉他,0 | 钢琴,0 | 买入结果：【命中】。2022-12-20 21:30:10 吉他。本次回收：0。总投入：0。总回收：0。总收益：0。
同意买入。买入操作配置【未开启】。买入计量为0。模拟买入：钢琴,0 | 吉他,0 | 买入结果：【未命中】。2022-12-20 21:32:06 萨克斯风。本次回收：0。总投入：0。总回收：0。总收益：0。
同意买入。买入操作配置【未开启】。买入计量为0。模拟买入：吉他,0 | 钢琴,0 | 买入结果：【未命中】。2022-12-20 21:34:02 贝斯。本次回收：0。总投入：0。总回收：0。总收益：0。
同意买入。买入操作配置【未开启】。买入计量为0。模拟买入：贝斯,0 | 小提琴,0 | 买入结果：【未命中】。2022-12-20 21:35:00 钢琴。本次回收：0。总投入：0。总回收：0。总收益：0。
同意买入。买入操作配置【未开启】。买入计量为0。模拟买入：吉他,0 | 钢琴,0 | 买入结果：【命中】。2022-12-20 21:36:56 钢琴。本次回收：0。总投入：0。总回收：0。总收益：0。
同意买入。买入操作配置【未开启】。买入计量为0。模拟买入：吉他,0 | 小提琴,0 | 买入结果：【未命中】。2022-12-20 21:38:52 架子鼓。本次回收：0。总投入：0。总回收：0。总收益：0。
同意买入。买入操作配置【未开启】。买入计量为0。模拟买入：小提琴,0 | 钢琴,0 | 买入结果：【命中】。2022-12-20 21:44:40 小提琴。本次回收：0。总投入：0。总回收：0。总收益：0。
同意买入。买入操作配置【未开启】。买入计量为0。模拟买入：吉他,0 | 钢琴,0 | 买入结果：【命中】。2022-12-20 21:50:28 钢琴。本次回收：0。总投入：0。总回收：0。总收益：0。
同意买入。买入操作配置【开启】。买入计量为2。模拟买入：小提琴,1 | 钢琴,1 | 买入结果：【命中】。2022-12-20 21:54:20 小提琴。本次回收：5。总投入：2。总回收：5。总收益：1。
同意买入。买入操作配置【开启】。买入计量为2。模拟买入：小提琴,1 | 钢琴,1 | 买入结果：【命中】。2022-12-20 21:56:16 小提琴。本次回收：5。总投入：4。总回收：10。总收益：2。
同意买入。买入操作配置【开启】。买入计量为2。模拟买入：小提琴,1 | 吉他,1 | 买入结果：【未命中】。2022-12-20 22:14:38 贝斯。本次回收：0。总投入：6。总回收：10。总收益：0。
同意买入。买入操作配置【开启】。买入计量为20。模拟买入：小提琴,10 | 吉他,10 | 买入结果：【未命中】。2022-12-20 22:17:32 钢琴。本次回收：0。总投入：26。总回收：10。总收益：-17。
同意买入。买入操作配置【开启】。买入计量为200。模拟买入：贝斯,100 | 钢琴,100 | 买入结果：【未命中】。2022-12-20 22:22:22 小提琴。本次回收：0。总投入：226。总回收：10。总收益：-201。
同意买入。买入操作配置【未开启】。买入计量为0。模拟买入：钢琴,0 | 小提琴,0 | 买入结果：【未命中】。2022-12-20 22:30:06 贝斯。本次回收：0。总投入：226。总回收：10。总收益：-201。
同意买入。买入操作配置【未开启】。买入计量为0。模拟买入：钢琴,0 | 贝斯,0 | 买入结果：【未命中】。2022-12-20 22:35:54 竖琴。本次回收：0。总投入：226。总回收：10。总收益：-201。
同意买入。买入操作配置【未开启】。买入计量为0。模拟买入：钢琴,0 | 贝斯,0 | 买入结果：【命中】。2022-12-20 22:44:36 贝斯。本次回收：0。总投入：226。总回收：10。总收益：-201。
同意买入。买入操作配置【未开启】。买入计量为0。模拟买入：吉他,0 | 贝斯,0 | 买入结果：【未命中】。2022-12-20 22:48:28 钢琴。本次回收：0。总投入：226。总回收：10。总收益：-201。
同意买入。买入操作配置【未开启】。买入计量为0。模拟买入：小提琴,0 | 吉他,0 | 买入结果：【未命中】。2022-12-20 22:58:08 贝斯。本次回收：0。总投入：226。总回收：10。总收益：-201。
同意买入。买入操作配置【未开启】。买入计量为0。模拟买入：钢琴,0 | 吉他,0 | 买入结果：【未命中】。2022-12-20 23:01:02 小提琴。本次回收：0。总投入：226。总回收：10。总收益：-201。
同意买入。买入操作配置【未开启】。买入计量为0。模拟买入：钢琴,0 | 贝斯,0 | 买入结果：【未命中】。2022-12-20 23:20:22 架子鼓。本次回收：0。总投入：226。总回收：10。总收益：-201。
同意买入。买入操作配置【未开启】。买入计量为0。模拟买入：小提琴,0 | 贝斯,0 | 买入结果：【未命中】。2022-12-20 23:23:16 吉他。本次回收：0。总投入：226。总回收：10。总收益：-201。
同意买入。买入操作配置【未开启】。买入计量为0。模拟买入：小提琴,0 | 贝斯,0 | 买入结果：【未命中】。2022-12-20 23:27:08 吉他。本次回收：0。总投入：226。总回收：10。总收益：-201。
同意买入。买入操作配置【未开启】。买入计量为0。模拟买入：小提琴,0 | 吉他,0 | 买入结果：【命中】。2022-12-20 23:31:00 小提琴。本次回收：0。总投入：226。总回收：10。总收益：-201。
同意买入。买入操作配置【未开启】。买入计量为0。模拟买入：吉他,0 | 小提琴,0 | 买入结果：【命中】。2022-12-20 23:32:56 小提琴。本次回收：0。总投入：226。总回收：10。总收益：-201。
同意买入。买入操作配置【未开启】。买入计量为0。模拟买入：吉他,0 | 贝斯,0 | 买入结果：【未命中】。2022-12-20 23:33:54 架子鼓。本次回收：0。总投入：226。总回收：10。总收益：-201。
同意买入。买入操作配置【未开启】。买入计量为0。模拟买入：吉他,0 | 贝斯,0 | 买入结果：【未命中】。2022-12-20 23:39:42 小提琴。本次回收：0。总投入：226。总回收：10。总收益：-201。
同意买入。买入操作配置【未开启】。买入计量为0。模拟买入：吉他,0 | 贝斯,0 | 买入结果：【命中】。2022-12-20 23:40:40 贝斯。本次回收：0。总投入：226。总回收：10。总收益：-201。
同意买入。买入操作配置【未开启】。买入计量为0。模拟买入：吉他,0 | 小提琴,0 | 买入结果：【命中】。2022-12-20 23:41:38 吉他。本次回收：0。总投入：226。总回收：10。总收益：-201。
同意买入。买入操作配置【开启】。买入计量为2。模拟买入：贝斯,1 | 小提琴,1 | 买入结果：【命中】。2022-12-20 23:42:36 贝斯。本次回收：5。总投入：228。总回收：15。总收益：-200。
同意买入。买入操作配置【开启】。买入计量为2。模拟买入：贝斯,1 | 小提琴,1 | 买入结果：【未命中】。2022-12-20 23:48:24 钢琴。本次回收：0。总投入：230。总回收：15。总收益：-202。
同意买入。买入操作配置【开启】。买入计量为20。模拟买入：贝斯,10 | 钢琴,10 | 买入结果：【命中】。2022-12-20 23:53:14 贝斯。本次回收：50。总投入：250。总回收：65。总收益：-188。
同意买入。买入操作配置【开启】。买入计量为2。模拟买入：贝斯,1 | 钢琴,1 | 买入结果：【未命中】。2022-12-20 23:56:08 竖琴。本次回收：0。总投入：252。总回收：65。总收益：-190。
同意买入。买入操作配置【开启】。买入计量为20。模拟买入：小提琴,10 | 贝斯,10 | 买入结果：【命中】。2022-12-20 23:59:02 小提琴。本次回收：50。总投入：272。总回收：115。总收益：-177。
同意买入。买入操作配置【开启】。买入计量为2。模拟买入：钢琴,1 | 贝斯,1 | 买入结果：【命中】。2022-12-21 00:00:00 钢琴。本次回收：5。总投入：274。总回收：120。总收益：-175。
同意买入。买入操作配置【开启】。买入计量为2。模拟买入：小提琴,1 | 钢琴,1 | 买入结果：【命中】。2022-12-21 00:00:58 小提琴。本次回收：5。总投入：276。总回收：125。总收益：-174。
同意买入。买入操作配置【开启】。买入计量为2。模拟买入：贝斯,1 | 钢琴,1 | 买入结果：【命中】。2022-12-21 00:01:56 贝斯。本次回收：5。总投入：278。总回收：130。总收益：-173。
同意买入。买入操作配置【开启】。买入计量为2。模拟买入：吉他,1 | 钢琴,1 | 买入结果：【命中】。2022-12-21 00:02:54 钢琴。本次回收：5。总投入：280。总回收：135。总收益：-171。
同意买入。买入操作配置【开启】。买入计量为2。模拟买入：吉他,1 | 小提琴,1 | 买入结果：【未命中】。2022-12-21 00:03:52 钢琴。本次回收：0。总投入：282。总回收：135。总收益：-173。
同意买入。买入操作配置【开启】。买入计量为20。模拟买入：吉他,10 | 小提琴,10 | 买入结果：【未命中】。2022-12-21 00:08:42 钢琴。本次回收：0。总投入：302。总回收：135。总收益：-192。
同意买入。买入操作配置【开启】。买入计量为200。模拟买入：吉他,100 | 钢琴,100 | 买入结果：【未命中】。2022-12-21 00:11:36 架子鼓。本次回收：0。总投入：502。总回收：135。总收益：-376。
同意买入。买入操作配置【开启】。买入计量为2。模拟买入：吉他,1 | 钢琴,1 | 买入结果：【未命中】。2022-12-21 00:15:28 小提琴。本次回收：0。总投入：504。总回收：135。总收益：-377。
同意买入。买入操作配置【开启】。买入计量为20。模拟买入：吉他,10 | 钢琴,10 | 买入结果：【未命中】。2022-12-21 00:27:04 小提琴。本次回收：0。总投入：524。总回收：135。总收益：-396。
同意买入。买入操作配置【开启】。买入计量为2。模拟买入：贝斯,1 | 小提琴,1 | 买入结果：【未命中】。2022-12-21 00:43:30 钢琴。本次回收：0。总投入：2。总回收：0。总收益：-1。
同意买入。买入操作配置【开启】。买入计量为20。模拟买入：吉他,10 | 钢琴,10 | 买入结果：【未命中】。2022-12-21 00:46:24 小提琴。本次回收：0。总投入：22。总回收：0。总收益：-20。
同意买入。买入操作配置【开启】。买入计量为200。模拟买入：钢琴,100 | 小提琴,100 | 买入结果：【命中】。2022-12-21 00:51:14 钢琴。本次回收：500。总投入：222。总回收：500。总收益：113。
同意买入。买入操作配置【未开启】。买入计量为0。模拟买入：贝斯,0 | 小提琴,0 | 买入结果：【未命中】。2022-12-21 00:52:12 钢琴。本次回收：0。总投入：222。总回收：500。总收益：113。
同意买入。买入操作配置【未开启】。买入计量为0。模拟买入：钢琴,0 | 小提琴,0 | 买入结果：【未命中】。2022-12-21 01:05:44 贝斯。本次回收：0。总投入：222。总回收：500。总收益：113。
同意买入。买入操作配置【未开启】。买入计量为0。模拟买入：小提琴,0 | 钢琴,0 | 买入结果：【未命中】。2022-12-21 01:15:24 贝斯。本次回收：0。总投入：222。总回收：500。总收益：113。
同意买入。买入操作配置【未开启】。买入计量为0。模拟买入：吉他,0 | 贝斯,0 | 买入结果：【未命中】。2022-12-21 01:37:38 架子鼓。本次回收：0。总投入：222。总回收：500。总收益：113。
同意买入。买入操作配置【未开启】。买入计量为0。模拟买入：吉他,0 | 贝斯,0 | 买入结果：【命中】。2022-12-21 01:40:32 吉他。本次回收：0。总投入：222。总回收：500。总收益：113。
同意买入。买入操作配置【未开启】。买入计量为0。模拟买入：钢琴,0 | 贝斯,0 | 买入结果：【未命中】。2022-12-21 01:41:30 吉他。本次回收：0。总投入：222。总回收：500。总收益：113。
同意买入。买入操作配置【未开启】。买入计量为0。模拟买入：小提琴,0 | 钢琴,0 | 买入结果：【命中】。2022-12-21 01:44:24 钢琴。本次回收：0。总投入：222。总回收：500。总收益：113。
同意买入。买入操作配置【未开启】。买入计量为0。模拟买入：小提琴,0 | 贝斯,0 | 买入结果：【命中】。2022-12-21 01:45:22 小提琴。本次回收：0。总投入：222。总回收：500。总收益：113。
同意买入。买入操作配置【开启】。买入计量为2。模拟买入：小提琴,1 | 钢琴,1 | 买入结果：【未命中】。2022-12-21 02:13:24 吉他。本次回收：0。总投入：224。总回收：500。总收益：111。
同意买入。买入操作配置【开启】。买入计量为20。模拟买入：小提琴,10 | 钢琴,10 | 买入结果：【命中】。2022-12-21 02:19:12 钢琴。本次回收：50。总投入：244。总回收：550。总收益：124。
同意买入。买入操作配置【开启】。买入计量为2。模拟买入：小提琴,1 | 钢琴,1 | 买入结果：【未命中】。2022-12-21 02:23:04 吉他。本次回收：0。总投入：246。总回收：550。总收益：122。
同意买入。买入操作配置【开启】。买入计量为20。模拟买入：贝斯,10 | 吉他,10 | 买入结果：【命中】。2022-12-21 02:25:00 吉他。本次回收：50。总投入：266。总回收：600。总收益：136。
同意买入。买入操作配置【开启】。买入计量为2。模拟买入：贝斯,1 | 钢琴,1 | 买入结果：【命中】。2022-12-21 02:25:58 钢琴。本次回收：5。总投入：268。总回收：605。总收益：137。
同意买入。买入操作配置【开启】。买入计量为2。模拟买入：贝斯,1 | 吉他,1 | 买入结果：【未命中】。2022-12-21 02:26:56 钢琴。本次回收：0。总投入：270。总回收：605。总收益：135。
同意买入。买入操作配置【开启】。买入计量为20。模拟买入：吉他,10 | 钢琴,10 | 买入结果：【未命中】。2022-12-21 02:36:36 萨克斯风。本次回收：0。总投入：290。总回收：605。总收益：117。
同意买入。买入操作配置【开启】。买入计量为200。模拟买入：贝斯,100 | 小提琴,100 | 买入结果：【未命中】。2022-12-21 02:40:28 圆号。本次回收：0。总投入：490。总回收：605。总收益：-66。
同意买入。买入操作配置【开启】。买入计量为2。模拟买入：贝斯,1 | 小提琴,1 | 买入结果：【命中】。2022-12-21 02:41:26 小提琴。本次回收：5。总投入：492。总回收：610。总收益：-65。
同意买入。买入操作配置【未开启】。买入计量为0。模拟买入：贝斯,0 | 钢琴,0 | 买入结果：【未命中】。2022-12-21 02:49:10 架子鼓。本次回收：0。总投入：492。总回收：610。总收益：-65。
同意买入。买入操作配置【未开启】。买入计量为0。模拟买入：钢琴,0 | 贝斯,0 | 买入结果：【命中】。2022-12-21 02:58:50 钢琴。本次回收：0。总投入：492。总回收：610。总收益：-65。
同意买入。买入操作配置【未开启】。买入计量为0。模拟买入：贝斯,0 | 钢琴,0 | 买入结果：【未命中】。2022-12-21 02:59:48 吉他。本次回收：0。总投入：492。总回收：610。总收益：-65。
同意买入。买入操作配置【未开启】。买入计量为0。模拟买入：吉他,0 | 小提琴,0 | 买入结果：【未命中】。2022-12-21 03:00:46 钢琴。本次回收：0。总投入：492。总回收：610。总收益：-65。
同意买入。买入操作配置【未开启】。买入计量为0。模拟买入：吉他,0 | 小提琴,0 | 买入结果：【命中】。2022-12-21 03:03:40 吉他。本次回收：0。总投入：492。总回收：610。总收益：-65。
同意买入。买入操作配置【未开启】。买入计量为0。模拟买入：钢琴,0 | 小提琴,0 | 买入结果：【未命中】。2022-12-21 03:04:38 贝斯。本次回收：0。总投入：492。总回收：610。总收益：-65。
同意买入。买入操作配置【未开启】。买入计量为0。模拟买入：吉他,0 | 小提琴,0 | 买入结果：【未命中】。2022-12-21 03:17:12 钢琴。本次回收：0。总投入：492。总回收：610。总收益：-65。
同意买入。买入操作配置【未开启】。买入计量为0。模拟买入：贝斯,0 | 吉他,0 | 买入结果：【命中】。2022-12-21 03:21:04 吉他。本次回收：0。总投入：492。总回收：610。总收益：-65。
同意买入。买入操作配置【未开启】。买入计量为0。模拟买入：贝斯,0 | 钢琴,0 | 买入结果：【未命中】。2022-12-21 03:22:02 吉他。本次回收：0。总投入：492。总回收：610。总收益：-65。
同意买入。买入操作配置【未开启】。买入计量为0。模拟买入：钢琴,0 | 吉他,0 | 买入结果：【命中】。2022-12-21 03:25:54 吉他。本次回收：0。总投入：492。总回收：610。总收益：-65。
同意买入。买入操作配置【未开启】。买入计量为0。模拟买入：贝斯,0 | 钢琴,0 | 买入结果：【命中】。2022-12-21 03:26:52 钢琴。本次回收：0。总投入：492。总回收：610。总收益：-65。
同意买入。买入操作配置【开启】。买入计量为2。模拟买入：贝斯,1 | 吉他,1 | 买入结果：【未命中】。2022-12-21 03:27:50 小提琴。本次回收：0。总投入：494。总回收：610。总收益：-67。
同意买入。买入操作配置【开启】。买入计量为20。模拟买入：贝斯,10 | 吉他,10 | 买入结果：【未命中】。2022-12-21 03:30:44 架子鼓。本次回收：0。总投入：514。总回收：610。总收益：-85。
同意买入。买入操作配置【开启】。买入计量为200。模拟买入：贝斯,100 | 吉他,100 | 买入结果：【未命中】。2022-12-21 03:38:28 小提琴。本次回收：0。总投入：714。总回收：610。总收益：-269。
同意买入。买入操作配置【开启】。买入计量为2。模拟买入：小提琴,1 | 吉他,1 | 买入结果：【未命中】。2022-12-21 03:46:12 钢琴。本次回收：0。总投入：716。总回收：610。总收益：-271。
同意买入。买入操作配置【开启】。买入计量为20。模拟买入：钢琴,10 | 吉他,10 | 买入结果：【未命中】。2022-12-21 03:52:00 架子鼓。本次回收：0。总投入：736。总回收：610。总收益：-289。
同意买入。买入操作配置【开启】。买入计量为200。模拟买入：贝斯,100 | 吉他,100 | 买入结果：【命中】。2022-12-21 03:53:56 贝斯。本次回收：500。总投入：936。总回收：1110。总收益：-156。
同意买入。买入操作配置【未开启】。买入计量为0。模拟买入：贝斯,0 | 吉他,0 | 买入结果：【命中】。2022-12-21 03:54:54 吉他。本次回收：0。总投入：936。总回收：1110。总收益：-156。
同意买入。买入操作配置【未开启】。买入计量为0。模拟买入：贝斯,0 | 吉他,0 | 买入结果：【命中】。2022-12-21 03:55:52 贝斯。本次回收：0。总投入：936。总回收：1110。总收益：-156。
同意买入。买入操作配置【开启】。买入计量为2。模拟买入：吉他,1 | 贝斯,1 | 买入结果：【未命中】。2022-12-21 03:56:50 钢琴。本次回收：0。总投入：938。总回收：1110。总收益：-158。
同意买入。买入操作配置【开启】。买入计量为20。模拟买入：吉他,10 | 钢琴,10 | 买入结果：【命中】。2022-12-21 03:57:48 钢琴。本次回收：50。总投入：958。总回收：1160。总收益：-144。
同意买入。买入操作配置【开启】。买入计量为2。模拟买入：小提琴,1 | 吉他,1 | 买入结果：【未命中】。2022-12-21 03:58:46 钢琴。本次回收：0。总投入：960。总回收：1160。总收益：-146。
同意买入。买入操作配置【开启】。买入计量为20。模拟买入：吉他,10 | 钢琴,10 | 买入结果：【命中】。2022-12-21 04:01:40 钢琴。本次回收：50。总投入：980。总回收：1210。总收益：-133。
同意买入。买入操作配置【开启】。买入计量为2。模拟买入：吉他,1 | 贝斯,1 | 买入结果：【未命中】。2022-12-21 04:02:38 钢琴。本次回收：0。总投入：982。总回收：1210。总收益：-135。
同意买入。买入操作配置【开启】。买入计量为20。模拟买入：贝斯,10 | 钢琴,10 | 买入结果：【命中】。2022-12-21 04:09:24 钢琴。本次回收：50。总投入：1002。总回收：1260。总收益：-121。
同意买入。买入操作配置【开启】。买入计量为2。模拟买入：吉他,1 | 贝斯,1 | 买入结果：【未命中】。2022-12-21 04:10:22 小提琴。本次回收：0。总投入：1004。总回收：1260。总收益：-123。
同意买入。买入操作配置【开启】。买入计量为20。模拟买入：钢琴,10 | 小提琴,10 | 买入结果：【未命中】。2022-12-21 04:23:54 竖琴。本次回收：0。总投入：1024。总回收：1260。总收益：-141。
同意买入。买入操作配置【开启】。买入计量为200。模拟买入：小提琴,100 | 钢琴,100 | 买入结果：【未命中】。2022-12-21 04:41:18 吉他。本次回收：0。总投入：1224。总回收：1260。总收益：-325。
同意买入。买入操作配置【开启】。买入计量为2。模拟买入：小提琴,1 | 吉他,1 | 买入结果：【命中】。2022-12-21 04:44:12 吉他。本次回收：5。总投入：1226。总回收：1265。总收益：-324。
同意买入。买入操作配置【未开启】。买入计量为0。模拟买入：钢琴,0 | 吉他,0 | 买入结果：【未命中】。2022-12-21 04:48:04 架子鼓。本次回收：0。总投入：1226。总回收：1265。总收益：-324。
同意买入。买入操作配置【未开启】。买入计量为0。模拟买入：小提琴,0 | 贝斯,0 | 买入结果：【未命中】。2022-12-21 04:50:58 吉他。本次回收：0。总投入：1226。总回收：1265。总收益：-324。
同意买入。买入操作配置【未开启】。买入计量为0。模拟买入：吉他,0 | 贝斯,0 | 买入结果：【未命中】。2022-12-21 05:00:38 钢琴。本次回收：0。总投入：1226。总回收：1265。总收益：-324。
同意买入。买入操作配置【未开启】。买入计量为0。模拟买入：吉他,0 | 贝斯,0 | 买入结果：【命中】。2022-12-21 05:04:30 贝斯。本次回收：0。总投入：1226。总回收：1265。总收益：-324。
同意买入。买入操作配置【未开启】。买入计量为0。模拟买入：钢琴,0 | 贝斯,0 | 买入结果：【命中】。2022-12-21 05:08:22 贝斯。本次回收：0。总投入：1226。总回收：1265。总收益：-324。
同意买入。买入操作配置【未开启】。买入计量为0。模拟买入：钢琴,0 | 贝斯,0 | 买入结果：【未命中】。2022-12-21 05:14:10 吉他。本次回收：0。总投入：1226。总回收：1265。总收益：-324。
同意买入。买入操作配置【未开启】。买入计量为0。模拟买入：贝斯,0 | 吉他,0 | 买入结果：【命中】。2022-12-21 05:29:38 贝斯。本次回收：0。总投入：1226。总回收：1265。总收益：-324。
同意买入。买入操作配置【开启】。买入计量为2。模拟买入：小提琴,1 | 吉他,1 | 买入结果：【未命中】。2022-12-21 05:30:36 架子鼓。本次回收：0。总投入：1228。总回收：1265。总收益：-326。
同意买入。买入操作配置【开启】。买入计量为20。模拟买入：贝斯,10 | 钢琴,10 | 买入结果：【未命中】。2022-12-21 05:31:34 小提琴。本次回收：0。总投入：1248。总回收：1265。总收益：-344。
同意买入。买入操作配置【开启】。买入计量为200。模拟买入：贝斯,100 | 吉他,100 | 买入结果：【命中】。2022-12-21 05:32:32 吉他。本次回收：500。总投入：1448。总回收：1765。总收益：-211。
同意买入。买入操作配置【未开启】。买入计量为0。模拟买入：贝斯,0 | 钢琴,0 | 买入结果：【未命中】。2022-12-21 05:33:30 架子鼓。本次回收：0。总投入：1448。总回收：1765。总收益：-211。
同意买入。买入操作配置【未开启】。买入计量为0。模拟买入：贝斯,0 | 钢琴,0 | 买入结果：【未命中】。2022-12-21 05:35:26 小提琴。本次回收：0。总投入：1448。总回收：1765。总收益：-211。
同意买入。买入操作配置【未开启】。买入计量为0。模拟买入：贝斯,0 | 吉他,0 | 买入结果：【命中】。2022-12-21 05:37:22 贝斯。本次回收：0。总投入：1448。总回收：1765。总收益：-211。
同意买入。买入操作配置【未开启】。买入计量为0。模拟买入：贝斯,0 | 吉他,0 | 买入结果：【命中】。2022-12-21 05:38:20 吉他。本次回收：0。总投入：1448。总回收：1765。总收益：-211。
同意买入。买入操作配置【开启】。买入计量为2。模拟买入：贝斯,1 | 钢琴,1 | 买入结果：【命中】。2022-12-21 05:39:18 贝斯。本次回收：5。总投入：1450。总回收：1770。总收益：-210。
同意买入。买入操作配置【开启】。买入计量为2。模拟买入：钢琴,1 | 吉他,1 | 买入结果：【未命中】。2022-12-21 05:40:16 贝斯。本次回收：0。总投入：1452。总回收：1770。总收益：-211。
同意买入。买入操作配置【开启】。买入计量为20。模拟买入：贝斯,10 | 钢琴,10 | 买入结果：【未命中】。2022-12-21 05:48:00 小提琴。本次回收：0。总投入：1472。总回收：1770。总收益：-230。
同意买入。买入操作配置【开启】。买入计量为200。模拟买入：贝斯,100 | 钢琴,100 | 买入结果：【命中】。2022-12-21 05:52:50 贝斯。本次回收：500。总投入：1672。总回收：2270。总收益：-96。
同意买入。买入操作配置【未开启】。买入计量为0。模拟买入：钢琴,0 | 贝斯,0 | 买入结果：【未命中】。2022-12-21 05:57:40 吉他。本次回收：0。总投入：1672。总回收：2270。总收益：-96。
同意买入。买入操作配置【未开启】。买入计量为0。模拟买入：吉他,0 | 贝斯,0 | 买入结果：【未命中】。2022-12-21 06:02:30 竖琴。本次回收：0。总投入：1672。总回收：2270。总收益：-96。
同意买入。买入操作配置【未开启】。买入计量为0。模拟买入：钢琴,0 | 贝斯,0 | 买入结果：【未命中】。2022-12-21 06:07:20 小提琴。本次回收：0。总投入：1672。总回收：2270。总收益：-96。
同意买入。买入操作配置【未开启】。买入计量为0。模拟买入：钢琴,0 | 贝斯,0 | 买入结果：【未命中】。2022-12-21 06:10:14 吉他。本次回收：0。总投入：1672。总回收：2270。总收益：-96。
同意买入。买入操作配置【未开启】。买入计量为0。模拟买入：钢琴,0 | 吉他,0 | 买入结果：【命中】。2022-12-21 06:12:10 吉他。本次回收：0。总投入：1672。总回收：2270。总收益：-96。
同意买入。买入操作配置【未开启】。买入计量为0。模拟买入：钢琴,0 | 小提琴,0 | 买入结果：【未命中】。2022-12-21 06:13:08 贝斯。本次回收：0。总投入：1672。总回收：2270。总收益：-96。
同意买入。买入操作配置【未开启】。买入计量为0。模拟买入：小提琴,0 | 贝斯,0 | 买入结果：【未命中】。2022-12-21 06:17:58 吉他。本次回收：0。总投入：1672。总回收：2270。总收益：-96。
同意买入。买入操作配置【未开启】。买入计量为0。模拟买入：小提琴,0 | 钢琴,0 | 买入结果：【命中】。2022-12-21 06:20:52 钢琴。本次回收：0。总投入：1672。总回收：2270。总收益：-96。
同意买入。买入操作配置【未开启】。买入计量为0。模拟买入：小提琴,0 | 贝斯,0 | 买入结果：【未命中】。2022-12-21 06:21:50 竖琴。本次回收：0。总投入：1672。总回收：2270。总收益：-96。
同意买入。买入操作配置【未开启】。买入计量为0。模拟买入：小提琴,0 | 钢琴,0 | 买入结果：【命中】。2022-12-21 06:24:44 小提琴。本次回收：0。总投入：1672。总回收：2270。总收益：-96。
同意买入。买入操作配置【未开启】。买入计量为0。模拟买入：钢琴,0 | 贝斯,0 | 买入结果：【命中】。2022-12-21 06:25:42 贝斯。本次回收：0。总投入：1672。总回收：2270。总收益：-96。
同意买入。买入操作配置【开启】。买入计量为2。模拟买入：钢琴,1 | 小提琴,1 | 买入结果：【命中】。2022-12-21 06:26:40 小提琴。本次回收：5。总投入：1674。总回收：2275。总收益：-95。
同意买入。买入操作配置【开启】。买入计量为2。模拟买入：钢琴,1 | 贝斯,1 | 买入结果：【未命中】。2022-12-21 06:27:38 圆号。本次回收：0。总投入：1676。总回收：2275。总收益：-97。
同意买入。买入操作配置【开启】。买入计量为20。模拟买入：小提琴,10 | 吉他,10 | 买入结果：【命中】。2022-12-21 06:35:22 吉他。本次回收：50。总投入：1696。总回收：2325。总收益：-83。
同意买入。买入操作配置【开启】。买入计量为2。模拟买入：小提琴,1 | 吉他,1 | 买入结果：【命中】。2022-12-21 06:38:16 吉他。本次回收：5。总投入：1698。总回收：2330。总收益：-82。
同意买入。买入操作配置【开启】。买入计量为2。模拟买入：小提琴,1 | 贝斯,1 | 买入结果：【未命中】。2022-12-21 06:39:14 吉他。本次回收：0。总投入：1700。总回收：2330。总收益：-84。
同意买入。买入操作配置【开启】。买入计量为20。模拟买入：钢琴,10 | 吉他,10 | 买入结果：【未命中】。2022-12-21 06:43:06 贝斯。本次回收：0。总投入：1720。总回收：2330。总收益：-102。
同意买入。买入操作配置【开启】。买入计量为200。模拟买入：小提琴,100 | 吉他,100 | 买入结果：【未命中】。2022-12-21 06:51:48 竖琴。本次回收：0。总投入：1920。总回收：2330。总收益：-286。
同意买入。买入操作配置【开启】。买入计量为2。模拟买入：小提琴,1 | 钢琴,1 | 买入结果：【命中】。2022-12-21 06:53:44 钢琴。本次回收：5。总投入：1922。总回收：2335。总收益：-285。
同意买入。买入操作配置【未开启】。买入计量为0。模拟买入：钢琴,0 | 贝斯,0 | 买入结果：【未命中】。2022-12-21 06:55:40 吉他。本次回收：0。总投入：1922。总回收：2335。总收益：-285。
同意买入。买入操作配置【未开启】。买入计量为0。模拟买入：钢琴,0 | 贝斯,0 | 买入结果：【命中】。2022-12-21 06:58:34 钢琴。本次回收：0。总投入：1922。总回收：2335。总收益：-285。
同意买入。买入操作配置【未开启】。买入计量为0。模拟买入：小提琴,0 | 钢琴,0 | 买入结果：【未命中】。2022-12-21 06:59:32 架子鼓。本次回收：0。总投入：1922。总回收：2335。总收益：-285。
同意买入。买入操作配置【未开启】。买入计量为0。模拟买入：小提琴,0 | 吉他,0 | 买入结果：【未命中】。2022-12-21 07:02:26 贝斯。本次回收：0。总投入：1922。总回收：2335。总收益：-285。
同意买入。买入操作配置【未开启】。买入计量为0。模拟买入：小提琴,0 | 钢琴,0 | 买入结果：【命中】。2022-12-21 07:03:24 钢琴。本次回收：0。总投入：1922。总回收：2335。总收益：-285。
同意买入。买入操作配置【未开启】。买入计量为0。模拟买入：小提琴,0 | 贝斯,0 | 买入结果：【命中】。2022-12-21 07:04:22 小提琴。本次回收：0。总投入：1922。总回收：2335。总收益：-285。
同意买入。买入操作配置【开启】。买入计量为2。模拟买入：小提琴,1 | 钢琴,1 | 买入结果：【未命中】。2022-12-21 07:05:20 贝斯。本次回收：0。总投入：1924。总回收：2335。总收益：-287。
同意买入。买入操作配置【开启】。买入计量为20。模拟买入：贝斯,10 | 吉他,10 | 买入结果：【命中】。2022-12-21 07:08:14 贝斯。本次回收：50。总投入：1944。总回收：2385。总收益：-274。
同意买入。买入操作配置【开启】。买入计量为2。模拟买入：贝斯,1 | 吉他,1 | 买入结果：【未命中】。2022-12-21 07:09:12 圆号。本次回收：0。总投入：1946。总回收：2385。总收益：-275。
同意买入。买入操作配置【开启】。买入计量为20。模拟买入：小提琴,10 | 钢琴,10 | 买入结果：【未命中】。2022-12-21 07:12:06 架子鼓。本次回收：0。总投入：1966。总回收：2385。总收益：-294。
同意买入。买入操作配置【开启】。买入计量为200。模拟买入：吉他,100 | 小提琴,100 | 买入结果：【未命中】。2022-12-21 07:15:58 贝斯。本次回收：0。总投入：2166。总回收：2385。总收益：-478。
同意买入。买入操作配置【开启】。买入计量为2。模拟买入：吉他,1 | 小提琴,1 | 买入结果：【未命中】。2022-12-21 07:16:56 圆号。本次回收：0。总投入：2168。总回收：2385。总收益：-480。
同意买入。买入操作配置【开启】。买入计量为20。模拟买入：吉他,10 | 贝斯,10 | 买入结果：【未命中】。2022-12-21 07:18:52 钢琴。本次回收：0。总投入：2188。总回收：2385。总收益：-498。
同意买入。买入操作配置【开启】。买入计量为200。模拟买入：吉他,100 | 小提琴,100 | 买入结果：【未命中】。2022-12-21 07:27:34 贝斯。本次回收：0。总投入：2388。总回收：2385。总收益：-682。
同意买入。买入操作配置【开启】。买入计量为2。模拟买入：吉他,1 | 贝斯,1 | 买入结果：【未命中】。2022-12-21 07:33:22 萨克斯风。本次回收：0。总投入：2390。总回收：2385。总收益：-684。
同意买入。买入操作配置【开启】。买入计量为20。模拟买入：贝斯,10 | 吉他,10 | 买入结果：【未命中】。2022-12-21 07:34:20 小提琴。本次回收：0。总投入：2410。总回收：2385。总收益：-702。
同意买入。买入操作配置【开启】。买入计量为200。模拟买入：贝斯,100 | 吉他,100 | 买入结果：【未命中】。2022-12-21 07:36:16 小提琴。本次回收：0。总投入：2610。总回收：2385。总收益：-886。
同意买入。买入操作配置【开启】。买入计量为2。模拟买入：钢琴,1 | 吉他,1 | 买入结果：【命中】。2022-12-21 07:44:00 吉他。本次回收：5。总投入：2612。总回收：2390。总收益：-885。
同意买入。买入操作配置【未开启】。买入计量为0。模拟买入：钢琴,0 | 贝斯,0 | 买入结果：【未命中】。2022-12-21 07:44:58 吉他。本次回收：0。总投入：2612。总回收：2390。总收益：-885。
同意买入。买入操作配置【未开启】。买入计量为0。模拟买入：贝斯,0 | 吉他,0 | 买入结果：【命中】。2022-12-21 07:48:50 吉他。本次回收：0。总投入：2612。总回收：2390。总收益：-885。
同意买入。买入操作配置【未开启】。买入计量为0。模拟买入：钢琴,0 | 吉他,0 | 买入结果：【未命中】。2022-12-21 07:51:44 贝斯。本次回收：0。总投入：2612。总回收：2390。总收益：-885。
同意买入。买入操作配置【未开启】。买入计量为0。模拟买入：钢琴,0 | 小提琴,0 | 买入结果：【命中】。2022-12-21 07:54:38 钢琴。本次回收：0。总投入：2612。总回收：2390。总收益：-885。
同意买入。买入操作配置【开启】。买入计量为2。模拟买入：小提琴,1 | 吉他,1 | 买入结果：【未命中】。2022-12-21 07:57:32 萨克斯风。本次回收：0。总投入：2614。总回收：2390。总收益：-887。
同意买入。买入操作配置【开启】。买入计量为20。模拟买入：小提琴,10 | 吉他,10 | 买入结果：【未命中】。2022-12-21 08:03:20 钢琴。本次回收：0。总投入：2634。总回收：2390。总收益：-905。
同意买入。买入操作配置【开启】。买入计量为200。模拟买入：小提琴,100 | 贝斯,100 | 买入结果：【未命中】。2022-12-21 08:06:14 钢琴。本次回收：0。总投入：2834。总回收：2390。总收益：-1089。
同意买入。买入操作配置【开启】。买入计量为2。模拟买入：小提琴,1 | 钢琴,1 | 买入结果：【未命中】。2022-12-21 08:09:08 吉他。本次回收：0。总投入：2836。总回收：2390。总收益：-1091。
