同意买入。买入操作配置【未开启】。买入计量为0。模拟买入：钢琴,0 | 小提琴,0 | 买入结果：【命中】。2022-12-23 08:14:38 钢琴。本次回收：0。总投入：0。总回收：0。总收益：0。
同意买入。买入操作配置【未开启】。买入计量为0。模拟买入：小提琴,0 | 钢琴,0 | 买入结果：【未命中】。2022-12-23 08:15:36 吉他。本次回收：0。总投入：0。总回收：0。总收益：0。
同意买入。买入操作配置【未开启】。买入计量为0。模拟买入：小提琴,0 | 钢琴,0 | 买入结果：【命中】。2022-12-23 08:20:26 小提琴。本次回收：0。总投入：0。总回收：0。总收益：0。
同意买入。买入操作配置【未开启】。买入计量为0。模拟买入：小提琴,0 | 吉他,0 | 买入结果：【未命中】。2022-12-23 08:21:24 圆号。本次回收：0。总投入：0。总回收：0。总收益：0。
同意买入。买入操作配置【未开启】。买入计量为0。模拟买入：钢琴,0 | 小提琴,0 | 买入结果：【未命中】。2022-12-23 08:24:18 贝斯。本次回收：0。总投入：0。总回收：0。总收益：0。
同意买入。买入操作配置【未开启】。买入计量为0。模拟买入：钢琴,0 | 贝斯,0 | 买入结果：【命中】。2022-12-23 08:25:16 贝斯。本次回收：0。总投入：0。总回收：0。总收益：0。
同意买入。买入操作配置【未开启】。买入计量为0。模拟买入：钢琴,0 | 贝斯,0 | 买入结果：【未命中】。2022-12-23 08:27:12 架子鼓。本次回收：0。总投入：0。总回收：0。总收益：0。
同意买入。买入操作配置【未开启】。买入计量为0。模拟买入：贝斯,0 | 吉他,0 | 买入结果：【未命中】。2022-12-23 08:30:06 小提琴。本次回收：0。总投入：0。总回收：0。总收益：0。
同意买入。买入操作配置【未开启】。买入计量为0。模拟买入：贝斯,0 | 吉他,0 | 买入结果：【命中】。2022-12-23 08:33:00 吉他。本次回收：0。总投入：0。总回收：0。总收益：0。
同意买入。买入操作配置【未开启】。买入计量为0。模拟买入：小提琴,0 | 钢琴,0 | 买入结果：【命中】。2022-12-23 08:33:58 小提琴。本次回收：0。总投入：0。总回收：0。总收益：0。
同意买入。买入操作配置【开启】。买入计量为2。模拟买入：钢琴,1 | 吉他,1 | 买入结果：【未命中】。2022-12-23 08:34:56 贝斯。本次回收：0。总投入：2。总回收：0。总收益：-1。
同意买入。买入操作配置【开启】。买入计量为20。模拟买入：小提琴,10 | 贝斯,10 | 买入结果：【未命中】。2022-12-23 08:36:52 钢琴。本次回收：0。总投入：22。总回收：0。总收益：-20。
同意买入。买入操作配置【开启】。买入计量为200。模拟买入：钢琴,100 | 贝斯,100 | 买入结果：【未命中】。2022-12-23 08:40:44 萨克斯风。本次回收：0。总投入：222。总回收：0。总收益：-204。
同意买入。买入操作配置【开启】。买入计量为2。模拟买入：贝斯,1 | 钢琴,1 | 买入结果：【未命中】。2022-12-23 08:44:36 圆号。本次回收：0。总投入：224。总回收：0。总收益：-206。
同意买入。买入操作配置【开启】。买入计量为20。模拟买入：小提琴,10 | 钢琴,10 | 买入结果：【未命中】。2022-12-23 08:47:30 贝斯。本次回收：0。总投入：244。总回收：0。总收益：-224。
同意买入。买入操作配置【开启】。买入计量为200。模拟买入：吉他,100 | 贝斯,100 | 买入结果：【命中】。2022-12-23 08:49:26 吉他。本次回收：500。总投入：444。总回收：500。总收益：-90。
同意买入。买入操作配置【未开启】。买入计量为0。模拟买入：小提琴,0 | 贝斯,0 | 买入结果：【未命中】。2022-12-23 08:50:24 吉他。本次回收：0。总投入：444。总回收：500。总收益：-90。
同意买入。买入操作配置【未开启】。买入计量为0。模拟买入：钢琴,0 | 吉他,0 | 买入结果：【未命中】。2022-12-23 08:51:22 小提琴。本次回收：0。总投入：444。总回收：500。总收益：-90。
同意买入。买入操作配置【未开启】。买入计量为0。模拟买入：贝斯,0 | 钢琴,0 | 买入结果：【未命中】。2022-12-23 09:09:44 竖琴。本次回收：0。总投入：444。总回收：500。总收益：-90。
同意买入。买入操作配置【未开启】。买入计量为0。模拟买入：贝斯,0 | 钢琴,0 | 买入结果：【未命中】。2022-12-23 09:13:36 竖琴。本次回收：0。总投入：444。总回收：500。总收益：-90。
同意买入。买入操作配置【未开启】。买入计量为0。模拟买入：吉他,0 | 小提琴,0 | 买入结果：【未命中】。2022-12-23 09:15:32 贝斯。本次回收：0。总投入：444。总回收：500。总收益：-90。
同意买入。买入操作配置【未开启】。买入计量为0。模拟买入：吉他,0 | 贝斯,0 | 买入结果：【未命中】。2022-12-23 09:17:28 钢琴。本次回收：0。总投入：444。总回收：500。总收益：-90。
同意买入。买入操作配置【未开启】。买入计量为0。模拟买入：吉他,0 | 小提琴,0 | 买入结果：【未命中】。2022-12-23 09:19:24 钢琴。本次回收：0。总投入：444。总回收：500。总收益：-90。
同意买入。买入操作配置【未开启】。买入计量为0。模拟买入：吉他,0 | 小提琴,0 | 买入结果：【命中】。2022-12-23 09:24:14 小提琴。本次回收：0。总投入：444。总回收：500。总收益：-90。
同意买入。买入操作配置【未开启】。买入计量为0。模拟买入：吉他,0 | 贝斯,0 | 买入结果：【命中】。2022-12-23 09:25:12 吉他。本次回收：0。总投入：444。总回收：500。总收益：-90。
同意买入。买入操作配置【未开启】。买入计量为0。模拟买入：吉他,0 | 贝斯,0 | 买入结果：【命中】。2022-12-23 09:26:10 吉他。本次回收：0。总投入：444。总回收：500。总收益：-90。
同意买入。买入操作配置【开启】。买入计量为2。模拟买入：钢琴,1 | 小提琴,1 | 买入结果：【未命中】。2022-12-23 09:31:00 架子鼓。本次回收：0。总投入：446。总回收：500。总收益：-92。
同意买入。买入操作配置【未开启】。买入计量为0。模拟买入：小提琴,0 | 钢琴,0 | 买入结果：【命中】。2022-12-23 09:51:18 小提琴。本次回收：0。总投入：446。总回收：500。总收益：-92。
同意买入。买入操作配置【未开启】。买入计量为0。模拟买入：贝斯,0 | 钢琴,0 | 买入结果：【未命中】。2022-12-23 09:52:16 吉他。本次回收：0。总投入：446。总回收：500。总收益：-92。
同意买入。买入操作配置【未开启】。买入计量为0。模拟买入：贝斯,0 | 钢琴,0 | 买入结果：【命中】。2022-12-23 10:00:00 贝斯。本次回收：0。总投入：446。总回收：500。总收益：-92。
同意买入。买入操作配置【未开启】。买入计量为0。模拟买入：贝斯,0 | 小提琴,0 | 买入结果：【命中】。2022-12-23 10:26:06 贝斯。本次回收：0。总投入：446。总回收：500。总收益：-92。
同意买入。买入操作配置【开启】。买入计量为2。模拟买入：钢琴,1 | 贝斯,1 | 买入结果：【未命中】。2022-12-23 10:27:04 架子鼓。本次回收：0。总投入：448。总回收：500。总收益：-94。
同意买入。买入操作配置【开启】。买入计量为20。模拟买入：钢琴,10 | 吉他,10 | 买入结果：【命中】。2022-12-23 10:29:00 吉他。本次回收：50。总投入：468。总回收：550。总收益：-81。
同意买入。买入操作配置【开启】。买入计量为2。模拟买入：钢琴,1 | 贝斯,1 | 买入结果：【未命中】。2022-12-23 10:29:58 吉他。本次回收：0。总投入：470。总回收：550。总收益：-83。
同意买入。买入操作配置【开启】。买入计量为20。模拟买入：钢琴,10 | 小提琴,10 | 买入结果：【未命中】。2022-12-23 10:37:42 架子鼓。本次回收：0。总投入：490。总回收：550。总收益：-101。
同意买入。买入操作配置【开启】。买入计量为200。模拟买入：钢琴,100 | 贝斯,100 | 买入结果：【命中】。2022-12-23 10:41:34 贝斯。本次回收：500。总投入：690。总回收：1050。总收益：31。
同意买入。买入操作配置【未开启】。买入计量为0。模拟买入：钢琴,0 | 贝斯,0 | 买入结果：【命中】。2022-12-23 10:43:30 钢琴。本次回收：0。总投入：690。总回收：1050。总收益：31。
同意买入。买入操作配置【开启】。买入计量为2。模拟买入：吉他,1 | 贝斯,1 | 买入结果：【命中】。2022-12-23 10:44:28 吉他。本次回收：5。总投入：692。总回收：1055。总收益：33。
同意买入。买入操作配置【开启】。买入计量为2。模拟买入：钢琴,1 | 吉他,1 | 买入结果：【未命中】。2022-12-23 10:45:26 贝斯。本次回收：0。总投入：694。总回收：1055。总收益：31。
同意买入。买入操作配置【开启】。买入计量为20。模拟买入：小提琴,10 | 钢琴,10 | 买入结果：【未命中】。2022-12-23 10:51:14 架子鼓。本次回收：0。总投入：714。总回收：1055。总收益：13。
同意买入。买入操作配置【开启】。买入计量为200。模拟买入：小提琴,100 | 吉他,100 | 买入结果：【未命中】。2022-12-23 10:53:10 钢琴。本次回收：0。总投入：914。总回收：1055。总收益：-170。
同意买入。买入操作配置【开启】。买入计量为2。模拟买入：吉他,1 | 钢琴,1 | 买入结果：【未命中】。2022-12-23 10:56:04 小提琴。本次回收：0。总投入：916。总回收：1055。总收益：-172。
同意买入。买入操作配置【开启】。买入计量为20。模拟买入：小提琴,10 | 钢琴,10 | 买入结果：【命中】。2022-12-23 11:06:42 钢琴。本次回收：50。总投入：936。总回收：1105。总收益：-159。
同意买入。买入操作配置【未开启】。买入计量为0。模拟买入：小提琴,0 | 钢琴,0 | 买入结果：【命中】。2022-12-23 11:10:34 小提琴。本次回收：0。总投入：936。总回收：1105。总收益：-159。
同意买入。买入操作配置【未开启】。买入计量为0。模拟买入：小提琴,0 | 钢琴,0 | 买入结果：【未命中】。2022-12-23 11:14:26 萨克斯风。本次回收：0。总投入：936。总回收：1105。总收益：-159。
同意买入。买入操作配置【未开启】。买入计量为0。模拟买入：吉他,0 | 小提琴,0 | 买入结果：【命中】。2022-12-23 11:17:20 吉他。本次回收：0。总投入：936。总回收：1105。总收益：-159。
同意买入。买入操作配置【开启】。买入计量为2。模拟买入：吉他,1 | 小提琴,1 | 同意买入。买入操作配置【未开启】。买入计量为0。模拟买入：小提琴,0 | 贝斯,0 | 买入结果：【命中】。2022-12-23 11:28:56 贝斯。本次回收：0。总投入：938。总回收：1105。总收益：-161。
同意买入。买入操作配置【未开启】。买入计量为0。模拟买入：小提琴,0 | 钢琴,0 | 同意买入。买入操作配置【未开启】。买入计量为0。模拟买入：钢琴,0 | 吉他,0 | 买入结果：【命中】。2022-12-23 12:00:50 钢琴。本次回收：0。总投入：0。总回收：0。总收益：0。
同意买入。买入操作配置【未开启】。买入计量为0。模拟买入：钢琴,0 | 贝斯,0 | 买入结果：【未命中】。2022-12-23 12:03:44 小提琴。本次回收：0。总投入：0。总回收：0。总收益：0。
同意买入。买入操作配置【未开启】。买入计量为0。模拟买入：吉他,0 | 小提琴,0 | 买入结果：【命中】。2022-12-23 12:04:42 小提琴。本次回收：0。总投入：0。总回收：0。总收益：0。
同意买入。买入操作配置【未开启】。买入计量为0。模拟买入：钢琴,0 | 贝斯,0 | 买入结果：【未命中】。2022-12-23 12:05:40 小提琴。本次回收：0。总投入：0。总回收：0。总收益：0。
同意买入。买入操作配置【未开启】。买入计量为0。模拟买入：钢琴,0 | 小提琴,0 | 买入结果：【未命中】。2022-12-23 12:08:34 贝斯。本次回收：0。总投入：0。总回收：0。总收益：0。
同意买入。买入操作配置【未开启】。买入计量为0。模拟买入：钢琴,0 | 小提琴,0 | 买入结果：【未命中】。2022-12-23 12:11:28 吉他。本次回收：0。总投入：0。总回收：0。总收益：0。
同意买入。买入操作配置【未开启】。买入计量为0。模拟买入：钢琴,0 | 小提琴,0 | 买入结果：【未命中】。2022-12-23 12:16:18 吉他。本次回收：0。总投入：0。总回收：0。总收益：0。
同意买入。买入操作配置【未开启】。买入计量为0。模拟买入：吉他,0 | 小提琴,0 | 买入结果：【命中】。2022-12-23 12:22:06 小提琴。本次回收：0。总投入：0。总回收：0。总收益：0。
同意买入。买入操作配置【未开启】。买入计量为0。模拟买入：吉他,0 | 钢琴,0 | 买入结果：【命中】。2022-12-23 12:25:58 吉他。本次回收：0。总投入：0。总回收：0。总收益：0。
同意买入。买入操作配置【未开启】。买入计量为0。模拟买入：小提琴,0 | 吉他,0 | 买入结果：【未命中】。2022-12-23 12:45:18 竖琴。本次回收：0。总投入：0。总回收：0。总收益：0。
同意买入。买入操作配置【未开启】。买入计量为0。模拟买入：吉他,0 | 小提琴,0 | 买入结果：【命中】。2022-12-23 12:51:06 小提琴。本次回收：0。总投入：0。总回收：0。总收益：0。
同意买入。买入操作配置【未开启】。买入计量为0。模拟买入：吉他,0 | 小提琴,0 | 买入结果：【未命中】。2022-12-23 12:53:02 贝斯。本次回收：0。总投入：0。总回收：0。总收益：0。
同意买入。买入操作配置【未开启】。买入计量为0。模拟买入：吉他,0 | 贝斯,0 | 买入结果：【未命中】。2022-12-23 12:54:58 小提琴。本次回收：0。总投入：0。总回收：0。总收益：0。
同意买入。买入操作配置【未开启】。买入计量为0。模拟买入：吉他,0 | 钢琴,0 | 买入结果：【命中】。2022-12-23 12:58:50 钢琴。本次回收：0。总投入：0。总回收：0。总收益：0。
同意买入。买入操作配置【未开启】。买入计量为0。模拟买入：吉他,0 | 钢琴,0 | 买入结果：【未命中】。2022-12-23 13:00:46 贝斯。本次回收：0。总投入：0。总回收：0。总收益：0。
同意买入。买入操作配置【未开启】。买入计量为0。模拟买入：小提琴,0 | 钢琴,0 | 买入结果：【未命中】。2022-12-23 13:05:36 架子鼓。本次回收：0。总投入：0。总回收：0。总收益：0。
同意买入。买入操作配置【未开启】。买入计量为0。模拟买入：吉他,0 | 钢琴,0 | 买入结果：【未命中】。2022-12-23 13:11:24 架子鼓。本次回收：0。总投入：0。总回收：0。总收益：0。
同意买入。买入操作配置【未开启】。买入计量为0。模拟买入：吉他,0 | 钢琴,0 | 买入结果：【命中】。2022-12-23 13:37:30 钢琴。本次回收：0。总投入：0。总回收：0。总收益：0。
同意买入。买入操作配置【未开启】。买入计量为0。模拟买入：吉他,0 | 小提琴,0 | 买入结果：【命中】。2022-12-23 13:38:28 小提琴。本次回收：0。总投入：0。总回收：0。总收益：0。
同意买入。买入操作配置【未开启】。买入计量为0。模拟买入：吉他,0 | 钢琴,0 | 买入结果：【未命中】。2022-12-23 13:39:26 竖琴。本次回收：0。总投入：0。总回收：0。总收益：0。
同意买入。买入操作配置【未开启】。买入计量为0。模拟买入：吉他,0 | 小提琴,0 | 买入结果：【命中】。2022-12-23 13:47:10 吉他。本次回收：0。总投入：0。总回收：0。总收益：0。
同意买入。买入操作配置【开启】。买入计量为2。模拟买入：吉他,1 | 小提琴,1 | 买入结果：【未命中】。2022-12-23 13:49:06 贝斯。本次回收：0。总投入：2。总回收：0。总收益：-1。
同意买入。买入操作配置【开启】。买入计量为20。模拟买入：吉他,10 | 贝斯,10 | 买入结果：【未命中】。2022-12-23 13:51:02 小提琴。本次回收：0。总投入：22。总回收：0。总收益：-20。
同意买入。买入操作配置【开启】。买入计量为200。模拟买入：吉他,100 | 钢琴,100 | 买入结果：【命中】。2022-12-23 13:52:58 钢琴。本次回收：500。总投入：222。总回收：500。总收益：113。
同意买入。买入操作配置【未开启】。买入计量为0。模拟买入：吉他,0 | 贝斯,0 | 买入结果：【未命中】。2022-12-23 13:53:56 架子鼓。本次回收：0。总投入：222。总回收：500。总收益：113。
同意买入。买入操作配置【未开启】。买入计量为0。模拟买入：吉他,0 | 钢琴,0 | 买入结果：【命中】。2022-12-23 13:56:50 钢琴。本次回收：0。总投入：222。总回收：500。总收益：113。
同意买入。买入操作配置【未开启】。买入计量为0。模拟买入：吉他,0 | 贝斯,0 | 买入结果：【未命中】。2022-12-23 13:57:48 钢琴。本次回收：0。总投入：222。总回收：500。总收益：113。
同意买入。买入操作配置【未开启】。买入计量为0。模拟买入：小提琴,0 | 钢琴,0 | 买入结果：【命中】。2022-12-23 14:04:34 钢琴。本次回收：0。总投入：222。总回收：500。总收益：113。
同意买入。买入操作配置【开启】。买入计量为2。模拟买入：吉他,1 | 钢琴,1 | 买入结果：【命中】。2022-12-23 14:08:26 吉他。本次回收：5。总投入：224。总回收：505。总收益：114。
同意买入。买入操作配置【开启】。买入计量为2。模拟买入：贝斯,1 | 钢琴,1 | 买入结果：【未命中】。2022-12-23 14:09:24 架子鼓。本次回收：0。总投入：226。总回收：505。总收益：112。
同意买入。买入操作配置【开启】。买入计量为20。模拟买入：贝斯,10 | 小提琴,10 | 买入结果：【未命中】。2022-12-23 14:12:18 架子鼓。本次回收：0。总投入：246。总回收：505。总收益：94。
同意买入。买入操作配置【开启】。买入计量为200。模拟买入：贝斯,100 | 钢琴,100 | 买入结果：【未命中】。2022-12-23 14:16:10 吉他。本次回收：0。总投入：446。总回收：505。总收益：-89。
同意买入。买入操作配置【开启】。买入计量为2。模拟买入：贝斯,1 | 小提琴,1 | 买入结果：【命中】。2022-12-23 14:18:06 小提琴。本次回收：5。总投入：448。总回收：510。总收益：-88。
同意买入。买入操作配置【未开启】。买入计量为0。模拟买入：贝斯,0 | 钢琴,0 | 买入结果：【命中】。2022-12-23 14:19:04 钢琴。本次回收：0。总投入：448。总回收：510。总收益：-88。
同意买入。买入操作配置【未开启】。买入计量为0。模拟买入：贝斯,0 | 小提琴,0 | 买入结果：【命中】。2022-12-23 14:20:02 贝斯。本次回收：0。总投入：448。总回收：510。总收益：-88。
同意买入。买入操作配置【开启】。买入计量为2。模拟买入：贝斯,1 | 钢琴,1 | 买入结果：【命中】。2022-12-23 14:21:00 贝斯。本次回收：5。总投入：450。总回收：515。总收益：-86。
同意买入。买入操作配置【开启】。买入计量为2。模拟买入：小提琴,1 | 钢琴,1 | 买入结果：【未命中】。2022-12-23 14:21:58 贝斯。本次回收：0。总投入：452。总回收：515。总收益：-88。
同意买入。买入操作配置【开启】。买入计量为20。模拟买入：吉他,10 | 钢琴,10 | 买入结果：【未命中】。2022-12-23 14:27:46 贝斯。本次回收：0。总投入：472。总回收：515。总收益：-107。
同意买入。买入操作配置【开启】。买入计量为200。模拟买入：贝斯,100 | 钢琴,100 | 买入结果：【命中】。2022-12-23 14:32:36 钢琴。本次回收：500。总投入：672。总回收：1015。总收益：26。
同意买入。买入操作配置【未开启】。买入计量为0。模拟买入：吉他,0 | 小提琴,0 | 买入结果：【未命中】。2022-12-23 14:33:34 贝斯。本次回收：0。总投入：672。总回收：1015。总收益：26。
同意买入。买入操作配置【未开启】。买入计量为0。模拟买入：贝斯,0 | 钢琴,0 | 买入结果：【命中】。2022-12-23 14:37:26 钢琴。本次回收：0。总投入：672。总回收：1015。总收益：26。
同意买入。买入操作配置【未开启】。买入计量为0。模拟买入：吉他,0 | 小提琴,0 | 买入结果：【未命中】。2022-12-23 14:38:24 钢琴。本次回收：0。总投入：672。总回收：1015。总收益：26。
同意买入。买入操作配置【未开启】。买入计量为0。模拟买入：小提琴,0 | 贝斯,0 | 买入结果：【未命中】。2022-12-23 14:45:10 萨克斯风。本次回收：0。总投入：672。总回收：1015。总收益：26。
同意买入。买入操作配置【未开启】。买入计量为0。模拟买入：小提琴,0 | 贝斯,0 | 买入结果：【未命中】。2022-12-23 14:51:56 架子鼓。本次回收：0。总投入：672。总回收：1015。总收益：26。
同意买入。买入操作配置【未开启】。买入计量为0。模拟买入：吉他,0 | 贝斯,0 | 买入结果：【未命中】。2022-12-23 14:55:48 钢琴。本次回收：0。总投入：672。总回收：1015。总收益：26。
同意买入。买入操作配置【未开启】。买入计量为0。模拟买入：吉他,0 | 小提琴,0 | 买入结果：【未命中】。2022-12-23 14:58:42 钢琴。本次回收：0。总投入：672。总回收：1015。总收益：26。
同意买入。买入操作配置【未开启】。买入计量为0。模拟买入：贝斯,0 | 小提琴,0 | 买入结果：【未命中】。2022-12-23 15:01:36 钢琴。本次回收：0。总投入：672。总回收：1015。总收益：26。
同意买入。买入操作配置【未开启】。买入计量为0。模拟买入：吉他,0 | 小提琴,0 | 买入结果：【未命中】。2022-12-23 15:02:34 架子鼓。本次回收：0。总投入：672。总回收：1015。总收益：26。
同意买入。买入操作配置【未开启】。买入计量为0。模拟买入：吉他,0 | 小提琴,0 | 买入结果：【未命中】。2022-12-23 15:15:08 贝斯。本次回收：0。总投入：672。总回收：1015。总收益：26。
同意买入。买入操作配置【未开启】。买入计量为0。模拟买入：吉他,0 | 钢琴,0 | 买入结果：【命中】。2022-12-23 15:19:00 钢琴。本次回收：0。总投入：672。总回收：1015。总收益：26。
同意买入。买入操作配置【未开启】。买入计量为0。模拟买入：钢琴,0 | 贝斯,0 | 买入结果：【命中】。2022-12-23 15:21:54 贝斯。本次回收：0。总投入：672。总回收：1015。总收益：26。
同意买入。买入操作配置【未开启】。买入计量为0。模拟买入：吉他,0 | 钢琴,0 | 买入结果：【命中】。2022-12-23 15:29:38 吉他。本次回收：0。总投入：672。总回收：1015。总收益：26。
同意买入。买入操作配置【开启】。买入计量为2。模拟买入：吉他,1 | 钢琴,1 | 买入结果：【未命中】。2022-12-23 15:30:36 贝斯。本次回收：0。总投入：674。总回收：1015。总收益：24。
同意买入。买入操作配置【开启】。买入计量为20。模拟买入：吉他,10 | 小提琴,10 | 买入结果：【未命中】。2022-12-23 15:32:32 钢琴。本次回收：0。总投入：694。总回收：1015。总收益：6。
同意买入。买入操作配置【开启】。买入计量为200。模拟买入：小提琴,100 | 吉他,100 | 买入结果：【未命中】。2022-12-23 15:37:22 贝斯。本次回收：0。总投入：894。总回收：1015。总收益：-177。
同意买入。买入操作配置【开启】。买入计量为2。模拟买入：吉他,1 | 钢琴,1 | 买入结果：【命中】。2022-12-23 15:40:16 吉他。本次回收：5。总投入：896。总回收：1020。总收益：-176。
同意买入。买入操作配置【未开启】。买入计量为0。模拟买入：贝斯,0 | 钢琴,0 | 买入结果：【未命中】。2022-12-23 15:41:14 萨克斯风。本次回收：0。总投入：896。总回收：1020。总收益：-176。
同意买入。买入操作配置【未开启】。买入计量为0。模拟买入：小提琴,0 | 贝斯,0 | 买入结果：【命中】。2022-12-23 15:43:10 贝斯。本次回收：0。总投入：896。总回收：1020。总收益：-176。
同意买入。买入操作配置【未开启】。买入计量为0。模拟买入：小提琴,0 | 吉他,0 | 买入结果：【命中】。2022-12-23 15:45:06 小提琴。本次回收：0。总投入：896。总回收：1020。总收益：-176。
同意买入。买入操作配置【开启】。买入计量为2。模拟买入：贝斯,1 | 吉他,1 | 买入结果：【命中】。2022-12-23 15:46:04 贝斯。本次回收：5。总投入：898。总回收：1025。总收益：-175。
同意买入。买入操作配置【开启】。买入计量为2。模拟买入：吉他,1 | 贝斯,1 | 买入结果：【未命中】。2022-12-23 15:48:58 小提琴。本次回收：0。总投入：900。总回收：1025。总收益：-177。
同意买入。买入操作配置【开启】。买入计量为20。模拟买入：吉他,10 | 贝斯,10 | 买入结果：【命中】。2022-12-23 15:50:54 吉他。本次回收：50。总投入：920。总回收：1075。总收益：-163。
同意买入。买入操作配置【开启】。买入计量为2。模拟买入：贝斯,1 | 小提琴,1 | 买入结果：【命中】。2022-12-23 15:51:52 贝斯。本次回收：5。总投入：922。总回收：1080。总收益：-162。
同意买入。买入操作配置【开启】。买入计量为2。模拟买入：贝斯,1 | 小提琴,1 | 买入结果：【未命中】。2022-12-23 16:04:26 钢琴。本次回收：0。总投入：924。总回收：1080。总收益：-164。
同意买入。买入操作配置【开启】。买入计量为20。模拟买入：钢琴,10 | 贝斯,10 | 买入结果：【未命中】。2022-12-23 16:13:08 架子鼓。本次回收：0。总投入：944。总回收：1080。总收益：-182。
同意买入。买入操作配置【未开启】。买入计量为0。模拟买入：小提琴,0 | 贝斯,0 | 买入结果：【命中】。2022-12-23 17:32:24 小提琴。本次回收：0。总投入：0。总回收：0。总收益：0。
同意买入。买入操作配置【未开启】。买入计量为0。模拟买入：小提琴,0 | 钢琴,0 | 买入结果：【未命中】。2022-12-23 17:34:20 竖琴。本次回收：0。总投入：0。总回收：0。总收益：0。
同意买入。买入操作配置【未开启】。买入计量为0。模拟买入：贝斯,0 | 钢琴,0 | 买入结果：【未命中】。2022-12-23 17:40:08 小提琴。本次回收：0。总投入：0。总回收：0。总收益：0。
同意买入。买入操作配置【未开启】。买入计量为0。模拟买入：钢琴,0 | 小提琴,0 | 买入结果：【未命中】。2022-12-23 17:48:50 贝斯。本次回收：0。总投入：0。总回收：0。总收益：0。
同意买入。买入操作配置【未开启】。买入计量为0。模拟买入：吉他,0 | 贝斯,0 | 买入结果：【命中】。2022-12-23 17:53:40 贝斯。本次回收：0。总投入：0。总回收：0。总收益：0。
同意买入。买入操作配置【未开启】。买入计量为0。模拟买入：吉他,0 | 贝斯,0 | 买入结果：【命中】。2022-12-23 18:04:18 吉他。本次回收：0。总投入：0。总回收：0。总收益：0。
同意买入。买入操作配置【未开启】。买入计量为0。模拟买入：钢琴,0 | 贝斯,0 | 买入结果：【未命中】。2022-12-23 18:05:16 竖琴。本次回收：0。总投入：0。总回收：0。总收益：0。
同意买入。买入操作配置【未开启】。买入计量为0。模拟买入：钢琴,0 | 贝斯,0 | 买入结果：【命中】。2022-12-23 18:07:12 钢琴。本次回收：0。总投入：0。总回收：0。总收益：0。
同意买入。买入操作配置【开启】。买入计量为2。模拟买入：吉他,1 | 钢琴,1 | 买入结果：【命中】。2022-12-23 18:08:10 吉他。本次回收：5。总投入：2。总回收：5。总收益：1。
同意买入。买入操作配置【开启】。买入计量为2。模拟买入：小提琴,1 | 钢琴,1 | 买入结果：【未命中】。2022-12-23 18:09:08 吉他。本次回收：0。总投入：4。总回收：5。总收益：0。
同意买入。买入操作配置【开启】。买入计量为13。模拟买入：贝斯,6 | 吉他,6 | 买入结果：【未命中】。2022-12-23 18:14:56 钢琴。本次回收：0。总投入：17。总回收：5。总收益：-12。
同意买入。买入操作配置【开启】。买入计量为86。模拟买入：贝斯,43 | 小提琴,43 | 买入结果：【命中】。2022-12-23 18:16:52 贝斯。本次回收：215。总投入：103。总回收：220。总收益：44。
同意买入。买入操作配置【未开启】。买入计量为0。模拟买入：小提琴,0 | 吉他,0 | 买入结果：【命中】。2022-12-23 18:17:50 吉他。本次回收：0。总投入：103。总回收：220。总收益：44。
同意买入。买入操作配置【开启】。买入计量为2。模拟买入：贝斯,1 | 吉他,1 | 买入结果：【未命中】。2022-12-23 18:19:46 钢琴。本次回收：0。总投入：105。总回收：220。总收益：43。
同意买入。买入操作配置【开启】。买入计量为13。模拟买入：贝斯,6 | 小提琴,6 | 买入结果：【未命中】。2022-12-23 18:22:40 钢琴。本次回收：0。总投入：118。总回收：220。总收益：31。
同意买入。买入操作配置【开启】。买入计量为86。模拟买入：小提琴,43 | 贝斯,43 | 买入结果：【未命中】。2022-12-23 18:26:32 竖琴。本次回收：0。总投入：204。总回收：220。总收益：-47。
同意买入。买入操作配置【开启】。买入计量为573。模拟买入：小提琴,286 | 贝斯,286 | 买入结果：【未命中】。2022-12-23 18:28:28 吉他。本次回收：0。总投入：777。总回收：220。总收益：-575。
同意买入。买入操作配置【开启】。买入计量为2。模拟买入：小提琴,1 | 吉他,1 | 同意买入。买入操作配置【未开启】。买入计量为0。模拟买入：吉他,0 | 小提琴,0 | 买入结果：【命中】。2022-12-23 18:51:40 小提琴。本次回收：0。总投入：0。总回收：0。总收益：0。
同意买入。买入操作配置【未开启】。买入计量为0。模拟买入：吉他,0 | 小提琴,0 | 买入结果：【命中】。2022-12-23 18:54:34 小提琴。本次回收：0。总投入：0。总回收：0。总收益：0。
同意买入。买入操作配置【未开启】。买入计量为0。模拟买入：贝斯,0 | 小提琴,0 | 买入结果：【命中】。2022-12-23 19:09:04 小提琴。本次回收：0。总投入：0。总回收：0。总收益：0。
同意买入。买入操作配置【开启】。买入计量为2。模拟买入：吉他,1 | 贝斯,1 | 买入结果：【命中】。2022-12-23 19:10:02 贝斯。本次回收：5。总投入：2。总回收：5。总收益：1。
同意买入。买入操作配置【开启】。买入计量为2。模拟买入：吉他,1 | 小提琴,1 | 买入结果：【未命中】。2022-12-23 19:11:00 钢琴。本次回收：0。总投入：4。总回收：5。总收益：0。
同意买入。买入操作配置【开启】。买入计量为13。模拟买入：吉他,6 | 小提琴,6 | 买入结果：【命中】。2022-12-23 19:15:50 吉他。本次回收：30。总投入：17。总回收：35。总收益：6。
同意买入。买入操作配置【开启】。买入计量为2。模拟买入：钢琴,1 | 小提琴,1 | 买入结果：【未命中】。2022-12-23 19:16:48 吉他。本次回收：0。总投入：19。总回收：35。总收益：4。
同意买入。买入操作配置【开启】。买入计量为13。模拟买入：贝斯,6 | 小提琴,6 | 买入结果：【命中】。2022-12-23 19:19:42 小提琴。本次回收：30。总投入：32。总回收：65。总收益：11。
同意买入。买入操作配置【开启】。买入计量为2。模拟买入：贝斯,1 | 钢琴,1 | 买入结果：【未命中】。2022-12-23 19:20:40 小提琴。本次回收：0。总投入：34。总回收：65。总收益：9。
同意买入。买入操作配置【开启】。买入计量为13。模拟买入：贝斯,6 | 钢琴,6 | 买入结果：【未命中】。2022-12-23 19:25:30 小提琴。本次回收：0。总投入：47。总回收：65。总收益：-1。
同意买入。买入操作配置【开启】。买入计量为86。模拟买入：钢琴,43 | 小提琴,43 | 买入结果：【未命中】。2022-12-23 19:28:24 架子鼓。本次回收：0。总投入：133。总回收：65。总收益：-81。
同意买入。买入操作配置【开启】。买入计量为573。模拟买入：贝斯,286 | 小提琴,286 | 买入结果：【未命中】。2022-12-23 19:31:18 竖琴。本次回收：0。总投入：706。总回收：65。总收益：-608。
同意买入。买入操作配置【开启】。买入计量为2。模拟买入：贝斯,1 | 钢琴,1 | 买入结果：【命中】。2022-12-23 19:33:14 贝斯。本次回收：5。总投入：708。总回收：70。总收益：-606。
同意买入。买入操作配置【未开启】。买入计量为0。模拟买入：钢琴,0 | 小提琴,0 | 买入结果：【命中】。2022-12-23 19:34:12 小提琴。本次回收：0。总投入：708。总回收：70。总收益：-606。
同意买入。买入操作配置【未开启】。买入计量为0。模拟买入：钢琴,0 | 贝斯,0 | 买入结果：【未命中】。2022-12-23 19:35:10 小提琴。本次回收：0。总投入：708。总回收：70。总收益：-606。
同意买入。买入操作配置【未开启】。买入计量为0。模拟买入：钢琴,0 | 小提琴,0 | 买入结果：【命中】。2022-12-23 19:37:06 小提琴。本次回收：0。总投入：708。总回收：70。总收益：-606。
同意买入。买入操作配置【开启】。买入计量为2。模拟买入：钢琴,1 | 贝斯,1 | 买入结果：【命中】。2022-12-23 19:38:04 钢琴。本次回收：5。总投入：710。总回收：75。总收益：-605。
同意买入。买入操作配置【开启】。买入计量为2。模拟买入：吉他,1 | 小提琴,1 | 买入结果：【未命中】。2022-12-23 19:39:02 架子鼓。本次回收：0。总投入：712。总回收：75。总收益：-607。
同意买入。买入操作配置【开启】。买入计量为13。模拟买入：吉他,6 | 钢琴,6 | 买入结果：【未命中】。2022-12-23 19:44:50 小提琴。本次回收：0。总投入：725。总回收：75。总收益：-619。
同意买入。买入操作配置【开启】。买入计量为86。模拟买入：吉他,43 | 钢琴,43 | 买入结果：【命中】。2022-12-23 19:45:48 钢琴。本次回收：215。总投入：811。总回收：290。总收益：-561。
同意买入。买入操作配置【未开启】。买入计量为0。模拟买入：吉他,0 | 小提琴,0 | 买入结果：【未命中】。2022-12-23 19:46:46 萨克斯风。本次回收：0。总投入：811。总回收：290。总收益：-561。
同意买入。买入操作配置【未开启】。买入计量为0。模拟买入：吉他,0 | 贝斯,0 | 买入结果：【未命中】。2022-12-23 19:52:34 架子鼓。本次回收：0。总投入：811。总回收：290。总收益：-561。
同意买入。买入操作配置【未开启】。买入计量为0。模拟买入：吉他,0 | 贝斯,0 | 买入结果：【命中】。2022-12-23 19:53:32 吉他。本次回收：0。总投入：811。总回收：290。总收益：-561。
同意买入。买入操作配置【未开启】。买入计量为0。模拟买入：小提琴,0 | 贝斯,0 | 买入结果：【命中】。2022-12-23 19:58:22 小提琴。本次回收：0。总投入：811。总回收：290。总收益：-561。
同意买入。买入操作配置【开启】。买入计量为2。模拟买入：贝斯,1 | 吉他,1 | 买入结果：【未命中】。2022-12-23 20:00:18 架子鼓。本次回收：0。总投入：813。总回收：290。总收益：-563。
同意买入。买入操作配置【开启】。买入计量为13。模拟买入：贝斯,6 | 小提琴,6 | 买入结果：【命中】。2022-12-23 20:05:08 贝斯。本次回收：30。总投入：826。总回收：320。总收益：-556。
同意买入。买入操作配置【开启】。买入计量为2。模拟买入：吉他,1 | 小提琴,1 | 买入结果：【未命中】。2022-12-23 20:09:58 钢琴。本次回收：0。总投入：828。总回收：320。总收益：-558。
同意买入。买入操作配置【未开启】。买入计量为0。模拟买入：贝斯,0 | 小提琴,0 | 买入结果：【命中】。2022-12-23 20:22:32 贝斯。本次回收：0。总投入：828。总回收：320。总收益：-558。
同意买入。买入操作配置【未开启】。买入计量为0。模拟买入：钢琴,0 | 小提琴,0 | 买入结果：【未命中】。2022-12-23 21:14:44 架子鼓。本次回收：0。总投入：0。总回收：0。总收益：0。
同意买入。买入操作配置【未开启】。买入计量为0。模拟买入：钢琴,0 | 小提琴,0 | 买入结果：【命中】。2022-12-23 21:22:28 小提琴。本次回收：0。总投入：0。总回收：0。总收益：0。
同意买入。买入操作配置【未开启】。买入计量为0。模拟买入：钢琴,0 | 贝斯,0 | 买入结果：【命中】。2022-12-23 21:26:20 钢琴。本次回收：0。总投入：0。总回收：0。总收益：0。
同意买入。买入操作配置【未开启】。买入计量为0。模拟买入：贝斯,0 | 钢琴,0 | 买入结果：【未命中】。2022-12-23 21:32:08 竖琴。本次回收：0。总投入：0。总回收：0。总收益：0。
同意买入。买入操作配置【未开启】。买入计量为0。模拟买入：贝斯,0 | 吉他,0 | 买入结果：【未命中】。2022-12-23 21:34:04 小提琴。本次回收：0。总投入：0。总回收：0。总收益：0。
同意买入。买入操作配置【未开启】。买入计量为0。模拟买入：贝斯,0 | 吉他,0 | 买入结果：【未命中】。2022-12-23 21:36:00 架子鼓。本次回收：0。总投入：0。总回收：0。总收益：0。
同意买入。买入操作配置【未开启】。买入计量为0。模拟买入：贝斯,0 | 钢琴,0 | 买入结果：【命中】。2022-12-23 21:38:54 贝斯。本次回收：0。总投入：0。总回收：0。总收益：0。
同意买入。买入操作配置【未开启】。买入计量为0。模拟买入：贝斯,0 | 吉他,0 | 买入结果：【未命中】。2022-12-23 21:40:50 钢琴。本次回收：0。总投入：0。总回收：0。总收益：0。
同意买入。买入操作配置【未开启】。买入计量为0。模拟买入：贝斯,0 | 钢琴,0 | 买入结果：【命中】。2022-12-23 21:42:46 贝斯。本次回收：0。总投入：0。总回收：0。总收益：0。
同意买入。买入操作配置【未开启】。买入计量为0。模拟买入：贝斯,0 | 钢琴,0 | 买入结果：【命中】。2022-12-23 21:43:44 钢琴。本次回收：0。总投入：0。总回收：0。总收益：0。
同意买入。买入操作配置【开启】。买入计量为2。模拟买入：吉他,1 | 小提琴,1 | 买入结果：【命中】。2022-12-23 21:44:42 小提琴。本次回收：5。总投入：2。总回收：5。总收益：1。
同意买入。买入操作配置【开启】。买入计量为2。模拟买入：吉他,1 | 钢琴,1 | 买入结果：【命中】。2022-12-23 21:45:40 吉他。本次回收：5。总投入：4。总回收：10。总收益：2。
同意买入。买入操作配置【开启】。买入计量为2。模拟买入：吉他,1 | 钢琴,1 | 买入结果：【命中】。2022-12-23 21:46:38 钢琴。本次回收：5。总投入：6。总回收：15。总收益：4。
同意买入。买入操作配置【开启】。买入计量为2。模拟买入：吉他,1 | 小提琴,1 | 买入结果：【未命中】。2022-12-23 21:47:36 萨克斯风。本次回收：0。总投入：8。总回收：15。总收益：2。
同意买入。买入操作配置【开启】。买入计量为13。模拟买入：小提琴,6 | 吉他,6 | 买入结果：【未命中】。2022-12-23 21:49:32 钢琴。本次回收：0。总投入：21。总回收：15。总收益：-9。
同意买入。买入操作配置【开启】。买入计量为86。模拟买入：小提琴,43 | 钢琴,43 | 买入结果：【命中】。2022-12-23 21:51:28 钢琴。本次回收：215。总投入：107。总回收：230。总收益：47。
同意买入。买入操作配置【未开启】。买入计量为0。模拟买入：小提琴,0 | 吉他,0 | 买入结果：【命中】。2022-12-23 21:52:26 吉他。本次回收：0。总投入：107。总回收：230。总收益：47。
同意买入。买入操作配置【开启】。买入计量为2。模拟买入：小提琴,1 | 钢琴,1 | 买入结果：【命中】。2022-12-23 21:53:24 小提琴。本次回收：5。总投入：109。总回收：235。总收益：48。
同意买入。买入操作配置【开启】。买入计量为2。模拟买入：小提琴,1 | 钢琴,1 | 买入结果：【未命中】。2022-12-23 21:54:22 吉他。本次回收：0。总投入：111。总回收：235。总收益：47。
同意买入。买入操作配置【开启】。买入计量为13。模拟买入：吉他,6 | 钢琴,6 | 买入结果：【未命中】。2022-12-23 21:59:12 架子鼓。本次回收：0。总投入：124。总回收：235。总收益：35。
同意买入。买入操作配置【开启】。买入计量为86。模拟买入：小提琴,43 | 贝斯,43 | 买入结果：【未命中】。2022-12-23 22:00:10 竖琴。本次回收：0。总投入：210。总回收：235。总收益：-43。
同意买入。买入操作配置【开启】。买入计量为573。模拟买入：贝斯,286 | 小提琴,286 | 买入结果：【未命中】。2022-12-23 22:02:06 吉他。本次回收：0。总投入：783。总回收：235。总收益：-571。
同意买入。买入操作配置【开启】。买入计量为2。模拟买入：吉他,1 | 钢琴,1 | 买入结果：【命中】。2022-12-23 22:03:04 吉他。本次回收：5。总投入：785。总回收：240。总收益：-569。
同意买入。买入操作配置【未开启】。买入计量为0。模拟买入：贝斯,0 | 吉他,0 | 买入结果：【未命中】。2022-12-23 22:04:02 小提琴。本次回收：0。总投入：785。总回收：240。总收益：-569。
同意买入。买入操作配置【未开启】。买入计量为0。模拟买入：贝斯,0 | 小提琴,0 | 买入结果：【未命中】。2022-12-23 22:05:58 吉他。本次回收：0。总投入：785。总回收：240。总收益：-569。
同意买入。买入操作配置【未开启】。买入计量为0。模拟买入：贝斯,0 | 吉他,0 | 买入结果：【未命中】。2022-12-23 22:09:50 钢琴。本次回收：0。总投入：785。总回收：240。总收益：-569。
同意买入。买入操作配置【未开启】。买入计量为0。模拟买入：贝斯,0 | 钢琴,0 | 买入结果：【未命中】。2022-12-23 22:11:46 吉他。本次回收：0。总投入：785。总回收：240。总收益：-569。
同意买入。买入操作配置【未开启】。买入计量为0。模拟买入：贝斯,0 | 钢琴,0 | 买入结果：【未命中】。2022-12-23 22:14:40 圆号。本次回收：0。总投入：785。总回收：240。总收益：-569。
同意买入。买入操作配置【未开启】。买入计量为0。模拟买入：小提琴,0 | 吉他,0 | 买入结果：【未命中】。2022-12-23 22:18:32 钢琴。本次回收：0。总投入：785。总回收：240。总收益：-569。
同意买入。买入操作配置【未开启】。买入计量为0。模拟买入：贝斯,0 | 吉他,0 | 买入结果：【未命中】。2022-12-23 22:22:24 小提琴。本次回收：0。总投入：785。总回收：240。总收益：-569。
同意买入。买入操作配置【未开启】。买入计量为0。模拟买入：贝斯,0 | 钢琴,0 | 买入结果：【未命中】。2022-12-23 22:35:56 架子鼓。本次回收：0。总投入：785。总回收：240。总收益：-569。
同意买入。买入操作配置【未开启】。买入计量为0。模拟买入：贝斯,0 | 小提琴,0 | 买入结果：【命中】。2022-12-23 22:39:48 小提琴。本次回收：0。总投入：785。总回收：240。总收益：-569。
同意买入。买入操作配置【未开启】。买入计量为0。模拟买入：贝斯,0 | 吉他,0 | 买入结果：【未命中】。2022-12-23 22:40:46 小提琴。本次回收：0。总投入：785。总回收：240。总收益：-569。
同意买入。买入操作配置【未开启】。买入计量为0。模拟买入：贝斯,0 | 小提琴,0 | 买入结果：【未命中】。2022-12-23 22:42:42 圆号。本次回收：0。总投入：785。总回收：240。总收益：-569。
同意买入。买入操作配置【未开启】。买入计量为0。模拟买入：贝斯,0 | 吉他,0 | 买入结果：【未命中】。2022-12-23 22:46:34 小提琴。本次回收：0。总投入：785。总回收：240。总收益：-569。
同意买入。买入操作配置【未开启】。买入计量为0。模拟买入：吉他,0 | 小提琴,0 | 买入结果：【未命中】。2022-12-23 22:57:12 钢琴。本次回收：0。总投入：785。总回收：240。总收益：-569。
同意买入。买入操作配置【未开启】。买入计量为0。模拟买入：钢琴,0 | 吉他,0 | 买入结果：【未命中】。2022-12-23 23:26:12 贝斯。本次回收：0。总投入：785。总回收：240。总收益：-569。
同意买入。买入操作配置【未开启】。买入计量为0。模拟买入：钢琴,0 | 吉他,0 | 买入结果：【未命中】。2022-12-23 23:30:04 竖琴。本次回收：0。总投入：785。总回收：240。总收益：-569。
同意买入。买入操作配置【未开启】。买入计量为0。模拟买入：小提琴,0 | 吉他,0 | 买入结果：【命中】。2022-12-23 23:32:58 吉他。本次回收：0。总投入：785。总回收：240。总收益：-569。
同意买入。买入操作配置【未开启】。买入计量为0。模拟买入：小提琴,0 | 钢琴,0 | 买入结果：【命中】。2022-12-23 23:33:56 小提琴。本次回收：0。总投入：785。总回收：240。总收益：-569。
同意买入。买入操作配置【未开启】。买入计量为0。模拟买入：钢琴,0 | 吉他,0 | 买入结果：【命中】。2022-12-23 23:34:54 吉他。本次回收：0。总投入：785。总回收：240。总收益：-569。
同意买入。买入操作配置【开启】。买入计量为2。模拟买入：钢琴,1 | 吉他,1 | 买入结果：【未命中】。2022-12-23 23:36:50 贝斯。本次回收：0。总投入：787。总回收：240。总收益：-571。
同意买入。买入操作配置【开启】。买入计量为13。模拟买入：小提琴,6 | 吉他,6 | 买入结果：【未命中】。2022-12-23 23:42:38 贝斯。本次回收：0。总投入：800。总回收：240。总收益：-583。
同意买入。买入操作配置【开启】。买入计量为86。模拟买入：钢琴,43 | 小提琴,43 | 买入结果：【未命中】。2022-12-23 23:46:30 贝斯。本次回收：0。总投入：886。总回收：240。总收益：-662。
同意买入。买入操作配置【开启】。买入计量为573。模拟买入：钢琴,286 | 吉他,286 | 买入结果：【命中】。2022-12-23 23:56:10 吉他。本次回收：1430。总投入：1459。总回收：1670。总收益：-281。
同意买入。买入操作配置【未开启】。买入计量为0。模拟买入：钢琴,0 | 小提琴,0 | 同意买入。买入操作配置【未开启】。买入计量为0。模拟买入：小提琴,0 | 钢琴,0 | 买入结果：【命中】。2022-12-24 00:44:30 钢琴。本次回收：0。总投入：1459。总回收：1670。总收益：-281。
同意买入。买入操作配置【未开启】。买入计量为0。模拟买入：小提琴,0 | 钢琴,0 | 买入结果：【命中】。2022-12-24 00:47:24 钢琴。本次回收：0。总投入：1459。总回收：1670。总收益：-281。
同意买入。买入操作配置【未开启】。买入计量为0。模拟买入：贝斯,0 | 吉他,0 | 买入结果：【命中】。2022-12-24 00:48:22 吉他。本次回收：0。总投入：1459。总回收：1670。总收益：-281。
同意买入。买入操作配置【开启】。买入计量为2。模拟买入：贝斯,1 | 钢琴,1 | 买入结果：【未命中】。2022-12-24 00:49:20 吉他。本次回收：0。总投入：1461。总回收：1670。总收益：-283。
同意买入。买入操作配置【开启】。买入计量为13。模拟买入：贝斯,6 | 钢琴,6 | 买入结果：【命中】。2022-12-24 00:57:04 钢琴。本次回收：30。总投入：1474。总回收：1700。总收益：-276。
同意买入。买入操作配置【开启】。买入计量为2。模拟买入：贝斯,1 | 钢琴,1 | 买入结果：【命中】。2022-12-24 01:00:56 钢琴。本次回收：5。总投入：1476。总回收：1705。总收益：-275。
同意买入。买入操作配置【开启】。买入计量为2。模拟买入：吉他,1 | 钢琴,1 | 买入结果：【未命中】。2022-12-24 01:12:32 小提琴。本次回收：0。总投入：1478。总回收：1705。总收益：-277。
同意买入。买入操作配置【开启】。买入计量为13。模拟买入：钢琴,6 | 吉他,6 | 买入结果：【命中】。2022-12-24 01:17:22 钢琴。本次回收：30。总投入：1491。总回收：1735。总收益：-269。
同意买入。买入操作配置【开启】。买入计量为2。模拟买入：钢琴,1 | 吉他,1 | 买入结果：【命中】。2022-12-24 01:32:50 吉他。本次回收：5。总投入：1493。总回收：1740。总收益：-268。
同意买入。买入操作配置【未开启】。买入计量为0。模拟买入：吉他,0 | 钢琴,0 | 买入结果：【未命中】。2022-12-24 02:02:48 贝斯。本次回收：0。总投入：1493。总回收：1740。总收益：-268。
同意买入。买入操作配置【未开启】。买入计量为0。模拟买入：吉他,0 | 贝斯,0 | 买入结果：【命中】。2022-12-24 02:05:42 吉他。本次回收：0。总投入：1493。总回收：1740。总收益：-268。
同意买入。买入操作配置【未开启】。买入计量为0。模拟买入：吉他,0 | 贝斯,0 | 买入结果：【命中】。2022-12-24 02:06:40 吉他。本次回收：0。总投入：1493。总回收：1740。总收益：-268。
同意买入。买入操作配置【未开启】。买入计量为0。模拟买入：吉他,0 | 钢琴,0 | 买入结果：【未命中】。2022-12-24 02:09:34 竖琴。本次回收：0。总投入：1493。总回收：1740。总收益：-268。
同意买入。买入操作配置【未开启】。买入计量为0。模拟买入：小提琴,0 | 吉他,0 | 买入结果：【未命中】。2022-12-24 02:18:16 钢琴。本次回收：0。总投入：1493。总回收：1740。总收益：-268。
同意买入。买入操作配置【未开启】。买入计量为0。模拟买入：贝斯,0 | 吉他,0 | 买入结果：【未命中】。2022-12-24 02:24:04 架子鼓。本次回收：0。总投入：1493。总回收：1740。总收益：-268。
同意买入。买入操作配置【未开启】。买入计量为0。模拟买入：贝斯,0 | 吉他,0 | 买入结果：【未命中】。2022-12-24 02:28:54 小提琴。本次回收：0。总投入：1493。总回收：1740。总收益：-268。
同意买入。买入操作配置【未开启】。买入计量为0。模拟买入：吉他,0 | 小提琴,0 | 买入结果：【未命中】。2022-12-24 02:30:50 架子鼓。本次回收：0。总投入：1493。总回收：1740。总收益：-268。
同意买入。买入操作配置【未开启】。买入计量为0。模拟买入：吉他,0 | 钢琴,0 | 买入结果：【命中】。2022-12-24 02:33:44 钢琴。本次回收：0。总投入：1493。总回收：1740。总收益：-268。
同意买入。买入操作配置【未开启】。买入计量为0。模拟买入：吉他,0 | 小提琴,0 | 买入结果：【命中】。2022-12-24 02:34:42 小提琴。本次回收：0。总投入：1493。总回收：1740。总收益：-268。
同意买入。买入操作配置【未开启】。买入计量为0。模拟买入：吉他,0 | 钢琴,0 | 买入结果：【命中】。2022-12-24 02:37:36 钢琴。本次回收：0。总投入：1493。总回收：1740。总收益：-268。
同意买入。买入操作配置【开启】。买入计量为2。模拟买入：吉他,1 | 小提琴,1 | 买入结果：【命中】。2022-12-24 02:38:34 吉他。本次回收：5。总投入：1495。总回收：1745。总收益：-267。
同意买入。买入操作配置【开启】。买入计量为2。模拟买入：吉他,1 | 小提琴,1 | 买入结果：【命中】。2022-12-24 02:39:32 吉他。本次回收：5。总投入：1497。总回收：1750。总收益：-265。
同意买入。买入操作配置【开启】。买入计量为2。模拟买入：贝斯,1 | 吉他,1 | 买入结果：【未命中】。2022-12-24 02:41:28 钢琴。本次回收：0。总投入：1499。总回收：1750。总收益：-267。
同意买入。买入操作配置【开启】。买入计量为13。模拟买入：钢琴,6 | 小提琴,6 | 买入结果：【命中】。2022-12-24 02:48:14 钢琴。本次回收：30。总投入：1512。总回收：1780。总收益：-260。
同意买入。买入操作配置【开启】。买入计量为2。模拟买入：贝斯,1 | 钢琴,1 | 买入结果：【命中】。2022-12-24 02:49:12 钢琴。本次回收：5。总投入：1514。总回收：1785。总收益：-259。
同意买入。买入操作配置【开启】。买入计量为2。模拟买入：贝斯,1 | 钢琴,1 | 买入结果：【命中】。2022-12-24 02:51:08 钢琴。本次回收：5。总投入：1516。总回收：1790。总收益：-258。
同意买入。买入操作配置【开启】。买入计量为2。模拟买入：贝斯,1 | 钢琴,1 | 买入结果：【命中】。2022-12-24 02:53:04 贝斯。本次回收：5。总投入：1518。总回收：1795。总收益：-256。
同意买入。买入操作配置【开启】。买入计量为2。模拟买入：小提琴,1 | 钢琴,1 | 买入结果：【命中】。2022-12-24 02:54:02 小提琴。本次回收：5。总投入：1520。总回收：1800。总收益：-255。
同意买入。买入操作配置【开启】。买入计量为2。模拟买入：吉他,1 | 小提琴,1 | 买入结果：【命中】。2022-12-24 03:17:14 吉他。本次回收：5。总投入：1522。总回收：1805。总收益：-254。
同意买入。买入操作配置【开启】。买入计量为2。模拟买入：贝斯,1 | 小提琴,1 | 买入结果：【命中】。2022-12-24 03:18:12 贝斯。本次回收：5。总投入：1524。总回收：1810。总收益：-252。
同意买入。买入操作配置【开启】。买入计量为2。模拟买入：小提琴,1 | 吉他,1 | 买入结果：【命中】。2022-12-24 03:19:10 吉他。本次回收：5。总投入：1526。总回收：1815。总收益：-251。
同意买入。买入操作配置【开启】。买入计量为2。模拟买入：贝斯,1 | 吉他,1 | 买入结果：【未命中】。2022-12-24 03:23:02 钢琴。本次回收：0。总投入：1528。总回收：1815。总收益：-253。
同意买入。买入操作配置【未开启】。买入计量为0。模拟买入：贝斯,0 | 吉他,0 | 买入结果：【未命中】。2022-12-24 03:40:26 小提琴。本次回收：0。总投入：1528。总回收：1815。总收益：-253。
同意买入。买入操作配置【未开启】。买入计量为0。模拟买入：贝斯,0 | 吉他,0 | 买入结果：【未命中】。2022-12-24 03:44:18 小提琴。本次回收：0。总投入：1528。总回收：1815。总收益：-253。
同意买入。买入操作配置【未开启】。买入计量为0。模拟买入：钢琴,0 | 小提琴,0 | 买入结果：【未命中】。2022-12-24 03:46:14 竖琴。本次回收：0。总投入：1528。总回收：1815。总收益：-253。
同意买入。买入操作配置【未开启】。买入计量为0。模拟买入：钢琴,0 | 贝斯,0 | 买入结果：【命中】。2022-12-24 03:49:08 钢琴。本次回收：0。总投入：1528。总回收：1815。总收益：-253。
同意买入。买入操作配置【未开启】。买入计量为0。模拟买入：钢琴,0 | 贝斯,0 | 买入结果：【未命中】。2022-12-24 03:50:06 小提琴。本次回收：0。总投入：1528。总回收：1815。总收益：-253。
同意买入。买入操作配置【未开启】。买入计量为0。模拟买入：吉他,0 | 小提琴,0 | 买入结果：【命中】。2022-12-24 03:51:04 吉他。本次回收：0。总投入：1528。总回收：1815。总收益：-253。
同意买入。买入操作配置【未开启】。买入计量为0。模拟买入：吉他,0 | 钢琴,0 | 买入结果：【未命中】。2022-12-24 03:53:00 小提琴。本次回收：0。总投入：1528。总回收：1815。总收益：-253。
同意买入。买入操作配置【未开启】。买入计量为0。模拟买入：小提琴,0 | 钢琴,0 | 买入结果：【命中】。2022-12-24 03:56:52 钢琴。本次回收：0。总投入：1528。总回收：1815。总收益：-253。
同意买入。买入操作配置【开启】。买入计量为2。模拟买入：贝斯,1 | 吉他,1 | 买入结果：【未命中】。2022-12-24 03:57:50 小提琴。本次回收：0。总投入：1530。总回收：1815。总收益：-255。
同意买入。买入操作配置【开启】。买入计量为13。模拟买入：小提琴,6 | 钢琴,6 | 买入结果：【未命中】。2022-12-24 04:00:44 贝斯。本次回收：0。总投入：1543。总回收：1815。总收益：-267。
同意买入。买入操作配置【开启】。买入计量为86。模拟买入：贝斯,43 | 钢琴,43 | 买入结果：【命中】。2022-12-24 04:03:38 钢琴。本次回收：215。总投入：1629。总回收：2030。总收益：-209。
同意买入。买入操作配置【未开启】。买入计量为0。模拟买入：吉他,0 | 钢琴,0 | 买入结果：【未命中】。2022-12-24 04:16:12 小提琴。本次回收：0。总投入：1629。总回收：2030。总收益：-209。
同意买入。买入操作配置【未开启】。买入计量为0。模拟买入：吉他,0 | 钢琴,0 | 买入结果：【未命中】。2022-12-24 04:20:04 小提琴。本次回收：0。总投入：1629。总回收：2030。总收益：-209。
同意买入。买入操作配置【未开启】。买入计量为0。模拟买入：吉他,0 | 钢琴,0 | 买入结果：【未命中】。2022-12-24 04:23:56 小提琴。本次回收：0。总投入：1629。总回收：2030。总收益：-209。
同意买入。买入操作配置【未开启】。买入计量为0。模拟买入：吉他,0 | 小提琴,0 | 买入结果：【未命中】。2022-12-24 04:30:42 架子鼓。本次回收：0。总投入：1629。总回收：2030。总收益：-209。
同意买入。买入操作配置【未开启】。买入计量为0。模拟买入：吉他,0 | 小提琴,0 | 买入结果：【未命中】。2022-12-24 04:32:38 贝斯。本次回收：0。总投入：1629。总回收：2030。总收益：-209。
同意买入。买入操作配置【未开启】。买入计量为0。模拟买入：钢琴,0 | 贝斯,0 | 买入结果：【未命中】。2022-12-24 04:44:14 小提琴。本次回收：0。总投入：1629。总回收：2030。总收益：-209。
同意买入。买入操作配置【未开启】。买入计量为0。模拟买入：贝斯,0 | 吉他,0 | 买入结果：【未命中】。2022-12-24 04:50:02 竖琴。本次回收：0。总投入：1629。总回收：2030。总收益：-209。
同意买入。买入操作配置【未开启】。买入计量为0。模拟买入：贝斯,0 | 吉他,0 | 买入结果：【命中】。2022-12-24 04:57:46 贝斯。本次回收：0。总投入：1629。总回收：2030。总收益：-209。
同意买入。买入操作配置【未开启】。买入计量为0。模拟买入：吉他,0 | 贝斯,0 | 同意买入。买入操作配置【未开启】。买入计量为0。模拟买入：吉他,0 | 钢琴,0 | 买入结果：【未命中】。2022-12-24 05:15:10 小提琴。本次回收：0。总投入：1629。总回收：2030。总收益：-209。
同意买入。买入操作配置【未开启】。买入计量为0。模拟买入：吉他,0 | 小提琴,0 | 买入结果：【未命中】。2022-12-24 05:19:02 萨克斯风。本次回收：0。总投入：1629。总回收：2030。总收益：-209。
同意买入。买入操作配置【未开启】。买入计量为0。模拟买入：吉他,0 | 贝斯,0 | 买入结果：【未命中】。2022-12-24 05:22:54 小提琴。本次回收：0。总投入：1629。总回收：2030。总收益：-209。
同意买入。买入操作配置【未开启】。买入计量为0。模拟买入：吉他,0 | 小提琴,0 | 买入结果：【未命中】。2022-12-24 05:24:50 竖琴。本次回收：0。总投入：1629。总回收：2030。总收益：-209。
同意买入。买入操作配置【未开启】。买入计量为0。模拟买入：贝斯,0 | 钢琴,0 | 买入结果：【未命中】。2022-12-24 05:27:44 吉他。本次回收：0。总投入：1629。总回收：2030。总收益：-209。
同意买入。买入操作配置【未开启】。买入计量为0。模拟买入：钢琴,0 | 吉他,0 | 买入结果：【未命中】。2022-12-24 05:44:10 贝斯。本次回收：0。总投入：1629。总回收：2030。总收益：-209。
同意买入。买入操作配置【未开启】。买入计量为0。模拟买入：贝斯,0 | 吉他,0 | 买入结果：【未命中】。2022-12-24 05:48:02 架子鼓。本次回收：0。总投入：1629。总回收：2030。总收益：-209。
同意买入。买入操作配置【未开启】。买入计量为0。模拟买入：贝斯,0 | 吉他,0 | 买入结果：【未命中】。2022-12-24 05:50:56 萨克斯风。本次回收：0。总投入：1629。总回收：2030。总收益：-209。
同意买入。买入操作配置【未开启】。买入计量为0。模拟买入：吉他,0 | 贝斯,0 | 买入结果：【命中】。2022-12-24 05:52:52 贝斯。本次回收：0。总投入：1629。总回收：2030。总收益：-209。
同意买入。买入操作配置【未开启】。买入计量为0。模拟买入：吉他,0 | 钢琴,0 | 买入结果：【未命中】。2022-12-24 05:54:48 萨克斯风。本次回收：0。总投入：1629。总回收：2030。总收益：-209。
同意买入。买入操作配置【未开启】。买入计量为0。模拟买入：小提琴,0 | 贝斯,0 | 买入结果：【命中】。2022-12-24 05:56:44 小提琴。本次回收：0。总投入：1629。总回收：2030。总收益：-209。
同意买入。买入操作配置【未开启】。买入计量为0。模拟买入：钢琴,0 | 贝斯,0 | 买入结果：【未命中】。2022-12-24 06:05:26 吉他。本次回收：0。总投入：1629。总回收：2030。总收益：-209。
同意买入。买入操作配置【未开启】。买入计量为0。模拟买入：钢琴,0 | 吉他,0 | 买入结果：【命中】。2022-12-24 06:07:22 钢琴。本次回收：0。总投入：1629。总回收：2030。总收益：-209。
同意买入。买入操作配置【开启】。买入计量为2。模拟买入：吉他,1 | 贝斯,1 | 买入结果：【命中】。2022-12-24 06:08:20 贝斯。本次回收：5。总投入：1631。总回收：2035。总收益：-208。
同意买入。买入操作配置【开启】。买入计量为2。模拟买入：钢琴,1 | 吉他,1 | 买入结果：【命中】。2022-12-24 06:09:18 吉他。本次回收：5。总投入：1633。总回收：2040。总收益：-206。
同意买入。买入操作配置【开启】。买入计量为2。模拟买入：钢琴,1 | 贝斯,1 | 买入结果：【命中】。2022-12-24 06:10:16 钢琴。本次回收：5。总投入：1635。总回收：2045。总收益：-205。
同意买入。买入操作配置【开启】。买入计量为2。模拟买入：吉他,1 | 贝斯,1 | 买入结果：【未命中】。2022-12-24 06:17:02 萨克斯风。本次回收：0。总投入：1637。总回收：2045。总收益：-207。
同意买入。买入操作配置【开启】。买入计量为13。模拟买入：吉他,6 | 贝斯,6 | 买入结果：【命中】。2022-12-24 06:22:50 吉他。本次回收：30。总投入：1650。总回收：2075。总收益：-200。
同意买入。买入操作配置【开启】。买入计量为2。模拟买入：小提琴,1 | 吉他,1 | 买入结果：【未命中】。2022-12-24 06:23:48 架子鼓。本次回收：0。总投入：1652。总回收：2075。总收益：-202。
同意买入。买入操作配置【开启】。买入计量为13。模拟买入：小提琴,6 | 钢琴,6 | 买入结果：【命中】。2022-12-24 06:25:44 钢琴。本次回收：30。总投入：1665。总回收：2105。总收益：-195。
同意买入。买入操作配置【开启】。买入计量为2。模拟买入：小提琴,1 | 吉他,1 | 买入结果：【未命中】。2022-12-24 06:26:42 贝斯。本次回收：0。总投入：1667。总回收：2105。总收益：-196。
同意买入。买入操作配置【开启】。买入计量为13。模拟买入：贝斯,6 | 吉他,6 | 买入结果：【未命中】。2022-12-24 06:28:38 圆号。本次回收：0。总投入：1680。总回收：2105。总收益：-208。
同意买入。买入操作配置【开启】。买入计量为86。模拟买入：小提琴,43 | 钢琴,43 | 买入结果：【未命中】。2022-12-24 06:31:32 架子鼓。本次回收：0。总投入：1766。总回收：2105。总收益：-288。
同意买入。买入操作配置【未开启】。买入计量为0。模拟买入：小提琴,0 | 钢琴,0 | 买入结果：【命中】。2022-12-24 07:06:20 钢琴。本次回收：0。总投入：1766。总回收：2105。总收益：-288。
同意买入。买入操作配置【未开启】。买入计量为0。模拟买入：贝斯,0 | 钢琴,0 | 买入结果：【命中】。2022-12-24 07:10:12 钢琴。本次回收：0。总投入：1766。总回收：2105。总收益：-288。
同意买入。买入操作配置【未开启】。买入计量为0。模拟买入：小提琴,0 | 钢琴,0 | 买入结果：【未命中】。2022-12-24 07:22:46 架子鼓。本次回收：0。总投入：1766。总回收：2105。总收益：-288。
同意买入。买入操作配置【未开启】。买入计量为0。模拟买入：钢琴,0 | 吉他,0 | 买入结果：【未命中】。2022-12-24 07:24:42 贝斯。本次回收：0。总投入：1766。总回收：2105。总收益：-288。
同意买入。买入操作配置【未开启】。买入计量为0。模拟买入：贝斯,0 | 吉他,0 | 买入结果：【命中】。2022-12-24 07:27:36 吉他。本次回收：0。总投入：1766。总回收：2105。总收益：-288。
同意买入。买入操作配置【未开启】。买入计量为0。模拟买入：贝斯,0 | 吉他,0 | 买入结果：【未命中】。2022-12-24 07:29:32 小提琴。本次回收：0。总投入：1766。总回收：2105。总收益：-288。
同意买入。买入操作配置【未开启】。买入计量为0。模拟买入：小提琴,0 | 吉他,0 | 买入结果：【未命中】。2022-12-24 07:39:12 贝斯。本次回收：0。总投入：1766。总回收：2105。总收益：-288。
同意买入。买入操作配置【未开启】。买入计量为0。模拟买入：小提琴,0 | 钢琴,0 | 买入结果：【命中】。2022-12-24 07:42:06 钢琴。本次回收：0。总投入：1766。总回收：2105。总收益：-288。
同意买入。买入操作配置【未开启】。买入计量为0。模拟买入：小提琴,0 | 吉他,0 | 买入结果：【命中】。2022-12-24 07:45:00 小提琴。本次回收：0。总投入：1766。总回收：2105。总收益：-288。
同意买入。买入操作配置【开启】。买入计量为2。模拟买入：贝斯,1 | 吉他,1 | 买入结果：【未命中】。2022-12-24 07:45:58 钢琴。本次回收：0。总投入：1768。总回收：2105。总收益：-289。
同意买入。买入操作配置【开启】。买入计量为13。模拟买入：钢琴,6 | 吉他,6 | 买入结果：【命中】。2022-12-24 07:48:52 吉他。本次回收：30。总投入：1781。总回收：2135。总收益：-282。
同意买入。买入操作配置【开启】。买入计量为2。模拟买入：小提琴,1 | 吉他,1 | 买入结果：【未命中】。2022-12-24 07:50:48 贝斯。本次回收：0。总投入：1783。总回收：2135。总收益：-284。
同意买入。买入操作配置【开启】。买入计量为13。模拟买入：贝斯,6 | 钢琴,6 | 买入结果：【命中】。2022-12-24 07:57:34 贝斯。本次回收：30。总投入：1796。总回收：2165。总收益：-277。
同意买入。买入操作配置【开启】。买入计量为2。模拟买入：吉他,1 | 钢琴,1 | 买入结果：【命中】。2022-12-24 07:58:32 钢琴。本次回收：5。总投入：1798。总回收：2170。总收益：-276。
同意买入。买入操作配置【开启】。买入计量为2。模拟买入：钢琴,1 | 贝斯,1 | 买入结果：【未命中】。2022-12-24 08:12:04 吉他。本次回收：0。总投入：1800。总回收：2170。总收益：-278。
同意买入。买入操作配置【未开启】。买入计量为0。模拟买入：吉他,0 | 小提琴,0 | 买入结果：【命中】。2022-12-24 08:27:32 小提琴。本次回收：0。总投入：1800。总回收：2170。总收益：-278。
同意买入。买入操作配置【未开启】。买入计量为0。模拟买入：吉他,0 | 贝斯,0 | 买入结果：【命中】。2022-12-24 08:30:26 贝斯。本次回收：0。总投入：1800。总回收：2170。总收益：-278。
同意买入。买入操作配置【未开启】。买入计量为0。模拟买入：吉他,0 | 小提琴,0 | 买入结果：【未命中】。2022-12-24 08:31:24 架子鼓。本次回收：0。总投入：1800。总回收：2170。总收益：-278。
同意买入。买入操作配置【未开启】。买入计量为0。模拟买入：吉他,0 | 小提琴,0 | 买入结果：【命中】。2022-12-24 08:32:22 小提琴。本次回收：0。总投入：1800。总回收：2170。总收益：-278。
同意买入。买入操作配置【开启】。买入计量为2。模拟买入：吉他,1 | 钢琴,1 | 买入结果：【命中】。2022-12-24 08:42:02 吉他。本次回收：5。总投入：1802。总回收：2175。总收益：-276。
同意买入。买入操作配置【开启】。买入计量为2。模拟买入：贝斯,1 | 小提琴,1 | 买入结果：【命中】。2022-12-24 08:44:56 贝斯。本次回收：5。总投入：1804。总回收：2180。总收益：-275。
同意买入。买入操作配置【开启】。买入计量为2。模拟买入：贝斯,1 | 钢琴,1 | 买入结果：【未命中】。2022-12-24 08:49:46 竖琴。本次回收：0。总投入：1806。总回收：2180。总收益：-277。
同意买入。买入操作配置【开启】。买入计量为13。模拟买入：小提琴,6 | 吉他,6 | 买入结果：【未命中】。2022-12-24 08:59:26 圆号。本次回收：0。总投入：1819。总回收：2180。总收益：-289。
同意买入。买入操作配置【开启】。买入计量为86。模拟买入：吉他,43 | 贝斯,43 | 买入结果：【未命中】。2022-12-24 09:04:16 钢琴。本次回收：0。总投入：1905。总回收：2180。总收益：-368。
同意买入。买入操作配置【开启】。买入计量为573。模拟买入：钢琴,286 | 贝斯,286 | 买入结果：【命中】。2022-12-24 09:10:04 贝斯。本次回收：1430。总投入：2478。总回收：3610。总收益：12。
同意买入。买入操作配置【未开启】。买入计量为0。模拟买入：钢琴,0 | 贝斯,0 | 买入结果：【命中】。2022-12-24 09:12:58 贝斯。本次回收：0。总投入：2478。总回收：3610。总收益：12。
同意买入。买入操作配置【未开启】。买入计量为0。模拟买入：钢琴,0 | 贝斯,0 | 买入结果：【命中】。2022-12-24 09:14:54 贝斯。本次回收：0。总投入：2478。总回收：3610。总收益：12。
同意买入。买入操作配置【开启】。买入计量为2。模拟买入：钢琴,1 | 小提琴,1 | 买入结果：【命中】。2022-12-24 09:16:50 小提琴。本次回收：5。总投入：2480。总回收：3615。总收益：13。
同意买入。买入操作配置【开启】。买入计量为2。模拟买入：小提琴,1 | 钢琴,1 | 买入结果：【未命中】。2022-12-24 09:27:28 贝斯。本次回收：0。总投入：2482。总回收：3615。总收益：12。
同意买入。买入操作配置【开启】。买入计量为13。模拟买入：小提琴,6 | 贝斯,6 | 买入结果：【未命中】。2022-12-24 09:29:24 竖琴。本次回收：0。总投入：2495。总回收：3615。总收益：0。
同意买入。买入操作配置【开启】。买入计量为86。模拟买入：小提琴,43 | 钢琴,43 | 买入结果：【未命中】。2022-12-24 09:32:18 架子鼓。本次回收：0。总投入：2581。总回收：3615。总收益：-78。
同意买入。买入操作配置【开启】。买入计量为573。模拟买入：钢琴,286 | 小提琴,286 | 买入结果：【未命中】。2022-12-24 09:35:12 圆号。本次回收：0。总投入：3154。总回收：3615。总收益：-606。
同意买入。买入操作配置【开启】。买入计量为2。模拟买入：贝斯,1 | 吉他,1 | 买入结果：【命中】。2022-12-24 09:39:04 贝斯。本次回收：5。总投入：3156。总回收：3620。总收益：-604。
同意买入。买入操作配置【未开启】。买入计量为0。模拟买入：钢琴,0 | 贝斯,0 | 买入结果：【命中】。2022-12-24 09:40:02 钢琴。本次回收：0。总投入：3156。总回收：3620。总收益：-604。
同意买入。买入操作配置【未开启】。买入计量为0。模拟买入：小提琴,0 | 贝斯,0 | 买入结果：【未命中】。2022-12-24 09:44:52 钢琴。本次回收：0。总投入：3156。总回收：3620。总收益：-604。
同意买入。买入操作配置【未开启】。买入计量为0。模拟买入：贝斯,0 | 吉他,0 | 买入结果：【命中】。2022-12-24 10:04:12 吉他。本次回收：0。总投入：3156。总回收：3620。总收益：-604。
同意买入。买入操作配置【未开启】。买入计量为0。模拟买入：贝斯,0 | 钢琴,0 | 买入结果：【未命中】。2022-12-24 10:05:10 小提琴。本次回收：0。总投入：3156。总回收：3620。总收益：-604。
同意买入。买入操作配置【未开启】。买入计量为0。模拟买入：贝斯,0 | 吉他,0 | 买入结果：【未命中】。2022-12-24 10:07:06 钢琴。本次回收：0。总投入：3156。总回收：3620。总收益：-604。
同意买入。买入操作配置【未开启】。买入计量为0。模拟买入：钢琴,0 | 吉他,0 | 买入结果：【未命中】。2022-12-24 10:14:50 贝斯。本次回收：0。总投入：3156。总回收：3620。总收益：-604。
同意买入。买入操作配置【未开启】。买入计量为0。模拟买入：贝斯,0 | 钢琴,0 | 买入结果：【未命中】。2022-12-24 10:23:32 吉他。本次回收：0。总投入：3156。总回收：3620。总收益：-604。
同意买入。买入操作配置【未开启】。买入计量为0。模拟买入：贝斯,0 | 钢琴,0 | 买入结果：【未命中】。2022-12-24 10:27:24 吉他。本次回收：0。总投入：3156。总回收：3620。总收益：-604。
同意买入。买入操作配置【未开启】。买入计量为0。模拟买入：吉他,0 | 小提琴,0 | 买入结果：【未命中】。2022-12-24 10:34:10 钢琴。本次回收：0。总投入：3156。总回收：3620。总收益：-604。
同意买入。买入操作配置【未开启】。买入计量为0。模拟买入：钢琴,0 | 小提琴,0 | 买入结果：【未命中】。2022-12-24 10:38:02 吉他。本次回收：0。总投入：3156。总回收：3620。总收益：-604。
同意买入。买入操作配置【未开启】。买入计量为0。模拟买入：吉他,0 | 小提琴,0 | 买入结果：【未命中】。2022-12-24 10:45:46 钢琴。本次回收：0。总投入：3156。总回收：3620。总收益：-604。
同意买入。买入操作配置【未开启】。买入计量为0。模拟买入：小提琴,0 | 钢琴,0 | 买入结果：【命中】。2022-12-24 10:52:32 小提琴。本次回收：0。总投入：3156。总回收：3620。总收益：-604。
同意买入。买入操作配置【未开启】。买入计量为0。模拟买入：贝斯,0 | 吉他,0 | 买入结果：【未命中】。2022-12-24 11:07:02 钢琴。本次回收：0。总投入：3156。总回收：3620。总收益：-604。
同意买入。买入操作配置【未开启】。买入计量为0。模拟买入：贝斯,0 | 钢琴,0 | 买入结果：【未命中】。2022-12-24 11:12:50 架子鼓。本次回收：0。总投入：3156。总回收：3620。总收益：-604。
同意买入。买入操作配置【未开启】。买入计量为0。模拟买入：贝斯,0 | 小提琴,0 | 买入结果：【命中】。2022-12-24 11:26:22 小提琴。本次回收：0。总投入：3156。总回收：3620。总收益：-604。
同意买入。买入操作配置【未开启】。买入计量为0。模拟买入：贝斯,0 | 小提琴,0 | 买入结果：【未命中】。2022-12-24 11:28:18 钢琴。本次回收：0。总投入：3156。总回收：3620。总收益：-604。
同意买入。买入操作配置【未开启】。买入计量为0。模拟买入：贝斯,0 | 小提琴,0 | 买入结果：【未命中】。2022-12-24 11:42:48 钢琴。本次回收：0。总投入：3156。总回收：3620。总收益：-604。
同意买入。买入操作配置【未开启】。买入计量为0。模拟买入：钢琴,0 | 小提琴,0 | 买入结果：【未命中】。2022-12-24 11:52:28 贝斯。本次回收：0。总投入：3156。总回收：3620。总收益：-604。
同意买入。买入操作配置【未开启】。买入计量为0。模拟买入：钢琴,0 | 贝斯,0 | 买入结果：【未命中】。2022-12-24 11:55:22 圆号。本次回收：0。总投入：3156。总回收：3620。总收益：-604。
同意买入。买入操作配置【未开启】。买入计量为0。模拟买入：钢琴,0 | 贝斯,0 | 买入结果：【未命中】。2022-12-24 12:02:08 小提琴。本次回收：0。总投入：3156。总回收：3620。总收益：-604。
同意买入。买入操作配置【未开启】。买入计量为0。模拟买入：钢琴,0 | 吉他,0 | 买入结果：【未命中】。2022-12-24 12:06:58 贝斯。本次回收：0。总投入：3156。总回收：3620。总收益：-604。
同意买入。买入操作配置【未开启】。买入计量为0。模拟买入：钢琴,0 | 贝斯,0 | 买入结果：【未命中】。2022-12-24 12:08:54 小提琴。本次回收：0。总投入：3156。总回收：3620。总收益：-604。
同意买入。买入操作配置【未开启】。买入计量为0。模拟买入：钢琴,0 | 贝斯,0 | 买入结果：【未命中】。2022-12-24 12:12:46 吉他。本次回收：0。总投入：3156。总回收：3620。总收益：-604。
同意买入。买入操作配置【未开启】。买入计量为0。模拟买入：钢琴,0 | 贝斯,0 | 买入结果：【未命中】。2022-12-24 12:16:38 小提琴。本次回收：0。总投入：3156。总回收：3620。总收益：-604。
同意买入。买入操作配置【未开启】。买入计量为0。模拟买入：钢琴,0 | 贝斯,0 | 买入结果：【未命中】。2022-12-24 12:19:32 吉他。本次回收：0。总投入：3156。总回收：3620。总收益：-604。
同意买入。买入操作配置【未开启】。买入计量为0。模拟买入：小提琴,0 | 贝斯,0 | 买入结果：【未命中】。2022-12-24 12:29:12 萨克斯风。本次回收：0。总投入：3156。总回收：3620。总收益：-604。
同意买入。买入操作配置【未开启】。买入计量为0。模拟买入：钢琴,0 | 吉他,0 | 买入结果：【未命中】。2022-12-24 12:31:08 贝斯。本次回收：0。总投入：3156。总回收：3620。总收益：-604。
同意买入。买入操作配置【未开启】。买入计量为0。模拟买入：钢琴,0 | 贝斯,0 | 买入结果：【命中】。2022-12-24 12:34:02 钢琴。本次回收：0。总投入：3156。总回收：3620。总收益：-604。
同意买入。买入操作配置【未开启】。买入计量为0。模拟买入：贝斯,0 | 小提琴,0 | 买入结果：【未命中】。2022-12-24 12:35:00 架子鼓。本次回收：0。总投入：3156。总回收：3620。总收益：-604。
同意买入。买入操作配置【未开启】。买入计量为0。模拟买入：钢琴,0 | 小提琴,0 | 买入结果：【未命中】。2022-12-24 12:37:54 贝斯。本次回收：0。总投入：3156。总回收：3620。总收益：-604。
同意买入。买入操作配置【未开启】。买入计量为0。模拟买入：钢琴,0 | 吉他,0 | 买入结果：【命中】。2022-12-24 12:39:50 吉他。本次回收：0。总投入：3156。总回收：3620。总收益：-604。
同意买入。买入操作配置【未开启】。买入计量为0。模拟买入：钢琴,0 | 贝斯,0 | 买入结果：【未命中】。2022-12-24 12:40:48 架子鼓。本次回收：0。总投入：3156。总回收：3620。总收益：-604。
同意买入。买入操作配置【未开启】。买入计量为0。模拟买入：小提琴,0 | 贝斯,0 | 买入结果：【未命中】。2022-12-24 12:43:42 钢琴。本次回收：0。总投入：3156。总回收：3620。总收益：-604。
同意买入。买入操作配置【未开启】。买入计量为0。模拟买入：小提琴,0 | 钢琴,0 | 买入结果：【未命中】。2022-12-24 12:47:34 吉他。本次回收：0。总投入：3156。总回收：3620。总收益：-604。
同意买入。买入操作配置【未开启】。买入计量为0。模拟买入：小提琴,0 | 吉他,0 | 买入结果：【未命中】。2022-12-24 12:49:30 钢琴。本次回收：0。总投入：3156。总回收：3620。总收益：-604。
同意买入。买入操作配置【未开启】。买入计量为0。模拟买入：贝斯,0 | 小提琴,0 | 买入结果：【未命中】。2022-12-24 12:52:24 钢琴。本次回收：0。总投入：3156。总回收：3620。总收益：-604。
同意买入。买入操作配置【未开启】。买入计量为0。模拟买入：贝斯,0 | 小提琴,0 | 买入结果：【未命中】。2022-12-24 12:53:22 吉他。本次回收：0。总投入：3156。总回收：3620。总收益：-604。
同意买入。买入操作配置【未开启】。买入计量为0。模拟买入：小提琴,0 | 吉他,0 | 买入结果：【未命中】。2022-12-24 12:55:18 贝斯。本次回收：0。总投入：3156。总回收：3620。总收益：-604。
