同意买入。买入操作配置【未开启】。买入计量为0。模拟买入：吉他,0 | 小提琴,0 | 买入结果：【未命中】。2022-12-22 16:34:04 钢琴。本次回收：0。总投入：0。总回收：0。总收益：0。
同意买入。买入操作配置【未开启】。买入计量为0。模拟买入：贝斯,0 | 小提琴,0 | 买入结果：【命中】。2022-12-22 16:36:58 小提琴。本次回收：0。总投入：0。总回收：0。总收益：0。
同意买入。买入操作配置【未开启】。买入计量为0。模拟买入：贝斯,0 | 小提琴,0 | 买入结果：【未命中】。2022-12-22 16:38:54 萨克斯风。本次回收：0。总投入：0。总回收：0。总收益：0。
同意买入。买入操作配置【未开启】。买入计量为0。模拟买入：贝斯,0 | 吉他,0 | 买入结果：【未命中】。2022-12-22 16:43:44 小提琴。本次回收：0。总投入：0。总回收：0。总收益：0。
同意买入。买入操作配置【未开启】。买入计量为0。模拟买入：吉他,0 | 贝斯,0 | 买入结果：【未命中】。2022-12-22 16:46:38 架子鼓。本次回收：0。总投入：0。总回收：0。总收益：0。
同意买入。买入操作配置【未开启】。买入计量为0。模拟买入：吉他,0 | 小提琴,0 | 买入结果：【未命中】。2022-12-22 16:51:28 架子鼓。本次回收：0。总投入：0。总回收：0。总收益：0。
同意买入。买入操作配置【未开启】。买入计量为0。模拟买入：吉他,0 | 小提琴,0 | 买入结果：【未命中】。2022-12-22 16:52:26 钢琴。本次回收：0。总投入：0。总回收：0。总收益：0。
同意买入。买入操作配置【未开启】。买入计量为0。模拟买入：吉他,0 | 贝斯,0 | 买入结果：【命中】。2022-12-22 16:59:12 吉他。本次回收：0。总投入：0。总回收：0。总收益：0。
同意买入。买入操作配置【未开启】。买入计量为0。模拟买入：小提琴,0 | 钢琴,0 | 买入结果：【未命中】。2022-12-22 17:33:02 吉他。本次回收：0。总投入：0。总回收：0。总收益：0。
同意买入。买入操作配置【未开启】。买入计量为0。模拟买入：吉他,0 | 钢琴,0 | 买入结果：【命中】。2022-12-22 17:38:50 吉他。本次回收：0。总投入：0。总回收：0。总收益：0。
同意买入。买入操作配置【未开启】。买入计量为0。模拟买入：钢琴,0 | 贝斯,0 | 买入结果：【命中】。2022-12-22 17:39:48 钢琴。本次回收：0。总投入：0。总回收：0。总收益：0。
同意买入。买入操作配置【未开启】。买入计量为0。模拟买入：小提琴,0 | 钢琴,0 | 买入结果：【命中】。2022-12-22 17:40:46 小提琴。本次回收：0。总投入：0。总回收：0。总收益：0。
同意买入。买入操作配置【开启】。买入计量为2。模拟买入：吉他,1 | 钢琴,1 | 买入结果：【未命中】。2022-12-22 17:41:44 萨克斯风。本次回收：0。总投入：2。总回收：0。总收益：-1。
同意买入。买入操作配置【未开启】。买入计量为0。模拟买入：钢琴,0 | 吉他,0 | 买入结果：【未命中】。2022-12-22 17:55:16 贝斯。本次回收：0。总投入：0。总回收：0。总收益：0。
同意买入。买入操作配置【未开启】。买入计量为0。模拟买入：钢琴,0 | 小提琴,0 | 买入结果：【命中】。2022-12-22 18:00:06 钢琴。本次回收：0。总投入：0。总回收：0。总收益：0。
同意买入。买入操作配置【未开启】。买入计量为0。模拟买入：小提琴,0 | 吉他,0 | 买入结果：【未命中】。2022-12-22 18:01:04 钢琴。本次回收：0。总投入：0。总回收：0。总收益：0。
同意买入。买入操作配置【未开启】。买入计量为0。模拟买入：小提琴,0 | 钢琴,0 | 买入结果：【命中】。2022-12-22 18:03:58 钢琴。本次回收：0。总投入：0。总回收：0。总收益：0。
同意买入。买入操作配置【未开启】。买入计量为0。模拟买入：贝斯,0 | 吉他,0 | 买入结果：【命中】。2022-12-22 18:05:54 吉他。本次回收：0。总投入：0。总回收：0。总收益：0。
同意买入。买入操作配置【开启】。买入计量为2。模拟买入：小提琴,1 | 吉他,1 | 买入结果：【未命中】。2022-12-22 18:07:50 钢琴。本次回收：0。总投入：2。总回收：0。总收益：-1。
同意买入。买入操作配置【开启】。买入计量为20。模拟买入：贝斯,10 | 钢琴,10 | 买入结果：【未命中】。2022-12-22 18:14:36 吉他。本次回收：0。总投入：22。总回收：0。总收益：-20。
同意买入。买入操作配置【开启】。买入计量为200。模拟买入：贝斯,100 | 小提琴,100 | 买入结果：【命中】。2022-12-22 18:23:18 贝斯。本次回收：500。总投入：222。总回收：500。总收益：113。
同意买入。买入操作配置【未开启】。买入计量为0。模拟买入：钢琴,0 | 小提琴,0 | 买入结果：【未命中】。2022-12-22 18:24:16 圆号。本次回收：0。总投入：222。总回收：500。总收益：113。
同意买入。买入操作配置【未开启】。买入计量为0。模拟买入：贝斯,0 | 小提琴,0 | 买入结果：【未命中】。2022-12-22 18:28:08 萨克斯风。本次回收：0。总投入：222。总回收：500。总收益：113。
同意买入。买入操作配置【未开启】。买入计量为0。模拟买入：小提琴,0 | 钢琴,0 | 买入结果：【未命中】。2022-12-22 18:33:56 架子鼓。本次回收：0。总投入：222。总回收：500。总收益：113。
同意买入。买入操作配置【未开启】。买入计量为0。模拟买入：小提琴,0 | 贝斯,0 | 买入结果：【命中】。2022-12-22 18:35:52 小提琴。本次回收：0。总投入：222。总回收：500。总收益：113。
同意买入。买入操作配置【未开启】。买入计量为0。模拟买入：吉他,0 | 小提琴,0 | 买入结果：【未命中】。2022-12-22 18:37:48 钢琴。本次回收：0。总投入：222。总回收：500。总收益：113。
同意买入。买入操作配置【未开启】。买入计量为0。模拟买入：小提琴,0 | 吉他,0 | 买入结果：【命中】。2022-12-22 18:39:44 小提琴。本次回收：0。总投入：222。总回收：500。总收益：113。
同意买入。买入操作配置【未开启】。买入计量为0。模拟买入：吉他,0 | 贝斯,0 | 买入结果：【命中】。2022-12-22 18:40:42 吉他。本次回收：0。总投入：222。总回收：500。总收益：113。
同意买入。买入操作配置【开启】。买入计量为2。模拟买入：钢琴,1 | 贝斯,1 | 买入结果：【未命中】。2022-12-22 18:42:38 吉他。本次回收：0。总投入：224。总回收：500。总收益：111。
同意买入。买入操作配置【开启】。买入计量为20。模拟买入：吉他,10 | 钢琴,10 | 买入结果：【命中】。2022-12-22 18:46:30 钢琴。本次回收：50。总投入：244。总回收：550。总收益：124。
同意买入。买入操作配置【开启】。买入计量为2。模拟买入：吉他,1 | 小提琴,1 | 买入结果：【未命中】。2022-12-22 18:47:28 钢琴。本次回收：0。总投入：246。总回收：550。总收益：122。
同意买入。买入操作配置【开启】。买入计量为20。模拟买入：贝斯,10 | 钢琴,10 | 买入结果：【命中】。2022-12-22 18:49:24 钢琴。本次回收：50。总投入：266。总回收：600。总收益：136。
同意买入。买入操作配置【开启】。买入计量为2。模拟买入：贝斯,1 | 吉他,1 | 买入结果：【命中】。2022-12-22 18:50:22 贝斯。本次回收：5。总投入：268。总回收：605。总收益：137。
同意买入。买入操作配置【开启】。买入计量为2。模拟买入：贝斯,1 | 钢琴,1 | 买入结果：【未命中】。2022-12-22 18:51:20 圆号。本次回收：0。总投入：270。总回收：605。总收益：135。
同意买入。买入操作配置【开启】。买入计量为20。模拟买入：小提琴,10 | 钢琴,10 | 买入结果：【未命中】。2022-12-22 18:56:10 吉他。本次回收：0。总投入：290。总回收：605。总收益：117。
同意买入。买入操作配置【开启】。买入计量为200。模拟买入：贝斯,100 | 小提琴,100 | 买入结果：【未命中】。2022-12-22 19:01:00 萨克斯风。本次回收：0。总投入：490。总回收：605。总收益：-66。
同意买入。买入操作配置【开启】。买入计量为2。模拟买入：贝斯,1 | 钢琴,1 | 买入结果：【未命中】。2022-12-22 19:01:58 小提琴。本次回收：0。总投入：492。总回收：605。总收益：-68。
同意买入。买入操作配置【开启】。买入计量为20。模拟买入：贝斯,10 | 吉他,10 | 买入结果：【未命中】。2022-12-22 19:03:54 小提琴。本次回收：0。总投入：512。总回收：605。总收益：-86。
同意买入。买入操作配置【未开启】。买入计量为0。模拟买入：贝斯,0 | 钢琴,0 | 买入结果：【未命中】。2022-12-22 19:15:30 吉他。本次回收：0。总投入：0。总回收：0。总收益：0。
同意买入。买入操作配置【未开启】。买入计量为0。模拟买入：小提琴,0 | 贝斯,0 | 买入结果：【未命中】。2022-12-22 19:17:26 架子鼓。本次回收：0。总投入：0。总回收：0。总收益：0。
同意买入。买入操作配置【未开启】。买入计量为0。模拟买入：小提琴,0 | 吉他,0 | 买入结果：【未命中】。2022-12-22 19:21:18 钢琴。本次回收：0。总投入：0。总回收：0。总收益：0。
同意买入。买入操作配置【未开启】。买入计量为0。模拟买入：贝斯,0 | 钢琴,0 | 买入结果：【命中】。2022-12-22 19:22:16 贝斯。本次回收：0。总投入：0。总回收：0。总收益：0。
同意买入。买入操作配置【未开启】。买入计量为0。模拟买入：小提琴,0 | 贝斯,0 | 买入结果：【命中】。2022-12-22 19:23:14 贝斯。本次回收：0。总投入：0。总回收：0。总收益：0。
同意买入。买入操作配置【未开启】。买入计量为0。模拟买入：小提琴,0 | 吉他,0 | 买入结果：【命中】。2022-12-22 19:24:12 小提琴。本次回收：0。总投入：0。总回收：0。总收益：0。
同意买入。买入操作配置【开启】。买入计量为2。模拟买入：吉他,1 | 贝斯,1 | 买入结果：【命中】。2022-12-22 19:25:10 吉他。本次回收：5。总投入：2。总回收：5。总收益：1。
同意买入。买入操作配置【开启】。买入计量为2。模拟买入：吉他,1 | 贝斯,1 | 买入结果：【命中】。2022-12-22 19:26:08 贝斯。本次回收：5。总投入：4。总回收：10。总收益：2。
同意买入。买入操作配置【开启】。买入计量为2。模拟买入：小提琴,1 | 钢琴,1 | 买入结果：【未命中】。2022-12-22 19:27:06 贝斯。本次回收：0。总投入：6。总回收：10。总收益：0。
同意买入。买入操作配置【开启】。买入计量为20。模拟买入：贝斯,10 | 吉他,10 | 买入结果：【未命中】。2022-12-22 19:37:44 架子鼓。本次回收：0。总投入：26。总回收：10。总收益：-17。
同意买入。买入操作配置【开启】。买入计量为200。模拟买入：小提琴,100 | 钢琴,100 | 买入结果：【命中】。2022-12-22 19:39:40 小提琴。本次回收：500。总投入：226。总回收：510。总收益：115。
同意买入。买入操作配置【未开启】。买入计量为0。模拟买入：贝斯,0 | 吉他,0 | 买入结果：【未命中】。2022-12-22 19:41:36 钢琴。本次回收：0。总投入：226。总回收：510。总收益：115。
同意买入。买入操作配置【未开启】。买入计量为0。模拟买入：小提琴,0 | 吉他,0 | 买入结果：【未命中】。2022-12-22 19:44:30 钢琴。本次回收：0。总投入：226。总回收：510。总收益：115。
同意买入。买入操作配置【未开启】。买入计量为0。模拟买入：贝斯,0 | 小提琴,0 | 买入结果：【命中】。2022-12-22 19:49:20 贝斯。本次回收：0。总投入：226。总回收：510。总收益：115。
同意买入。买入操作配置【未开启】。买入计量为0。模拟买入：贝斯,0 | 小提琴,0 | 买入结果：【命中】。2022-12-22 19:51:16 贝斯。本次回收：0。总投入：226。总回收：510。总收益：115。
同意买入。买入操作配置【开启】。买入计量为2。模拟买入：小提琴,1 | 贝斯,1 | 买入结果：【未命中】。2022-12-22 19:53:12 架子鼓。本次回收：0。总投入：228。总回收：510。总收益：114。
同意买入。买入操作配置【开启】。买入计量为20。模拟买入：小提琴,10 | 吉他,10 | 买入结果：【未命中】。2022-12-22 20:06:44 钢琴。本次回收：0。总投入：248。总回收：510。总收益：95。
同意买入。买入操作配置【开启】。买入计量为200。模拟买入：小提琴,100 | 吉他,100 | 买入结果：【命中】。2022-12-22 20:13:30 小提琴。本次回收：500。总投入：448。总回收：1010。总收益：229。
同意买入。买入操作配置【未开启】。买入计量为0。模拟买入：小提琴,0 | 贝斯,0 | 买入结果：【未命中】。2022-12-22 20:14:28 钢琴。本次回收：0。总投入：448。总回收：1010。总收益：229。
同意买入。买入操作配置【未开启】。买入计量为0。模拟买入：贝斯,0 | 钢琴,0 | 买入结果：【未命中】。2022-12-22 20:21:14 小提琴。本次回收：0。总投入：448。总回收：1010。总收益：229。
同意买入。买入操作配置【未开启】。买入计量为0。模拟买入：吉他,0 | 钢琴,0 | 买入结果：【未命中】。2022-12-22 20:25:06 小提琴。本次回收：0。总投入：448。总回收：1010。总收益：229。
同意买入。买入操作配置【未开启】。买入计量为0。模拟买入：小提琴,0 | 贝斯,0 | 买入结果：【未命中】。2022-12-22 20:33:48 萨克斯风。本次回收：0。总投入：448。总回收：1010。总收益：229。
同意买入。买入操作配置【未开启】。买入计量为0。模拟买入：钢琴,0 | 小提琴,0 | 买入结果：【未命中】。2022-12-22 20:36:42 吉他。本次回收：0。总投入：448。总回收：1010。总收益：229。
同意买入。买入操作配置【未开启】。买入计量为0。模拟买入：钢琴,0 | 贝斯,0 | 买入结果：【未命中】。2022-12-22 20:37:40 吉他。本次回收：0。总投入：448。总回收：1010。总收益：229。
同意买入。买入操作配置【未开启】。买入计量为0。模拟买入：钢琴,0 | 小提琴,0 | 买入结果：【命中】。2022-12-22 20:39:36 钢琴。本次回收：0。总投入：448。总回收：1010。总收益：229。
同意买入。买入操作配置【未开启】。买入计量为0。模拟买入：钢琴,0 | 吉他,0 | 买入结果：【未命中】。2022-12-22 20:40:34 贝斯。本次回收：0。总投入：448。总回收：1010。总收益：229。
同意买入。买入操作配置【未开启】。买入计量为0。模拟买入：小提琴,0 | 钢琴,0 | 买入结果：【命中】。2022-12-22 20:52:10 钢琴。本次回收：0。总投入：448。总回收：1010。总收益：229。
同意买入。买入操作配置【未开启】。买入计量为0。模拟买入：小提琴,0 | 钢琴,0 | 买入结果：【命中】。2022-12-22 20:58:56 小提琴。本次回收：0。总投入：448。总回收：1010。总收益：229。
同意买入。买入操作配置【未开启】。买入计量为0。模拟买入：吉他,0 | 钢琴,0 | 买入结果：【未命中】。2022-12-22 20:59:54 架子鼓。本次回收：0。总投入：448。总回收：1010。总收益：229。
同意买入。买入操作配置【未开启】。买入计量为0。模拟买入：贝斯,0 | 钢琴,0 | 买入结果：【未命中】。2022-12-22 21:02:48 吉他。本次回收：0。总投入：448。总回收：1010。总收益：229。
同意买入。买入操作配置【未开启】。买入计量为0。模拟买入：贝斯,0 | 小提琴,0 | 买入结果：【未命中】。2022-12-22 21:04:44 萨克斯风。本次回收：0。总投入：448。总回收：1010。总收益：229。
同意买入。买入操作配置【未开启】。买入计量为0。模拟买入：贝斯,0 | 钢琴,0 | 买入结果：【未命中】。2022-12-22 21:07:38 吉他。本次回收：0。总投入：448。总回收：1010。总收益：229。
同意买入。买入操作配置【未开启】。买入计量为0。模拟买入：吉他,0 | 小提琴,0 | 买入结果：【未命中】。2022-12-22 21:11:30 贝斯。本次回收：0。总投入：448。总回收：1010。总收益：229。
同意买入。买入操作配置【未开启】。买入计量为0。模拟买入：钢琴,0 | 贝斯,0 | 买入结果：【命中】。2022-12-22 21:12:28 贝斯。本次回收：0。总投入：448。总回收：1010。总收益：229。
同意买入。买入操作配置【未开启】。买入计量为0。模拟买入：钢琴,0 | 贝斯,0 | 买入结果：【未命中】。2022-12-22 21:14:24 吉他。本次回收：0。总投入：448。总回收：1010。总收益：229。
同意买入。买入操作配置【未开启】。买入计量为0。模拟买入：吉他,0 | 小提琴,0 | 买入结果：【未命中】。2022-12-22 21:17:18 钢琴。本次回收：0。总投入：448。总回收：1010。总收益：229。
同意买入。买入操作配置【未开启】。买入计量为0。模拟买入：贝斯,0 | 吉他,0 | 买入结果：【命中】。2022-12-22 21:26:58 贝斯。本次回收：0。总投入：448。总回收：1010。总收益：229。
同意买入。买入操作配置【未开启】。买入计量为0。模拟买入：吉他,0 | 钢琴,0 | 买入结果：【命中】。2022-12-22 21:42:26 钢琴。本次回收：0。总投入：448。总回收：1010。总收益：229。
同意买入。买入操作配置【开启】。买入计量为2。模拟买入：吉他,1 | 小提琴,1 | 买入结果：【未命中】。2022-12-22 21:43:24 贝斯。本次回收：0。总投入：450。总回收：1010。总收益：227。
同意买入。买入操作配置【开启】。买入计量为20。模拟买入：吉他,10 | 钢琴,10 | 
同意买入。买入操作配置【未开启】。买入计量为0。模拟买入：钢琴,0 | 小提琴,0 | 买入结果：【未命中】。2022-12-22 21:58:52 萨克斯风。本次回收：0。总投入：0。总回收：0。总收益：0。
同意买入。买入操作配置【未开启】。买入计量为0。模拟买入：贝斯,0 | 钢琴,0 | 买入结果：【命中】。2022-12-22 22:01:46 贝斯。本次回收：0。总投入：0。总回收：0。总收益：0。
同意买入。买入操作配置【未开启】。买入计量为0。模拟买入：小提琴,0 | 钢琴,0 | 买入结果：【命中】。2022-12-22 22:02:44 钢琴。本次回收：0。总投入：0。总回收：0。总收益：0。
同意买入。买入操作配置【未开启】。买入计量为0。模拟买入：吉他,0 | 贝斯,0 | 买入结果：【未命中】。2022-12-22 22:03:42 小提琴。本次回收：0。总投入：0。总回收：0。总收益：0。
同意买入。买入操作配置【未开启】。买入计量为0。模拟买入：小提琴,0 | 钢琴,0 | 买入结果：【命中】。2022-12-22 22:06:36 钢琴。本次回收：0。总投入：0。总回收：0。总收益：0。
同意买入。买入操作配置【开启】。买入计量为2。模拟买入：吉他,1 | 贝斯,1 | 买入结果：【命中】。2022-12-22 22:07:34 贝斯。本次回收：5。总投入：2。总回收：5。总收益：1。
同意买入。买入操作配置【开启】。买入计量为2。模拟买入：吉他,1 | 钢琴,1 | 买入结果：【未命中】。2022-12-22 22:08:32 小提琴。本次回收：0。总投入：4。总回收：5。总收益：0。
同意买入。买入操作配置【开启】。买入计量为20。模拟买入：小提琴,10 | 钢琴,10 | 买入结果：【命中】。2022-12-22 22:11:26 小提琴。本次回收：50。总投入：24。总回收：55。总收益：12。
同意买入。买入操作配置【开启】。买入计量为2。模拟买入：吉他,1 | 小提琴,1 | 买入结果：【未命中】。2022-12-22 22:12:24 贝斯。本次回收：0。总投入：26。总回收：55。总收益：11。
同意买入。买入操作配置【开启】。买入计量为20。模拟买入：小提琴,10 | 钢琴,10 | 买入结果：【未命中】。2022-12-22 22:25:56 架子鼓。本次回收：0。总投入：46。总回收：55。总收益：-7。
同意买入。买入操作配置【开启】。买入计量为200。模拟买入：钢琴,100 | 贝斯,100 | 买入结果：【未命中】。2022-12-22 22:35:36 吉他。本次回收：0。总投入：246。总回收：55。总收益：-191。
同意买入。买入操作配置【开启】。买入计量为2。模拟买入：钢琴,1 | 小提琴,1 | 买入结果：【未命中】。2022-12-22 22:37:32 吉他。本次回收：0。总投入：248。总回收：55。总收益：-193。
同意买入。买入操作配置【开启】。买入计量为20。模拟买入：小提琴,10 | 钢琴,10 | 买入结果：【命中】。2022-12-22 22:43:20 小提琴。本次回收：50。总投入：268。总回收：105。总收益：-179。
同意买入。买入操作配置【未开启】。买入计量为0。模拟买入：吉他,0 | 小提琴,0 | 买入结果：【未命中】。2022-12-22 23:00:44 钢琴。本次回收：0。总投入：268。总回收：105。总收益：-179。
同意买入。买入操作配置【未开启】。买入计量为0。模拟买入：钢琴,0 | 小提琴,0 | 买入结果：【命中】。2022-12-22 23:05:34 钢琴。本次回收：0。总投入：268。总回收：105。总收益：-179。
同意买入。买入操作配置【未开启】。买入计量为0。模拟买入：小提琴,0 | 钢琴,0 | 买入结果：【命中】。2022-12-22 23:10:24 小提琴。本次回收：0。总投入：268。总回收：105。总收益：-179。
同意买入。买入操作配置【开启】。买入计量为2。模拟买入：贝斯,1 | 钢琴,1 | 买入结果：【命中】。2022-12-22 23:11:22 钢琴。本次回收：5。总投入：270。总回收：110。总收益：-178。
同意买入。买入操作配置【开启】。买入计量为2。模拟买入：贝斯,1 | 吉他,1 | 买入结果：【未命中】。2022-12-22 23:12:20 萨克斯风。本次回收：0。总投入：272。总回收：110。总收益：-180。
同意买入。买入操作配置【开启】。买入计量为20。模拟买入：小提琴,10 | 钢琴,10 | 买入结果：【未命中】。2022-12-22 23:15:14 竖琴。本次回收：0。总投入：292。总回收：110。总收益：-198。
同意买入。买入操作配置【开启】。买入计量为200。模拟买入：贝斯,100 | 吉他,100 | 买入结果：【命中】。2022-12-22 23:20:04 贝斯。本次回收：500。总投入：492。总回收：610。总收益：-65。
同意买入。买入操作配置【未开启】。买入计量为0。模拟买入：贝斯,0 | 吉他,0 | 买入结果：【未命中】。2022-12-22 23:21:02 小提琴。本次回收：0。总投入：492。总回收：610。总收益：-65。
同意买入。买入操作配置【未开启】。买入计量为0。模拟买入：小提琴,0 | 钢琴,0 | 买入结果：【未命中】。2022-12-22 23:22:00 吉他。本次回收：0。总投入：492。总回收：610。总收益：-65。
同意买入。买入操作配置【未开启】。买入计量为0。模拟买入：吉他,0 | 小提琴,0 | 买入结果：【未命中】。2022-12-22 23:32:38 钢琴。本次回收：0。总投入：492。总回收：610。总收益：-65。
同意买入。买入操作配置【未开启】。买入计量为0。模拟买入：吉他,0 | 钢琴,0 | 买入结果：【命中】。2022-12-22 23:35:32 吉他。本次回收：0。总投入：492。总回收：610。总收益：-65。
同意买入。买入操作配置【未开启】。买入计量为0。模拟买入：吉他,0 | 小提琴,0 | 买入结果：【未命中】。2022-12-22 23:36:30 圆号。本次回收：0。总投入：492。总回收：610。总收益：-65。
同意买入。买入操作配置【未开启】。买入计量为0。模拟买入：钢琴,0 | 贝斯,0 | 买入结果：【未命中】。2022-12-22 23:45:12 小提琴。本次回收：0。总投入：492。总回收：610。总收益：-65。
同意买入。买入操作配置【未开启】。买入计量为0。模拟买入：吉他,0 | 小提琴,0 | 买入结果：【命中】。2022-12-22 23:50:02 小提琴。本次回收：0。总投入：492。总回收：610。总收益：-65。
同意买入。买入操作配置【未开启】。买入计量为0。模拟买入：贝斯,0 | 吉他,0 | 买入结果：【未命中】。2022-12-22 23:51:00 萨克斯风。本次回收：0。总投入：492。总回收：610。总收益：-65。
同意买入。买入操作配置【未开启】。买入计量为0。模拟买入：贝斯,0 | 小提琴,0 | 买入结果：【命中】。2022-12-22 23:52:56 小提琴。本次回收：0。总投入：492。总回收：610。总收益：-65。
同意买入。买入操作配置【未开启】。买入计量为0。模拟买入：贝斯,0 | 钢琴,0 | 买入结果：【命中】。2022-12-22 23:53:54 钢琴。本次回收：0。总投入：492。总回收：610。总收益：-65。
同意买入。买入操作配置【开启】。买入计量为2。模拟买入：贝斯,1 | 小提琴,1 | 买入结果：【未命中】。2022-12-22 23:54:52 吉他。本次回收：0。总投入：494。总回收：610。总收益：-67。
同意买入。买入操作配置【开启】。买入计量为20。模拟买入：贝斯,10 | 小提琴,10 | 买入结果：【未命中】。2022-12-22 23:58:44 吉他。本次回收：0。总投入：514。总回收：610。总收益：-85。
同意买入。买入操作配置【开启】。买入计量为200。模拟买入：吉他,100 | 小提琴,100 | 买入结果：【未命中】。2022-12-23 00:01:38 贝斯。本次回收：0。总投入：714。总回收：610。总收益：-269。
同意买入。买入操作配置【开启】。买入计量为2。模拟买入：小提琴,1 | 吉他,1 | 买入结果：【命中】。2022-12-23 00:04:32 吉他。本次回收：5。总投入：716。总回收：615。总收益：-268。
同意买入。买入操作配置【未开启】。买入计量为0。模拟买入：小提琴,0 | 钢琴,0 | 买入结果：【未命中】。2022-12-23 00:12:16 贝斯。本次回收：0。总投入：716。总回收：615。总收益：-268。
同意买入。买入操作配置【未开启】。买入计量为0。模拟买入：小提琴,0 | 吉他,0 | 买入结果：【未命中】。2022-12-23 00:13:14 贝斯。本次回收：0。总投入：716。总回收：615。总收益：-268。
同意买入。买入操作配置【未开启】。买入计量为0。模拟买入：贝斯,0 | 吉他,0 | 买入结果：【未命中】。2022-12-23 00:17:06 小提琴。本次回收：0。总投入：716。总回收：615。总收益：-268。
同意买入。买入操作配置【未开启】。买入计量为0。模拟买入：钢琴,0 | 贝斯,0 | 买入结果：【命中】。2022-12-23 00:19:02 贝斯。本次回收：0。总投入：716。总回收：615。总收益：-268。
同意买入。买入操作配置【未开启】。买入计量为0。模拟买入：钢琴,0 | 小提琴,0 | 买入结果：【命中】。2022-12-23 00:20:00 小提琴。本次回收：0。总投入：716。总回收：615。总收益：-268。
同意买入。买入操作配置【未开启】。买入计量为0。模拟买入：钢琴,0 | 贝斯,0 | 买入结果：【未命中】。2022-12-23 00:20:58 圆号。本次回收：0。总投入：716。总回收：615。总收益：-268。
同意买入。买入操作配置【未开启】。买入计量为0。模拟买入：吉他,0 | 钢琴,0 | 买入结果：【未命中】。2022-12-23 00:23:52 架子鼓。本次回收：0。总投入：716。总回收：615。总收益：-268。
同意买入。买入操作配置【未开启】。买入计量为0。模拟买入：吉他,0 | 钢琴,0 | 买入结果：【未命中】。2022-12-23 00:27:44 贝斯。本次回收：0。总投入：716。总回收：615。总收益：-268。
同意买入。买入操作配置【未开启】。买入计量为0。模拟买入：吉他,0 | 贝斯,0 | 买入结果：【命中】。2022-12-23 00:30:38 吉他。本次回收：0。总投入：716。总回收：615。总收益：-268。
同意买入。买入操作配置【未开启】。买入计量为0。模拟买入：吉他,0 | 贝斯,0 | 买入结果：【未命中】。2022-12-23 00:31:36 钢琴。本次回收：0。总投入：716。总回收：615。总收益：-268。
同意买入。买入操作配置【未开启】。买入计量为0。模拟买入：贝斯,0 | 钢琴,0 | 买入结果：【未命中】。2022-12-23 00:39:20 吉他。本次回收：0。总投入：716。总回收：615。总收益：-268。
同意买入。买入操作配置【未开启】。买入计量为0。模拟买入：贝斯,0 | 钢琴,0 | 同意买入。买入操作配置【未开启】。买入计量为0。模拟买入：贝斯,0 | 小提琴,0 | 买入结果：【命中】。2022-12-23 01:10:16 贝斯。本次回收：0。总投入：716。总回收：615。总收益：-268。
同意买入。买入操作配置【未开启】。买入计量为0。模拟买入：贝斯,0 | 吉他,0 | 买入结果：【命中】。2022-12-23 01:31:32 吉他。本次回收：0。总投入：716。总回收：615。总收益：-268。
同意买入。买入操作配置【未开启】。买入计量为0。模拟买入：贝斯,0 | 小提琴,0 | 买入结果：【命中】。2022-12-23 01:32:30 贝斯。本次回收：0。总投入：716。总回收：615。总收益：-268。
同意买入。买入操作配置【开启】。买入计量为2。模拟买入：小提琴,1 | 吉他,1 | 买入结果：【命中】。2022-12-23 01:33:28 吉他。本次回收：5。总投入：718。总回收：620。总收益：-266。
同意买入。买入操作配置【开启】。买入计量为2。模拟买入：小提琴,1 | 贝斯,1 | 买入结果：【命中】。2022-12-23 01:34:26 小提琴。本次回收：5。总投入：720。总回收：625。总收益：-265。
同意买入。买入操作配置【开启】。买入计量为2。模拟买入：贝斯,1 | 吉他,1 | 买入结果：【命中】。2022-12-23 01:35:24 贝斯。本次回收：5。总投入：722。总回收：630。总收益：-264。
同意买入。买入操作配置【开启】。买入计量为2。模拟买入：贝斯,1 | 吉他,1 | 买入结果：【命中】。2022-12-23 01:36:22 贝斯。本次回收：5。总投入：724。总回收：635。总收益：-262。
同意买入。买入操作配置【开启】。买入计量为2。模拟买入：钢琴,1 | 吉他,1 | 买入结果：【命中】。2022-12-23 01:37:20 吉他。本次回收：5。总投入：726。总回收：640。总收益：-261。
同意买入。买入操作配置【开启】。买入计量为2。模拟买入：钢琴,1 | 小提琴,1 | 买入结果：【未命中】。2022-12-23 01:38:18 竖琴。本次回收：0。总投入：728。总回收：640。总收益：-263。
同意买入。买入操作配置【开启】。买入计量为20。模拟买入：钢琴,10 | 小提琴,10 | 买入结果：【命中】。2022-12-23 01:40:14 小提琴。本次回收：50。总投入：748。总回收：690。总收益：-250。
同意买入。买入操作配置【开启】。买入计量为2。模拟买入：钢琴,1 | 吉他,1 | 买入结果：【命中】。2022-12-23 01:41:12 钢琴。本次回收：5。总投入：750。总回收：695。总收益：-248。
同意买入。买入操作配置【开启】。买入计量为2。模拟买入：钢琴,1 | 吉他,1 | 买入结果：【命中】。2022-12-23 01:42:10 吉他。本次回收：5。总投入：752。总回收：700。总收益：-247。
同意买入。买入操作配置【开启】。买入计量为2。模拟买入：钢琴,1 | 贝斯,1 | 买入结果：【命中】。2022-12-23 01:43:08 贝斯。本次回收：5。总投入：754。总回收：705。总收益：-246。
同意买入。买入操作配置【开启】。买入计量为2。模拟买入：钢琴,1 | 吉他,1 | 买入结果：【命中】。2022-12-23 01:44:06 钢琴。本次回收：5。总投入：756。总回收：710。总收益：-244。
同意买入。买入操作配置【开启】。买入计量为2。模拟买入：小提琴,1 | 吉他,1 | 买入结果：【命中】。2022-12-23 01:45:04 吉他。本次回收：5。总投入：758。总回收：715。总收益：-243。
同意买入。买入操作配置【开启】。买入计量为2。模拟买入：小提琴,1 | 钢琴,1 | 买入结果：【命中】。2022-12-23 01:46:02 小提琴。本次回收：5。总投入：760。总回收：720。总收益：-242。
同意买入。买入操作配置【开启】。买入计量为2。模拟买入：钢琴,1 | 吉他,1 | 买入结果：【未命中】。2022-12-23 01:49:54 小提琴。本次回收：0。总投入：762。总回收：720。总收益：-243。
同意买入。买入操作配置【开启】。买入计量为20。模拟买入：吉他,10 | 钢琴,10 | 买入结果：【未命中】。2022-12-23 01:59:34 贝斯。本次回收：0。总投入：782。总回收：720。总收益：-262。
同意买入。买入操作配置【开启】。买入计量为200。模拟买入：钢琴,100 | 吉他,100 | 买入结果：【未命中】。2022-12-23 02:02:28 小提琴。本次回收：0。总投入：982。总回收：720。总收益：-446。
同意买入。买入操作配置【开启】。买入计量为2。模拟买入：小提琴,1 | 钢琴,1 | 买入结果：【未命中】。2022-12-23 02:08:16 吉他。本次回收：0。总投入：984。总回收：720。总收益：-448。
同意买入。买入操作配置【开启】。买入计量为20。模拟买入：钢琴,10 | 吉他,10 | 买入结果：【命中】。2022-12-23 02:12:08 吉他。本次回收：50。总投入：1004。总回收：770。总收益：-434。
同意买入。买入操作配置【未开启】。买入计量为0。模拟买入：钢琴,0 | 小提琴,0 | 买入结果：【命中】。2022-12-23 02:17:56 小提琴。本次回收：0。总投入：1004。总回收：770。总收益：-434。
同意买入。买入操作配置【未开启】。买入计量为0。模拟买入：钢琴,0 | 小提琴,0 | 买入结果：【未命中】。2022-12-23 02:19:52 架子鼓。本次回收：0。总投入：1004。总回收：770。总收益：-434。
同意买入。买入操作配置【未开启】。买入计量为0。模拟买入：钢琴,0 | 小提琴,0 | 买入结果：【命中】。2022-12-23 02:29:32 小提琴。本次回收：0。总投入：1004。总回收：770。总收益：-434。
