高,mae=0.5921894907951355,预测值=-1.337778925895691,负
高,mae=1.0395252704620361,预测值=-0.5298811197280884,胜
低,mae=2.149782419204712,预测值=-0.9419313073158264,负
低,mae=2.1124377250671387,预测值=-0.8663701415061951,负
高,mae=1.0494983196258545,预测值=2.2090001106262207,胜
低,mae=1.5648208856582642,预测值=-1.4180450439453125,负
低,mae=3.004937171936035,预测值=3.4084513187408447,负
低,mae=1.8725148439407349,预测值=0.3155030906200409,负
低,mae=2.0718321800231934,预测值=4.491667747497559,负
低,mae=3.9822354316711426,预测值=3.043222665786743,负
低,mae=1.9493978023529053,预测值=3.4798240661621094,负
低,mae=2.94728946685791,预测值=3.2497546672821045,负
低,mae=2.086472511291504,预测值=2.8140969276428223,负
高,mae=0.5278970003128052,预测值=0.032740067690610886,胜
高,mae=0.6810146570205688,预测值=-1.8801469802856445,胜
低,mae=2.5224547386169434,预测值=1.1779158115386963,负
高,mae=0.45259106159210205,预测值=-0.6515915393829346,负
高,mae=0.8581412434577942,预测值=-1.7398782968521118,胜
低,mae=1.529686689376831,预测值=-1.7306758165359497,负
低,mae=2.6320619583129883,预测值=-2.301689624786377,负
高,mae=1.2316744327545166,预测值=2.617358684539795,负
高,mae=1.1082050800323486,预测值=1.5751876831054688,负
低,mae=2.48864483833313,预测值=2.610569477081299,负
低,mae=3.056067943572998,预测值=-0.5198261141777039,负
高,mae=1.189763069152832,预测值=-1.6951500177383423,胜
高,mae=0.9292725920677185,预测值=2.1570544242858887,负
高,mae=1.234501838684082,预测值=-1.7124741077423096,负
低,mae=2.2343413829803467,预测值=0.646762490272522,负
低,mae=2.5948562622070312,预测值=-1.8621904850006104,负
低,mae=1.8156752586364746,预测值=-0.2607191503047943,负
低,mae=3.232685089111328,预测值=-1.1676340103149414,负
低,mae=2.8191819190979004,预测值=0.1428811401128769,负
高,mae=1.1133742332458496,预测值=0.3466835021972656,胜
高,mae=1.0926965475082397,预测值=-1.3272770643234253,负
高,mae=1.2927998304367065,预测值=-1.8912780284881592,负
高,mae=1.3937914371490479,预测值=1.5380257368087769,负
高,mae=0.7094031572341919,预测值=1.7623018026351929,胜
高,mae=1.473487138748169,预测值=-0.6303613185882568,负
高,mae=0.5692735314369202,预测值=0.0873887836933136,胜
高,mae=1.078168272972107,预测值=-1.4092481136322021,负
低,mae=2.3341550827026367,预测值=-3.294481039047241,负
高,mae=1.207847237586975,预测值=1.5626509189605713,负
高,mae=0.05635625123977661,预测值=0.8597646951675415,胜
高,mae=0.8345178961753845,预测值=1.3292007446289062,胜
高,mae=1.0586272478103638,预测值=-1.7742832899093628,负
低,mae=1.6908873319625854,预测值=3.4226996898651123,负
低,mae=2.8050670623779297,预测值=4.6883440017700195,负
低,mae=2.9166719913482666,预测值=3.872720241546631,负
低,mae=2.345341205596924,预测值=2.3230247497558594,胜
低,mae=2.1355342864990234,预测值=-3.8242335319519043,负
低,mae=3.0593535900115967,预测值=-3.6158666610717773,负
低,mae=3.098680257797241,预测值=-1.969818115234375,胜
低,mae=2.699251174926758,预测值=-2.410860538482666,胜
高,mae=1.179664134979248,预测值=-3.036006212234497,胜
高,mae=0.9490225911140442,预测值=1.871063470840454,负
低,mae=1.8444790840148926,预测值=0.26804426312446594,负
低,mae=1.7363263368606567,预测值=2.073312997817993,胜
低,mae=2.373406410217285,预测值=-2.5655136108398438,负
高,mae=1.379909634590149,预测值=1.7247096300125122,负
低,mae=1.9218676090240479,预测值=2.109281301498413,