,time=2022-12-27 08:21:46,obs=-3,item=贝斯,反,time=2022-12-27 08:22:44,obs=1,item=小提琴,反
direction=反,mae=0.013,pred=-0.361,opt=['大', '钢琴', '贝斯'],time=2022-12-27 08:23:42,obs=-2,item=贝斯,反
direction=反,mae=0.827,pred=1.301,opt=['大', '小提琴', '贝斯'],time=2022-12-27 08:24:40,obs=3,item=钢琴,正
direction=,mae=1.669,pred=-0.507,opt=[],time=2022-12-27 08:25:38,obs=-1,item=吉他,反
direction=,mae=1.096,pred=1.239,opt=[],time=2022-12-27 08:26:36,obs=-2,item=贝斯,反
direction=反,mae=1.866,pred=3.313,opt=['大', '钢琴', '吉他', '小提琴', '贝斯'],time=2022-12-27 08:27:34,obs=0,item=贝斯,反
direction=反,mae=3.276,pred=1.937,opt=['大', '钢琴', '吉他', '小提琴', '贝斯'],time=2022-12-27 08:28:32,obs=4,item=架子鼓,反
direction=反,mae=2.688,pred=-2.973,opt=['小提琴', '吉他', '贝斯'],time=2022-12-27 08:29:30,obs=-1,item=钢琴,正
direction=,mae=2.018,pred=-3.286,opt=[],time=2022-12-27 08:30:28,obs=0,item=钢琴,反
direction=,mae=2.63,pred=-1.823,opt=[],time=2022-12-27 08:31:26,obs=1,item=竖琴,正
direction=,mae=3.055,pred=-1.415,opt=[],time=2022-12-27 08:32:24,obs=-1,item=小提琴,反
direction=,mae=1.619,pred=-0.047,opt=[],time=2022-12-27 08:33:22,obs=-1,item=小提琴,反
direction=反,mae=0.684,pred=-1.114,opt=['大', '吉他', '贝斯'],time=2022-12-27 08:34:20,obs=1,item=吉他,反
direction=反,mae=1.534,pred=1.446,opt=['大', '吉他', '小提琴', '钢琴', '贝斯'],time=2022-12-27 08:35:18,obs=-2,item=钢琴,反
direction=反,mae=2.78,pred=0.92,opt=['吉他', '小提琴', '钢琴', '贝斯'],time=2022-12-27 08:36:16,obs=1,item=小提琴,反
direction=反,mae=1.763,pred=-0.193,opt=['小提琴', '钢琴', '贝斯'],time=2022-12-27 08:37:14,obs=2,item=圆号,正
direction=,mae=1.137,pred=1.184,opt=[],time=2022-12-27 08:38:12,obs=-4,item=钢琴,反
direction=,mae=3.689,pred=0.575,opt=[],time=2022-12-27 08:39:10,obs=4,item=吉他,正
direction=,mae=4.304,pred=-1.301,opt=[],time=2022-12-27 08:40:08,obs=-1,item=吉他,反
direction=,mae=1.863,pred=1.286,opt=[],time=2022-12-27 08:41:06,obs=0,item=贝斯,反
direction=反,mae=0.793,pred=-0.7,opt=['吉他', '小提琴', '钢琴'],time=2022-12-27 08:42:04,obs=1,item=架子鼓,正
direction=,mae=1.493,pred=-2.29,opt=[],time=2022-12-27 08:43:02,obs=-1,item=萨克斯风,正
direction=正,mae=1.495,pred=-0.403,opt=['贝斯'],time=2022-12-27 08:44:00,obs=-1,item=吉他,反
direction=,mae=0.944,pred=-0.315,opt=[],time=2022-12-27 08:44:58,obs=-1,item=竖琴,反
direction=反,mae=0.641,pred=0.317,opt=['贝斯', '小提琴', '大'],time=2022-12-27 08:45:56,obs=1,item=吉他,正
direction=,mae=0.684,pred=1.583,opt=[],time=2022-12-27 08:46:54,obs=-2,item=架子鼓,反
direction=,mae=2.133,pred=2.859,opt=[],time=2022-12-27 08:47:52,obs=0,item=圆号,反
direction=反,mae=3.221,pred=1.271,opt=['小提琴', '钢琴', '吉他', '大'],time=2022-12-27 08:48:50,obs=0,item=萨克斯风,反
direction=反,mae=2.065,pred=3.247,opt=['贝斯', '小提琴', '钢琴', '吉他', '大'],time=2022-12-27 08:49:48,obs=2,item=钢琴,反
direction=反,mae=1.259,pred=-0.589,opt=['贝斯', '吉他', '大'],time=2022-12-27 08:50:46,obs=1,item=小提琴,正
direction=,mae=1.418,pred=-0.221,opt=[],time=2022-12-27 08:51:44,obs=0,item=钢琴,反
direction=,mae=0.905,pred=-2.306,opt=[],time=2022-12-27 08:52:42,obs=-3,item=竖琴,反
direction=反,mae=0.458,pred=0.614,opt=['贝斯', '小提琴', '大'],time=2022-12-27 08:53:40,obs=2,item=钢琴,正
direction=,mae=1.04,pred=-0.524,opt=[],time=2022-12-27 08:54:38,obs=0,item=吉他,正
direction=正,mae=0.955,pred=1.312,opt=['贝斯'],time=2022-12-27 08:55:36,obs=-2,item=竖琴,反
direction=,mae=1.918,pred=2.66,opt=[],time=2022-12-27 08:56:34,obs=1,item=吉他,反
direction=反,mae=2.486,pred=0.997,opt=['小提琴', '钢琴', '吉他', '大'],time=2022-12-27 08:57:32,obs=-1,item=架子鼓,反
direction=反,mae=1.829,pred=-0.205,opt=['贝斯', '小提琴', '大'],time=2022-12-27 08:58:30,obs=0,item=萨克斯风,反
direction=反,mae=1.101,pred=1.711,opt=['贝斯', '吉他', '大'],time=2022-12-27 08:59:28,obs=0,item=架子鼓,反
direction=反,mae=0.958,pred=2.023,opt=['贝斯', '吉他', '大'],time=2022-12-27 09:00:26,obs=0,item=架子鼓,反
direction=反,mae=1.867,pred=2.478,opt=['小提琴', '钢琴', '吉他', '大'],time=2022-12-27 09:01:24,obs=2,item=钢琴,反
direction=反,mae=1.251,pred=-0.371,opt=['贝斯', '钢琴', '大'],time=2022-12-27 09:02:22,obs=2,item=贝斯,反
direction=反,mae=1.425,pred=-3.789,opt=['贝斯', '小提琴', '大'],time=2022-12-27 09:03:20,obs=-1,item=小提琴,反
direction=反,mae=2.58,pred=-0.724,opt=['小提琴', '吉他', '钢琴', '大'],time=2022-12-27 09:04:18,obs=-1,item=吉他,反
direction=反,mae=1.532,pred=0.177,opt=['吉他', '钢琴', '大'],time=2022-12-27 09:05:16,obs=1,item=小提琴,正
direction=,mae=0.55,pred=-2.611,opt=[],time=2022-12-27 09:06:14,obs=-1,item=小提琴,反
direction=,mae=1.217,pred=1.782,opt=[],time=2022-12-27 09:07:12,obs=2,item=贝斯,正
direction=,mae=0.915,pred=-2.975,opt=[],time=2022-12-27 09:08:10,obs=-2,item=小提琴,正
direction=正,mae=0.597,pred=-1.258,opt=['钢琴', '小提琴'],time=2022-12-27 09:09:08,obs=2,item=贝斯,反
direction=,mae=2.117,pred=-0.673,opt=[],time=2022-12-27 09:10:06,obs=0,item=贝斯,反
direction=反,mae=1.965,pred=-2.253,opt=['贝斯', '小提琴', '大'],time=2022-12-27 09:11:04,obs=-1,item=钢琴,正
direction=,mae=0.963,pred=-2.008,opt=[],time=2022-12-27 09:12:02,obs=-1,item=贝斯,正
direction=正,mae=1.131,pred=1.135,opt=['吉他'],time=2022-12-27 09:13:00,obs=-2,item=贝斯,反
direction=,mae=2.071,pred=2.948,opt=[],time=2022-12-27 09:13:58,obs=1,item=架子鼓,反
direction=反,mae=2.541,pred=1.392,opt=['钢琴', '小提琴', '大', '贝斯'],time=2022-12-27 09:14:56,obs=3,item=吉他,正
direction=,mae=1.778,pred=-2.987,opt=[],time=2022-12-27 09:15:54,obs=-1,item=吉他,正
direction=正,mae=1.797,pred=-0.818,opt=['钢琴', '吉他'],time=2022-12-27 09:16:52,obs=0,item=吉他,正
direction=正,mae=1.403,pred=-0.595,opt=['钢琴', '大'],time=2022-12-27 09:17:50,obs=1,item=钢琴,正
direction=正,mae=1.207,pred=-1.349,opt=['大', '钢琴'],time=2022-12-27 09:18:48,obs=0,item=架子鼓,正
direction=正,mae=1.472,pred=-0.523,opt=['大'],time=2022-12-27 09:19:46,obs=-4,item=贝斯,反
direction=,mae=2.413,pred=2.849,opt=[],time=2022-12-27 09:20:44,obs=2,item=吉他,反
direction=反,mae=2.163,pred=-0.435,opt=['小提琴', '吉他', '贝斯'],time=2022-12-27 09:21:42,obs=0,item=小提琴,反
direction=反,mae=0.642,pred=1.078,opt=['吉他', '小提琴', '贝斯'],time=2022-12-27 09:22:40,obs=1,item=钢琴,正
direction=,mae=0.257,pred=-0.409,opt=[],time=2022-12-27 09:23:38,obs=-3,item=贝斯,反
direction=,mae=1.335,pred=1.783,opt=[],time=2022-12-27 09:24:36,obs=2,item=吉他,反
direction=反,mae=1.404,pred=0.435,opt=['钢琴', '吉他', '贝斯'],time=2022-12-27 09:25:34,obs=-2,item=贝斯,反
direction=反,mae=1.326,pred=2.414,opt=['钢琴', '吉他', '贝斯'],time=2022-12-27 09:26:32,obs=4,item=架子鼓,正
direction=,mae=2.011,pred=-2.174,opt=[],time=2022-12-27 09:27:30,obs=-4,item=贝斯,反
direction=,mae=1.706,pred=2.595,opt=[],time=2022-12-27 09:28:28,obs=3,item=架子鼓,反
direction=反,mae=1.115,pred=-2.17,opt=['小提琴', '钢琴', '贝斯']
direction=反,mae=0.777,pred=-1.415,opt=['小提琴', '吉他', '钢琴'],time=2022-12-27 09:49:44,obs=1,item=小提琴,反
direction=反,mae=1.488,pred=-2.519,opt=['小提琴', '吉他', '钢琴'],time=2022-12-27 09:50:42,obs=-1,item=贝斯,正
direction=,mae=1.967,pred=-0.194,opt=[],time=2022-12-27 09:51:40,obs=-3,item=钢琴,反
direction=,mae=2.163,pred=1.966,opt=[],time=2022-12-27 09:52:38,obs=4,item=小提琴,正
direction=,mae=2.42,pred=-0.101,opt=[],time=2022-12-27 09:53:36,obs=-3,item=吉他,反
direction=,mae=2.466,pred=-0.089,opt=[],time=2022-12-27 09:54:34,obs=2,item=小提琴,正
direction=,mae=2.494,pred=-1.226,opt=[],time=2022-12-27 09:55:32,obs=0,item=贝斯,反
direction=,mae=1.657,pred=-1.882,opt=[],time=2022-12-27 09:56:30,obs=0,item=贝斯,正
direction=,mae=1.554,pred=-2.33,opt=[],time=2022-12-27 09:57:28,obs=0,item=吉他,正
direction=正,mae=2.106,pred=-2.546,opt=['小提琴', '钢琴'],time=2022-12-27 09:58:26,obs=-2,item=贝斯,反
direction=,mae=1.438,pred=-0.369,opt=[],time=2022-12-27 09:59:24,obs=-1,item=吉他,反
direction=反,mae=0.589,pred=3.917,opt=['小提琴', '钢琴', '贝斯', '吉他'],time=2022-12-27 10:00:22,obs=0,item=吉他,反
direction=反,mae=2.274,pred=2.548,opt=['贝斯', '小提琴', '钢琴', '吉他'],time=2022-12-27 10:01:20,obs=1,item=钢琴,反
direction=反,mae=2.732,pred=-0.387,opt=['小提琴', '钢琴', '吉他'],time=2022-12-27 10:02:18,obs=2,item=贝斯,正
direction=,mae=1.967,pred=1.066,opt=[],time=2022-12-27 10:03:16,obs=-3,item=吉他,反
direction=,mae=3.226,pred=1.298,opt=[],time=2022-12-27 10:04:14,obs=1,item=贝斯,反
direction=反,mae=2.182,pred=0.653,opt=['钢琴', '贝斯', '吉他'],time=2022-12-27 10:05:12,obs=0,item=贝斯,反
direction=反,mae=0.475,pred=0.393,opt=['大', '钢琴', '吉他'],time=2022-12-27 10:06:10,obs=3,item=竖琴,反
direction=反,mae=1.63,pred=-0.381,opt=['大', '钢琴', '小提琴', '吉他', '贝斯'],time=2022-12-27 10:07:08,obs=-4,item=贝斯,反
direction=反,mae=3.113,pred=1.951,opt=['大', '钢琴', '小提琴', '吉他', '贝斯'],time=2022-12-27 10:08:06,obs=2,item=小提琴,反
direction=反,mae=1.834,pred=0.812,opt=['钢琴', '小提琴', '吉他', '贝斯'],time=2022-12-27 10:09:04,obs=2,item=竖琴,正
direction=,mae=0.618,pred=-0.491,opt=[],time=2022-12-27 10:10:02,obs=-3,item=吉他,反
direction=,mae=1.848,pred=0.265,opt=[],time=2022-12-27 10:11:00,obs=0,item=吉他,反
direction=反,mae=1.387,pred=3.461,opt=['钢琴', '大', '小提琴', '贝斯', '吉他'],time=2022-12-27 10:11:58,obs=0,item=贝斯,反
direction=反,mae=1.863,pred=1.682,opt=['大', '小提琴', '吉他', '贝斯'],time=2022-12-27 10:12:56,obs=1,item=小提琴,反
direction=反,mae=2.071,pred=0.205,opt=['大', '小提琴', '吉他', '贝斯'],time=2022-12-27 10:13:54,obs=1,item=架子鼓,反
direction=反,mae=0.739,pred=-4.069,opt=['钢琴', '小提琴', '大', '吉他'],time=2022-12-27 10:14:52,obs=-1,item=竖琴,反
direction=反,mae=1.932,pred=0.63,opt=['小提琴', '大', '吉他', '贝斯'],time=2022-12-27 10:15:50,obs=0,item=架子鼓,反
direction=反,mae=1.85,pred=1.807,opt=['钢琴', '小提琴', '大', '贝斯', '吉他'],time=2022-12-27 10:16:48,obs=1,item=小提琴,反
direction=反,mae=0.718,pred=-0.91,opt=['钢琴', '吉他', '贝斯'],time=2022-12-27 10:17:46,obs=1,item=钢琴,反
direction=反,mae=1.358,pred=-1.153,opt=['小提琴', '大', '贝斯', '吉他']
direction=反,mae=1.266,pred=0.62,opt=['大', '钢琴', '吉他'],time=2022-12-27 10:40:58,obs=1,item=小提琴,正
direction=,mae=0.505,pred=-1.344,opt=[],time=2022-12-27 10:41:56,obs=1,item=贝斯,反
direction=,mae=1.362,pred=-1.018,opt=[],time=2022-12-27 10:42:54,obs=-2,item=钢琴,反
direction=反,mae=1.663,pred=1.29,opt=['贝斯', '钢琴', '吉他'],time=2022-12-27 10:43:52,obs=2,item=小提琴,正
direction=,mae=0.846,pred=-2.795,opt=[],time=2022-12-27 10:44:50,obs=-2,item=钢琴,正
direction=正,mae=0.753,pred=-0.922,opt=['吉他', '钢琴'],time=2022-12-27 10:45:48,obs=3,item=竖琴,反
direction=,mae=2.359,pred=-4.34,opt=[],time=2022-12-27 10:46:46,obs=-2,item=小提琴,正
direction=,mae=3.131,pred=-3.516,opt=[],time=2022-12-27 10:47:44,obs=0,item=小提琴,正
direction=正,mae=2.928,pred=-0.238,opt=['大'],time=2022-12-27 10:48:42,obs=-2,item=钢琴,反
direction=,mae=2.639,pred=0.228,opt=[],time=2022-12-27 10:49:40,obs=2,item=吉他,正
direction=,mae=1.767,pred=-0.695,opt=[],time=2022-12-27 10:50:38,obs=2,item=架子鼓,正
direction=正,mae=2.234,pred=-1.099,opt=[],time=2022-12-27 10:51:36,obs=0,item=竖琴,反
direction=,mae=1.897,pred=-2.214,opt=[],time=2022-12-27 10:52:34,obs=0,item=贝斯,正
direction=,mae=1.656,pred=-2.843,opt=[],time=2022-12-27 10:53:32,obs=-1,item=贝斯,正
direction=正,mae=2.029,pred=-0.426,opt=['大'],time=2022-12-27 10:54:30,obs=-2,item=小提琴,反
direction=,mae=1.709,pred=0.787,opt=[],time=2022-12-27 10:55:28,obs=1,item=贝斯,反
direction=反,mae=0.893,pred=3.007,opt=['大', '吉他', '钢琴', '贝斯', '小提琴'],time=2022-12-27 10:56:26,obs=-2,item=小提琴,反
direction=反,mae=2.61,pred=3.361,opt=['吉他', '大', '钢琴', '贝斯', '小提琴'],time=2022-12-27 10:57:24,obs=3,item=架子鼓,反
direction=反,mae=2.684,pred=0.504,opt=['吉他', '大', '贝斯', '钢琴', '小提琴'],time=2022-12-27 10:58:22,obs=-2,item=钢琴,反
direction=反,mae=1.433,pred=0.823,opt=['贝斯', '钢琴', '小提琴'],time=2022-12-27 10:59:20,obs=-1,item=小提琴,反
direction=反,mae=2.164,pred=2.711,opt=['大', '贝斯', '钢琴', '小提琴'],time=2022-12-27 11:00:18,obs=4,item=吉他,正
direction=,mae=1.556,pred=1.294,opt=[],time=2022-12-27 11:01:16,obs=0,item=吉他,反
direction=,mae=1.291,pred=-2.104,opt=[],time=2022-12-27 11:02:14,obs=-3,item=钢琴,反
direction=反,mae=1.095,pred=0.592,opt=['贝斯', '钢琴', '小提琴'],time=2022-12-27 11:03:12,obs=-1,item=小提琴,反
direction=反,mae=1.244,pred=1.296,opt=['贝斯', '钢琴', '小提琴']
direction=反,mae=0.963,pred=-3.328,opt=['贝斯', '大', '小提琴'],time=2022-12-27 11:25:26,obs=-2,item=钢琴,正
direction=,mae=1.274,pred=0.254,opt=[],time=2022-12-27 11:26:24,obs=-1,item=吉他,反
direction=,mae=1.291,pred=2.334,opt=[],time=2022-12-27 11:27:22,obs=3,item=架子鼓,正
direction=,mae=0.96,pred=-2.52,opt=[],time=2022-12-27 11:28:20,obs=1,item=贝斯,反
direction=,mae=2.093,pred=-1.884,opt=[],time=2022-12-27 11:29:18,obs=-1,item=小提琴,反
direction=反,mae=2.202,pred=-0.804,opt=['钢琴', '大', '吉他', '小提琴'],time=2022-12-27 11:30:16,obs=-1,item=萨克斯风,反
direction=反,mae=0.54,pred=-2.379,opt=['贝斯', '小提琴', '钢琴'],time=2022-12-27 11:31:14,obs=-1,item=吉他,正
direction=,mae=0.788,pred=2.389,opt=[],time=2022-12-27 11:32:12,obs=0,item=吉他,反
direction=,mae=1.884,pred=2.523,opt=[],time=2022-12-27 11:33:10,obs=3,item=贝斯,反
direction=反,mae=1.433,pred=-0.657,opt=['小提琴', '钢琴', '吉他', '大'],time=2022-12-27 11:34:08,obs=-2,item=钢琴,反
direction=反,mae=0.91,pred=0.786,opt=['吉他', '钢琴', '大'],time=2022-12-27 11:35:06,obs=1,item=小提琴,正
direction=,mae=0.778,pred=0.225,opt=[],time=2022-12-27 11:36:04,obs=-1,item=吉他,反
direction=,mae=0.719,pred=-0.771,opt=[],time=2022-12-27 11:37:02,obs=-2,item=架子鼓,反
direction=反,mae=1.227,pred=3.361,opt=['小提琴', '吉他', '钢琴', '大'],time=2022-12-27 11:38:00,obs=4,item=贝斯,正
direction=,mae=0.934,pred=-2.618,opt=[],time=2022-12-27 11:38:58,obs=-1,item=贝斯,正
direction=正,mae=1.128,pred=-1.567,opt=['大', '贝斯'],time=2022-12-27 11:39:56,obs=-1,item=贝斯,正
direction=正,mae=1.092,pred=-0.929,opt=['大', '钢琴'],time=2022-12-27 11:40:54,obs=-1,item=贝斯,反
direction=,mae=0.319,pred=0.517,opt=[],time=2022-12-27 11:41:52,obs=2,item=钢琴,反
direction=反,mae=0.777,pred=-0.76,opt=['吉他', '钢琴', '贝斯'],time=2022-12-27 11:42:50,obs=-3,item=贝斯,反
direction=反,mae=1.862,pred=0.124,opt=['小提琴', '钢琴', '贝斯'],time=2022-12-27 11:43:48,obs=1,item=吉他,正
direction=,mae=1.558,pred=1.525,opt=[],time=2022-12-27 11:44:46,obs=1,item=钢琴,反
direction=,mae=0.7,pred=-0.404,opt=[],time=2022-12-27 11:45:44,obs=-1,item=吉他,反
direction=反,mae=0.56,pred=-0.673,opt=['小提琴', '大', '钢琴'],time=2022-12-27 11:46:42,obs=1,item=钢琴,反
direction=反,mae=1.134,pred=-1.276,opt=['大', '小提琴', '贝斯'],time=2022-12-27 11:47:40,obs=-1,item=吉他,正
direction=,mae=0.975,pred=2.573,opt=[],time=2022-12-27 11:48:38,obs=0,item=贝斯,反
direction=,mae=1.425,pred=0.788,opt=[],time=2022-12-27 11:49:36,obs=-1,item=贝斯,反
direction=反,mae=2.181,pred=1.752,opt=['钢琴', '吉他', '贝斯'],time=2022-12-27 11:50:34,obs=4,item=萨克斯风,正
direction=,mae=2.018,pred=-4.038,opt=[],time=2022-12-27 11:51:32,obs=-4,item=贝斯,反
direction=,mae=1.143,pred=0.489,opt=[],time=2022-12-27 11:52:30,obs=2,item=吉他,正
direction=,mae=0.774,pred=-1.461,opt=[],time=2022-12-27 11:53:28,obs=1,item=圆号,反
direction=,mae=1.986,pred=-2.334,opt=[],time=2022-12-27 11:54:26,obs=1,item=小提琴,反
direction=反,mae=2.898,pred=-1.807,opt=['小提琴', '大', '钢琴', '吉他', '贝斯'],time=2022-12-27 11:55:24,obs=0,item=小提琴,反
direction=反,mae=2.57,pred=-0.518,opt=['小提琴', '大', '钢琴', '吉他', '贝斯'],time=2022-12-27 11:56:22,obs=-2,item=钢琴,反
direction=反,mae=1.644,pred=2.239,opt=['大', '小提琴', '吉他', '钢琴', '贝斯'],time=2022-12-27 11:57:20,obs=1,item=小提琴,反
direction=反,mae=1.36,pred=1.799,opt=['大', '小提琴', '吉他', '钢琴', '贝斯'],time=2022-12-27 11:58:18,obs=1,item=圆号,反
direction=反,mae=1.019,pred=-1.573,opt=['吉他', '钢琴', '贝斯'],time=2022-12-27 11:59:16,obs=-3,item=钢琴,反
direction=反,mae=1.113,pred=0.737,opt=['大', '贝斯', '钢琴'],time=2022-12-27 12:00:14,obs=2,item=小提琴,正
direction=,mae=1.345,pred=-2.405,opt=[],time=2022-12-27 12:01:12,obs=-3,item=钢琴,反
direction=,mae=0.929,pred=2.062,opt=[],time=2022-12-27 12:02:10,obs=4,item=架子鼓,反
direction=反,mae=1.267,pred=-1.79,opt=['吉他', '小提琴', '钢琴'],time=2022-12-27 12:03:08,obs=-2,item=吉他,反
direction=反,mae=1.074,pred=2.184,opt=['贝斯', '大', '吉他', '小提琴', '钢琴'],time=2022-12-27 12:04:06,obs=0,item=吉他,反
direction=反,mae=1.197,pred=0.963,opt=['大', '小提琴', '钢琴', '吉他'],time=2022-12-27 12:05:04,obs=2,item=贝斯,正
direction=,mae=1.611,pred=-0.714,opt=[],time=2022-12-27 12:06:02,obs=-4,item=钢琴,反
direction=,mae=2.161,pred=0.978,opt=[],time=2022-12-27 12:07:00,obs=1,item=小提琴,反
direction=反,mae=1.654,pred=1.092,opt=['贝斯', '钢琴', '小提琴'],time=2022-12-27 12:07:58,obs=0,item=钢琴,反
direction=反,mae=0.557,pred=1.235,opt=['贝斯', '小提琴', '钢琴'],time=2022-12-27 12:08:56,obs=0,item=小提琴,反
direction=反,mae=1.163,pred=1.619,opt=['大', '钢琴', '小提琴'],time=2022-12-27 12:09:54,obs=-1,item=小提琴,反
direction=反,mae=1.927,pred=1.844,opt=['吉他', '钢琴', '小提琴'],time=2022-12-27 12:10:52,obs=3,item=架子鼓,正
direction=,mae=1.887,pred=-1.374,opt=[],time=2022-12-27 12:11:50,obs=-3,item=小提琴,反
direction=,mae=1.391,pred=0.373,opt=[],time=2022-12-27 12:12:48,obs=3,item=吉他,反
direction=反,mae=2.127,pred=-0.972,opt=['大', '吉他', '钢琴', '小提琴'],time=2022-12-27 12:13:46,obs=-2,item=钢琴,反
direction=反,mae=1.827,pred=1.336,opt=['大', '吉他', '钢琴', '小提琴'],time=2022-12-27 12:14:44,obs=1,item=吉他,反
direction=反,mae=0.682,pred=1.152,opt=['吉他', '小提琴', '钢琴'],time=2022-12-27 12:15:42,obs=-1,item=小提琴,反
direction=反,mae=1.244,pred=2.882,opt=['贝斯', '大', '吉他', '钢琴', '小提琴'],time=2022-12-27 12:16:40,obs=2,item=萨克斯风,反
direction=反,mae=1.517,pred=-2.843,opt=['贝斯', '大', '小提琴'],time=2022-12-27 12:17:38,obs=-2,item=钢琴,正
direction=,mae=0.863,pred=2.177,opt=[],time=2022-12-27 12:18:36,obs=2,item=萨克斯风,反
direction=,mae=0.51,pred=-2.145,opt=[],time=2022-12-27 12:19:34,obs=-2,item=钢琴,正
direction=,mae=0.161,pred=0.176,opt=[],time=2022-12-27 12:20:32,obs=0,item=小提琴,正
direction=正,mae=0.16,pred=1.099,opt=['大', '吉他'],time=2022-12-27 12:21:30,obs=-1,item=小提琴,反
direction=,mae=1.138,pred=1.256,opt=[],time=2022-12-27 12:22:28,obs=0,item=小提琴,反
direction=反,mae=1.677,pred=2.497,opt=['大', '吉他', '钢琴', '小提琴'],time=2022-12-27 12:23:26,obs=3,item=架子鼓,反
direction=反,mae=0.879,pred=-0.499,opt=['大', '钢琴', '小提琴'],time=2022-12-27 12:24:24,obs=-1,item=竖琴,反
direction=反,mae=0.502,pred=-0.724,opt=['贝斯', '吉他', '小提琴'],time=2022-12-27 12:25:22,obs=-1,item=钢琴,正
direction=,mae=0.388,pred=0.113,opt=[],time=2022-12-27 12:26:20,obs=2,item=吉他,反
direction=,mae=1.081,pred=-3.213,opt=[],time=2022-12-27 12:27:18,obs=-2,item=钢琴,正
direction=,mae=1.55,pred=1.697,opt=[],time=2022-12-27 12:28:16,obs=3,item=贝斯,正
direction=正,mae=1.258,pred=-3.965,opt=['大', '钢琴'],time=2022-12-27 12:29:14,obs=0,item=贝斯,反
direction=,mae=2.634,pred=0.722,opt=[],time=2022-12-27 12:30:12,obs=-4,item=钢琴,反
direction=反,mae=4.344,pred=2.653,opt=['贝斯', '吉他', '大', '小提琴', '钢琴'],time=2022-12-27 12:31:10,obs=3,item=吉他,反
direction=反,mae=2.535,pred=-0.5,opt=['贝斯', '大', '吉他', '小提琴', '钢琴'],time=2022-12-27 12:32:08,obs=-1,item=吉他,反
direction=反,mae=0.424,pred=-0.148,opt=['贝斯', '小提琴', '钢琴'],time=2022-12-27 12:33:06,obs=-2,item=钢琴,反
direction=反,mae=1.176,pred=1.12,opt=['贝斯', '小提琴', '钢琴'],time=2022-12-27 12:34:04,obs=4,item=贝斯,反
direction=反,mae=2.366,pred=-3.42,opt=['贝斯', '小提琴', '钢琴'],time=2022-12-27 12:35:02,obs=-4,item=钢琴,反
direction=反,mae=1.73,pred=-0.6,opt=['贝斯', '吉他', '钢琴']
direction=反,mae=0.958,pred=-0.457,opt=['大', '钢琴', '小提琴'],time=2022-12-27 12:56:18,obs=-2,item=小提琴,反
direction=反,mae=1.035,pred=2.136,opt=['吉他', '钢琴', '小提琴'],time=2022-12-27 12:57:16,obs=4,item=架子鼓,正
direction=,mae=1.703,pred=-4.01,opt=[],time=2022-12-27 12:58:14,obs=-2,item=吉他,正
direction=正,mae=1.937,pred=0.324,opt=['大'],time=2022-12-27 12:59:12,obs=2,item=架子鼓,正
direction=正,mae=1.843,pred=-4.721,opt=['钢琴', '小提琴'],time=2022-12-27 13:00:10,obs=-1,item=竖琴,反
direction=,mae=2.698,pred=-1.667,opt=[],time=2022-12-27 13:01:08,obs=0,item=架子鼓,反
direction=反,mae=2.694,pred=0.896,opt=['贝斯', '小提琴', '钢琴', '大', '吉他'],time=2022-12-27 13:02:06,obs=-1,item=钢琴,反
direction=反,mae=1.782,pred=-0.756,opt=['小提琴', '大', '钢琴'],time=2022-12-27 13:03:04,obs=-2,item=钢琴,反
direction=反,mae=1.57,pred=1.209,opt=['贝斯', '大', '钢琴'],time=2022-12-27 13:04:02,obs=0,item=钢琴,反
direction=反,mae=1.226,pred=1.148,opt=['贝斯', '小提琴', '钢琴'],time=2022-12-27 13:05:00,obs=2,item=吉他,正
direction=,mae=1.03,pred=-2.081,opt=[],time=2022-12-27 13:05:58,obs=-1,item=吉他,正
direction=正,mae=0.966,pred=0.435,opt=['大', '小提琴'],time=2022-12-27 13:06:56,obs=2,item=圆号,正
direction=正,mae=1.323,pred=0.516,opt=['贝斯'],time=2022-12-27 13:07:54,obs=1,item=贝斯,正
direction=正,mae=1.025,pred=-1.774,opt=['贝斯', '小提琴'],time=2022-12-27 13:08:52,obs=-1,item=小提琴,正
direction=正,mae=0.629,pred=-1.759,opt=['钢琴', '大'],time=2022-12-27 13:09:50,obs=-3,item=吉他,反
direction=,mae=1.008,pred=3.805,opt=[],time=2022-12-27 13:10:48,obs=1,item=萨克斯风,反
direction=反,mae=2.023,pred=-1.089,opt=['贝斯', '小提琴', '吉他'],time=2022-12-27 13:11:46,obs=3,item=贝斯,反
direction=反,mae=3.447,pred=-2.845,opt=['小提琴', '钢琴', '大', '吉他'],time=2022-12-27 13:12:44,obs=-3,item=圆号,反
direction=反,mae=2.122,pred=2.131,opt=['贝斯', '小提琴', '钢琴', '吉他', '大'],time=2022-12-27 13:13:42,obs=-1,item=圆号,反
direction=反,mae=1.643,pred=4.043,opt=['贝斯', '小提琴', '钢琴', '吉他', '大'],time=2022-12-27 13:14:40,obs=0,item=萨克斯风,反
direction=反,mae=3.587,pred=5.212,opt=['贝斯', '小提琴', '钢琴', '吉他', '大'],time=2022-12-27 13:15:38,obs=4,item=贝斯,反
direction=反,mae=2.628,pred=-2.352,opt=['贝斯', '钢琴', '吉他', '大'],time=2022-12-27 13:16:36,obs=-2,item=钢琴,反
direction=反,mae=0.782,pred=-0.371,opt=['小提琴', '钢琴', '大'],time=2022-12-27 13:17:34,obs=-1,item=钢琴,反
direction=反,mae=0.49,pred=1.347,opt=['小提琴', '钢琴', '大'],time=2022-12-27 13:18:32,obs=1,item=吉他,正
direction=,mae=0.488,pred=-0.042,opt=[],time=2022-12-27 13:19:30,obs=1,item=贝斯,正
direction=正,mae=0.695,pred=-0.493,opt=['小提琴', '贝斯'],time=2022-12-27 13:20:28,obs=0,item=贝斯,正
direction=正,mae=0.767,pred=1.87,opt=[],time=2022-12-27 13:21:26,obs=-1,item=萨克斯风,反
direction=,mae=1.681,pred=1.657,opt=[],time=2022-12-27 13:22:24,obs=-2,item=圆号,反
direction=反,mae=3.263,pred=-0.028,opt=['吉他', '贝斯', '大'],time=2022-12-27 13:23:22,obs=2,item=吉他,反
direction=反,mae=2.842,pred=0.025,opt=['钢琴', '贝斯', '吉他', '大'],time=2022-12-27 13:24:20,obs=1,item=钢琴,反
direction=反,mae=1.502,pred=0.272,opt=['钢琴', '吉他', '贝斯', '大'],time=2022-12-27 13:25:18,obs=-2,item=贝斯,反
direction=反,mae=1.624,pred=0.524,opt=['钢琴', '贝斯', '大'],time=2022-12-27 13:26:16,obs=-1,item=架子鼓,反
direction=反,mae=1.898,pred=1.076,opt=['小提琴', '贝斯', '大'],time=2022-12-27 13:27:14,obs=1,item=贝斯,反
direction=反,mae=0.8,pred=1.933,opt=['钢琴', '贝斯', '大'],time=2022-12-27 13:28:12,obs=-1,item=架子鼓,反
direction=反,mae=1.504,pred=0.937,opt=['小提琴', '贝斯', '大'],time=2022-12-27 13:29:10,obs=0,item=架子鼓,反
direction=反,mae=1.935,pred=4.38,opt=['小提琴', '吉他', '钢琴', '贝斯', '大'],time=2022-12-27 13:30:08,obs=1,item=贝斯,反
direction=反,mae=2.158,pred=3.152,opt=['小提琴', '吉他', '钢琴', '贝斯', '大'],time=2022-12-27 13:31:06,obs=0,item=贝斯,反
direction=反,mae=3.266,pred=0.359,opt=['吉他', '钢琴', '贝斯', '大'],time=2022-12-27 13:32:04,obs=0,item=贝斯,反
direction=反,mae=1.755,pred=-0.267,opt=['小提琴', '大', '贝斯'],time=2022-12-27 13:33:02,obs=3,item=小提琴,反
direction=反,mae=1.813,pred=-1.291,opt=['吉他', '钢琴', '大', '贝斯'],time=2022-12-27 13:34:00,obs=-2,item=钢琴,反
direction=反,mae=1.988,pred=1.24,opt=['小提琴', '吉他', '钢琴', '大', '贝斯'],time=2022-12-27 13:34:58,obs=0,item=钢琴,反
direction=反,mae=0.975,pred=-0.382,opt=['小提琴', '钢琴', '贝斯'],time=2022-12-27 13:35:56,obs=-1,item=钢琴,反
direction=反,mae=0.929,pred=1.998,opt=['大', '钢琴', '贝斯'],time=2022-12-27 13:36:54,obs=-1,item=贝斯,反
direction=反,mae=1.808,pred=0.499,opt=['小提琴', '大', '贝斯'],time=2022-12-27 13:37:52,obs=4,item=小提琴,反
direction=反,mae=3.25,pred=-3.93,opt=['钢琴', '大', '贝斯'],time=2022-12-27 13:38:50,obs=-2,item=钢琴,反
direction=反,mae=2.716,pred=1.51,opt=['吉他', '小提琴', '大', '钢琴', '贝斯'],time=2022-12-27 13:39:48,obs=-2,item=贝斯,反
direction=反,mae=2.72,pred=2.774,opt=['吉他', '小提琴', '大', '钢琴', '贝斯'],time=2022-12-27 13:40:46,obs=0,item=贝斯,反
direction=反,mae=3.142,pred=3.779,opt=['吉他', '小提琴', '大', '钢琴', '贝斯'],time=2022-12-27 13:41:44,obs=2,item=萨克斯风,反
direction=反,mae=2.277,pred=-0.786,opt=['大', '钢琴', '贝斯'],time=2022-12-27 13:42:42,obs=1,item=小提琴,正
direction=,mae=1.782,pred=-1.189,opt=[],time=2022-12-27 13:43:40,obs=-1,item=架子鼓,反
direction=,mae=0.987,pred=-0.114,opt=[],time=2022-12-27 13:44:38,obs=2,item=吉他,反
direction=反,mae=1.151,pred=-4.143,opt=['吉他', '小提琴', '贝斯'],time=2022-12-27 13:45:36,obs=0,item=吉他,反
direction=反,mae=3.129,pred=-0.44,opt=['吉他', '小提琴', '大', '钢琴', '贝斯'],time=2022-12-27 13:46:34,obs=-3,item=钢琴,反
direction=反,mae=3.351,pred=-1.159,opt=['大', '钢琴', '贝斯'],time=2022-12-27 13:47:32,obs=1,item=架子鼓,反
direction=反,mae=2.359,pred=1.433,opt=['吉他', '小提琴', '大', '钢琴', '贝斯'],time=2022-12-27 13:48:30,obs=-1,item=钢琴,反
direction=反,mae=2.296,pred=2.246,opt=['吉他', '大', '小提琴', '贝斯', '钢琴'],time=2022-12-27 13:49:28,obs=-1,item=钢琴,反
direction=反,mae=2.839,pred=1.956,opt=['大', '小提琴', '贝斯', '钢琴'],time=2022-12-27 13:50:26,obs=2,item=小提琴,反
direction=反,mae=1.645,pred=0.584,opt=['大', '贝斯', '小提琴', '钢琴'],time=2022-12-27 13:51:24,obs=-2,item=钢琴,反
direction=反,mae=1.314,pred=1.186,opt=['吉他', '小提琴', '钢琴'],time=2022-12-27 13:52:22,obs=4,item=吉他,反
direction=反,mae=2.699,pred=-2.071,opt=['贝斯', '吉他', '小提琴', '钢琴'],time=2022-12-27 13:53:20,obs=-1,item=贝斯,反
direction=反,mae=1.942,pred=-1.058,opt=['小提琴', '贝斯', '钢琴'],time=2022-12-27 13:54:18,obs=-3,item=钢琴,反
direction=反,mae=1.506,pred=0.569,opt=['大', '贝斯', '钢琴'],time=2022-12-27 13:55:16,obs=0,item=钢琴,反
direction=反,mae=1.256,pred=2.912,opt=['吉他', '小提琴', '贝斯', '钢琴'],time=2022-12-27 13:56:14,obs=0,item=钢琴,反
direction=反,mae=1.741,pred=2.249,opt=['吉他', '小提琴', '钢琴'],time=2022-12-27 13:57:12,obs=3,item=贝斯,正
direction=,mae=1.832,pred=-1.909,opt=[],time=2022-12-27 13:58:10,obs=-3,item=钢琴,反
direction=,mae=0.921,pred=2.449,opt=[],time=2022-12-27 13:59:08,obs=1,item=贝斯,反
direction=反,mae=1.27,pred=0.626,opt=['小提琴', '贝斯', '钢琴'],time=2022-12-27 14:00:06,obs=0,item=贝斯,反
direction=反,mae=1.037,pred=0.861,opt=['小提琴', '贝斯', '钢琴'],time=2022-12-27 14:01:04,obs=-1,item=钢琴,反
direction=反,mae=1.244,pred=3.537,opt=['小提琴', '吉他', '贝斯', '钢琴'],time=2022-12-27 14:02:02,obs=4,item=圆号,正
direction=,mae=1.162,pred=-0.115,opt=[],time=2022-12-27 14:03:00,obs=-3,item=贝斯,反
direction=,mae=1.674,pred=-0.348,opt=[],time=2022-12-27 14:03:58,obs=2,item=架子鼓,正
direction=,mae=2.616,pred=-1.249,opt=[],time=2022-12-27 14:04:56,obs=-2,item=贝斯,反
direction=,mae=1.549,pred=0.985,opt=[],time=2022-12-27 14:05:54,obs=0,item=贝斯,反
direction=反,mae=0.868,pred=2.994,opt=['小提琴', '大', '贝斯', '钢琴'],time=2022-12-27 14:06:52,obs=-1,item=钢琴,反
direction=反,mae=2.489,pred=3.511,opt=['吉他', '小提琴', '大', '贝斯', '钢琴'],time=2022-12-27 14:07:50,obs=0,item=钢琴,反
direction=反,mae=3.753,pred=3.761,opt=['吉他', '小提琴', '大', '贝斯', '钢琴'],time=2022-12-27 14:08:48,obs=0,item=钢琴,反
direction=反,mae=3.636,pred=3.497,opt=['吉他', '小提琴', '大', '贝斯', '钢琴'],time=2022-12-27 14:09:46,obs=3,item=小提琴,反
direction=反,mae=2.129,pred=0.705,opt=['吉他', '小提琴', '大', '贝斯', '钢琴'],time=2022-12-27 14:10:44,obs=-1,item=竖琴,反
direction=反,mae=1.101,pred=0.15,opt=['大', '贝斯', '钢琴'],time=2022-12-27 14:11:42,obs=1,item=小提琴,正
direction=,mae=1.277,pred=-2.291,opt=[]
direction=,mae=1.511,pred=0.248,opt=[],time=2022-12-27 14:49:24,obs=1,item=架子鼓,正
direction=正,mae=1.672,pred=-0.332,opt=['贝斯'],time=2022-12-27 14:50:22,obs=-3,item=钢琴,反
direction=,mae=1.71,pred=0.802,opt=[],time=2022-12-27 14:51:20,obs=3,item=圆号,正
direction=,mae=2.433,pred=-4.171,opt=[],time=2022-12-27 14:52:18,obs=0,item=架子鼓,反
direction=,mae=3.184,pred=-0.678,opt=[],time=2022-12-27 14:53:16,obs=1,item=贝斯,反
direction=反,mae=2.925,pred=-1.939,opt=['小提琴', '大', '吉他', '钢琴'],time=2022-12-27 14:54:14,obs=-3,item=吉他,反
direction=反,mae=1.37,pred=-0.144,opt=['贝斯', '吉他', '钢琴'],time=2022-12-27 14:55:12,obs=0,item=吉他,反
direction=反,mae=0.603,pred=2.347,opt=['小提琴', '吉他', '钢琴'],time=2022-12-27 14:56:10,obs=-1,item=钢琴,反
direction=反,mae=1.745,pred=1.614,opt=['小提琴', '吉他', '钢琴'],time=2022-12-27 14:57:08,obs=1,item=吉他,反
direction=反,mae=1.98,pred=-0.046,opt=['贝斯', '吉他', '钢琴'],time=2022-12-27 14:58:06,obs=-1,item=钢琴,反
direction=反,mae=0.784,pred=3.175,opt=['小提琴', '吉他', '钢琴'],time=2022-12-27 14:59:04,obs=4,item=贝斯,正
direction=,mae=0.89,pred=0.782,opt=[],time=2022-12-27 15:00:02,obs=-3,item=吉他,反
direction=,mae=2.303,pred=1.655,opt=[],time=2022-12-27 15:01:00,obs=3,item=小提琴,正
direction=,mae=2.563,pred=0.719,opt=[],time=2022-12-27 15:01:58,obs=-4,item=吉他,反
direction=,mae=3.032,pred=2.634,opt=[],time=2022-12-27 15:02:56,obs=3,item=贝斯,反
direction=反,mae=2.543,pred=0.533,opt=['小提琴', '大', '贝斯', '钢琴', '吉他'],time=2022-12-27 15:03:54,obs=0,item=萨克斯风,反
direction=反,mae=0.45,pred=-0.22,opt=['贝斯', '钢琴', '吉他'],time=2022-12-27 15:04:52,obs=-2,item=钢琴,反
direction=反,mae=1.157,pred=-0.349,opt=['小提琴', '大', '钢琴'],time=2022-12-27 15:05:50,obs=-1,item=钢琴,反
direction=反,mae=1.216,pred=1.013,opt=['小提琴', '吉他', '钢琴'],time=2022-12-27 15:06:48,obs=0,item=钢琴,反
direction=反,mae=0.832,pred=1.568,opt=['小提琴', '吉他', '钢琴'],time=2022-12-27 15:07:46,obs=1,item=吉他,反
direction=反,mae=0.79,pred=1.282,opt=['大', '吉他', '钢琴'],time=2022-12-27 15:08:44,obs=-1,item=钢琴,反
direction=反,mae=1.425,pred=3.406,opt=['大', '贝斯', '吉他', '钢琴'],time=2022-12-27 15:09:42,obs=0,item=钢琴,反
direction=反,mae=2.844,pred=3.752,opt=['小提琴', '大', '贝斯', '吉他', '钢琴'],time=2022-12-27 15:10:40,obs=3,item=架子鼓,反
direction=反,mae=2.079,pred=-0.272,opt=['大', '贝斯', '吉他', '钢琴'],time=2022-12-27 15:11:38,obs=1,item=小提琴,正
direction=,mae=1.012,pred=-3.689,opt=[],time=2022-12-27 15:12:36,obs=-1,item=小提琴,反
direction=,mae=1.98,pred=1.143,opt=[],time=2022-12-27 15:13:34,obs=0,item=贝斯,反
direction=反,mae=1.916,pred=-0.101,opt=['贝斯', '小提琴', '吉他', '钢琴'],time=2022-12-27 15:14:32,obs=0,item=贝斯,反
direction=反,mae=0.622,pred=1.213,opt=['小提琴', '贝斯', '吉他', '钢琴'],time=2022-12-27 15:15:30,obs=1,item=架子鼓,正
direction=,mae=0.157,pred=0.554,opt=[],time=2022-12-27 15:16:28,obs=-1,item=小提琴,反
direction=,mae=0.883,pred=-1.409,opt=[],time=2022-12-27 15:17:26,obs=-2,item=小提琴,反
direction=反,mae=1.072,pred=-0.32,opt=['大', '吉他', '钢琴'],time=2022-12-27 15:18:24,obs=0,item=小提琴,正
direction=,mae=0.456,pred=0.001,opt=[],time=2022-12-27 15:19:22,obs=1,item=吉他,正
direction=正,mae=0.66,pred=0.698,opt=['大', '贝斯'],time=2022-12-27 15:20:20,obs=-2,item=小提琴,反
direction=,mae=1.848,pred=-0.394,opt=[],time=2022-12-27 15:21:18,obs=2,item=吉他,正
direction=,mae=2.546,pred=-0.692,opt=[],time=2022-12-27 15:22:16,obs=0,item=吉他,反
direction=,mae=1.543,pred=-0.456,opt=[],time=2022-12-27 15:23:14,obs=-1,item=钢琴,反
direction=反,mae=0.618,pred=0.232,opt=['大', '贝斯', '钢琴'],time=2022-12-27 15:24:12,obs=0,item=小提琴,正
direction=,mae=0.388,pred=1.03,opt=[],time=2022-12-27 15:25:10,obs=3,item=架子鼓,反
direction=,mae=1.101,pred=-1.059,opt=[],time=2022-12-27 15:26:08,obs=0,item=贝斯,正
direction=,mae=1.515,pred=-2.542,opt=[],time=2022-12-27 15:27:06,obs=-2,item=钢琴,正
direction=正,mae=0.801,pred=0.498,opt=['大', '贝斯'],time=2022-12-27 15:28:04,obs=1,item=贝斯,正
direction=正,mae=0.522,pred=-1.028,opt=['吉他', '钢琴'],time=2022-12-27 15:29:02,obs=-3,item=小提琴,反
direction=,mae=1.237,pred=1.594,opt=[],time=2022-12-27 15:30:00,obs=1,item=贝斯,反
direction=反,mae=1.283,pred=-0.622,opt=['大', '钢琴', '小提琴'],time=2022-12-27 15:30:58,obs=0,item=贝斯,正
direction=,mae=0.608,pred=1.331,opt=[],time=2022-12-27 15:31:56,obs=0,item=贝斯,反
direction=,mae=0.977,pred=2.456,opt=[],time=2022-12-27 15:32:54,obs=3,item=竖琴,正
direction=,mae=0.938,pred=0.498,opt=[],time=2022-12-27 15:33:52,obs=-2,item=吉他,反
direction=,mae=1.521,pred=-0.259,opt=[],time=2022-12-27 15:34:50,obs=-2,item=小提琴,反
direction=反,mae=2.12,pred=2.573,opt=['钢琴', '吉他', '贝斯', '小提琴'],time=2022-12-27 15:35:48,obs=1,item=贝斯,反
direction=反,mae=1.657,pred=0.329,opt=['大', '贝斯', '小提琴'],time=2022-12-27 15:36:46,obs=3,item=圆号,反
direction=反,mae=2.122,pred=-0.275,opt=['钢琴', '大', '吉他', '小提琴', '贝斯'],time=2022-12-27 15:37:44,obs=-1,item=架子鼓,反
direction=反,mae=1.698,pred=-2.401,opt=['钢琴', '小提琴', '贝斯'],time=2022-12-27 15:38:42,obs=1,item=钢琴,反
direction=反,mae=2.063,pred=-3.031,opt=['大', '小提琴', '贝斯'],time=2022-12-27 15:39:40,obs=-2,item=架子鼓,反
direction=反,mae=2.216,pred=0.948,opt=['吉他', '小提琴', '钢琴', '大', '贝斯'],time=2022-12-27 15:40:38,obs=-1,item=架子鼓,反
direction=反,mae=1.489,pred=4.093,opt=['吉他', '小提琴', '钢琴', '大', '贝斯'],time=2022-12-27 15:41:36,obs=2,item=小提琴,反
direction=反,mae=2.02,pred=-0.651,opt=['钢琴', '小提琴', '大', '贝斯'],time=2022-12-27 15:42:34,obs=-2,item=竖琴,反
direction=反,mae=1.721,pred=1.216,opt=['小提琴', '贝斯', '大'],time=2022-12-27 15:43:32,obs=-1,item=竖琴,反
direction=反,mae=1.782,pred=2.021,opt=['小提琴', '贝斯', '大'],time=2022-12-27 15:44:30,obs=1,item=贝斯,反
direction=反,mae=1.618,pred=2.273,opt=['钢琴', '小提琴', '大', '贝斯'],time=2022-12-27 15:45:28,obs=3,item=吉他,正
direction=,mae=0.874,pred=-0.545,opt=[],time=2022-12-27 15:46:26,obs=-1,item=钢琴,反
direction=,mae=0.591,pred=-1.734,opt=[],time=2022-12-27 15:47:24,obs=-2,item=贝斯,正
direction=,mae=0.361,pred=0.143,opt=[],time=2022-12-27 15:48:22,obs=3,item=吉他,反
direction=,mae=1.561,pred=-2.394,opt=[],time=2022-12-27 15:49:20,obs=-4,item=萨克斯风,反
direction=反,mae=2.231,pred=2.531,opt=['钢琴', '吉他', '贝斯', '大'],time=2022-12-27 15:50:18,obs=3,item=钢琴,反
direction=反,mae=1.037,pred=1.085,opt=['小提琴', '吉他', '钢琴', '贝斯', '大'],time=2022-12-27 15:51:16,obs=-2,item=贝斯,反
direction=反,mae=1.777,pred=0.236,opt=['钢琴', '贝斯', '大'],time=2022-12-27 15:52:14,obs=3,item=小提琴,正
direction=,mae=2.924,pred=-3.182,opt=[],time=2022-12-27 15:53:12,obs=-2,item=钢琴,反
direction=,mae=1.973,pred=-1.915,opt=[],time=2022-12-27 15:54:10,obs=-1,item=钢琴,反
direction=反,mae=1.048,pred=0.676,opt=['吉他', '钢琴', '大'],time=2022-12-27 15:55:08,obs=0,item=钢琴,反
direction=反,mae=0.795,pred=1.401,opt=['贝斯', '钢琴', '大'],time=2022-12-27 15:56:06,obs=1,item=贝斯,反
direction=反,mae=0.538,pred=0.429,opt=['吉他', '大', '钢琴'],time=2022-12-27 15:57:04,obs=2,item=吉他,反
direction=反,mae=0.986,pred=-1.921,opt=['贝斯', '大', '钢琴']