2022-12-16 16:00:10按预测 胜率: 2|3, 0.67
2022-12-16 16:00:10按补充 胜率: 1|3, 0.33
此时已下注：0音符
此时已回收：0音符
********************
2022-12-16 17:00:06按预测 胜率: 30|62, 0.48
2022-12-16 17:00:06按补充 胜率: 32|62, 0.52
此时已下注：246音符
此时已回收：55音符
********************
2022-12-16 18:00:02按预测 胜率: 33|62, 0.53
2022-12-16 18:00:02按补充 胜率: 29|62, 0.47
此时已下注：694音符
此时已回收：565音符
********************
2022-12-16 18:59:58按预测 胜率: 29|62, 0.47
2022-12-16 18:59:58按补充 胜率: 33|62, 0.53
此时已下注：694音符
此时已回收：565音符
********************
2022-12-16 19:59:54按预测 胜率: 38|62, 0.61
2022-12-16 19:59:54按补充 胜率: 24|62, 0.39
此时已下注：1160音符
此时已回收：1615音符
********************
