2022-12-14 17:00:24按预测 胜率: 8|23, 0.35
2022-12-14 17:00:24按补充 胜率: 15|23, 0.65
此时已下注：0音符
此时已回收：0音符
********************
2022-12-14 18:00:20按预测 胜率: 28|62, 0.45
2022-12-14 18:00:20按补充 胜率: 34|62, 0.55
此时已下注：0音符
此时已回收：0音符
********************
2022-12-14 21:00:08按预测 胜率: 27|46, 0.59
2022-12-14 21:00:08按补充 胜率: 19|46, 0.41
此时已下注：244音符
此时已回收：50音符
********************
2022-12-14 22:00:04按预测 胜率: 3|4, 0.75
2022-12-14 22:00:04按补充 胜率: 1|4, 0.25
此时已下注：0音符
此时已回收：0音符
********************
2022-12-14 23:00:00按预测 胜率: 36|62, 0.58
2022-12-14 23:00:00按补充 胜率: 26|62, 0.42
此时已下注：222音符
此时已回收：0音符
********************
2022-12-14 23:59:56按预测 胜率: 28|62, 0.45
2022-12-14 23:59:56按补充 胜率: 34|62, 0.55
此时已下注：666音符
此时已回收：0音符
********************
2022-12-15 00:59:52按预测 胜率: 6|12, 0.5
2022-12-15 00:59:52按补充 胜率: 6|12, 0.5
此时已下注：0音符
此时已回收：0音符
********************
2022-12-15 01:59:48按预测 胜率: 25|62, 0.4
2022-12-15 01:59:48按补充 胜率: 37|62, 0.6
此时已下注：248音符
此时已回收：60音符
********************
2022-12-15 02:59:44按预测 胜率: 29|62, 0.47
2022-12-15 02:59:44按补充 胜率: 33|62, 0.53
此时已下注：472音符
此时已回收：65音符
********************
2022-12-15 03:59:40按预测 胜率: 34|62, 0.55
2022-12-15 03:59:40按补充 胜率: 28|62, 0.45
此时已下注：696音符
此时已回收：570音符
********************
2022-12-15 04:59:36按预测 胜率: 29|62, 0.47
2022-12-15 04:59:36按补充 胜率: 33|62, 0.53
此时已下注：696音符
此时已回收：570音符
********************
2022-12-15 05:59:32按预测 胜率: 29|62, 0.47
2022-12-15 05:59:32按补充 胜率: 33|62, 0.53
此时已下注：696音符
此时已回收：570音符
********************
2022-12-15 06:00:30按预测 胜率: 1|1, 1.0
2022-12-15 06:00:30按补充 胜率: 0|1, 0.0
此时已下注：696音符
此时已回收：570音符
********************
2022-12-15 07:00:26按预测 胜率: 26|62, 0.42
2022-12-15 07:00:26按补充 胜率: 36|62, 0.58
此时已下注：722音符
此时已回收：580音符
********************
2022-12-15 08:00:22按预测 胜率: 28|62, 0.45
2022-12-15 08:00:22按补充 胜率: 34|62, 0.55
此时已下注：922音符
此时已回收：580音符
********************
2022-12-15 09:00:18按预测 胜率: 36|62, 0.58
2022-12-15 09:00:18按补充 胜率: 26|62, 0.42
此时已下注：924音符
此时已回收：585音符
********************
2022-12-15 10:00:14按预测 胜率: 30|62, 0.48
2022-12-15 10:00:14按补充 胜率: 32|62, 0.52
此时已下注：1146音符
此时已回收：585音符
********************
2022-12-15 11:00:10按预测 胜率: 29|62, 0.47
2022-12-15 11:00:10按补充 胜率: 33|62, 0.53
此时已下注：1372音符
此时已回收：595音符
********************
2022-12-15 12:00:06按预测 胜率: 35|62, 0.56
2022-12-15 12:00:06按补充 胜率: 27|62, 0.44
此时已下注：1594音符
此时已回收：595音符
********************
2022-12-15 13:00:02按预测 胜率: 26|62, 0.42
2022-12-15 13:00:02按补充 胜率: 36|62, 0.58
此时已下注：1842音符
此时已回收：655音符
********************
2022-12-15 13:59:58按预测 胜率: 35|62, 0.56
2022-12-15 13:59:58按补充 胜率: 27|62, 0.44
此时已下注：2288音符
此时已回收：660音符
********************
2022-12-15 14:59:54按预测 胜率: 33|62, 0.53
2022-12-15 14:59:54按补充 胜率: 29|62, 0.47
此时已下注：2336音符
此时已回收：720音符
********************
2022-12-15 15:59:50按预测 胜率: 30|62, 0.48
2022-12-15 15:59:50按补充 胜率: 32|62, 0.52
此时已下注：2536音符
此时已回收：720音符
********************
2022-12-15 16:59:46按预测 胜率: 30|62, 0.48
2022-12-15 16:59:46按补充 胜率: 32|62, 0.52
此时已下注：2536音符
此时已回收：720音符
********************
2022-12-15 17:59:42按预测 胜率: 34|62, 0.55
2022-12-15 17:59:42按补充 胜率: 28|62, 0.45
此时已下注：2780音符
此时已回收：770音符
********************
2022-12-15 18:59:38按预测 胜率: 29|62, 0.47
2022-12-15 18:59:38按补充 胜率: 33|62, 0.53
此时已下注：3004音符
此时已回收：1275音符
********************
2022-12-15 19:59:34按预测 胜率: 34|62, 0.55
2022-12-15 19:59:34按补充 胜率: 28|62, 0.45
此时已下注：3004音符
此时已回收：1275音符
********************
2022-12-15 20:59:30按预测 胜率: 33|62, 0.53
2022-12-15 20:59:30按补充 胜率: 29|62, 0.47
此时已下注：3004音符
此时已回收：1275音符
********************
2022-12-15 21:00:28按预测 胜率: 0|1, 0.0
2022-12-15 21:00:28按补充 胜率: 1|1, 1.0
此时已下注：3004音符
此时已回收：1275音符
********************
2022-12-15 22:00:24按预测 胜率: 33|62, 0.53
2022-12-15 22:00:24按补充 胜率: 29|62, 0.47
此时已下注：3270音符
此时已回收：1375音符
********************
2022-12-15 23:00:20按预测 胜率: 30|62, 0.48
2022-12-15 23:00:20按补充 胜率: 32|62, 0.52
此时已下注：3274音符
此时已回收：1385音符
********************
2022-12-16 00:00:16按预测 胜率: 31|62, 0.5
2022-12-16 00:00:16按补充 胜率: 31|62, 0.5
此时已下注：3540音符
此时已回收：1985音符
********************
2022-12-16 01:00:12按预测 胜率: 29|62, 0.47
2022-12-16 01:00:12按补充 胜率: 33|62, 0.53
此时已下注：3542音符
此时已回收：1990音符
********************
2022-12-16 02:00:08按预测 胜率: 28|62, 0.45
2022-12-16 02:00:08按补充 胜率: 34|62, 0.55
此时已下注：3838音符
此时已回收：2655音符
********************
2022-12-16 03:00:04按预测 胜率: 12|27, 0.44
2022-12-16 03:00:04按补充 胜率: 15|27, 0.56
此时已下注：2音符
此时已回收：5音符
********************
2022-12-16 04:00:00按预测 胜率: 34|62, 0.55
2022-12-16 04:00:00按补充 胜率: 28|62, 0.45
此时已下注：272音符
此时已回收：65音符
********************
2022-12-16 04:59:56按预测 胜率: 25|62, 0.4
2022-12-16 04:59:56按补充 胜率: 37|62, 0.6
此时已下注：940音符
此时已回收：620音符
********************
2022-12-16 05:59:52按预测 胜率: 28|62, 0.45
2022-12-16 05:59:52按补充 胜率: 34|62, 0.55
此时已下注：1166音符
此时已回收：1130音符
********************
2022-12-16 06:59:48按预测 胜率: 32|62, 0.52
2022-12-16 06:59:48按补充 胜率: 30|62, 0.48
此时已下注：1410音符
此时已回收：1180音符
********************
2022-12-16 07:59:44按预测 胜率: 32|62, 0.52
2022-12-16 07:59:44按补充 胜率: 30|62, 0.48
此时已下注：1632音符
此时已回收：1180音符
********************
2022-12-16 08:59:40按预测 胜率: 24|62, 0.39
2022-12-16 08:59:40按补充 胜率: 38|62, 0.61
此时已下注：1632音符
此时已回收：1180音符
********************
2022-12-16 09:59:36按预测 胜率: 34|62, 0.55
2022-12-16 09:59:36按补充 胜率: 28|62, 0.45
此时已下注：1880音符
此时已回收：1735音符
********************
2022-12-16 10:59:32按预测 胜率: 29|62, 0.47
2022-12-16 10:59:32按补充 胜率: 33|62, 0.53
此时已下注：1926音符
此时已回收：1845音符
********************
2022-12-16 11:00:30按预测 胜率: 1|1, 1.0
2022-12-16 11:00:30按补充 胜率: 0|1, 0.0
此时已下注：1926音符
此时已回收：1845音符
********************
2022-12-16 12:00:26按预测 胜率: 30|62, 0.48
2022-12-16 12:00:26按补充 胜率: 32|62, 0.52
此时已下注：2170音符
此时已回收：1895音符
********************
2022-12-16 13:00:22按预测 胜率: 26|62, 0.42
2022-12-16 13:00:22按补充 胜率: 36|62, 0.58
此时已下注：2172音符
此时已回收：1895音符
********************
2022-12-16 14:00:18按预测 胜率: 31|62, 0.5
2022-12-16 14:00:18按补充 胜率: 31|62, 0.5
此时已下注：2438音符
此时已回收：1950音符
********************
2022-12-16 15:00:14按预测 胜率: 37|62, 0.6
2022-12-16 15:00:14按补充 胜率: 25|62, 0.4
此时已下注：2666音符
此时已回收：2515音符
********************
