模拟下注：钢琴,25 | 贝斯,25 | 下注结果：【命中】。2022-12-01 22:04:26 钢琴。本次回收：125。总投入：186，总回收：390，实际收益：76，开关=2
****************************************
模拟下注：钢琴,1 | 贝斯,1 | 下注结果：【未命中】。2022-12-01 22:28:36 吉他。本次回收：0。，总投入：2，总回收：0，实际收益：-1，开关=1
****************************************
模拟下注：小提琴,5 | 钢琴,5 | 下注结果：【未命中】。2022-12-01 22:33:26 竖琴。本次回收：0。，总投入：12，总回收：0，实际收益：-11，开关=1
****************************************
模拟下注：钢琴,25 | 贝斯,25 | 下注结果：【命中】。2022-12-01 22:35:22 钢琴。本次回收：125。总投入：62，总回收：125，实际收益：22，开关=1
****************************************
模拟下注：贝斯,1 | 小提琴,1 | 下注结果：【命中】。2022-12-01 22:36:20 小提琴。本次回收：5。总投入：64，总回收：130，实际收益：23，开关=1
****************************************
模拟下注：吉他,1 | 小提琴,1 | 下注结果：【未命中】。2022-12-01 22:42:08 贝斯。本次回收：0。，总投入：66，总回收：130，实际收益：21，开关=1
****************************************
模拟下注：钢琴,5 | 小提琴,5 | 下注结果：【命中】。2022-12-01 22:50:50 小提琴。本次回收：25。总投入：76，总回收：155，实际收益：28，开关=1
****************************************
模拟下注：钢琴,1 | 小提琴,1 | 下注结果：【命中】。2022-12-01 22:51:48 小提琴。本次回收：5。总投入：78，总回收：160，实际收益：29，开关=1
****************************************
模拟下注：小提琴,1 | 钢琴,1 | 下注结果：【未命中】。2022-12-01 23:04:22 架子鼓。本次回收：0。，总投入：2，总回收：0，实际收益：-1，开关=1
****************************************
模拟下注：贝斯,5 | 吉他,5 | 下注结果：【未命中】。2022-12-01 23:13:04 小提琴。本次回收：0。，总投入：12，总回收：0，实际收益：-11，开关=1
****************************************
模拟下注：钢琴,25 | 小提琴,25 | 下注结果：【未命中】。2022-12-01 23:18:52 架子鼓。本次回收：0。，总投入：62，总回收：0，实际收益：-57，开关=1
****************************************
模拟下注：贝斯,125 | 小提琴,125 | 下注结果：【未命中】。2022-12-01 23:21:46 钢琴。本次回收：0。，总投入：312，总回收：0，实际收益：-287，开关=1
****************************************
模拟下注：贝斯,1 | 小提琴,1 | 下注结果：【未命中】。2022-12-01 23:28:32 架子鼓。本次回收：0。，总投入：314，总回收：0，实际收益：-288，开关=1
****************************************
模拟下注：钢琴,5 | 小提琴,5 | 下注结果：【未命中】。2022-12-01 23:32:24 竖琴。本次回收：0。，总投入：324，总回收：0，实际收益：-298，开关=1
****************************************
模拟下注：小提琴,25 | 钢琴,25 | 下注结果：【未命中】。2022-12-01 23:42:04 架子鼓。本次回收：0。，总投入：374，总回收：0，实际收益：-344，开关=1
****************************************
模拟下注：钢琴,125 | 小提琴,125 | 下注结果：【未命中】。2022-12-01 23:50:46 吉他。本次回收：0。，总投入：624，总回收：0，实际收益：-574，开关=1
****************************************
模拟下注：吉他,1 | 小提琴,1 | 下注结果：【未命中】。2022-12-01 23:54:38 贝斯。本次回收：0。，总投入：626，总回收：0，实际收益：-575，开关=1
****************************************
模拟下注：小提琴,5 | 吉他,5 | 模拟下注：贝斯,1 | 小提琴,1 | 下注结果：【未命中】。2022-12-02 00:14:56 吉他。本次回收：0。，总投入：2，总回收：0，实际收益：-1，开关=1
****************************************
模拟下注：小提琴,5 | 贝斯,5 | 下注结果：【命中】。2022-12-02 00:29:26 贝斯。本次回收：25。总投入：12，总回收：25，实际收益：4，开关=1
****************************************
模拟下注：小提琴,1 | 贝斯,1 | 下注结果：【未命中】。2022-12-02 00:32:20 钢琴。本次回收：0。，总投入：14，总回收：25，实际收益：2，开关=1
****************************************
模拟下注：钢琴,5 | 贝斯,5 | 下注结果：【命中】。2022-12-02 00:40:04 贝斯。本次回收：25。总投入：24，总回收：50，实际收益：9，开关=1
****************************************
模拟下注：小提琴,1 | 钢琴,1 | 下注结果：【未命中】。2022-12-02 00:57:28 贝斯。本次回收：0。，总投入：26，总回收：50，实际收益：7，开关=1
****************************************
模拟下注：小提琴,5 | 钢琴,5 | 下注结果：【命中】。2022-12-02 01:02:18 小提琴。本次回收：25。总投入：36，总回收：75，实际收益：14，开关=1
****************************************
模拟下注：小提琴,1 | 钢琴,1 | 下注结果：【命中】。2022-12-02 01:06:10 钢琴。本次回收：5。总投入：38，总回收：80，实际收益：15，开关=1
****************************************
模拟下注：小提琴,1 | 钢琴,1 | 下注结果：【未命中】。2022-12-02 01:07:08 架子鼓。本次回收：0。，总投入：40，总回收：80，实际收益：13，开关=1
****************************************
模拟下注：吉他,5 | 贝斯,5 | 下注结果：【未命中】。2022-12-02 01:28:24 钢琴。本次回收：0。，总投入：50，总回收：80，实际收益：4，开关=1
****************************************
模拟下注：小提琴,25 | 钢琴,25 | 下注结果：【未命中】。2022-12-02 01:31:18 萨克斯风。本次回收：0。，总投入：100，总回收：80，实际收益：-41，开关=2
****************************************
模拟下注：吉他,125 | 贝斯,125 | 下注结果：【未命中】。2022-12-02 01:33:14 钢琴。本次回收：0。，总投入：350，总回收：80，实际收益：-271，开关=2
****************************************
模拟下注：吉他,1 | 贝斯,1 | 下注结果：【未命中】。2022-12-02 01:34:12 钢琴。本次回收：0。，总投入：352，总回收：80，实际收益：-273，开关=2
****************************************
模拟下注：吉他,5 | 贝斯,5 | 下注结果：【未命中】。2022-12-02 01:35:10 架子鼓。本次回收：0。，总投入：362，总回收：80，实际收益：-282，开关=2
****************************************
模拟下注：吉他,25 | 钢琴,25 | 下注结果：【未命中】。2022-12-02 01:43:52 架子鼓。本次回收：0。，总投入：412，总回收：80，实际收益：-328，开关=2
****************************************
模拟下注：吉他,125 | 钢琴,125 | 下注结果：【未命中】。2022-12-02 01:50:38 贝斯。本次回收：0。，总投入：662，总回收：80，实际收益：-558，开关=2
****************************************
模拟下注：贝斯,1 | 钢琴,1 | 下注结果：【命中】。2022-12-02 01:51:36 钢琴。本次回收：5。总投入：664，总回收：85，实际收益：-556，开关=2
****************************************
模拟下注：小提琴,1 | 吉他,1 | 下注结果：【未命中】。2022-12-02 01:53:32 萨克斯风。本次回收：0。，总投入：666，总回收：85，实际收益：-558，开关=2
****************************************
模拟下注：吉他,5 | 小提琴,5 | 下注结果：【未命中】。2022-12-02 01:56:26 钢琴。本次回收：0。，总投入：676，总回收：85，实际收益：-567，开关=2
****************************************
模拟下注：贝斯,25 | 钢琴,25 | 下注结果：【命中】。2022-12-02 01:57:24 钢琴。本次回收：125。总投入：726，总回收：210，实际收益：-534，开关=1
****************************************
模拟下注：贝斯,1 | 钢琴,1 | 下注结果：【未命中】。2022-12-02 01:58:22 小提琴。本次回收：0。，总投入：728，总回收：210，实际收益：-536，开关=1
****************************************
模拟下注：小提琴,5 | 钢琴,5 | 下注结果：【命中】。2022-12-02 02:03:12 小提琴。本次回收：25。总投入：738，总回收：235，实际收益：-529，开关=1
****************************************
模拟下注：小提琴,1 | 钢琴,1 | 下注结果：【未命中】。2022-12-02 02:07:04 吉他。本次回收：0。，总投入：740，总回收：235，实际收益：-531，开关=1
****************************************
模拟下注：小提琴,5 | 钢琴,5 | 下注结果：【未命中】。2022-12-02 02:12:52 架子鼓。本次回收：0。，总投入：750，总回收：235，实际收益：-540，开关=1
****************************************
模拟下注：贝斯,25 | 吉他,25 | 下注结果：【命中】。2022-12-02 02:14:48 贝斯。本次回收：125。总投入：800，总回收：360，实际收益：-507，开关=1
****************************************
模拟下注：贝斯,1 | 吉他,1 | 下注结果：【未命中】。2022-12-02 02:15:46 小提琴。本次回收：0。，总投入：802，总回收：360，实际收益：-509，开关=1
****************************************
模拟下注：吉他,5 | 贝斯,5 | 下注结果：【未命中】。2022-12-02 02:17:42 钢琴。本次回收：0。，总投入：812，总回收：360，实际收益：-518，开关=1
****************************************
模拟下注：贝斯,25 | 钢琴,25 | 下注结果：【命中】。2022-12-02 02:31:14 贝斯。本次回收：125。总投入：862，总回收：485，实际收益：-485，开关=1
****************************************
模拟下注：钢琴,1 | 吉他,1 | 下注结果：【命中】。2022-12-02 02:39:56 钢琴。本次回收：5。总投入：864，总回收：490，实际收益：-483，开关=1
****************************************
模拟下注：小提琴,1 | 贝斯,1 | 下注结果：【未命中】。2022-12-02 02:47:40 架子鼓。本次回收：0。，总投入：866，总回收：490，实际收益：-485，开关=1
****************************************
模拟下注：钢琴,5 | 吉他,5 | 下注结果：【未命中】。2022-12-02 02:51:32 贝斯。本次回收：0。，总投入：876，总回收：490，实际收益：-494，开关=1
****************************************
模拟下注：钢琴,25 | 吉他,25 | 下注结果：【未命中】。2022-12-02 02:54:26 贝斯。本次回收：0。，总投入：926，总回收：490，实际收益：-540，开关=2
****************************************
模拟下注：钢琴,125 | 吉他,125 | 下注结果：【未命中】。2022-12-02 02:55:24 贝斯。本次回收：0。，总投入：1176，总回收：490，实际收益：-770，开关=2
****************************************
模拟下注：小提琴,1 | 贝斯,1 | 下注结果：【命中】。2022-12-02 02:58:18 贝斯。本次回收：5。总投入：1178，总回收：495，实际收益：-769，开关=2
****************************************
模拟下注：小提琴,1 | 贝斯,1 | 下注结果：【未命中】。2022-12-02 03:11:50 吉他。本次回收：0。，总投入：1180，总回收：495，实际收益：-771，开关=2
****************************************
模拟下注：小提琴,5 | 贝斯,5 | 下注结果：【未命中】。2022-12-02 03:12:48 吉他。本次回收：0。，总投入：1190，总回收：495，实际收益：-780，开关=2
****************************************
模拟下注：钢琴,25 | 吉他,25 | 下注结果：【命中】。2022-12-02 03:13:46 钢琴。本次回收：125。总投入：1240，总回收：620，实际收益：-747，开关=1
****************************************
模拟下注：吉他,1 | 钢琴,1 | 下注结果：【未命中】。2022-12-02 03:14:44 架子鼓。本次回收：0。，总投入：1242，总回收：620，实际收益：-748，开关=1
****************************************
模拟下注：贝斯,5 | 小提琴,5 | 下注结果：【命中】。2022-12-02 03:20:32 贝斯。本次回收：25。总投入：1252，总回收：645，实际收益：-742，开关=1
****************************************
模拟下注：钢琴,1 | 贝斯,1 | 下注结果：【未命中】。2022-12-02 03:21:30 小提琴。本次回收：0。，总投入：1254，总回收：645，实际收益：-744，开关=1
****************************************
模拟下注：小提琴,5 | 贝斯,5 | 下注结果：【命中】。2022-12-02 03:38:54 小提琴。本次回收：25。总投入：1264，总回收：670，实际收益：-737，开关=1
****************************************
模拟下注：小提琴,1 | 贝斯,1 | 下注结果：【命中】。2022-12-02 03:40:50 小提琴。本次回收：5。总投入：1266，总回收：675，实际收益：-736，开关=1
****************************************
模拟下注：钢琴,1 | 吉他,1 | 下注结果：【未命中】。2022-12-02 03:43:44 贝斯。本次回收：0。，总投入：1268，总回收：675，实际收益：-737，开关=1
****************************************
模拟下注：贝斯,5 | 钢琴,5 | 下注结果：【未命中】。2022-12-02 04:05:58 小提琴。本次回收：0。，总投入：1278，总回收：675，实际收益：-747，开关=1
****************************************
模拟下注：小提琴,25 | 贝斯,25 | 下注结果：【未命中】。2022-12-02 04:27:14 钢琴。本次回收：0。，总投入：1328，总回收：675，实际收益：-793，开关=1
****************************************
模拟下注：小提琴,125 | 钢琴,125 | 下注结果：【未命中】。2022-12-02 04:43:40 贝斯。本次回收：0。，总投入：1578，总回收：675，实际收益：-1023，开关=1
****************************************
模拟下注：贝斯,1 | 吉他,1 | 下注结果：【未命中】。2022-12-02 04:51:24 钢琴。本次回收：0。，总投入：1580，总回收：675，实际收益：-1024，开关=1
****************************************
模拟下注：钢琴,5 | 吉他,5 | 下注结果：【未命中】。2022-12-02 05:00:06 小提琴。本次回收：0。，总投入：1590，总回收：675，实际收益：-1034，开关=1
****************************************
模拟下注：小提琴,25 | 贝斯,25 | 下注结果：【命中】。2022-12-02 05:17:30 贝斯。本次回收：125。总投入：1640，总回收：800，实际收益：-1000，开关=1
****************************************
模拟下注：小提琴,1 | 贝斯,1 | 下注结果：【命中】。2022-12-02 05:18:28 贝斯。本次回收：5。总投入：1642，总回收：805，实际收益：-999，开关=1
****************************************
模拟下注：小提琴,1 | 钢琴,1 | 下注结果：【命中】。2022-12-02 05:26:12 小提琴。本次回收：5。总投入：1644，总回收：810，实际收益：-998，开关=1
****************************************
模拟下注：钢琴,1 | 小提琴,1 | 下注结果：【未命中】。2022-12-02 05:27:10 贝斯。本次回收：0。，总投入：1646，总回收：810，实际收益：-999，开关=1
****************************************
模拟下注：小提琴,5 | 贝斯,5 | 下注结果：【命中】。2022-12-02 05:33:56 小提琴。本次回收：25。总投入：1656，总回收：835，实际收益：-993，开关=1
****************************************
模拟下注：小提琴,1 | 吉他,1 | 下注结果：【未命中】。2022-12-02 05:52:18 贝斯。本次回收：0。，总投入：1658，总回收：835，实际收益：-995，开关=1
****************************************
模拟下注：贝斯,5 | 小提琴,5 | 下注结果：【命中】。2022-12-02 05:55:12 小提琴。本次回收：25。总投入：1668，总回收：860，实际收益：-988，开关=1
****************************************
模拟下注：小提琴,1 | 吉他,1 | 下注结果：【命中】。2022-12-02 05:58:06 小提琴。本次回收：5。总投入：1670，总回收：865，实际收益：-987，开关=1
****************************************
模拟下注：贝斯,1 | 小提琴,1 | 下注结果：【命中】。2022-12-02 06:01:58 小提琴。本次回收：5。总投入：1672，总回收：870，实际收益：-985，开关=1
****************************************
模拟下注：钢琴,1 | 贝斯,1 | 下注结果：【未命中】。2022-12-02 06:03:54 小提琴。本次回收：0。，总投入：1674，总回收：870，实际收益：-987，开关=1
****************************************
模拟下注：吉他,5 | 贝斯,5 | 下注结果：【命中】。2022-12-02 06:06:48 贝斯。本次回收：25。总投入：1684，总回收：895，实际收益：-980，开关=1
****************************************
模拟下注：钢琴,1 | 贝斯,1 | 下注结果：【未命中】。2022-12-02 06:26:08 吉他。本次回收：0。，总投入：1686，总回收：895，实际收益：-982，开关=1
****************************************
模拟下注：吉他,5 | 贝斯,5 | 下注结果：【未命中】。2022-12-02 06:36:46 钢琴。本次回收：0。，总投入：1696，总回收：895，实际收益：-991，开关=1
****************************************
模拟下注：钢琴,25 | 贝斯,25 | 下注结果：【未命中】。2022-12-02 06:39:40 吉他。本次回收：0。，总投入：1746，总回收：895，实际收益：-1037，开关=2
****************************************
模拟下注：小提琴,125 | 钢琴,125 | 下注结果：【命中】。2022-12-02 06:42:34 钢琴。本次回收：625。总投入：1996，总回收：1520，实际收益：-871，开关=2
****************************************
模拟下注：钢琴,1 | 吉他,1 | 下注结果：【未命中】。2022-12-02 06:45:28 小提琴。本次回收：0。，总投入：1998，总回收：1520，实际收益：-872，开关=2
****************************************
模拟下注：钢琴,5 | 吉他,5 | 下注结果：【命中】。2022-12-02 06:46:26 钢琴。本次回收：25。总投入：2008，总回收：1545，实际收益：-866，开关=2
****************************************
模拟下注：吉他,1 | 钢琴,1 | 下注结果：【未命中】。2022-12-02 06:48:22 竖琴。本次回收：0。，总投入：2010，总回收：1545，实际收益：-868，开关=2
****************************************
模拟下注：贝斯,5 | 小提琴,5 | 下注结果：【命中】。2022-12-02 06:52:14 小提琴。本次回收：25。总投入：2020，总回收：1570，实际收益：-861，开关=2
****************************************
模拟下注：贝斯,1 | 钢琴,1 | 下注结果：【未命中】。2022-12-02 06:59:00 小提琴。本次回收：0。，总投入：2022，总回收：1570，实际收益：-863，开关=2
****************************************
模拟下注：贝斯,5 | 钢琴,5 | 下注结果：【命中】。2022-12-02 07:05:46 钢琴。本次回收：25。总投入：2032，总回收：1595，实际收益：-856，开关=2
****************************************
模拟下注：贝斯,1 | 钢琴,1 | 下注结果：【未命中】。2022-12-02 07:16:24 吉他。本次回收：0。，总投入：2034，总回收：1595，实际收益：-858，开关=2
****************************************
模拟下注：贝斯,5 | 钢琴,5 | 下注结果：【未命中】。2022-12-02 07:17:22 小提琴。本次回收：0。，总投入：2044，总回收：1595，实际收益：-867，开关=2
****************************************
模拟下注：钢琴,25 | 小提琴,25 | 下注结果：【未命中】。2022-12-02 07:26:04 贝斯。本次回收：0。，总投入：2094，总回收：1595，实际收益：-913，开关=1
****************************************
模拟下注：钢琴,125 | 贝斯,125 | 下注结果：【命中】。2022-12-02 07:36:42 钢琴。本次回收：625。总投入：2344，总回收：2220，实际收益：-746，开关=1
****************************************
模拟下注：贝斯,1 | 吉他,1 | 下注结果：【命中】。2022-12-02 07:37:40 贝斯。本次回收：5。总投入：2346，总回收：2225，实际收益：-745，开关=1
****************************************
模拟下注：贝斯,1 | 吉他,1 | 下注结果：【未命中】。2022-12-02 07:38:38 小提琴。本次回收：0。，总投入：2348，总回收：2225，实际收益：-747，开关=1
****************************************
模拟下注：钢琴,5 | 贝斯,5 | 下注结果：【未命中】。2022-12-02 07:44:26 吉他。本次回收：0。，总投入：2358，总回收：2225，实际收益：-756，开关=1
****************************************
模拟下注：贝斯,25 | 吉他,25 | 下注结果：【命中】。2022-12-02 07:49:16 贝斯。本次回收：125。总投入：2408，总回收：2350，实际收益：-723，开关=2
****************************************
模拟下注：小提琴,1 | 吉他,1 | 下注结果：【命中】。2022-12-02 07:56:02 小提琴。本次回收：5。总投入：2410，总回收：2355，实际收益：-721，开关=2
****************************************
模拟下注：钢琴,1 | 吉他,1 | 下注结果：【未命中】。2022-12-02 08:03:46 架子鼓。本次回收：0。，总投入：2412，总回收：2355，实际收益：-723，开关=2
****************************************
模拟下注：贝斯,5 | 吉他,5 | 下注结果：【命中】。2022-12-02 08:21:10 贝斯。本次回收：25。总投入：2422，总回收：2380，实际收益：-716，开关=2
****************************************
模拟下注：贝斯,1 | 吉他,1 | 下注结果：【未命中】。2022-12-02 08:30:50 竖琴。本次回收：0。，总投入：2424，总回收：2380，实际收益：-718，开关=2
****************************************
模拟下注：贝斯,5 | 小提琴,5 | 下注结果：【未命中】。2022-12-02 08:32:46 架子鼓。本次回收：0。，总投入：2434，总回收：2380，实际收益：-727，开关=2
****************************************
模拟下注：贝斯,25 | 吉他,25 | 下注结果：【命中】。2022-12-02 08:49:12 贝斯。本次回收：125。总投入：2484，总回收：2505，实际收益：-694，开关=1
****************************************
模拟下注：贝斯,1 | 吉他,1 | 下注结果：【命中】。2022-12-02 08:50:10 贝斯。本次回收：5。总投入：2486，总回收：2510，实际收益：-693，开关=1
****************************************
模拟下注：钢琴,1 | 小提琴,1 | 下注结果：【命中】。2022-12-02 08:53:04 小提琴。本次回收：5。总投入：2488，总回收：2515，实际收益：-691，开关=1
****************************************
模拟下注：吉他,1 | 小提琴,1 | 下注结果：【未命中】。2022-12-02 09:01:46 架子鼓。本次回收：0。，总投入：2490，总回收：2515，实际收益：-693，开关=1
****************************************
模拟下注：钢琴,5 | 贝斯,5 | 下注结果：【未命中】。2022-12-02 09:04:40 架子鼓。本次回收：0。，总投入：2500，总回收：2515，实际收益：-702，开关=1
****************************************
模拟下注：吉他,25 | 小提琴,25 | 下注结果：【未命中】。2022-12-02 09:07:34 钢琴。本次回收：0。，总投入：2550，总回收：2515，实际收益：-748，开关=2
****************************************
模拟下注：钢琴,125 | 小提琴,125 | 下注结果：【未命中】。2022-12-02 09:08:32 架子鼓。本次回收：0。，总投入：2800，总回收：2515，实际收益：-978，开关=2
****************************************
模拟下注：贝斯,1 | 吉他,1 | 下注结果：【命中】。2022-12-02 09:10:28 吉他。本次回收：5。总投入：2802，总回收：2520，实际收益：-977，开关=2
****************************************
模拟下注：贝斯,1 | 小提琴,1 | 下注结果：【未命中】。2022-12-02 09:18:12 钢琴。本次回收：0。，总投入：2804，总回收：2520，实际收益：-979，开关=2
****************************************
模拟下注：吉他,5 | 小提琴,5 | 下注结果：【未命中】。2022-12-02 09:27:52 钢琴。本次回收：0。，总投入：2814，总回收：2520，实际收益：-988，开关=2
****************************************
模拟下注：小提琴,25 | 吉他,25 | 下注结果：【未命中】。2022-12-02 09:38:30 圆号。本次回收：0。，总投入：2864，总回收：2520，实际收益：-1034，开关=1
****************************************
模拟下注：小提琴,125 | 吉他,125 | 模拟下注：小提琴,1 | 钢琴,1 | 下注结果：【未命中】。2022-12-02 10:07:30 竖琴。本次回收：0。，总投入：2，总回收：0，实际收益：-1，开关=1
****************************************
模拟下注：小提琴,5 | 钢琴,5 | 下注结果：【未命中】。2022-12-02 10:17:10 架子鼓。本次回收：0。，总投入：12，总回收：0，实际收益：-11，开关=1
****************************************
模拟下注：小提琴,25 | 钢琴,25 | 下注结果：【命中】。2022-12-02 10:20:04 钢琴。本次回收：125。总投入：62，总回收：125，实际收益：22，开关=1
****************************************
模拟下注：钢琴,1 | 贝斯,1 | 下注结果：【未命中】。2022-12-02 10:22:00 吉他。本次回收：0。，总投入：64，总回收：125，实际收益：20，开关=1
****************************************
模拟下注：吉他,5 | 贝斯,5 | 下注结果：【未命中】。2022-12-02 10:28:46 小提琴。本次回收：0。，总投入：74，总回收：125，实际收益：11，开关=1
****************************************
模拟下注：钢琴,25 | 贝斯,25 | 下注结果：【未命中】。2022-12-02 10:33:36 吉他。本次回收：0。，总投入：124，总回收：125，实际收益：-34，开关=2
****************************************
模拟下注：吉他,125 | 贝斯,125 | 下注结果：【未命中】。2022-12-02 10:34:34 小提琴。本次回收：0。，总投入：374，总回收：125，实际收益：-264，开关=2
****************************************
模拟下注：小提琴,1 | 贝斯,1 | 下注结果：【命中】。2022-12-02 10:35:32 小提琴。本次回收：5。总投入：376，总回收：130，实际收益：-263，开关=2
****************************************
模拟下注：钢琴,1 | 小提琴,1 | 下注结果：【命中】。2022-12-02 10:37:28 小提琴。本次回收：5。总投入：378，总回收：135，实际收益：-262，开关=2
****************************************
模拟下注：吉他,1 | 贝斯,1 | 下注结果：【未命中】。2022-12-02 10:42:18 小提琴。本次回收：0。，总投入：380，总回收：135，实际收益：-263，开关=2
****************************************
模拟下注：钢琴,5 | 小提琴,5 | 下注结果：【命中】。2022-12-02 10:52:56 小提琴。本次回收：25。总投入：390，总回收：160，实际收益：-257，开关=2
****************************************
模拟下注：吉他,1 | 贝斯,1 | 下注结果：【未命中】。2022-12-02 10:57:46 萨克斯风。本次回收：0。，总投入：392，总回收：160，实际收益：-259，开关=2
****************************************
模拟下注：吉他,5 | 小提琴,5 | 下注结果：【命中】。2022-12-02 11:08:24 小提琴。本次回收：25。总投入：402，总回收：185，实际收益：-252，开关=2
****************************************
模拟下注：吉他,1 | 小提琴,1 | 下注结果：【未命中】。2022-12-02 11:13:14 贝斯。本次回收：0。，总投入：404，总回收：185，实际收益：-254，开关=2
****************************************
模拟下注：吉他,5 | 小提琴,5 | 下注结果：【命中】。2022-12-02 11:14:12 吉他。本次回收：25。总投入：414，总回收：210，实际收益：-247，开关=2
****************************************
模拟下注：贝斯,1 | 吉他,1 | 下注结果：【未命中】。2022-12-02 11:18:04 小提琴。本次回收：0。，总投入：416，总回收：210，实际收益：-249，开关=2
****************************************
模拟下注：贝斯,5 | 吉他,5 | 下注结果：【命中】。2022-12-02 11:19:02 贝斯。本次回收：25。总投入：426，总回收：235，实际收益：-242，开关=2
****************************************
模拟下注：贝斯,1 | 小提琴,1 | 下注结果：【未命中】。2022-12-02 11:22:54 钢琴。本次回收：0。，总投入：428，总回收：235，实际收益：-244，开关=2
****************************************
模拟下注：钢琴,5 | 小提琴,5 | 下注结果：【命中】。2022-12-02 11:23:52 小提琴。本次回收：25。总投入：438，总回收：260，实际收益：-237，开关=2
****************************************
模拟下注：钢琴,1 | 小提琴,1 | 下注结果：【未命中】。2022-12-02 11:26:46 贝斯。本次回收：0。，总投入：440，总回收：260，实际收益：-239，开关=2
****************************************
模拟下注：贝斯,5 | 小提琴,5 | 下注结果：【未命中】。2022-12-02 11:28:42 吉他。本次回收：0。，总投入：450，总回收：260，实际收益：-248，开关=2
****************************************
模拟下注：吉他,25 | 小提琴,25 | 下注结果：【未命中】。2022-12-02 11:30:38 贝斯。本次回收：0。，总投入：500，总回收：260，实际收益：-294，开关=2
****************************************
模拟下注：吉他,125 | 小提琴,125 | 模拟下注：钢琴,1 | 小提琴,1 | 下注结果：【命中】。2022-12-02 11:53:50 钢琴。本次回收：5。总投入：2，总回收：5，实际收益：1，开关=1
****************************************
模拟下注：小提琴,1 | 钢琴,1 | 下注结果：【未命中】。2022-12-02 11:54:48 贝斯。本次回收：0。，总投入：4，总回收：5，实际收益：0，开关=1
****************************************
模拟下注：钢琴,5 | 贝斯,5 | 下注结果：【命中】。2022-12-02 11:58:40 贝斯。本次回收：25。总投入：14，总回收：30，实际收益：6，开关=1
****************************************
模拟下注：钢琴,1 | 贝斯,1 | 下注结果：【命中】。2022-12-02 11:59:38 贝斯。本次回收：5。总投入：16，总回收：35，实际收益：7，开关=1
****************************************
模拟下注：钢琴,1 | 贝斯,1 | 下注结果：【未命中】。2022-12-02 12:00:36 小提琴。本次回收：0。，总投入：18，总回收：35，实际收益：5，开关=1
****************************************
模拟下注：吉他,5 | 钢琴,5 | 下注结果：【命中】。2022-12-02 12:03:30 钢琴。本次回收：25。总投入：28，总回收：60，实际收益：12，开关=1
****************************************
模拟下注：吉他,1 | 小提琴,1 | 下注结果：【未命中】。2022-12-02 12:04:28 贝斯。本次回收：0。，总投入：30，总回收：60，实际收益：10，开关=1
****************************************
模拟下注：吉他,5 | 钢琴,5 | 下注结果：【未命中】。2022-12-02 12:08:20 贝斯。本次回收：0。，总投入：40，总回收：60，实际收益：1，开关=1
****************************************
模拟下注：吉他,25 | 小提琴,25 | 下注结果：【未命中】。2022-12-02 12:12:12 贝斯。本次回收：0。，总投入：90，总回收：60，实际收益：-44，开关=1
****************************************
模拟下注：小提琴,125 | 钢琴,125 | 下注结果：【未命中】。2022-12-02 12:15:06 架子鼓。本次回收：0。，总投入：340，总回收：60，实际收益：-274，开关=1
****************************************
模拟下注：钢琴,1 | 吉他,1 | 下注结果：【未命中】。2022-12-02 12:26:42 贝斯。本次回收：0。，总投入：342，总回收：60，实际收益：-276，开关=1
****************************************
模拟下注：贝斯,5 | 小提琴,5 | 下注结果：【命中】。2022-12-02 12:39:16 贝斯。本次回收：25。总投入：352，总回收：85，实际收益：-269，开关=1
****************************************
模拟下注：吉他,1 | 钢琴,1 | 下注结果：【未命中】。2022-12-02 12:47:00 小提琴。本次回收：0。，总投入：354，总回收：85，实际收益：-271，开关=1
****************************************
模拟下注：吉他,5 | 钢琴,5 | 下注结果：【未命中】。2022-12-02 12:57:38 萨克斯风。本次回收：0。，总投入：364，总回收：85，实际收益：-280，开关=1
****************************************
模拟下注：贝斯,25 | 小提琴,25 | 下注结果：【命中】。2022-12-02 12:58:36 贝斯。本次回收：125。总投入：414，总回收：210，实际收益：-247，开关=2
****************************************
模拟下注：小提琴,1 | 钢琴,1 | 下注结果：【未命中】。2022-12-02 13:02:28 贝斯。本次回收：0。，总投入：416，总回收：210，实际收益：-249，开关=2
****************************************
模拟下注：吉他,5 | 贝斯,5 | 下注结果：【命中】。2022-12-02 13:08:16 吉他。本次回收：25。总投入：426，总回收：235，实际收益：-242，开关=2
****************************************
模拟下注：钢琴,1 | 小提琴,1 | 下注结果：【未命中】。2022-12-02 13:11:10 竖琴。本次回收：0。，总投入：428，总回收：235，实际收益：-244，开关=2
****************************************
模拟下注：贝斯,5 | 吉他,5 | 下注结果：【未命中】。2022-12-02 13:24:42 小提琴。本次回收：0。，总投入：438，总回收：235，实际收益：-253，开关=2
****************************************
模拟下注：钢琴,25 | 贝斯,25 | 下注结果：【未命中】。2022-12-02 13:25:40 小提琴。本次回收：0。，总投入：488，总回收：235，实际收益：-299，开关=1
****************************************
模拟下注：小提琴,125 | 吉他,125 | 下注结果：【未命中】。2022-12-02 13:28:34 钢琴。本次回收：0。，总投入：738，总回收：235，实际收益：-529，开关=1
****************************************
模拟下注：吉他,1 | 钢琴,1 | 下注结果：【未命中】。2022-12-02 13:33:24 贝斯。本次回收：0。，总投入：740，总回收：235，实际收益：-531，开关=1
****************************************
模拟下注：小提琴,5 | 钢琴,5 | 下注结果：【命中】。2022-12-02 13:43:04 小提琴。本次回收：25。总投入：750，总回收：260，实际收益：-524，开关=1
****************************************
模拟下注：小提琴,1 | 钢琴,1 | 下注结果：【未命中】。2022-12-02 13:44:02 圆号。本次回收：0。，总投入：752，总回收：260，实际收益：-526，开关=1
****************************************
模拟下注：吉他,5 | 小提琴,5 | 下注结果：【未命中】。2022-12-02 13:45:58 钢琴。本次回收：0。，总投入：762，总回收：260，实际收益：-535，开关=1
****************************************
模拟下注：吉他,25 | 钢琴,25 | 下注结果：【未命中】。2022-12-02 14:02:24 贝斯。本次回收：0。，总投入：812，总回收：260，实际收益：-581，开关=2
****************************************
模拟下注：吉他,125 | 钢琴,125 | 下注结果：【未命中】。2022-12-02 14:03:22 贝斯。本次回收：0。，总投入：1062，总回收：260，实际收益：-811，开关=2
****************************************
模拟下注：小提琴,1 | 吉他,1 | 下注结果：【未命中】。2022-12-02 14:12:04 贝斯。本次回收：0。，总投入：1064，总回收：260，实际收益：-813，开关=2
****************************************
模拟下注：小提琴,5 | 吉他,5 | 下注结果：【命中】。2022-12-02 14:13:02 小提琴。本次回收：25。总投入：1074，总回收：285，实际收益：-807，开关=2
****************************************
模拟下注：钢琴,1 | 贝斯,1 | 下注结果：【命中】。2022-12-02 14:25:36 贝斯。本次回收：5。总投入：1076，总回收：290，实际收益：-805，开关=2
****************************************
模拟下注：钢琴,1 | 吉他,1 | 下注结果：【未命中】。2022-12-02 14:31:24 竖琴。本次回收：0。，总投入：1078，总回收：290，实际收益：-807，开关=2
****************************************
模拟下注：吉他,5 | 小提琴,5 | 下注结果：【未命中】。2022-12-02 14:35:16 贝斯。本次回收：0。，总投入：1088，总回收：290，实际收益：-816，开关=2
****************************************
模拟下注：吉他,1 | 钢琴,1 | 下注结果：【未命中】。2022-12-02 14:54:36 架子鼓。本次回收：0。，总投入：2，总回收：0，实际收益：-1，开关=1
****************************************
模拟下注：钢琴,5 | 吉他,5 | 下注结果：【命中】。2022-12-02 14:57:30 钢琴。本次回收：25。总投入：12，总回收：25，实际收益：4，开关=1
****************************************
模拟下注：吉他,1 | 钢琴,1 | 下注结果：【未命中】。2022-12-02 14:58:28 圆号。本次回收：0。，总投入：14，总回收：25，实际收益：2，开关=1
****************************************
模拟下注：钢琴,5 | 小提琴,5 | 下注结果：【命中】。2022-12-02 15:08:08 钢琴。本次回收：25。总投入：24，总回收：50，实际收益：9，开关=1
****************************************
模拟下注：吉他,1 | 贝斯,1 | 下注结果：【未命中】。2022-12-02 15:13:56 钢琴。本次回收：0。，总投入：26，总回收：50，实际收益：7，开关=1
****************************************
模拟下注：贝斯,5 | 钢琴,5 | 下注结果：【未命中】。2022-12-02 15:16:50 萨克斯风。本次回收：0。，总投入：36，总回收：50，实际收益：-1，开关=1
****************************************
模拟下注：吉他,25 | 小提琴,25 | 下注结果：【命中】。2022-12-02 15:18:46 吉他。本次回收：125。总投入：86，总回收：175，实际收益：32，开关=1
****************************************
模拟下注：小提琴,1 | 贝斯,1 | 下注结果：【未命中】。2022-12-02 15:19:44 吉他。本次回收：0。，总投入：88，总回收：175，实际收益：30，开关=1
****************************************
模拟下注：贝斯,5 | 小提琴,5 | 下注结果：【未命中】。2022-12-02 15:30:22 架子鼓。本次回收：0。，总投入：98，总回收：175，实际收益：20，开关=1
****************************************
模拟下注：钢琴,25 | 吉他,25 | 下注结果：【命中】。2022-12-02 15:31:20 吉他。本次回收：125。总投入：148，总回收：300，实际收益：54，开关=2
****************************************
模拟下注：钢琴,1 | 小提琴,1 | 下注结果：【未命中】。2022-12-02 15:44:52 吉他。本次回收：0。，总投入：150，总回收：300，实际收益：52，开关=2
****************************************
模拟下注：吉他,5 | 小提琴,5 | 下注结果：【未命中】。2022-12-02 15:45:50 贝斯。本次回收：0。，总投入：160，总回收：300，实际收益：43，开关=2
****************************************
模拟下注：吉他,25 | 小提琴,25 | 下注结果：【未命中】。2022-12-02 15:48:44 架子鼓。本次回收：0。，总投入：210，总回收：300，实际收益：-2，开关=1
****************************************
模拟下注：吉他,125 | 钢琴,125 | 下注结果：【命中】。2022-12-02 15:56:28 吉他。本次回收：625。总投入：460，总回收：925，实际收益：164，开关=1
****************************************
模拟下注：贝斯,1 | 小提琴,1 | 下注结果：【命中】。2022-12-02 16:01:18 贝斯。本次回收：5。总投入：462，总回收：930，实际收益：165，开关=1
****************************************
模拟下注：小提琴,1 | 贝斯,1 | 下注结果：【未命中】。2022-12-02 16:02:16 萨克斯风。本次回收：0。，总投入：464，总回收：930，实际收益：163，开关=1
****************************************
模拟下注：贝斯,5 | 钢琴,5 | 下注结果：【未命中】。2022-12-02 16:05:10 小提琴。本次回收：0。，总投入：474，总回收：930，实际收益：154，开关=1
****************************************
模拟下注：吉他,25 | 小提琴,25 | 下注结果：【未命中】。2022-12-02 16:10:00 竖琴。本次回收：0。，总投入：524，总回收：930，实际收益：108，开关=2
****************************************
模拟下注：贝斯,125 | 小提琴,125 | 下注结果：【命中】。2022-12-02 16:17:44 小提琴。本次回收：625。总投入：774，总回收：1555，实际收益：275，开关=2
****************************************
模拟下注：小提琴,1 | 钢琴,1 | 下注结果：【未命中】。2022-12-02 16:21:36 吉他。本次回收：0。，总投入：776，总回收：1555，实际收益：273，开关=2
****************************************
模拟下注：贝斯,5 | 小提琴,5 | 下注结果：【未命中】。2022-12-02 16:26:26 吉他。本次回收：0。，总投入：786，总回收：1555，实际收益：264，开关=2
****************************************
模拟下注：钢琴,25 | 吉他,25 | 下注结果：【命中】。2022-12-02 16:27:24 吉他。本次回收：125。总投入：836，总回收：1680，实际收益：297，开关=1
****************************************
模拟下注：钢琴,1 | 吉他,1 | 下注结果：【命中】。2022-12-02 16:28:22 吉他。本次回收：5。总投入：838，总回收：1685，实际收益：299，开关=1
****************************************
模拟下注：钢琴,1 | 吉他,1 | 下注结果：【未命中】。2022-12-02 16:29:20 贝斯。本次回收：0。，总投入：840，总回收：1685，实际收益：297，开关=1
****************************************
模拟下注：吉他,5 | 贝斯,5 | 下注结果：【未命中】。2022-12-02 17:00:16 小提琴。本次回收：0。，总投入：850，总回收：1685，实际收益：287，开关=1
****************************************
模拟下注：吉他,25 | 钢琴,25 | 下注结果：【未命中】。2022-12-02 17:08:58 贝斯。本次回收：0。，总投入：900，总回收：1685，实际收益：241，开关=2
****************************************
模拟下注：小提琴,125 | 吉他,125 | 下注结果：【未命中】。2022-12-02 17:12:50 贝斯。本次回收：0。，总投入：1150，总回收：1685，实际收益：11，开关=2
****************************************
模拟下注：钢琴,1 | 贝斯,1 | 下注结果：【命中】。2022-12-02 17:29:16 钢琴。本次回收：5。总投入：1152，总回收：1690，实际收益：13，开关=2
****************************************
模拟下注：贝斯,1 | 吉他,1 | 下注结果：【命中】。2022-12-02 17:42:48 吉他。本次回收：5。总投入：1154，总回收：1695，实际收益：14，开关=2
****************************************
模拟下注：贝斯,1 | 吉他,1 | 下注结果：【未命中】。2022-12-02 17:47:38 竖琴。本次回收：0。，总投入：1156，总回收：1695，实际收益：12，开关=2
****************************************
模拟下注：小提琴,5 | 钢琴,5 | 下注结果：【未命中】。2022-12-02 17:54:24 吉他。本次回收：0。，总投入：1166，总回收：1695，实际收益：3，开关=2
****************************************
模拟下注：吉他,25 | 钢琴,25 | 下注结果：【未命中】。2022-12-02 17:56:20 架子鼓。本次回收：0。，总投入：1216，总回收：1695，实际收益：-42，开关=2
****************************************
模拟下注：贝斯,125 | 吉他,125 | 下注结果：【未命中】。2022-12-02 17:58:16 竖琴。本次回收：0。，总投入：1466，总回收：1695，实际收益：-272，开关=2
****************************************
模拟下注：钢琴,1 | 贝斯,1 | 下注结果：【未命中】。2022-12-02 18:04:04 小提琴。本次回收：0。，总投入：1468，总回收：1695，实际收益：-274，开关=2
****************************************
模拟下注：钢琴,5 | 贝斯,5 | 下注结果：【未命中】。2022-12-02 18:05:02 竖琴。本次回收：0。，总投入：1478，总回收：1695，实际收益：-283，开关=2
****************************************
模拟下注：吉他,25 | 钢琴,25 | 下注结果：【未命中】。2022-12-02 18:12:46 贝斯。本次回收：0。，总投入：1528，总回收：1695，实际收益：-329，开关=2
****************************************
模拟下注：贝斯,125 | 小提琴,125 | 下注结果：【命中】。2022-12-02 18:15:40 贝斯。本次回收：625。总投入：1778，总回收：2320，实际收益：-162，开关=2
****************************************
模拟下注：贝斯,1 | 小提琴,1 | 下注结果：【命中】。2022-12-02 18:18:34 贝斯。本次回收：5。总投入：1780，总回收：2325，实际收益：-161，开关=2
****************************************
模拟下注：小提琴,1 | 贝斯,1 | 下注结果：【命中】。2022-12-02 18:24:22 贝斯。本次回收：5。总投入：1782，总回收：2330，实际收益：-159，开关=2
****************************************
模拟下注：钢琴,1 | 吉他,1 | 下注结果：【未命中】。2022-12-02 18:28:14 贝斯。本次回收：0。，总投入：1784，总回收：2330，实际收益：-161，开关=2
****************************************
模拟下注：钢琴,5 | 吉他,5 | 下注结果：【命中】。2022-12-02 18:29:12 吉他。本次回收：25。总投入：1794，总回收：2355，实际收益：-155，开关=2
****************************************
模拟下注：钢琴,1 | 小提琴,1 | 下注结果：【未命中】。2022-12-02 18:34:02 吉他。本次回收：0。，总投入：1796，总回收：2355，实际收益：-156，开关=2
****************************************
模拟下注：钢琴,5 | 小提琴,5 | 下注结果：【命中】。2022-12-02 18:35:00 钢琴。本次回收：25。总投入：1806，总回收：2380，实际收益：-150，开关=2
****************************************
模拟下注：贝斯,1 | 吉他,1 | 下注结果：【命中】。2022-12-02 18:39:50 吉他。本次回收：5。总投入：1808，总回收：2385，实际收益：-148，开关=2
****************************************
模拟下注：钢琴,1 | 贝斯,1 | 下注结果：【命中】。2022-12-02 18:58:12 贝斯。本次回收：5。总投入：2，总回收：5，实际收益：1，开关=1
****************************************
模拟下注：钢琴,1 | 贝斯,1 | 下注结果：【未命中】。2022-12-02 18:59:10 萨克斯风。本次回收：0。，总投入：4，总回收：5，实际收益：0，开关=1
****************************************
模拟下注：吉他,5 | 小提琴,5 | 下注结果：【命中】。2022-12-02 19:03:02 吉他。本次回收：25。总投入：14，总回收：30，实际收益：6，开关=1
****************************************
模拟下注：小提琴,1 | 吉他,1 | 下注结果：【未命中】。2022-12-02 19:04:00 钢琴。本次回收：0。，总投入：16，总回收：30，实际收益：4，开关=1
****************************************
模拟下注：吉他,5 | 小提琴,5 | 下注结果：【未命中】。2022-12-02 19:05:56 贝斯。本次回收：0。，总投入：26，总回收：30，实际收益：-4，开关=1
****************************************
模拟下注：钢琴,25 | 贝斯,25 | 下注结果：【未命中】。2022-12-02 19:10:46 圆号。本次回收：0。，总投入：76，总回收：30，实际收益：-50，开关=2
****************************************
模拟下注：钢琴,125 | 贝斯,125 | 下注结果：【命中】。2022-12-02 19:13:40 贝斯。本次回收：625。总投入：326，总回收：655，实际收益：116，开关=2
****************************************
模拟下注：小提琴,1 | 贝斯,1 | 下注结果：【未命中】。2022-12-02 19:20:26 竖琴。本次回收：0。，总投入：328，总回收：655，实际收益：114，开关=2
****************************************
模拟下注：小提琴,5 | 贝斯,5 | 下注结果：【命中】。2022-12-02 19:29:08 小提琴。本次回收：25。总投入：338，总回收：680，实际收益：120，开关=2
****************************************
模拟下注：贝斯,1 | 吉他,1 | 下注结果：【命中】。2022-12-02 19:36:52 吉他。本次回收：5。总投入：340，总回收：685，实际收益：122，开关=2
****************************************
模拟下注：贝斯,1 | 吉他,1 | 下注结果：【未命中】。2022-12-02 19:47:30 小提琴。本次回收：0。，总投入：342，总回收：685，实际收益：120，开关=2
****************************************
模拟下注：吉他,5 | 贝斯,5 | 下注结果：【命中】。2022-12-02 19:48:28 贝斯。本次回收：25。总投入：352，总回收：710，实际收益：127，开关=2
****************************************
模拟下注：小提琴,1 | 钢琴,1 | 下注结果：【命中】。2022-12-02 19:52:20 钢琴。本次回收：5。总投入：354，总回收：715，实际收益：128，开关=2
****************************************
模拟下注：贝斯,1 | 钢琴,1 | 下注结果：【命中】。2022-12-02 19:56:12 钢琴。本次回收：5。总投入：356，总回收：720，实际收益：129，开关=2
****************************************
模拟下注：贝斯,1 | 小提琴,1 | 下注结果：【未命中】。2022-12-02 20:20:22 钢琴。本次回收：0。，总投入：358，总回收：720，实际收益：127，开关=2
****************************************
模拟下注：贝斯,5 | 小提琴,5 | 下注结果：【未命中】。2022-12-02 20:21:20 吉他。本次回收：0。，总投入：368，总回收：720，实际收益：118，开关=2
****************************************
模拟下注：贝斯,25 | 小提琴,25 | 下注结果：【未命中】。2022-12-02 20:24:14 钢琴。本次回收：0。，总投入：418，总回收：720，实际收益：72，开关=1
****************************************
模拟下注：贝斯,1 | 吉他,1 | 下注结果：【命中】。2022-12-02 21:08:42 贝斯。本次回收：5。总投入：2，总回收：5，实际收益：1，开关=1
****************************************
模拟下注：贝斯,1 | 吉他,1 | 下注结果：【未命中】。2022-12-02 21:09:40 钢琴。本次回收：0。，总投入：4，总回收：5，实际收益：0，开关=1
****************************************
模拟下注：贝斯,5 | 吉他,5 | 下注结果：【未命中】。2022-12-02 21:14:30 小提琴。本次回收：0。，总投入：14，总回收：5，实际收益：-9，开关=1
****************************************
模拟下注：贝斯,25 | 吉他,25 | 下注结果：【未命中】。2022-12-02 21:18:22 小提琴。本次回收：0。，总投入：64，总回收：5，实际收益：-55，开关=1
****************************************
模拟下注：钢琴,125 | 吉他,125 | 下注结果：【命中】。2022-12-02 21:24:10 钢琴。本次回收：625。总投入：314，总回收：630，实际收益：111，开关=1
****************************************
模拟下注：吉他,1 | 钢琴,1 | 下注结果：【命中】。2022-12-02 21:25:08 吉他。本次回收：5。总投入：316，总回收：635，实际收益：112，开关=1
****************************************
模拟下注：吉他,1 | 钢琴,1 | 下注结果：【未命中】。2022-12-02 21:26:06 贝斯。本次回收：0。，总投入：318，总回收：635，实际收益：110，开关=1
****************************************
模拟下注：钢琴,5 | 贝斯,5 | 下注结果：【命中】。2022-12-02 21:28:02 钢琴。本次回收：25。总投入：328，总回收：660，实际收益：117，开关=1
****************************************
模拟下注：贝斯,1 | 吉他,1 | 下注结果：【未命中】。2022-12-02 21:29:00 小提琴。本次回收：0。，总投入：330，总回收：660，实际收益：115，开关=1
****************************************
模拟下注：贝斯,5 | 小提琴,5 | 下注结果：【命中】。2022-12-02 21:37:42 贝斯。本次回收：25。总投入：340，总回收：685，实际收益：122，开关=1
****************************************
模拟下注：贝斯,1 | 小提琴,1 | 下注结果：【命中】。2022-12-02 21:38:40 贝斯。本次回收：5。总投入：342，总回收：690，实际收益：123，开关=1
****************************************
模拟下注：小提琴,1 | 贝斯,1 | 下注结果：【命中】。2022-12-02 21:39:38 小提琴。本次回收：5。总投入：344，总回收：695，实际收益：124，开关=1
****************************************
模拟下注：贝斯,1 | 小提琴,1 | 下注结果：【命中】。2022-12-02 21:40:36 贝斯。本次回收：5。总投入：346，总回收：700，实际收益：126，开关=1
****************************************
模拟下注：小提琴,1 | 钢琴,1 | 下注结果：【命中】。2022-12-02 21:41:34 钢琴。本次回收：5。总投入：348，总回收：705，实际收益：127，开关=1
****************************************
模拟下注：小提琴,1 | 吉他,1 | 下注结果：【未命中】。2022-12-02 21:49:18 竖琴。本次回收：0。，总投入：350，总回收：705，实际收益：125，开关=1
****************************************
模拟下注：小提琴,5 | 钢琴,5 | 下注结果：【未命中】。2022-12-02 21:54:08 吉他。本次回收：0。，总投入：360，总回收：705，实际收益：116，开关=1
****************************************
模拟下注：小提琴,25 | 钢琴,25 | 下注结果：【未命中】。2022-12-02 21:59:56 贝斯。本次回收：0。，总投入：410，总回收：705，实际收益：70，开关=1
****************************************
模拟下注：钢琴,125 | 贝斯,125 | 下注结果：【未命中】。2022-12-02 22:01:52 小提琴。本次回收：0。，总投入：660，总回收：705，实际收益：-159，开关=1
****************************************
模拟下注：钢琴,1 | 贝斯,1 | 下注结果：【未命中】。2022-12-02 22:06:42 竖琴。本次回收：0。，总投入：662，总回收：705，实际收益：-161，开关=1
****************************************
模拟下注：小提琴,5 | 吉他,5 | 下注结果：【未命中】。2022-12-02 22:08:38 贝斯。本次回收：0。，总投入：672，总回收：705，实际收益：-170，开关=1
****************************************
模拟下注：贝斯,25 | 小提琴,25 | 下注结果：【命中】。2022-12-02 22:11:32 贝斯。本次回收：125。总投入：722，总回收：830，实际收益：-137，开关=1
****************************************
模拟下注：小提琴,1 | 钢琴,1 | 下注结果：【未命中】。2022-12-02 22:12:30 贝斯。本次回收：0。，总投入：724，总回收：830，实际收益：-139，开关=1
****************************************
模拟下注：钢琴,5 | 贝斯,5 | 下注结果：【未命中】。2022-12-02 22:19:16 小提琴。本次回收：0。，总投入：734，总回收：830，实际收益：-148，开关=1
****************************************
模拟下注：小提琴,25 | 贝斯,25 | 下注结果：【未命中】。2022-12-02 22:32:48 吉他。本次回收：0。，总投入：784，总回收：830，实际收益：-194，开关=1
****************************************
模拟下注：钢琴,125 | 吉他,125 | 下注结果：【未命中】。2022-12-02 22:34:44 小提琴。本次回收：0。，总投入：1034，总回收：830，实际收益：-424，开关=1
****************************************
模拟下注：贝斯,1 | 钢琴,1 | 下注结果：【命中】。2022-12-02 22:49:14 贝斯。本次回收：5。总投入：1036，总回收：835，实际收益：-422，开关=1
****************************************
模拟下注：钢琴,1 | 贝斯,1 | 下注结果：【未命中】。2022-12-02 22:50:12 架子鼓。本次回收：0。，总投入：1038，总回收：835，实际收益：-424，开关=1
****************************************
模拟下注：吉他,5 | 小提琴,5 | 下注结果：【命中】。2022-12-02 22:56:58 小提琴。本次回收：25。总投入：1048，总回收：860，实际收益：-418，开关=1
****************************************
模拟下注：贝斯,1 | 吉他,1 | 下注结果：【未命中】。2022-12-02 23:04:42 架子鼓。本次回收：0。，总投入：1050，总回收：860，实际收益：-419，开关=1
****************************************
模拟下注：钢琴,5 | 贝斯,5 | 下注结果：【未命中】。2022-12-02 23:11:28 吉他。本次回收：0。，总投入：1060，总回收：860，实际收益：-429，开关=1
****************************************
模拟下注：贝斯,25 | 钢琴,25 | 下注结果：【未命中】。2022-12-02 23:18:14 小提琴。本次回收：0。，总投入：1110，总回收：860，实际收益：-475，开关=2
****************************************
模拟下注：贝斯,125 | 钢琴,125 | 下注结果：【未命中】。2022-12-02 23:19:12 竖琴。本次回收：0。，总投入：1360，总回收：860，实际收益：-705，开关=2
****************************************
模拟下注：贝斯,1 | 钢琴,1 | 下注结果：【命中】。2022-12-02 23:24:02 钢琴。本次回收：5。总投入：1362，总回收：865，实际收益：-703，开关=2
****************************************
模拟下注：钢琴,1 | 小提琴,1 | 下注结果：【命中】。2022-12-02 23:32:44 小提琴。本次回收：5。总投入：1364，总回收：870，实际收益：-702，开关=2
****************************************
模拟下注：贝斯,1 | 吉他,1 | 下注结果：【未命中】。2022-12-02 23:42:24 架子鼓。本次回收：0。，总投入：1366，总回收：870，实际收益：-704，开关=2
****************************************
模拟下注：小提琴,5 | 钢琴,5 | 下注结果：【命中】。2022-12-02 23:50:08 小提琴。本次回收：25。总投入：1376，总回收：895，实际收益：-697，开关=2
************************************
模拟下注：钢琴,1 | 吉他,1 | 下注结果：【未命中】。2022-12-03 09:56:14 贝斯。本次回收：0。，总投入：2，总回收：0，实际收益：-1，开关=1
****************************************
模拟下注：钢琴,5 | 吉他,5 | 下注结果：【未命中】。2022-12-03 09:59:08 小提琴。本次回收：0。，总投入：12，总回收：0，实际收益：-11，开关=1
****************************************
模拟下注：贝斯,25 | 小提琴,25 | 下注结果：【未命中】。2022-12-03 10:02:02 吉他。本次回收：0。，总投入：62，总回收：0，实际收益：-57，开关=1
****************************************
模拟下注：贝斯,125 | 吉他,125 | 下注结果：【未命中】。2022-12-03 10:15:34 钢琴。本次回收：0。，总投入：312，总回收：0，实际收益：-287，开关=1
****************************************
模拟下注：贝斯,1 | 吉他,1 | 下注结果：【未命中】。2022-12-03 10:30:04 小提琴。本次回收：0。，总投入：314，总回收：0，实际收益：-288，开关=1
****************************************
模拟下注：贝斯,5 | 钢琴,5 | 下注结果：【命中】。2022-12-03 10:35:52 钢琴。本次回收：25。总投入：324，总回收：25，实际收益：-282，开关=1
****************************************
模拟下注：贝斯,25 | 吉他,25 | 下注结果：【未命中】。2022-12-03 10:39:44 钢琴。本次回收：0。，总投入：374，总回收：25，实际收益：-328，开关=1
****************************************
模拟下注：贝斯,125 | 钢琴,125 | 下注结果：【命中】。2022-12-03 10:43:36 贝斯。本次回收：625。总投入：624，总回收：650，实际收益：-161，开关=1
****************************************
模拟下注：吉他,1 | 钢琴,1 | 下注结果：【未命中】。2022-12-03 10:44:34 小提琴。本次回收：0。，总投入：626，总回收：650，实际收益：-163，开关=1
****************************************
模拟下注：贝斯,5 | 吉他,5 | 下注结果：【命中】。2022-12-03 10:59:04 贝斯。本次回收：25。总投入：636，总回收：675，实际收益：-156，开关=1
****************************************
模拟下注：贝斯,25 | 吉他,25 | 模拟下注：贝斯,1 | 小提琴,1 | 下注结果：【命中】。2022-12-03 11:14:32 贝斯。本次回收：5。总投入：2，总回收：5，实际收益：1，开关=1
****************************************
模拟下注：贝斯,1 | 吉他,1 | 下注结果：【命中】。2022-12-03 11:54:10 吉他。本次回收：5。总投入：2，总回收：5，实际收益：1，开关=1
****************************************
模拟下注：钢琴,5 | 小提琴,5 | 下注结果：【未命中】。2022-12-03 11:59:58 贝斯。本次回收：0。，总投入：12，总回收：5，实际收益：-7，开关=1
****************************************
模拟下注：钢琴,25 | 吉他,25 | 下注结果：【未命中】。2022-12-03 12:06:44 小提琴。本次回收：0。，总投入：62，总回收：5，实际收益：-53，开关=1
****************************************
模拟下注：钢琴,125 | 吉他,125 | 下注结果：【命中】。2022-12-03 12:11:34 钢琴。本次回收：625。总投入：312，总回收：630，实际收益：113，开关=2
****************************************
模拟下注：吉他,1 | 钢琴,1 | 下注结果：【命中】。2022-12-03 12:18:20 钢琴。本次回收：5。总投入：314，总回收：635，实际收益：114，开关=2
****************************************
模拟下注：吉他,5 | 钢琴,5 | 下注结果：【未命中】。2022-12-03 12:23:10 贝斯。本次回收：0。，总投入：324，总回收：635，实际收益：105，开关=2
****************************************
模拟下注：钢琴,25 | 小提琴,25 | 下注结果：【未命中】。2022-12-03 12:29:56 贝斯。本次回收：0。，总投入：374，总回收：635，实际收益：59，开关=2
****************************************
模拟下注：吉他,125 | 贝斯,125 | 下注结果：【未命中】。2022-12-03 12:30:54 竖琴。本次回收：0。，总投入：624，总回收：635，实际收益：-170，开关=1
****************************************
模拟下注：吉他,1 | 贝斯,1 | 下注结果：【未命中】。2022-12-03 12:38:38 钢琴。本次回收：0。，总投入：626，总回收：635，实际收益：-172，开关=1
****************************************
模拟下注：小提琴,5 | 贝斯,5 | 下注结果：【命中】。2022-12-03 12:48:18 贝斯。本次回收：25。总投入：636，总回收：660，实际收益：-166，开关=1
****************************************
模拟下注：小提琴,25 | 贝斯,25 | 下注结果：【未命中】。2022-12-03 12:49:16 钢琴。本次回收：0。，总投入：686，总回收：660，实际收益：-212，开关=1
****************************************
模拟下注：吉他,125 | 钢琴,125 | 下注结果：【命中】。2022-12-03 12:54:06 吉他。本次回收：625。总投入：936，总回收：1285，实际收益：-45，开关=1
****************************************
模拟下注：钢琴,1 | 吉他,1 | 下注结果：【未命中】。2022-12-03 12:55:04 小提琴。本次回收：0。，总投入：938，总回收：1285，实际收益：-46，开关=1
****************************************
模拟下注：贝斯,5 | 钢琴,5 | 下注结果：【未命中】。2022-12-03 13:11:30 萨克斯风。本次回收：0。，总投入：948，总回收：1285，实际收益：-56，开关=1
****************************************
模拟下注：吉他,25 | 钢琴,25 | 下注结果：【未命中】。2022-12-03 13:14:24 小提琴。本次回收：0。，总投入：998，总回收：1285，实际收益：-102，开关=2
****************************************
模拟下注：吉他,125 | 钢琴,125 | 下注结果：【命中】。2022-12-03 13:15:22 吉他。本次回收：625。总投入：1248，总回收：1910，实际收益：64，开关=2
****************************************
模拟下注：钢琴,1 | 吉他,1 | 下注结果：【未命中】。2022-12-03 13:26:58 竖琴。本次回收：0。，总投入：1250，总回收：1910，实际收益：62，开关=2
****************************************
模拟下注：小提琴,5 | 钢琴,5 | 下注结果：【命中】。2022-12-03 13:29:52 钢琴。本次回收：25。总投入：1260，总回收：1935，实际收益：69，开关=2
****************************************
模拟下注：小提琴,25 | 贝斯,25 | 下注结果：【未命中】。2022-12-03 13:37:36 钢琴。本次回收：0。，总投入：1310，总回收：1935，实际收益：23，开关=2
****************************************
模拟下注：吉他,125 | 小提琴,125 | 下注结果：【未命中】。2022-12-03 14:09:30 圆号。本次回收：0。，总投入：1560，总回收：1935，实际收益：-206，开关=2
****************************************
模拟下注：小提琴,1 | 钢琴,1 | 下注结果：【命中】。2022-12-03 14:11:26 小提琴。本次回收：5。总投入：1562，总回收：1940，实际收益：-205，开关=2
****************************************
模拟下注：小提琴,5 | 钢琴,5 | 下注结果：【命中】。2022-12-03 14:18:12 小提琴。本次回收：25。总投入：1572，总回收：1965，实际收益：-198，开关=2
****************************************
模拟下注：吉他,25 | 小提琴,25 | 下注结果：【命中】。2022-12-03 14:25:56 吉他。本次回收：125。总投入：1622，总回收：2090，实际收益：-165，开关=2
****************************************
模拟下注：钢琴,125 | 贝斯,125 | 下注结果：【未命中】。2022-12-03 14:35:36 小提琴。本次回收：0。，总投入：1872，总回收：2090，实际收益：-395，开关=2
****************************************
模拟下注：钢琴,1 | 贝斯,1 | 下注结果：【未命中】。2022-12-03 14:36:34 架子鼓。本次回收：0。，总投入：1874，总回收：2090，实际收益：-396，开关=2
****************************************
模拟下注：吉他,5 | 小提琴,5 | 下注结果：【未命中】。2022-12-03 14:41:24 钢琴。本次回收：0。，总投入：1884，总回收：2090，实际收益：-406，开关=1
****************************************
模拟下注：吉他,25 | 小提琴,25 | 下注结果：【命中】。2022-12-03 14:49:08 吉他。本次回收：125。总投入：1934，总回收：2215，实际收益：-372，开关=1
****************************************
模拟下注：吉他,125 | 小提琴,125 | 下注结果：【未命中】。2022-12-03 14:50:06 钢琴。本次回收：0。，总投入：2184，总回收：2215，实际收益：-602，开关=1
****************************************
模拟下注：钢琴,1 | 吉他,1 | 下注结果：【未命中】。2022-12-03 14:56:52 小提琴。本次回收：0。，总投入：2186，总回收：2215，实际收益：-604，开关=1
****************************************
模拟下注：贝斯,5 | 吉他,5 | 下注结果：【命中】。2022-12-03 14:59:46 贝斯。本次回收：25。总投入：2196，总回收：2240，实际收益：-597，开关=2
****************************************
模拟下注：贝斯,25 | 吉他,25 | 下注结果：【未命中】。2022-12-03 15:05:34 架子鼓。本次回收：0。，总投入：2246，总回收：2240，实际收益：-643，开关=2
****************************************
模拟下注：小提琴,125 | 吉他,125 | 下注结果：【未命中】。2022-12-03 15:08:28 贝斯。本次回收：0。，总投入：2496，总回收：2240，实际收益：-873，开关=2
****************************************
模拟下注：吉他,1 | 小提琴,1 | 下注结果：【命中】。2022-12-03 15:24:54 小提琴。本次回收：5。总投入：2498，总回收：2245，实际收益：-872，开关=1
****************************************
模拟下注：钢琴,5 | 吉他,5 | 下注结果：【命中】。2022-12-03 15:34:34 钢琴。本次回收：25。总投入：2508，总回收：2270，实际收益：-865，开关=1
****************************************
模拟下注：钢琴,25 | 贝斯,25 | 下注结果：【命中】。2022-12-03 15:41:20 贝斯。本次回收：125。总投入：2558，总回收：2395，实际收益：-832，开关=1
****************************************
模拟下注：贝斯,125 | 钢琴,125 | 下注结果：【未命中】。2022-12-03 15:44:14 竖琴。本次回收：0。，总投入：2808，总回收：2395，实际收益：-1062，开关=1
****************************************
模拟下注：小提琴,1 | 贝斯,1 | 下注结果：【未命中】。2022-12-03 15:50:02 圆号。本次回收：0。，总投入：2810，总回收：2395，实际收益：-1064，开关=1
****************************************
模拟下注：贝斯,5 | 小提琴,5 | 下注结果：【命中】。2022-12-03 15:55:50 贝斯。本次回收：25。总投入：2820，总回收：2420，实际收益：-1057，开关=1
****************************************
模拟下注：贝斯,25 | 小提琴,25 | 下注结果：【未命中】。2022-12-03 15:56:48 钢琴。本次回收：0。，总投入：2870，总回收：2420，实际收益：-1103，开关=1
****************************************
模拟下注：贝斯,125 | 小提琴,125 | 下注结果：【命中】。2022-12-03 16:06:28 小提琴。本次回收：625。总投入：3120，总回收：3045，实际收益：-936，开关=1
****************************************
模拟下注：贝斯,1 | 小提琴,1 | 下注结果：【未命中】。2022-12-03 16:07:26 吉他。本次回收：0。，总投入：3122，总回收：3045，实际收益：-938，开关=1
****************************************
模拟下注：钢琴,5 | 贝斯,5 | 下注结果：【未命中】。2022-12-03 16:13:14 小提琴。本次回收：0。，总投入：3132，总回收：3045，实际收益：-947，开关=1
****************************************
模拟下注：钢琴,25 | 小提琴,25 | 下注结果：【命中】。2022-12-03 16:36:26 钢琴。本次回收：125。总投入：3182，总回收：3170，实际收益：-914，开关=1
****************************************
模拟下注：贝斯,1 | 钢琴,1 | 下注结果：【未命中】。2022-12-03 16:57:42 小提琴。本次回收：0。，总投入：2，总回收：0，实际收益：-1，开关=1
****************************************
模拟下注：吉他,5 | 贝斯,5 | 下注结果：【未命中】。2022-12-03 17:00:36 钢琴。本次回收：0。，总投入：12，总回收：0，实际收益：-11，开关=1
****************************************
模拟下注：贝斯,25 | 钢琴,25 | 下注结果：【命中】。2022-12-03 17:05:26 贝斯。本次回收：125。总投入：62，总回收：125，实际收益：22，开关=1
****************************************
模拟下注：贝斯,1 | 钢琴,1 | 下注结果：【命中】。2022-12-03 17:09:18 贝斯。本次回收：5。总投入：64，总回收：130，实际收益：23，开关=1
****************************************
模拟下注：小提琴,1 | 吉他,1 | 下注结果：【命中】。2022-12-03 17:12:12 小提琴。本次回收：5。总投入：66，总回收：135，实际收益：25，开关=1
****************************************
模拟下注：吉他,1 | 小提琴,1 | 下注结果：【命中】。2022-12-03 17:13:10 小提琴。本次回收：5。总投入：68，总回收：140，实际收益：26，开关=1
****************************************
模拟下注：吉他,1 | 钢琴,1 | 下注结果：【命中】。2022-12-03 17:21:52 钢琴。本次回收：5。总投入：70，总回收：145，实际收益：27，开关=1
****************************************
模拟下注：吉他,1 | 贝斯,1 | 下注结果：【命中】。2022-12-03 17:22:50 贝斯。本次回收：5。总投入：72，总回收：150，实际收益：29，开关=1
****************************************
模拟下注：吉他,1 | 贝斯,1 | 下注结果：【未命中】。2022-12-03 17:39:16 架子鼓。本次回收：0。，总投入：74，总回收：150，实际收益：27，开关=1
****************************************
模拟下注：贝斯,5 | 钢琴,5 | 下注结果：【命中】。2022-12-03 18:07:18 钢琴。本次回收：25。总投入：84，总回收：175，实际收益：33，开关=1
****************************************
模拟下注：贝斯,1 | 钢琴,1 | 下注结果：【未命中】。2022-12-03 18:08:16 架子鼓。本次回收：0。，总投入：86，总回收：175，实际收益：32，开关=1
****************************************
模拟下注：钢琴,5 | 贝斯,5 | 下注结果：【未命中】。2022-12-03 18:28:34 架子鼓。本次回收：0。，总投入：96，总回收：175，实际收益：22，开关=1
****************************************
模拟下注：吉他,25 | 钢琴,25 | 下注结果：【未命中】。2022-12-03 18:38:14 小提琴。本次回收：0。，总投入：146，总回收：175，实际收益：-23，开关=1
****************************************
模拟下注：钢琴,125 | 小提琴,125 | 下注结果：【命中】。2022-12-03 18:41:08 小提琴。本次回收：625。总投入：396，总回收：800，实际收益：143，开关=1
****************************************
模拟下注：吉他,1 | 小提琴,1 | 下注结果：【命中】。2022-12-03 18:42:06 吉他。本次回收：5。总投入：398，总回收：805，实际收益：145，开关=1
****************************************
模拟下注：贝斯,1 | 钢琴,1 | 下注结果：【未命中】。2022-12-03 18:54:40 吉他。本次回收：0。，总投入：400，总回收：805，实际收益：143，开关=1
****************************************
模拟下注：贝斯,5 | 钢琴,5 | 下注结果：【未命中】。2022-12-03 18:56:36 小提琴。本次回收：0。，总投入：410，总回收：805，实际收益：133，开关=1
****************************************
模拟下注：贝斯,25 | 钢琴,25 | 下注结果：【未命中】。2022-12-03 19:05:18 小提琴。本次回收：0。，总投入：460，总回收：805，实际收益：87，开关=2
****************************************
模拟下注：贝斯,125 | 钢琴,125 | 下注结果：【未命中】。2022-12-03 19:09:10 架子鼓。本次回收：0。，总投入：710，总回收：805，实际收益：-142，开关=2
****************************************
模拟下注：小提琴,1 | 钢琴,1 | 下注结果：【命中】。2022-12-03 19:13:02 钢琴。本次回收：5。总投入：712，总回收：810，实际收益：-140，开关=2
****************************************
模拟下注：小提琴,1 | 钢琴,1 | 下注结果：【命中】。2022-12-03 19:22:42 小提琴。本次回收：5。总投入：714，总回收：815，实际收益：-139，开关=2
****************************************
模拟下注：钢琴,1 | 吉他,1 | 下注结果：【未命中】。2022-12-03 19:33:20 架子鼓。本次回收：0。，总投入：716，总回收：815，实际收益：-141，开关=2
****************************************
模拟下注：钢琴,5 | 小提琴,5 | 下注结果：【未命中】。2022-12-03 19:39:08 吉他。本次回收：0。，总投入：726，总回收：815，实际收益：-150，开关=2
****************************************
模拟下注：钢琴,25 | 吉他,25 | 下注结果：【未命中】。2022-12-03 19:46:52 小提琴。本次回收：0。，总投入：776，总回收：815，实际收益：-196，开关=2
****************************************
模拟下注：贝斯,125 | 吉他,125 | 下注结果：【未命中】。2022-12-03 19:57:30 小提琴。本次回收：0。，总投入：1026，总回收：815，实际收益：-426，开关=2
****************************************
模拟下注：贝斯,1 | 吉他,1 | 下注结果：【命中】。2022-12-03 19:58:28 贝斯。本次回收：5。总投入：1028，总回收：820，实际收益：-425，开关=2
****************************************
模拟下注：钢琴,1 | 小提琴,1 | 下注结果：【命中】。2022-12-03 20:01:22 小提琴。本次回收：5。总投入：1030，总回收：825，实际收益：-423，开关=2
****************************************
模拟下注：贝斯,1 | 吉他,1 | 下注结果：【命中】。2022-12-03 20:07:10 贝斯。本次回收：5。总投入：1032，总回收：830，实际收益：-422，开关=2
****************************************
模拟下注：吉他,1 | 钢琴,1 | 下注结果：【未命中】。2022-12-03 20:24:34 小提琴。本次回收：0。，总投入：1034，总回收：830，实际收益：-424，开关=2
****************************************
模拟下注：小提琴,5 | 钢琴,5 | 下注结果：【未命中】。2022-12-03 20:35:12 架子鼓。本次回收：0。，总投入：1044，总回收：830，实际收益：-433，开关=2
****************************************
模拟下注：钢琴,25 | 小提琴,25 | 下注结果：【未命中】。2022-12-03 20:40:02 贝斯。本次回收：0。，总投入：1094，总回收：830，实际收益：-479，开关=1
****************************************
模拟下注：钢琴,125 | 小提琴,125 | 下注结果：【未命中】。2022-12-03 20:44:52 贝斯。本次回收：0。，总投入：1344，总回收：830，实际收益：-709，开关=1
****************************************
模拟下注：吉他,1 | 小提琴,1 | 下注结果：【未命中】。2022-12-03 20:58:24 竖琴。本次回收：0。，总投入：1346，总回收：830，实际收益：-711，开关=1
****************************************
模拟下注：钢琴,5 | 小提琴,5 | 下注结果：【未命中】。2022-12-03 21:06:08 吉他。本次回收：0。，总投入：1356，总回收：830，实际收益：-720，开关=1
****************************************
模拟下注：贝斯,25 | 吉他,25 | 下注结果：【命中】。2022-12-03 21:09:02 吉他。本次回收：125。总投入：1406，总回收：955，实际收益：-687，开关=1
****************************************
模拟下注：贝斯,1 | 吉他,1 | 下注结果：【命中】。2022-12-03 21:10:00 贝斯。本次回收：5。总投入：1408，总回收：960，实际收益：-685，开关=1
****************************************
模拟下注：小提琴,1 | 钢琴,1 | 下注结果：【未命中】。2022-12-03 21:18:42 架子鼓。本次回收：0。，总投入：1410，总回收：960，实际收益：-687，开关=1
****************************************
模拟下注：贝斯,5 | 吉他,5 | 下注结果：【未命中】。2022-12-03 21:24:30 小提琴。本次回收：0。，总投入：1420，总回收：960，实际收益：-696，开关=1
****************************************
模拟下注：吉他,25 | 钢琴,25 | 下注结果：【命中】。2022-12-03 21:43:50 吉他。本次回收：125。总投入：1470，总回收：1085，实际收益：-663，开关=1
****************************************
模拟下注：小提琴,1 | 钢琴,1 | 下注结果：【未命中】。2022-12-03 21:44:48 吉他。本次回收：0。，总投入：1472，总回收：1085，实际收益：-665，开关=1
****************************************
模拟下注：小提琴,5 | 钢琴,5 | 下注结果：【未命中】。2022-12-03 22:03:10 吉他。本次回收：0。，总投入：1482，总回收：1085，实际收益：-674，开关=1
****************************************
模拟下注：小提琴,1 | 钢琴,1 | 下注结果：【命中】。2022-12-04 10:00:26 小提琴。本次回收：5。总投入：2，总回收：5，实际收益：1，开关=1
****************************************
模拟下注：小提琴,1 | 钢琴,1 | 下注结果：【命中】。2022-12-04 10:02:22 小提琴。本次回收：5。总投入：4，总回收：10，实际收益：2，开关=1
****************************************
模拟下注：贝斯,1 | 吉他,1 | 下注结果：【未命中】。2022-12-04 10:06:14 萨克斯风。本次回收：0。，总投入：6，总回收：10，实际收益：0，开关=1
****************************************
模拟下注：吉他,5 | 贝斯,5 | 下注结果：【命中】。2022-12-04 10:08:10 贝斯。本次回收：25。总投入：16，总回收：35，实际收益：7，开关=1
****************************************
模拟下注：贝斯,1 | 钢琴,1 | 下注结果：【未命中】。2022-12-04 10:11:04 吉他。本次回收：0。，总投入：18，总回收：35，实际收益：5，开关=1
****************************************
模拟下注：小提琴,5 | 贝斯,5 | 下注结果：【未命中】。2022-12-04 10:13:58 吉他。本次回收：0。，总投入：28，总回收：35，实际收益：-3，开关=1
****************************************
模拟下注：小提琴,25 | 钢琴,25 | 下注结果：【未命中】。2022-12-04 10:24:36 架子鼓。本次回收：0。，总投入：78，总回收：35，实际收益：-49，开关=2
****************************************
模拟下注：贝斯,125 | 吉他,125 | 下注结果：【命中】。2022-12-04 10:32:20 吉他。本次回收：625。总投入：328，总回收：660，实际收益：117，开关=2
****************************************
模拟下注：小提琴,1 | 贝斯,1 | 下注结果：【命中】。2022-12-04 10:35:14 贝斯。本次回收：5。总投入：330，总回收：665，实际收益：118，开关=2
****************************************
模拟下注：钢琴,1 | 贝斯,1 | 下注结果：【未命中】。2022-12-04 10:42:00 竖琴。本次回收：0。，总投入：332，总回收：665，实际收益：116，开关=2
****************************************
模拟下注：小提琴,5 | 贝斯,5 | 下注结果：【未命中】。2022-12-04 10:50:42 钢琴。本次回收：0。，总投入：342，总回收：665，实际收益：107，开关=2
****************************************
模拟下注：钢琴,25 | 吉他,25 | 下注结果：【未命中】。2022-12-04 10:51:40 贝斯。本次回收：0。，总投入：392，总回收：665，实际收益：61，开关=1
****************************************
模拟下注：钢琴,125 | 贝斯,125 | 下注结果：【未命中】。2022-12-04 11:06:10 小提琴。本次回收：0。，总投入：642，总回收：665，实际收益：-168，开关=1
****************************************
模拟下注：吉他,1 | 小提琴,1 | 下注结果：【未命中】。2022-12-04 11:10:02 贝斯。本次回收：0。，总投入：644，总回收：665，实际收益：-170，开关=1
****************************************
模拟下注：贝斯,5 | 钢琴,5 | 下注结果：【未命中】。2022-12-04 11:12:56 萨克斯风。本次回收：0。，总投入：654，总回收：665，实际收益：-179，开关=1
****************************************
模拟下注：吉他,25 | 小提琴,25 | 下注结果：【未命中】。2022-12-04 11:15:50 架子鼓。本次回收：0。，总投入：704，总回收：665，实际收益：-225，开关=1
****************************************
模拟下注：小提琴,125 | 钢琴,125 | 下注结果：【未命中】。2022-12-04 11:24:32 贝斯。本次回收：0。，总投入：954，总回收：665，实际收益：-455，开关=1
****************************************
模拟下注：小提琴,1 | 贝斯,1 | 下注结果：【命中】。2022-12-04 11:27:26 贝斯。本次回收：5。总投入：956，总回收：670，实际收益：-454，开关=1
****************************************
模拟下注：小提琴,1 | 吉他,1 | 下注结果：【未命中】。2022-12-04 11:29:22 钢琴。本次回收：0。，总投入：958，总回收：670，实际收益：-455，开关=1
****************************************
模拟下注：小提琴,5 | 钢琴,5 | 下注结果：【命中】。2022-12-04 11:38:04 钢琴。本次回收：25。总投入：968，总回收：695，实际收益：-449，开关=1
****************************************
模拟下注：贝斯,1 | 钢琴,1 | 下注结果：【未命中】。2022-12-04 11:39:02 小提琴。本次回收：0。，总投入：970，总回收：695，实际收益：-451，开关=1
****************************************
模拟下注：吉他,5 | 贝斯,5 | 下注结果：【未命中】。2022-12-04 11:43:52 钢琴。本次回收：0。，总投入：980，总回收：695，实际收益：-460，开关=1
****************************************
模拟下注：吉他,25 | 贝斯,25 | 下注结果：【命中】。2022-12-04 12:12:52 吉他。本次回收：125。总投入：1030，总回收：820，实际收益：-426，开关=1
****************************************
模拟下注：吉他,1 | 小提琴,1 | 下注结果：【未命中】。2022-12-04 12:23:30 钢琴。本次回收：0。，总投入：1032，总回收：820，实际收益：-428，开关=1
****************************************
模拟下注：贝斯,1 | 吉他,1 | 下注结果：【未命中】。2022-12-04 12:38:00 小提琴。本次回收：0。，总投入：2，总回收：0，实际收益：-1，开关=1
****************************************
模拟下注：小提琴,5 | 吉他,5 | 下注结果：【未命中】。2022-12-04 12:47:40 贝斯。本次回收：0。，总投入：12，总回收：0，实际收益：-11，开关=1
****************************************
模拟下注：贝斯,25 | 钢琴,25 | 下注结果：【命中】。2022-12-04 12:50:34 钢琴。本次回收：125。总投入：62，总回收：125，实际收益：22，开关=1
****************************************
模拟下注：贝斯,1 | 吉他,1 | 下注结果：【命中】。2022-12-04 12:56:22 贝斯。本次回收：5。总投入：64，总回收：130，实际收益：23，开关=1
****************************************
模拟下注：贝斯,1 | 吉他,1 | 下注结果：【命中】。2022-12-04 12:57:20 贝斯。本次回收：5。总投入：66，总回收：135，实际收益：25，开关=1
****************************************
模拟下注：贝斯,1 | 吉他,1 | 下注结果：【命中】。2022-12-04 12:58:18 吉他。本次回收：5。总投入：68，总回收：140，实际收益：26，开关=1
****************************************
模拟下注：钢琴,1 | 贝斯,1 | 下注结果：【未命中】。2022-12-04 13:13:46 圆号。本次回收：0。，总投入：70，总回收：140，实际收益：24，开关=1
****************************************
模拟下注：贝斯,5 | 小提琴,5 | 下注结果：【命中】。2022-12-04 13:17:38 贝斯。本次回收：25。总投入：80，总回收：165，实际收益：31，开关=1
****************************************
模拟下注：贝斯,1 | 小提琴,1 | 下注结果：【命中】。2022-12-04 13:18:36 小提琴。本次回收：5。总投入：82，总回收：170，实际收益：32，开关=1
****************************************
模拟下注：贝斯,1 | 吉他,1 | 下注结果：【未命中】。2022-12-04 13:24:24 钢琴。本次回收：0。，总投入：84，总回收：170，实际收益：30，开关=1
****************************************
模拟下注：吉他,5 | 钢琴,5 | 下注结果：【命中】。2022-12-04 13:29:14 吉他。本次回收：25。总投入：94，总回收：195，实际收益：37，开关=1
****************************************
模拟下注：吉他,1 | 钢琴,1 | 下注结果：【命中】。2022-12-04 13:30:12 钢琴。本次回收：5。总投入：96，总回收：200，实际收益：38，开关=1
****************************************
模拟下注：小提琴,1 | 钢琴,1 | 下注结果：【未命中】。2022-12-04 13:34:04 吉他。本次回收：0。，总投入：98，总回收：200，实际收益：36，开关=1
****************************************
模拟下注：小提琴,5 | 吉他,5 | 下注结果：【未命中】。2022-12-04 13:49:32 钢琴。本次回收：0。，总投入：108，总回收：200，实际收益：27，开关=1
****************************************
模拟下注：钢琴,25 | 小提琴,25 | 下注结果：【命中】。2022-12-04 13:54:22 钢琴。本次回收：125。总投入：158，总回收：325，实际收益：61，开关=2
****************************************
模拟下注：贝斯,1 | 小提琴,1 | 下注结果：【未命中】。2022-12-04 14:05:00 竖琴。本次回收：0。，总投入：160，总回收：325，实际收益：59，开关=2
****************************************
模拟下注：贝斯,5 | 吉他,5 | 下注结果：【命中】。2022-12-04 14:06:56 吉他。本次回收：25。总投入：170，总回收：350，实际收益：65，开关=2
****************************************
模拟下注：小提琴,1 | 吉他,1 | 下注结果：【未命中】。2022-12-04 14:09:50 钢琴。本次回收：0。，总投入：172，总回收：350，实际收益：64，开关=2
****************************************
模拟下注：小提琴,5 | 吉他,5 | 下注结果：【未命中】。2022-12-04 14:10:48 贝斯。本次回收：0。，总投入：182，总回收：350，实际收益：54，开关=2
****************************************
模拟下注：小提琴,25 | 贝斯,25 | 下注结果：【命中】。2022-12-04 14:21:26 贝斯。本次回收：125。总投入：232，总回收：475，实际收益：88，开关=1
****************************************
模拟下注：小提琴,1 | 贝斯,1 | 下注结果：【未命中】。2022-12-04 14:22:24 萨克斯风。本次回收：0。，总投入：234，总回收：475，实际收益：86，开关=1
****************************************
模拟下注：钢琴,5 | 吉他,5 | 下注结果：【未命中】。2022-12-04 14:25:18 架子鼓。本次回收：0。，总投入：244，总回收：475，实际收益：77，开关=1
****************************************
模拟下注：吉他,25 | 贝斯,25 | 下注结果：【未命中】。2022-12-04 14:31:06 圆号。本次回收：0。，总投入：294，总回收：475，实际收益：31，开关=1
****************************************
模拟下注：钢琴,125 | 小提琴,125 | 下注结果：【命中】。2022-12-04 14:37:52 小提琴。本次回收：625。总投入：544，总回收：1100，实际收益：198，开关=1
****************************************
模拟下注：小提琴,1 | 吉他,1 | 下注结果：【命中】。2022-12-04 14:41:44 小提琴。本次回收：5。总投入：546，总回收：1105，实际收益：199，开关=1
****************************************
模拟下注：小提琴,1 | 吉他,1 | 下注结果：【未命中】。2022-12-04 14:43:40 架子鼓。本次回收：0。，总投入：548，总回收：1105，实际收益：197，开关=1
****************************************
模拟下注：小提琴,5 | 吉他,5 | 下注结果：【命中】。2022-12-04 14:50:26 小提琴。本次回收：25。总投入：558，总回收：1130，实际收益：204，开关=1
****************************************
模拟下注：钢琴,1 | 贝斯,1 | 下注结果：【未命中】。2022-12-04 14:54:18 竖琴。本次回收：0。，总投入：560，总回收：1130，实际收益：202，开关=1
****************************************
模拟下注：吉他,5 | 小提琴,5 | 下注结果：【未命中】。2022-12-04 15:08:48 架子鼓。本次回收：0。，总投入：570，总回收：1130，实际收益：193，开关=1
****************************************
模拟下注：钢琴,25 | 贝斯,25 | 下注结果：【未命中】。2022-12-04 15:11:42 小提琴。本次回收：0。，总投入：620，总回收：1130，实际收益：147，开关=2
****************************************
模拟下注：钢琴,125 | 贝斯,125 | 下注结果：【未命中】。2022-12-04 15:13:38 架子鼓。本次回收：0。，总投入：870，总回收：1130，实际收益：-82，开关=2
****************************************
模拟下注：钢琴,1 | 贝斯,1 | 下注结果：【未命中】。2022-12-04 15:16:32 萨克斯风。本次回收：0。，总投入：872，总回收：1130，实际收益：-84，开关=2
****************************************
模拟下注：钢琴,5 | 贝斯,5 | 下注结果：【未命中】。2022-12-04 15:25:14 小提琴。本次回收：0。，总投入：882，总回收：1130，实际收益：-93，开关=2
****************************************
模拟下注：钢琴,25 | 贝斯,25 | 下注结果：【未命中】。2022-12-04 15:31:02 吉他。本次回收：0。，总投入：932，总回收：1130，实际收益：-139，开关=2
****************************************
模拟下注：钢琴,125 | 贝斯,125 | 下注结果：【未命中】。2022-12-04 15:32:00 架子鼓。本次回收：0。，总投入：1182，总回收：1130，实际收益：-369，开关=2
****************************************
模拟下注：钢琴,1 | 贝斯,1 | 下注结果：【未命中】。2022-12-04 15:33:56 吉他。本次回收：0。，总投入：1184，总回收：1130，实际收益：-371，开关=2
****************************************
模拟下注：贝斯,5 | 钢琴,5 | 下注结果：【未命中】。2022-12-04 15:34:54 小提琴。本次回收：0。，总投入：1194，总回收：1130，实际收益：-380，开关=2
****************************************
模拟下注：贝斯,25 | 钢琴,25 | 下注结果：【未命中】。2022-12-04 15:36:50 小提琴。本次回收：0。，总投入：1244，总回收：1130，实际收益：-426，开关=2
****************************************
模拟下注：贝斯,125 | 钢琴,125 | 下注结果：【未命中】。2022-12-04 15:47:28 萨克斯风。本次回收：0。，总投入：1494，总回收：1130，实际收益：-656，开关=2
****************************************
模拟下注：贝斯,1 | 钢琴,1 | 下注结果：【命中】。2022-12-04 15:54:14 贝斯。本次回收：5。总投入：1496，总回收：1135，实际收益：-655，开关=2
****************************************
模拟下注：贝斯,1 | 吉他,1 | 下注结果：【未命中】。2022-12-04 15:59:04 钢琴。本次回收：0。，总投入：1498，总回收：1135，实际收益：-657，开关=2
****************************************
模拟下注：贝斯,5 | 吉他,5 | 下注结果：【命中】。2022-12-04 16:00:02 贝斯。本次回收：25。总投入：1508，总回收：1160，实际收益：-650，开关=2
****************************************
模拟下注：钢琴,1 | 吉他,1 | 下注结果：【未命中】。2022-12-04 16:11:38 贝斯。本次回收：0。，总投入：1510，总回收：1160，实际收益：-652，开关=2
****************************************
模拟下注：贝斯,5 | 小提琴,5 | 下注结果：【命中】。2022-12-04 16:14:32 小提琴。本次回收：25。总投入：1520，总回收：1185，实际收益：-645，开关=2
****************************************
模拟下注：吉他,1 | 小提琴,1 | 下注结果：【未命中】。2022-12-04 16:29:02 萨克斯风。本次回收：0。，总投入：1522，总回收：1185，实际收益：-647，开关=2
****************************************
模拟下注：钢琴,5 | 贝斯,5 | 下注结果：【命中】。2022-12-04 16:30:58 贝斯。本次回收：25。总投入：1532，总回收：1210，实际收益：-641，开关=2
****************************************
模拟下注：钢琴,1 | 贝斯,1 | 下注结果：【未命中】。2022-12-04 16:32:54 吉他。本次回收：0。，总投入：1534，总回收：1210，实际收益：-642，开关=2
****************************************
模拟下注：钢琴,5 | 贝斯,5 | 下注结果：【命中】。2022-12-04 16:34:50 贝斯。本次回收：25。总投入：1544，总回收：1235，实际收益：-636，开关=2
****************************************
模拟下注：钢琴,1 | 吉他,1 | 下注结果：【命中】。2022-12-04 16:41:36 吉他。本次回收：5。总投入：1546，总回收：1240，实际收益：-634，开关=2
****************************************
模拟下注：吉他,1 | 小提琴,1 | 下注结果：【命中】。2022-12-04 16:44:30 小提琴。本次回收：5。总投入：1548，总回收：1245，实际收益：-633，开关=2
****************************************
模拟下注：吉他,1 | 钢琴,1 | 下注结果：【命中】。2022-12-04 16:48:22 吉他。本次回收：5。总投入：1550，总回收：1250，实际收益：-632，开关=2
****************************************
模拟下注：贝斯,1 | 吉他,1 | 下注结果：【未命中】。2022-12-04 16:52:14 小提琴。本次回收：0。，总投入：1552，总回收：1250，实际收益：-634，开关=2
****************************************
模拟下注：吉他,1 | 钢琴,1 | 下注结果：【命中】。2022-12-04 17:40:34 钢琴。本次回收：5。总投入：2，总回收：5，实际收益：1，开关=1
****************************************
模拟下注：吉他,1 | 钢琴,1 | 下注结果：【未命中】。2022-12-04 17:42:30 小提琴。本次回收：0。，总投入：4，总回收：5，实际收益：0，开关=1
****************************************
模拟下注：贝斯,5 | 吉他,5 | 下注结果：【未命中】。2022-12-04 17:45:24 小提琴。本次回收：0。，总投入：14，总回收：5，实际收益：-9，开关=1
****************************************
模拟下注：贝斯,25 | 吉他,25 | 下注结果：【命中】。2022-12-04 17:48:18 吉他。本次回收：125。总投入：64，总回收：130，实际收益：23，开关=2
****************************************
模拟下注：钢琴,1 | 吉他,1 | 下注结果：【命中】。2022-12-04 17:59:54 吉他。本次回收：5。总投入：66，总回收：135，实际收益：25，开关=2
****************************************
模拟下注：钢琴,1 | 贝斯,1 | 下注结果：【命中】。2022-12-04 18:11:30 贝斯。本次回收：5。总投入：68，总回收：140，实际收益：26，开关=2
****************************************
模拟下注：吉他,1 | 小提琴,1 | 下注结果：【命中】。2022-12-04 18:14:24 吉他。本次回收：5。总投入：70，总回收：145，实际收益：27，开关=2
****************************************
