2022-10-31 14:31:22按预测 胜率: 0|1, 0.0%
2022-10-31 14:31:22按补充 胜率: 1|1, 100.0%
********************
2022-10-31 15:59:20按预测 胜率: 3|8, 37.5%
2022-10-31 15:59:20按补充 胜率: 3|8, 37.5%
********************
2022-10-31 16:59:16按预测 胜率: 10|16, 62.5%
2022-10-31 16:59:16按补充 胜率: 3|16, 18.75%
********************
2022-10-31 20:59:58按预测 胜率: 8|20, 40.0%
2022-10-31 20:59:58按补充 胜率: 5|20, 25.0%
********************
2022-10-31 22:59:50按预测 胜率: 1|5, 0.2
2022-10-31 22:59:50按补充 胜率: 2|5, 0.4
********************
2022-10-31 23:59:46按预测 胜率: 5|14, 0.36
2022-10-31 23:59:46按补充 胜率: 7|14, 0.5
********************
2022-11-01 00:59:42按预测 胜率: 7|16, 0.44
2022-11-01 00:59:42按补充 胜率: 6|16, 0.38
********************
2022-11-01 01:59:38按预测 胜率: 6|19, 0.32
2022-11-01 01:59:38按补充 胜率: 11|19, 0.58
********************
2022-11-01 02:00:36按预测 胜率: 1|1, 1.0
2022-11-01 02:00:36按补充 胜率: 0|1, 0.0
********************
2022-11-01 02:59:34按预测 胜率: 7|24, 0.29
2022-11-01 02:59:34按补充 胜率: 13|24, 0.54
********************
2022-11-01 03:00:32按预测 胜率: 1|1, 1.0
2022-11-01 03:00:32按补充 胜率: 0|1, 0.0
********************
2022-11-01 03:59:30按预测 胜率: 12|30, 0.4
2022-11-01 03:59:30按补充 胜率: 14|30, 0.47
********************
2022-11-01 04:59:26按预测 胜率: 5|18, 0.28
2022-11-01 04:59:26按补充 胜率: 10|18, 0.56
********************
2022-11-01 05:59:22按预测 胜率: 7|21, 0.33
2022-11-01 05:59:22按补充 胜率: 10|21, 0.48
********************
2022-11-01 06:59:18按预测 胜率: 14|24, 0.58
2022-11-01 06:59:18按补充 胜率: 9|24, 0.38
********************
2022-11-01 07:59:14按预测 胜率: 9|25, 0.36
2022-11-01 07:59:14按补充 胜率: 11|25, 0.44
********************
2022-11-01 08:59:10按预测 胜率: 11|23, 0.48
2022-11-01 08:59:10按补充 胜率: 9|23, 0.39
********************
2022-11-01 09:00:08按预测 胜率: 0|1, 0.0
2022-11-01 09:00:08按补充 胜率: 1|1, 1.0
********************
2022-11-01 09:59:06按预测 胜率: 0|1, 0.0
2022-11-01 09:59:06按补充 胜率: 1|1, 1.0
********************
2022-11-01 10:59:02按预测 胜率: 9|17, 0.53
2022-11-01 10:59:02按补充 胜率: 13|17, 0.76
********************
2022-11-01 11:59:56按预测 胜率: 10|23, 0.43
2022-11-01 11:59:56按补充 胜率: 8|23, 0.35
********************
2022-11-01 12:59:52按预测 胜率: 3|10, 0.3
2022-11-01 12:59:52按补充 胜率: 4|10, 0.4
********************
2022-11-01 13:59:48按预测 胜率: 14|30, 0.47
2022-11-01 13:59:48按补充 胜率: 14|30, 0.47
********************
2022-11-01 14:00:46按预测 胜率: 0|1, 0.0
2022-11-01 14:00:46按补充 胜率: 1|1, 1.0
********************
2022-11-01 14:59:44按预测 胜率: 10|23, 0.43
2022-11-01 14:59:44按补充 胜率: 12|23, 0.52
********************
2022-11-01 15:00:42按预测 胜率: 1|1, 1.0
2022-11-01 15:00:42按补充 胜率: 0|1, 0.0
********************
2022-11-01 15:59:40按预测 胜率: 13|29, 0.45
2022-11-01 15:59:40按补充 胜率: 10|29, 0.34
********************
2022-11-01 16:59:36按预测 胜率: 4|12, 0.33
2022-11-01 16:59:36按补充 胜率: 6|12, 0.5
********************
2022-11-01 23:59:08按预测 胜率: 14|40, 0.35
2022-11-01 23:59:08按补充 胜率: 25|40, 0.62
此时已下注：594音符
此时已回收：790.0音符
********************
2022-11-02 00:00:06按预测 胜率: 0|1, 0.0
2022-11-02 00:00:06按补充 胜率: 1|1, 1.0
此时已下注：594音符
此时已回收：790.0音符
********************
2022-11-02 00:59:04按预测 胜率: 12|28, 0.43
2022-11-02 00:59:04按补充 胜率: 15|28, 0.54
此时已下注：388音符
此时已回收：430.0音符
********************
2022-11-02 01:00:02按预测 胜率: 0|1, 0.0
2022-11-02 01:00:02按补充 胜率: 1|1, 1.0
此时已下注：388音符
此时已回收：430.0音符
********************
2022-11-02 01:01:00按预测 胜率: 0|1, 0.0
2022-11-02 01:01:00按补充 胜率: 1|1, 1.0
此时已下注：388音符
此时已回收：430.0音符
********************
2022-11-02 01:59:58按预测 胜率: 27|48, 0.56
2022-11-02 01:59:58按补充 胜率: 12|48, 0.25
此时已下注：944音符
此时已回收：710.0音符
********************
2022-11-02 02:00:56按预测 胜率: 1|1, 1.0
2022-11-02 02:00:56按补充 胜率: 0|1, 0.0
此时已下注：944音符
此时已回收：710.0音符
********************
2022-11-02 02:59:54按预测 胜率: 20|51, 0.39
2022-11-02 02:59:54按补充 胜率: 22|51, 0.43
此时已下注：1016音符
此时已回收：845.0音符
********************
2022-11-02 03:00:52按预测 胜率: 0|1, 0.0
2022-11-02 03:00:52按补充 胜率: 1|1, 1.0
此时已下注：1016音符
此时已回收：845.0音符
********************
2022-11-02 03:59:50按预测 胜率: 26|53, 0.49
2022-11-02 03:59:50按补充 胜率: 21|53, 0.4
此时已下注：1584音符
此时已回收：1375.0音符
********************
2022-11-02 04:00:48按预测 胜率: 1|1, 1.0
2022-11-02 04:00:48按补充 胜率: 0|1, 0.0
此时已下注：1584音符
此时已回收：1375.0音符
********************
2022-11-02 04:59:46按预测 胜率: 21|57, 0.37
2022-11-02 04:59:46按补充 胜率: 24|57, 0.42
此时已下注：1622音符
此时已回收：1375.0音符
********************
2022-11-02 05:00:44按预测 胜率: 1|1, 1.0
2022-11-02 05:00:44按补充 胜率: 0|1, 0.0
此时已下注：1622音符
此时已回收：1375.0音符
********************
2022-11-02 05:59:42按预测 胜率: 22|48, 0.46
2022-11-02 05:59:42按补充 胜率: 19|48, 0.4
此时已下注：1906音符
此时已回收：1690.0音符
********************
2022-11-02 06:00:40按预测 胜率: 0|1, 0.0
2022-11-02 06:00:40按补充 胜率: 1|1, 1.0
此时已下注：1906音符
此时已回收：1690.0音符
********************
2022-11-02 06:59:38按预测 胜率: 28|51, 0.55
2022-11-02 06:59:38按补充 胜率: 15|51, 0.29
此时已下注：2408音符
此时已回收：2380.0音符
********************
2022-11-02 07:00:36按预测 胜率: 0|1, 0.0
2022-11-02 07:00:36按补充 胜率: 1|1, 1.0
此时已下注：2408音符
此时已回收：2380.0音符
********************
2022-11-02 07:59:34按预测 胜率: 28|44, 0.64
2022-11-02 07:59:34按补充 胜率: 12|44, 0.27
此时已下注：2814音符
此时已回收：2640.0音符
********************
2022-11-02 08:00:32按预测 胜率: 0|1, 0.0
2022-11-02 08:00:32按补充 胜率: 1|1, 1.0
此时已下注：2814音符
此时已回收：2640.0音符
********************
2022-11-02 08:59:30按预测 胜率: 20|49, 0.41
2022-11-02 08:59:30按补充 胜率: 19|49, 0.39
此时已下注：4音符
此时已回收：5.0音符
********************
2022-11-02 09:00:28按预测 胜率: 1|1, 1.0
2022-11-02 09:00:28按补充 胜率: 0|1, 0.0
此时已下注：4音符
此时已回收：5.0音符
********************
2022-11-02 09:59:26按预测 胜率: 25|51, 0.49
2022-11-02 09:59:26按补充 胜率: 20|51, 0.39
此时已下注：76音符
此时已回收：170.0音符
********************
2022-11-02 10:59:22按预测 胜率: 25|53, 0.47
2022-11-02 10:59:22按补充 胜率: 17|53, 0.32
此时已下注：94音符
此时已回收：210.0音符
********************
2022-11-02 11:00:20按预测 胜率: 0|1, 0.0
2022-11-02 11:00:20按补充 胜率: 1|1, 1.0
此时已下注：94音符
此时已回收：210.0音符
********************
2022-11-02 11:59:18按预测 胜率: 18|52, 0.35
2022-11-02 11:59:18按补充 胜率: 26|52, 0.5
此时已下注：116音符
此时已回收：260.0音符
********************
2022-11-02 12:00:16按预测 胜率: 1|1, 1.0
2022-11-02 12:00:16按补充 胜率: 0|1, 0.0
此时已下注：116音符
此时已回收：260.0音符
********************
2022-11-02 12:59:14按预测 胜率: 19|50, 0.38
2022-11-02 12:59:14按补充 胜率: 21|50, 0.42
此时已下注：134音符
此时已回收：295.0音符
********************
2022-11-02 13:00:12按预测 胜率: 0|1, 0.0
2022-11-02 13:00:12按补充 胜率: 1|1, 1.0
此时已下注：134音符
此时已回收：295.0音符
********************
2022-11-02 13:59:10按预测 胜率: 16|35, 0.46
2022-11-02 13:59:10按补充 胜率: 12|35, 0.34
此时已下注：0音符
此时已回收：0音符
********************
2022-11-02 14:00:08按预测 胜率: 0|1, 0.0
2022-11-02 14:00:08按补充 胜率: 1|1, 1.0
此时已下注：0音符
此时已回收：0音符
********************
2022-11-02 14:59:06按预测 胜率: 4|11, 0.36
2022-11-02 14:59:06按补充 胜率: 5|11, 0.45
此时已下注：140音符
此时已回收：0音符
********************
2022-11-02 15:00:04按预测 胜率: 0|1, 0.0
2022-11-02 15:00:04按补充 胜率: 1|1, 1.0
此时已下注：140音符
此时已回收：0音符
********************
2022-11-02 15:59:02按预测 胜率: 20|45, 0.44
2022-11-02 15:59:02按补充 胜率: 13|45, 0.29
此时已下注：76音符
此时已回收：50.0音符
********************
2022-11-02 16:00:00按预测 胜率: 0|1, 0.0
2022-11-02 16:00:00按补充 胜率: 1|1, 1.0
此时已下注：76音符
此时已回收：50.0音符
********************
2022-11-02 16:00:58按预测 胜率: 0|1, 0.0
2022-11-02 16:00:58按补充 胜率: 0|1, 0.0
此时已下注：76音符
此时已回收：50.0音符
********************
2022-11-02 17:59:52按预测 胜率: 2|7, 0.29
2022-11-02 17:59:52按补充 胜率: 2|7, 0.29
此时已下注：0音符
此时已回收：0音符
********************
2022-11-02 18:00:50按预测 胜率: 0|1, 0.0
2022-11-02 18:00:50按补充 胜率: 1|1, 1.0
此时已下注：0音符
此时已回收：0音符
********************
2022-11-02 18:59:48按预测 胜率: 1|6, 0.17
2022-11-02 18:59:48按补充 胜率: 4|6, 0.67
此时已下注：0音符
此时已回收：0音符
********************
2022-11-02 19:00:46按预测 胜率: 0|1, 0.0
2022-11-02 19:00:46按补充 胜率: 1|1, 1.0
此时已下注：0音符
此时已回收：0音符
********************
2022-11-02 19:59:44按预测 胜率: 20|51, 0.39
2022-11-02 19:59:44按补充 胜率: 18|51, 0.35
此时已下注：0音符
此时已回收：0音符
********************
2022-11-02 20:00:42按预测 胜率: 0|1, 0.0
2022-11-02 20:00:42按补充 胜率: 1|1, 1.0
此时已下注：0音符
此时已回收：0音符
********************
2022-11-02 20:59:40按预测 胜率: 3|9, 0.33
2022-11-02 20:59:40按补充 胜率: 4|9, 0.44
此时已下注：0音符
此时已回收：0音符
********************
2022-11-02 21:00:38按预测 胜率: 1|1, 1.0
2022-11-02 21:00:38按补充 胜率: 0|1, 0.0
此时已下注：0音符
此时已回收：0音符
********************
2022-11-02 21:59:36按预测 胜率: 23|58, 0.4
2022-11-02 21:59:36按补充 胜率: 24|58, 0.41
此时已下注：70音符
此时已回收：35.0音符
********************
2022-11-02 22:00:34按预测 胜率: 0|1, 0.0
2022-11-02 22:00:34按补充 胜率: 0|1, 0.0
此时已下注：70音符
此时已回收：35.0音符
********************
2022-11-02 22:59:32按预测 胜率: 17|43, 0.4
2022-11-02 22:59:32按补充 胜率: 16|43, 0.37
此时已下注：4音符
此时已回收：5.0音符
********************
2022-11-02 23:00:30按预测 胜率: 1|1, 1.0
2022-11-02 23:00:30按补充 胜率: 0|1, 0.0
此时已下注：4音符
此时已回收：5.0音符
********************
2022-11-02 23:59:28按预测 胜率: 13|35, 0.37
2022-11-02 23:59:28按补充 胜率: 15|35, 0.43
此时已下注：0音符
此时已回收：0音符
********************
2022-11-03 00:59:24按预测 胜率: 16|34, 0.47
2022-11-03 00:59:24按补充 胜率: 11|34, 0.32
此时已下注：0音符
此时已回收：0音符
********************
2022-11-03 01:59:20按预测 胜率: 22|55, 0.4
2022-11-03 01:59:20按补充 胜率: 16|55, 0.29
此时已下注：0音符
此时已回收：0音符
********************
2022-11-03 02:59:16按预测 胜率: 18|58, 0.31
2022-11-03 02:59:16按补充 胜率: 25|58, 0.43
此时已下注：2音符
此时已回收：0音符
********************
2022-11-03 03:59:12按预测 胜率: 23|50, 0.46
2022-11-03 03:59:12按补充 胜率: 20|50, 0.4
此时已下注：32音符
此时已回收：35.0音符
********************
2022-11-03 04:59:08按预测 胜率: 20|55, 0.36
2022-11-03 04:59:08按补充 胜率: 23|55, 0.42
此时已下注：72音符
此时已回收：130.0音符
********************
2022-11-03 05:59:04按预测 胜率: 23|50, 0.46
2022-11-03 05:59:04按补充 胜率: 19|50, 0.38
此时已下注：140音符
此时已回收：225.0音符
********************
2022-11-03 06:59:58按预测 胜率: 16|54, 0.3
2022-11-03 06:59:58按补充 胜率: 26|54, 0.48
此时已下注：180音符
此时已回收：320.0音符
********************
2022-11-03 07:59:54按预测 胜率: 21|53, 0.4
2022-11-03 07:59:54按补充 胜率: 19|53, 0.36
此时已下注：248音符
此时已回收：355.0音符
********************
2022-11-03 08:59:50按预测 胜率: 30|55, 0.55
2022-11-03 08:59:50按补充 胜率: 20|55, 0.36
此时已下注：446音符
此时已回收：760.0音符
********************
2022-11-03 09:59:46按预测 胜率: 24|52, 0.46
2022-11-03 09:59:46按补充 胜率: 21|52, 0.4
此时已下注：484音符
此时已回收：855.0音符
********************
2022-11-03 10:59:42按预测 胜率: 27|52, 0.52
2022-11-03 10:59:42按补充 胜率: 18|52, 0.35
此时已下注：506音符
此时已回收：870.0音符
********************
2022-11-03 11:59:38按预测 胜率: 19|54, 0.35
2022-11-03 11:59:38按补充 胜率: 27|54, 0.5
此时已下注：544音符
此时已回收：870.0音符
********************
2022-11-03 12:59:34按预测 胜率: 18|53, 0.34
2022-11-03 12:59:34按补充 胜率: 23|53, 0.43
此时已下注：604音符
此时已回收：1070.0音符
********************
2022-11-03 13:59:30按预测 胜率: 21|53, 0.4
2022-11-03 13:59:30按补充 胜率: 22|53, 0.42
此时已下注：618音符
此时已回收：1070.0音符
********************
2022-11-03 14:59:26按预测 胜率: 25|53, 0.47
2022-11-03 14:59:26按补充 胜率: 17|53, 0.32
此时已下注：744音符
此时已回收：1330.0音符
********************
2022-11-03 15:59:22按预测 胜率: 16|54, 0.3
2022-11-03 15:59:22按补充 胜率: 27|54, 0.5
此时已下注：764音符
此时已回收：1345.0音符
********************
2022-11-03 16:59:18按预测 胜率: 22|50, 0.44
2022-11-03 16:59:18按补充 胜率: 21|50, 0.42
此时已下注：822音符
此时已回收：1480.0音符
********************
2022-11-03 17:59:14按预测 胜率: 25|58, 0.43
2022-11-03 17:59:14按补充 胜率: 23|58, 0.4
此时已下注：822音符
此时已回收：1480.0音符
********************
2022-11-03 18:59:10按预测 胜率: 20|51, 0.39
2022-11-03 18:59:10按补充 胜率: 25|51, 0.49
此时已下注：892音符
此时已回收：1520.0音符
********************
2022-11-03 19:59:06按预测 胜率: 15|56, 0.27
2022-11-03 19:59:06按补充 胜率: 25|56, 0.45
此时已下注：978音符
此时已回收：1520.0音符
********************
2022-11-03 20:59:02按预测 胜率: 23|55, 0.42
2022-11-03 20:59:02按补充 胜率: 23|55, 0.42
此时已下注：980音符
此时已回收：1520.0音符
********************
2022-11-03 21:59:56按预测 胜率: 16|55, 0.29
2022-11-03 21:59:56按补充 胜率: 21|55, 0.38
此时已下注：980音符
此时已回收：1520.0音符
********************
2022-11-03 22:59:52按预测 胜率: 23|53, 0.43
2022-11-03 22:59:52按补充 胜率: 16|53, 0.3
此时已下注：994音符
此时已回收：1520.0音符
********************
2022-11-03 23:59:48按预测 胜率: 28|56, 0.5
2022-11-03 23:59:48按补充 胜率: 23|56, 0.41
此时已下注：1244音符
此时已回收：1945.0音符
********************
2022-11-04 00:59:44按预测 胜率: 22|52, 0.42
2022-11-04 00:59:44按补充 胜率: 22|52, 0.42
此时已下注：1244音符
此时已回收：1945.0音符
********************
2022-11-04 01:59:40按预测 胜率: 21|54, 0.39
2022-11-04 01:59:40按补充 胜率: 25|54, 0.46
此时已下注：1346音符
此时已回收：2160.0音符
********************
2022-11-04 02:59:36按预测 胜率: 18|50, 0.36
2022-11-04 02:59:36按补充 胜率: 22|50, 0.44
此时已下注：1346音符
此时已回收：2160.0音符
********************
2022-11-04 03:59:32按预测 胜率: 25|53, 0.47
2022-11-04 03:59:32按补充 胜率: 21|53, 0.4
此时已下注：1440音符
此时已回收：2260.0音符
********************
2022-11-04 04:59:28按预测 胜率: 28|57, 0.49
2022-11-04 04:59:28按补充 胜率: 18|57, 0.32
此时已下注：1640音符
此时已回收：2670.0音符
********************
2022-11-04 05:59:24按预测 胜率: 17|54, 0.31
2022-11-04 05:59:24按补充 胜率: 21|54, 0.39
此时已下注：1640音符
此时已回收：2670.0音符
********************
2022-11-04 06:59:20按预测 胜率: 17|52, 0.33
2022-11-04 06:59:20按补充 胜率: 21|52, 0.4
此时已下注：1712音符
此时已回收：2745.0音符
********************
2022-11-04 07:59:16按预测 胜率: 19|56, 0.34
2022-11-04 07:59:16按补充 胜率: 33|56, 0.59
此时已下注：1766音符
此时已回收：2840.0音符
********************
2022-11-04 08:59:12按预测 胜率: 16|53, 0.3
2022-11-04 08:59:12按补充 胜率: 21|53, 0.4
此时已下注：1800音符
此时已回收：2975.0音符
********************
2022-11-04 09:59:08按预测 胜率: 24|52, 0.46
2022-11-04 09:59:08按补充 胜率: 17|52, 0.33
此时已下注：1838音符
此时已回收：2975.0音符
********************
2022-11-04 10:59:04按预测 胜率: 21|51, 0.41
2022-11-04 10:59:04按补充 胜率: 21|51, 0.41
此时已下注：1980音符
此时已回收：3285.0音符
********************
2022-11-04 11:59:58按预测 胜率: 24|50, 0.48
2022-11-04 11:59:58按补充 胜率: 22|50, 0.44
此时已下注：2032音符
此时已回收：3285.0音符
********************
2022-11-04 12:59:54按预测 胜率: 22|50, 0.44
2022-11-04 12:59:54按补充 胜率: 17|50, 0.34
此时已下注：2226音符
此时已回收：3680.0音符
********************
2022-11-04 13:59:50按预测 胜率: 29|51, 0.57
2022-11-04 13:59:50按补充 胜率: 14|51, 0.27
此时已下注：2458音符
此时已回收：4105.0音符
********************
2022-11-04 14:00:48按预测 胜率: 1|1, 1.0
2022-11-04 14:00:48按补充 胜率: 0|1, 0.0
此时已下注：2458音符
此时已回收：4105.0音符
********************
2022-11-04 14:59:46按预测 胜率: 20|53, 0.38
2022-11-04 14:59:46按补充 胜率: 24|53, 0.45
此时已下注：2472音符
此时已回收：4105.0音符
********************
2022-11-04 15:00:44按预测 胜率: 1|1, 1.0
2022-11-04 15:00:44按补充 胜率: 0|1, 0.0
此时已下注：2472音符
此时已回收：4105.0音符
********************
2022-11-04 16:59:38按预测 胜率: 1|4, 0.25
2022-11-04 16:59:38按补充 胜率: 2|4, 0.5
此时已下注：0音符
此时已回收：0音符
********************
2022-11-04 18:59:30按预测 胜率: 25|50, 0.5
2022-11-04 18:59:30按补充 胜率: 17|50, 0.34
此时已下注：0音符
此时已回收：0音符
********************
2022-11-04 19:00:28按预测 胜率: 0|1, 0.0
2022-11-04 19:00:28按补充 胜率: 0|1, 0.0
此时已下注：0音符
此时已回收：0音符
********************
2022-11-04 21:59:18按预测 胜率: 22|49, 0.45
2022-11-04 21:59:18按补充 胜率: 21|49, 0.43
此时已下注：0音符
此时已回收：0.0音符
********************
2022-11-04 22:00:16按预测 胜率: 0|1, 0.0
2022-11-04 22:00:16按补充 胜率: 1|1, 1.0
此时已下注：0音符
此时已回收：0.0音符
********************
2022-11-04 22:59:14按预测 胜率: 22|52, 0.42
2022-11-04 22:59:14按补充 胜率: 22|52, 0.42
此时已下注：50音符
此时已回收：75.0音符
********************
2022-11-04 23:00:12按预测 胜率: 1|1, 1.0
2022-11-04 23:00:12按补充 胜率: 0|1, 0.0
此时已下注：50音符
此时已回收：75.0音符
********************
2022-11-04 23:59:10按预测 胜率: 18|55, 0.33
2022-11-04 23:59:10按补充 胜率: 21|55, 0.38
此时已下注：192音符
此时已回收：325.0音符
********************
2022-11-05 00:00:08按预测 胜率: 0|1, 0.0
2022-11-05 00:00:08按补充 胜率: 1|1, 1.0
此时已下注：192音符
此时已回收：325.0音符
********************
2022-11-05 00:59:06按预测 胜率: 22|54, 0.41
2022-11-05 00:59:06按补充 胜率: 16|54, 0.3
此时已下注：208音符
此时已回收：360.0音符
********************
2022-11-05 01:00:04按预测 胜率: 1|1, 1.0
2022-11-05 01:00:04按补充 胜率: 0|1, 0.0
此时已下注：208音符
此时已回收：360.0音符
********************
2022-11-05 01:59:02按预测 胜率: 18|48, 0.38
2022-11-05 01:59:02按补充 胜率: 23|48, 0.48
此时已下注：298音符
此时已回收：505.0音符
********************
2022-11-05 02:00:58按预测 胜率: 1|1, 1.0
2022-11-05 02:00:58按补充 胜率: 0|1, 0.0
此时已下注：298音符
此时已回收：505.0音符
********************
2022-11-05 02:59:56按预测 胜率: 23|49, 0.47
2022-11-05 02:59:56按补充 胜率: 19|49, 0.39
此时已下注：300音符
此时已回收：540.0音符
********************
2022-11-05 03:00:54按预测 胜率: 0|1, 0.0
2022-11-05 03:00:54按补充 胜率: 0|1, 0.0
此时已下注：300音符
此时已回收：540.0音符
********************
2022-11-05 03:59:52按预测 胜率: 18|55, 0.33
2022-11-05 03:59:52按补充 胜率: 23|55, 0.42
此时已下注：304音符
此时已回收：550.0音符
********************
2022-11-05 04:00:50按预测 胜率: 1|1, 1.0
2022-11-05 04:00:50按补充 胜率: 0|1, 0.0
此时已下注：304音符
此时已回收：550.0音符
********************
2022-11-05 04:59:48按预测 胜率: 18|50, 0.36
2022-11-05 04:59:48按补充 胜率: 22|50, 0.44
此时已下注：318音符
此时已回收：550.0音符
********************
2022-11-05 05:00:46按预测 胜率: 1|1, 1.0
2022-11-05 05:00:46按补充 胜率: 0|1, 0.0
此时已下注：318音符
此时已回收：550.0音符
********************
2022-11-05 05:59:44按预测 胜率: 23|53, 0.43
2022-11-05 05:59:44按补充 胜率: 19|53, 0.36
此时已下注：318音符
此时已回收：550.0音符
********************
2022-11-05 06:00:42按预测 胜率: 1|1, 1.0
2022-11-05 06:00:42按补充 胜率: 0|1, 0.0
此时已下注：318音符
此时已回收：550.0音符
********************
2022-11-05 06:59:40按预测 胜率: 21|55, 0.38
2022-11-05 06:59:40按补充 胜率: 29|55, 0.53
此时已下注：430音符
此时已回收：690.0音符
********************
2022-11-05 07:00:38按预测 胜率: 0|1, 0.0
2022-11-05 07:00:38按补充 胜率: 1|1, 1.0
此时已下注：430音符
此时已回收：690.0音符
********************
2022-11-05 07:59:36按预测 胜率: 16|55, 0.29
2022-11-05 07:59:36按补充 胜率: 29|55, 0.53
此时已下注：430音符
此时已回收：690.0音符
********************
2022-11-05 08:00:34按预测 胜率: 0|1, 0.0
2022-11-05 08:00:34按补充 胜率: 0|1, 0.0
此时已下注：430音符
此时已回收：690.0音符
********************
2022-11-05 08:59:32按预测 胜率: 21|55, 0.38
2022-11-05 08:59:32按补充 胜率: 18|55, 0.33
此时已下注：434音符
此时已回收：790.0音符
********************
2022-11-05 09:00:30按预测 胜率: 0|1, 0.0
2022-11-05 09:00:30按补充 胜率: 0|1, 0.0
此时已下注：434音符
此时已回收：790.0音符
********************
2022-11-05 09:59:28按预测 胜率: 24|50, 0.48
2022-11-05 09:59:28按补充 胜率: 20|50, 0.4
此时已下注：434音符
此时已回收：790.0音符
********************
2022-11-05 10:59:24按预测 胜率: 24|51, 0.47
2022-11-05 10:59:24按补充 胜率: 19|51, 0.37
此时已下注：570音符
此时已回收：1035.0音符
********************
2022-11-05 11:00:22按预测 胜率: 1|1, 1.0
2022-11-05 11:00:22按补充 胜率: 0|1, 0.0
此时已下注：570音符
此时已回收：1035.0音符
********************
2022-11-05 11:59:20按预测 胜率: 23|52, 0.44
2022-11-05 11:59:20按补充 胜率: 20|52, 0.38
此时已下注：610音符
此时已回收：1130.0音符
********************
2022-11-05 12:00:18按预测 胜率: 0|1, 0.0
2022-11-05 12:00:18按补充 胜率: 1|1, 1.0
此时已下注：610音符
此时已回收：1130.0音符
********************
2022-11-05 13:59:12按预测 胜率: 15|45, 0.33
2022-11-05 13:59:12按补充 胜率: 24|45, 0.53
此时已下注：72音符
此时已回收：125.0音符
********************
2022-11-05 14:59:08按预测 胜率: 23|55, 0.42
2022-11-05 14:59:08按补充 胜率: 19|55, 0.35
此时已下注：72音符
此时已回收：125.0音符
********************
2022-11-05 15:00:06按预测 胜率: 1|1, 1.0
2022-11-05 15:00:06按补充 胜率: 0|1, 0.0
此时已下注：72音符
此时已回收：125.0音符
********************
2022-11-05 15:59:04按预测 胜率: 19|51, 0.37
2022-11-05 15:59:04按补充 胜率: 27|51, 0.53
此时已下注：302音符
此时已回收：335.0音符
********************
2022-11-05 16:00:02按预测 胜率: 1|1, 1.0
2022-11-05 16:00:02按补充 胜率: 0|1, 0.0
此时已下注：302音符
此时已回收：335.0音符
********************
2022-11-05 16:59:58按预测 胜率: 21|49, 0.43
2022-11-05 16:59:58按补充 胜率: 26|49, 0.53
此时已下注：462音符
此时已回收：385.0音符
********************
2022-11-05 17:00:56按预测 胜率: 1|1, 1.0
2022-11-05 17:00:56按补充 胜率: 0|1, 0.0
此时已下注：462音符
此时已回收：385.0音符
********************
2022-11-05 17:59:54按预测 胜率: 20|50, 0.4
2022-11-05 17:59:54按补充 胜率: 19|50, 0.38
此时已下注：462音符
此时已回收：385.0音符
********************
2022-11-05 18:00:52按预测 胜率: 1|1, 1.0
2022-11-05 18:00:52按补充 胜率: 0|1, 0.0
此时已下注：462音符
此时已回收：385.0音符
********************
2022-11-05 18:59:50按预测 胜率: 21|58, 0.36
2022-11-05 18:59:50按补充 胜率: 24|58, 0.41
此时已下注：462音符
此时已回收：385.0音符
********************
2022-11-05 19:00:48按预测 胜率: 0|1, 0.0
2022-11-05 19:00:48按补充 胜率: 0|1, 0.0
此时已下注：462音符
此时已回收：385.0音符
********************
2022-11-05 19:59:46按预测 胜率: 21|47, 0.45
2022-11-05 19:59:46按补充 胜率: 20|47, 0.43
此时已下注：462音符
此时已回收：385.0音符
********************
2022-11-05 20:00:44按预测 胜率: 1|1, 1.0
2022-11-05 20:00:44按补充 胜率: 0|1, 0.0
此时已下注：462音符
此时已回收：385.0音符
********************
2022-11-05 20:59:42按预测 胜率: 14|49, 0.29
2022-11-05 20:59:42按补充 胜率: 26|49, 0.53
此时已下注：546音符
此时已回收：760.0音符
********************
2022-11-05 21:59:38按预测 胜率: 29|52, 0.56
2022-11-05 21:59:38按补充 胜率: 16|52, 0.31
此时已下注：598音符
此时已回收：760.0音符
********************
2022-11-05 22:00:36按预测 胜率: 0|1, 0.0
2022-11-05 22:00:36按补充 胜率: 1|1, 1.0
此时已下注：598音符
此时已回收：760.0音符
********************
2022-11-05 22:59:34按预测 胜率: 25|50, 0.5
2022-11-05 22:59:34按补充 胜率: 14|50, 0.28
此时已下注：620音符
此时已回收：900.0音符
********************
2022-11-05 23:00:32按预测 胜率: 0|1, 0.0
2022-11-05 23:00:32按补充 胜率: 1|1, 1.0
此时已下注：620音符
此时已回收：900.0音符
********************
2022-11-05 23:59:30按预测 胜率: 23|55, 0.42
2022-11-05 23:59:30按补充 胜率: 20|55, 0.36
此时已下注：620音符
此时已回收：900.0音符
********************
2022-11-06 00:00:28按预测 胜率: 0|1, 0.0
2022-11-06 00:00:28按补充 胜率: 0|1, 0.0
此时已下注：620音符
此时已回收：900.0音符
********************
2022-11-06 00:59:26按预测 胜率: 27|55, 0.49
2022-11-06 00:59:26按补充 胜率: 18|55, 0.33
此时已下注：636音符
此时已回收：905.0音符
********************
2022-11-06 01:00:24按预测 胜率: 1|1, 1.0
2022-11-06 01:00:24按补充 胜率: 0|1, 0.0
此时已下注：636音符
此时已回收：905.0音符
********************
2022-11-06 01:59:22按预测 胜率: 20|49, 0.41
2022-11-06 01:59:22按补充 胜率: 21|49, 0.43
此时已下注：674音符
此时已回收：990.0音符
********************
2022-11-06 02:00:20按预测 胜率: 0|1, 0.0
2022-11-06 02:00:20按补充 胜率: 1|1, 1.0
此时已下注：674音符
此时已回收：990.0音符
********************
2022-11-06 02:59:18按预测 胜率: 20|59, 0.34
2022-11-06 02:59:18按补充 胜率: 25|59, 0.42
此时已下注：676音符
此时已回收：1025.0音符
********************
2022-11-06 03:00:16按预测 胜率: 0|1, 0.0
2022-11-06 03:00:16按补充 胜率: 0|1, 0.0
此时已下注：676音符
此时已回收：1025.0音符
********************
2022-11-06 03:59:14按预测 胜率: 21|55, 0.38
2022-11-06 03:59:14按补充 胜率: 28|55, 0.51
此时已下注：734音符
此时已回收：1130.0音符
********************
2022-11-06 04:00:12按预测 胜率: 0|1, 0.0
2022-11-06 04:00:12按补充 胜率: 1|1, 1.0
此时已下注：734音符
此时已回收：1130.0音符
********************
2022-11-06 04:59:10按预测 胜率: 27|53, 0.51
2022-11-06 04:59:10按补充 胜率: 17|53, 0.32
此时已下注：734音符
此时已回收：1130.0音符
********************
2022-11-06 05:00:08按预测 胜率: 1|1, 1.0
2022-11-06 05:00:08按补充 胜率: 0|1, 0.0
此时已下注：734音符
此时已回收：1130.0音符
********************
2022-11-06 05:59:06按预测 胜率: 22|56, 0.39
2022-11-06 05:59:06按补充 胜率: 26|56, 0.46
此时已下注：858音符
此时已回收：1265.0音符
********************
2022-11-06 06:00:04按预测 胜率: 0|1, 0.0
2022-11-06 06:00:04按补充 胜率: 1|1, 1.0
此时已下注：858音符
此时已回收：1265.0音符
********************
2022-11-06 06:59:02按预测 胜率: 20|53, 0.38
2022-11-06 06:59:02按补充 胜率: 19|53, 0.36
此时已下注：858音符
此时已回收：1265.0音符
********************
2022-11-06 07:00:00按预测 胜率: 1|1, 1.0
2022-11-06 07:00:00按补充 胜率: 0|1, 0.0
此时已下注：858音符
此时已回收：1265.0音符
********************
2022-11-06 07:00:58按预测 胜率: 0|1, 0.0
2022-11-06 07:00:58按补充 胜率: 0|1, 0.0
此时已下注：858音符
此时已回收：1265.0音符
********************
2022-11-06 07:59:56按预测 胜率: 24|53, 0.45
2022-11-06 07:59:56按补充 胜率: 19|53, 0.36
此时已下注：1090音符
此时已回收：1705.0音符
********************
2022-11-06 08:59:52按预测 胜率: 26|50, 0.52
2022-11-06 08:59:52按补充 胜率: 15|50, 0.3
此时已下注：1108音符
此时已回收：1745.0音符
********************
2022-11-06 09:00:50按预测 胜率: 1|1, 1.0
2022-11-06 09:00:50按补充 胜率: 0|1, 0.0
此时已下注：1108音符
此时已回收：1745.0音符
********************
2022-11-06 09:59:48按预测 胜率: 20|55, 0.36
2022-11-06 09:59:48按补充 胜率: 22|55, 0.4
此时已下注：1110音符
此时已回收：1750.0音符
********************
2022-11-06 10:00:46按预测 胜率: 1|1, 1.0
2022-11-06 10:00:46按补充 胜率: 0|1, 0.0
此时已下注：1110音符
此时已回收：1750.0音符
********************
2022-11-06 10:59:44按预测 胜率: 9|18, 0.5
2022-11-06 10:59:44按补充 胜率: 6|18, 0.33
此时已下注：0音符
此时已回收：0音符
********************
2022-11-06 11:00:42按预测 胜率: 1|1, 1.0
2022-11-06 11:00:42按补充 胜率: 0|1, 0.0
此时已下注：0音符
此时已回收：0音符
********************
2022-11-06 11:59:40按预测 胜率: 19|54, 0.35
2022-11-06 11:59:40按补充 胜率: 23|54, 0.43
此时已下注：2音符
此时已回收：0音符
********************
2022-11-06 12:00:38按预测 胜率: 1|1, 1.0
2022-11-06 12:00:38按补充 胜率: 0|1, 0.0
此时已下注：2音符
此时已回收：0音符
********************
2022-11-06 12:59:36按预测 胜率: 17|50, 0.34
2022-11-06 12:59:36按补充 胜率: 24|50, 0.48
此时已下注：16音符
此时已回收：0音符
********************
2022-11-06 13:00:34按预测 胜率: 0|1, 0.0
2022-11-06 13:00:34按补充 胜率: 1|1, 1.0
此时已下注：16音符
此时已回收：0音符
********************
2022-11-06 13:59:32按预测 胜率: 25|51, 0.49
2022-11-06 13:59:32按补充 胜率: 21|51, 0.41
此时已下注：160音符
此时已回收：40.0音符
********************
2022-11-06 14:59:28按预测 胜率: 30|54, 0.56
2022-11-06 14:59:28按补充 胜率: 17|54, 0.31
此时已下注：302音符
此时已回收：215.0音符
********************
2022-11-06 15:00:26按预测 胜率: 0|1, 0.0
2022-11-06 15:00:26按补充 胜率: 1|1, 1.0
此时已下注：302音符
此时已回收：215.0音符
********************
2022-11-06 16:59:20按预测 胜率: 13|32, 0.41
2022-11-06 16:59:20按补充 胜率: 13|32, 0.41
此时已下注：0音符
此时已回收：0音符
********************
2022-11-06 17:00:18按预测 胜率: 1|1, 1.0
2022-11-06 17:00:18按补充 胜率: 0|1, 0.0
此时已下注：0音符
此时已回收：0音符
********************
2022-11-06 17:59:16按预测 胜率: 20|54, 0.37
2022-11-06 17:59:16按补充 胜率: 21|54, 0.39
此时已下注：4音符
此时已回收：5.0音符
********************
2022-11-06 18:00:14按预测 胜率: 1|1, 1.0
2022-11-06 18:00:14按补充 胜率: 0|1, 0.0
此时已下注：4音符
此时已回收：5.0音符
********************
2022-11-06 18:59:12按预测 胜率: 21|51, 0.41
2022-11-06 18:59:12按补充 胜率: 18|51, 0.35
此时已下注：92音符
此时已回收：85.0音符
********************
2022-11-06 19:00:10按预测 胜率: 1|1, 1.0
2022-11-06 19:00:10按补充 胜率: 0|1, 0.0
此时已下注：92音符
此时已回收：85.0音符
********************
2022-11-06 19:59:08按预测 胜率: 15|48, 0.31
2022-11-06 19:59:08按补充 胜率: 21|48, 0.44
此时已下注：92音符
此时已回收：85.0音符
********************
2022-11-06 20:00:06按预测 胜率: 0|1, 0.0
2022-11-06 20:00:06按补充 胜率: 1|1, 1.0
此时已下注：92音符
此时已回收：85.0音符
********************
2022-11-06 20:59:04按预测 胜率: 21|55, 0.38
2022-11-06 20:59:04按补充 胜率: 23|55, 0.42
此时已下注：178音符
此时已回收：85.0音符
********************
2022-11-06 21:00:02按预测 胜率: 0|1, 0.0
2022-11-06 21:00:02按补充 胜率: 1|1, 1.0
此时已下注：178音符
此时已回收：85.0音符
********************
2022-11-06 21:01:00按预测 胜率: 0|1, 0.0
2022-11-06 21:01:00按补充 胜率: 1|1, 1.0
此时已下注：178音符
此时已回收：85.0音符
********************
2022-11-06 21:59:58按预测 胜率: 23|48, 0.48
2022-11-06 21:59:58按补充 胜率: 20|48, 0.42
此时已下注：194音符
此时已回收：85.0音符
********************
2022-11-06 22:00:56按预测 胜率: 0|1, 0.0
2022-11-06 22:00:56按补充 胜率: 1|1, 1.0
此时已下注：194音符
此时已回收：85.0音符
********************
2022-11-06 22:59:54按预测 胜率: 21|57, 0.37
2022-11-06 22:59:54按补充 胜率: 28|57, 0.49
此时已下注：470音符
此时已回收：585.0音符
********************
2022-11-06 23:59:50按预测 胜率: 19|50, 0.38
2022-11-06 23:59:50按补充 胜率: 24|50, 0.48
此时已下注：470音符
此时已回收：585.0音符
********************
2022-11-07 00:00:48按预测 胜率: 1|1, 1.0
2022-11-07 00:00:48按补充 胜率: 0|1, 0.0
此时已下注：470音符
此时已回收：585.0音符
********************
2022-11-07 00:59:46按预测 胜率: 11|32, 0.34
2022-11-07 00:59:46按补充 胜率: 14|32, 0.44
此时已下注：0音符
此时已回收：0音符
********************
2022-11-07 01:00:44按预测 胜率: 0|1, 0.0
2022-11-07 01:00:44按补充 胜率: 0|1, 0.0
此时已下注：0音符
此时已回收：0音符
********************
2022-11-07 01:59:42按预测 胜率: 21|49, 0.43
2022-11-07 01:59:42按补充 胜率: 20|49, 0.41
此时已下注：2音符
此时已回收：0音符
********************
2022-11-07 02:00:40按预测 胜率: 1|1, 1.0
2022-11-07 02:00:40按补充 胜率: 0|1, 0.0
此时已下注：2音符
此时已回收：0音符
********************
2022-11-07 02:59:38按预测 胜率: 20|54, 0.37
2022-11-07 02:59:38按补充 胜率: 19|54, 0.35
此时已下注：64音符
此时已回收：25.0音符
********************
2022-11-07 03:00:36按预测 胜率: 0|1, 0.0
2022-11-07 03:00:36按补充 胜率: 1|1, 1.0
此时已下注：64音符
此时已回收：25.0音符
********************
2022-11-07 03:59:34按预测 胜率: 19|50, 0.38
2022-11-07 03:59:34按补充 胜率: 21|50, 0.42
此时已下注：150音符
此时已回收：25.0音符
********************
2022-11-07 04:59:30按预测 胜率: 17|53, 0.32
2022-11-07 04:59:30按补充 胜率: 23|53, 0.43
此时已下注：152音符
此时已回收：25.0音符
********************
2022-11-07 05:00:28按预测 胜率: 0|1, 0.0
2022-11-07 05:00:28按补充 胜率: 1|1, 1.0
此时已下注：152音符
此时已回收：25.0音符
********************
2022-11-07 05:59:26按预测 胜率: 17|55, 0.31
2022-11-07 05:59:26按补充 胜率: 28|55, 0.51
此时已下注：228音符
此时已回收：80.0音符
********************
2022-11-07 06:00:24按预测 胜率: 1|1, 1.0
2022-11-07 06:00:24按补充 胜率: 0|1, 0.0
此时已下注：228音符
此时已回收：80.0音符
********************
2022-11-07 06:59:22按预测 胜率: 22|55, 0.4
2022-11-07 06:59:22按补充 胜率: 24|55, 0.44
此时已下注：314音符
此时已回收：80.0音符
********************
2022-11-07 07:59:18按预测 胜率: 21|51, 0.41
2022-11-07 07:59:18按补充 胜率: 23|51, 0.45
此时已下注：316音符
此时已回收：80.0音符
********************
2022-11-07 08:00:16按预测 胜率: 0|1, 0.0
2022-11-07 08:00:16按补充 胜率: 1|1, 1.0
此时已下注：316音符
此时已回收：80.0音符
********************
2022-11-07 08:59:14按预测 胜率: 19|53, 0.36
2022-11-07 08:59:14按补充 胜率: 27|53, 0.51
此时已下注：330音符
此时已回收：80.0音符
********************
2022-11-07 09:00:12按预测 胜率: 1|1, 1.0
2022-11-07 09:00:12按补充 胜率: 0|1, 0.0
此时已下注：330音符
此时已回收：80.0音符
********************
2022-11-07 09:59:10按预测 胜率: 15|50, 0.3
2022-11-07 09:59:10按补充 胜率: 28|50, 0.56
此时已下注：470音符
此时已回收：295.0音符
********************
2022-11-07 10:00:08按预测 胜率: 1|1, 1.0
2022-11-07 10:00:08按补充 胜率: 0|1, 0.0
此时已下注：470音符
此时已回收：295.0音符
********************
2022-11-07 10:59:06按预测 胜率: 19|53, 0.36
2022-11-07 10:59:06按补充 胜率: 22|53, 0.42
此时已下注：470音符
此时已回收：295.0音符
********************
2022-11-07 11:00:04按预测 胜率: 0|1, 0.0
2022-11-07 11:00:04按补充 胜率: 1|1, 1.0
此时已下注：470音符
此时已回收：295.0音符
********************
2022-11-07 11:59:02按预测 胜率: 21|54, 0.39
2022-11-07 11:59:02按补充 胜率: 21|54, 0.39
此时已下注：514音符
此时已回收：395.0音符
********************
2022-11-07 12:00:00按预测 胜率: 1|1, 1.0
2022-11-07 12:00:00按补充 胜率: 0|1, 0.0
此时已下注：514音符
此时已回收：395.0音符
********************
2022-11-07 12:00:58按预测 胜率: 1|1, 1.0
2022-11-07 12:00:58按补充 胜率: 0|1, 0.0
此时已下注：514音符
此时已回收：395.0音符
********************
2022-11-07 12:59:56按预测 胜率: 15|52, 0.29
2022-11-07 12:59:56按补充 胜率: 21|52, 0.4
此时已下注：552音符
此时已回收：395.0音符
********************
2022-11-07 13:59:52按预测 胜率: 18|53, 0.34
2022-11-07 13:59:52按补充 胜率: 29|53, 0.55
此时已下注：592音符
此时已回收：545.0音符
********************
2022-11-07 14:00:50按预测 胜率: 1|1, 1.0
2022-11-07 14:00:50按补充 胜率: 0|1, 0.0
此时已下注：592音符
此时已回收：545.0音符
********************
2022-11-07 14:59:48按预测 胜率: 24|56, 0.43
2022-11-07 14:59:48按补充 胜率: 22|56, 0.39
此时已下注：594音符
此时已回收：580.0音符
********************
2022-11-07 15:00:46按预测 胜率: 1|1, 1.0
2022-11-07 15:00:46按补充 胜率: 0|1, 0.0
此时已下注：594音符
此时已回收：580.0音符
********************
2022-11-07 15:59:44按预测 胜率: 22|56, 0.39
2022-11-07 15:59:44按补充 胜率: 20|56, 0.36
此时已下注：608音符
此时已回收：580.0音符
********************
2022-11-07 16:59:40按预测 胜率: 14|52, 0.27
2022-11-07 16:59:40按补充 胜率: 30|52, 0.58
此时已下注：906音符
此时已回收：915.0音符
********************
2022-11-07 17:00:38按预测 胜率: 1|1, 1.0
2022-11-07 17:00:38按补充 胜率: 0|1, 0.0
此时已下注：906音符
此时已回收：915.0音符
********************
2022-11-07 17:59:36按预测 胜率: 23|58, 0.4
2022-11-07 17:59:36按补充 胜率: 21|58, 0.36
此时已下注：958音符
此时已回收：915.0音符
********************
2022-11-07 18:00:34按预测 胜率: 0|1, 0.0
2022-11-07 18:00:34按补充 胜率: 0|1, 0.0
此时已下注：958音符
此时已回收：915.0音符
********************
2022-11-07 18:59:32按预测 胜率: 15|51, 0.29
2022-11-07 18:59:32按补充 胜率: 26|51, 0.51
此时已下注：1044音符
此时已回收：915.0音符
********************
2022-11-07 19:59:28按预测 胜率: 23|55, 0.42
2022-11-07 19:59:28按补充 胜率: 21|55, 0.38
此时已下注：1046音符
此时已回收：915.0音符
********************
2022-11-07 20:00:26按预测 胜率: 0|1, 0.0
2022-11-07 20:00:26按补充 胜率: 1|1, 1.0
此时已下注：1046音符
此时已回收：915.0音符
********************
2022-11-07 20:59:24按预测 胜率: 27|56, 0.48
2022-11-07 20:59:24按补充 胜率: 23|56, 0.41
此时已下注：1186音符
此时已回收：920.0音符
********************
2022-11-07 21:00:22按预测 胜率: 1|1, 1.0
2022-11-07 21:00:22按补充 胜率: 0|1, 0.0
此时已下注：1186音符
此时已回收：920.0音符
********************
2022-11-07 21:59:20按预测 胜率: 4|9, 0.44
2022-11-07 21:59:20按补充 胜率: 4|9, 0.44
此时已下注：2音符
此时已回收：0.0音符
********************
2022-11-07 22:00:18按预测 胜率: 0|1, 0.0
2022-11-07 22:00:18按补充 胜率: 0|1, 0.0
此时已下注：2音符
此时已回收：0.0音符
********************
2022-11-07 22:59:16按预测 胜率: 8|21, 0.38
2022-11-07 22:59:16按补充 胜率: 10|21, 0.48
此时已下注：2音符
此时已回收：0.0音符
********************
2022-11-07 23:00:14按预测 胜率: 1|1, 1.0
2022-11-07 23:00:14按补充 胜率: 0|1, 0.0
此时已下注：2音符
此时已回收：0.0音符
********************
2022-11-07 23:59:12按预测 胜率: 24|51, 0.47
2022-11-07 23:59:12按补充 胜率: 14|51, 0.27
此时已下注：54音符
此时已回收：0.0音符
********************
2022-11-08 00:00:10按预测 胜率: 0|1, 0.0
2022-11-08 00:00:10按补充 胜率: 1|1, 1.0
此时已下注：54音符
此时已回收：0.0音符
********************
2022-11-08 08:59:34按预测 胜率: 17|36, 0.47
2022-11-08 08:59:34按补充 胜率: 16|36, 0.44
此时已下注：2音符
此时已回收：0.0音符
********************
2022-11-08 09:00:32按预测 胜率: 1|1, 1.0
2022-11-08 09:00:32按补充 胜率: 0|1, 0.0
此时已下注：2音符
此时已回收：0.0音符
********************
2022-11-08 09:59:30按预测 胜率: 26|49, 0.53
2022-11-08 09:59:30按补充 胜率: 15|49, 0.31
此时已下注：116音符
此时已回收：140.0音符
********************
2022-11-08 10:59:26按预测 胜率: 21|53, 0.4
2022-11-08 10:59:26按补充 胜率: 22|53, 0.42
此时已下注：202音符
此时已回收：140.0音符
********************
2022-11-08 11:00:24按预测 胜率: 1|1, 1.0
2022-11-08 11:00:24按补充 胜率: 0|1, 0.0
此时已下注：202音符
此时已回收：140.0音符
********************
2022-11-08 11:59:22按预测 胜率: 16|50, 0.32
2022-11-08 11:59:22按补充 胜率: 17|50, 0.34
此时已下注：204音符
此时已回收：140.0音符
********************
2022-11-08 12:00:20按预测 胜率: 1|1, 1.0
2022-11-08 12:00:20按补充 胜率: 0|1, 0.0
此时已下注：204音符
此时已回收：140.0音符
********************
2022-11-08 12:59:18按预测 胜率: 21|50, 0.42
2022-11-08 12:59:18按补充 胜率: 19|50, 0.38
此时已下注：204音符
此时已回收：140.0音符
********************
2022-11-08 13:00:16按预测 胜率: 0|1, 0.0
2022-11-08 13:00:16按补充 胜率: 0|1, 0.0
此时已下注：204音符
此时已回收：140.0音符
********************
2022-11-08 13:59:14按预测 胜率: 20|54, 0.37
2022-11-08 13:59:14按补充 胜率: 26|54, 0.48
此时已下注：294音符
此时已回收：285.0音符
********************
2022-11-08 14:00:12按预测 胜率: 1|1, 1.0
2022-11-08 14:00:12按补充 胜率: 0|1, 0.0
此时已下注：294音符
此时已回收：285.0音符
********************
2022-11-08 14:59:10按预测 胜率: 21|52, 0.4
2022-11-08 14:59:10按补充 胜率: 19|52, 0.37
此时已下注：328音符
此时已回收：360.0音符
********************
2022-11-08 15:00:08按预测 胜率: 1|1, 1.0
2022-11-08 15:00:08按补充 胜率: 0|1, 0.0
此时已下注：328音符
此时已回收：360.0音符
********************
2022-11-08 15:59:06按预测 胜率: 23|57, 0.4
2022-11-08 15:59:06按补充 胜率: 21|57, 0.37
此时已下注：328音符
此时已回收：360.0音符
********************
2022-11-08 16:00:04按预测 胜率: 0|1, 0.0
2022-11-08 16:00:04按补充 胜率: 1|1, 1.0
此时已下注：328音符
此时已回收：360.0音符
********************
2022-11-08 16:59:02按预测 胜率: 16|49, 0.33
2022-11-08 16:59:02按补充 胜率: 25|49, 0.51
此时已下注：330音符
此时已回收：395.0音符
********************
2022-11-08 17:00:00按预测 胜率: 0|1, 0.0
2022-11-08 17:00:00按补充 胜率: 0|1, 0.0
此时已下注：330音符
此时已回收：395.0音符
********************
2022-11-08 17:00:58按预测 胜率: 1|1, 1.0
2022-11-08 17:00:58按补充 胜率: 0|1, 0.0
此时已下注：330音符
此时已回收：395.0音符
********************
2022-11-08 17:59:56按预测 胜率: 17|51, 0.33
2022-11-08 17:59:56按补充 胜率: 26|51, 0.51
此时已下注：344音符
此时已回收：395.0音符
********************
2022-11-08 18:00:54按预测 胜率: 1|1, 1.0
2022-11-08 18:00:54按补充 胜率: 0|1, 0.0
此时已下注：344音符
此时已回收：395.0音符
********************
2022-11-08 18:59:52按预测 胜率: 31|54, 0.57
2022-11-08 18:59:52按补充 胜率: 17|54, 0.31
此时已下注：508音符
此时已回收：710.0音符
********************
2022-11-08 19:00:50按预测 胜率: 0|1, 0.0
2022-11-08 19:00:50按补充 胜率: 1|1, 1.0
此时已下注：508音符
此时已回收：710.0音符
********************
2022-11-08 19:59:48按预测 胜率: 29|57, 0.51
2022-11-08 19:59:48按补充 胜率: 15|57, 0.26
此时已下注：546音符
此时已回收：710.0音符
********************
2022-11-08 20:00:46按预测 胜率: 0|1, 0.0
2022-11-08 20:00:46按补充 胜率: 1|1, 1.0
此时已下注：546音符
此时已回收：710.0音符
********************
2022-11-08 20:59:44按预测 胜率: 22|52, 0.42
2022-11-08 20:59:44按补充 胜率: 14|52, 0.27
此时已下注：632音符
此时已回收：710.0音符
********************
2022-11-08 21:00:42按预测 胜率: 0|1, 0.0
2022-11-08 21:00:42按补充 胜率: 1|1, 1.0
此时已下注：632音符
此时已回收：710.0音符
********************
2022-11-08 21:59:40按预测 胜率: 17|55, 0.31
2022-11-08 21:59:40按补充 胜率: 23|55, 0.42
此时已下注：632音符
此时已回收：710.0音符
********************
