2022-10-14 11:29:27
位置值历史：[]
位置：[]
均值：nan
前排总数：0
后排总数：0
2022-10-14 11:30:25
位置值历史：[4]
位置：['后']
均值：4.0
前排总数：0
后排总数：1
2022-10-14 11:31:23
位置值历史：[4, 1]
位置：['后', '前']
均值：2.5
前排总数：1
后排总数：1
2022-10-14 11:32:21
位置值历史：[4, 1, 7]
位置：['后', '前', '后']
均值：4.0
前排总数：1
后排总数：2
2022-10-14 11:33:19
位置值历史：[4, 1, 7, 1]
位置：['后', '前', '后', '前']
均值：3.25
前排总数：2
后排总数：2
2022-10-14 11:34:17
位置值历史：[4, 1, 7, 1, 1]
位置：['后', '前', '后', '前', '前']
均值：2.8
前排总数：3
后排总数：2
2022-10-14 11:35:15
位置值历史：[4, 1, 7, 1, 1, 1]
位置：['后', '前', '后', '前', '前', '前']
均值：2.5
前排总数：4
后排总数：2
2022-10-14 11:36:13
位置值历史：[4, 1, 7, 1, 1, 1, 1]
位置：['后', '前', '后', '前', '前', '前', '前']
均值：2.2857142857142856
前排总数：5
后排总数：2
2022-10-14 11:37:11
位置值历史：[4, 1, 7, 1, 1, 1, 1, 1]
位置：['后', '前', '后', '前', '前', '前', '前', '前']
均值：2.125
前排总数：6
后排总数：2
2022-10-14 11:38:09
位置值历史：[4, 1, 7, 1, 1, 1, 1, 1, 3]
位置：['后', '前', '后', '前', '前', '前', '前', '前', '后']
均值：2.2222222222222223
前排总数：6
后排总数：3
2022-10-14 11:39:07
位置值历史：[4, 1, 7, 1, 1, 1, 1, 1, 3, 5]
位置：['后', '前', '后', '前', '前', '前', '前', '前', '后', '前']
均值：2.5
前排总数：7
后排总数：3
2022-10-14 11:40:05
位置值历史：[4, 1, 7, 1, 1, 1, 1, 1, 3, 5, 3]
位置：['后', '前', '后', '前', '前', '前', '前', '前', '后', '前', '后']
均值：2.5454545454545454
前排总数：7
后排总数：4
2022-10-14 11:41:03
位置值历史：[4, 1, 7, 1, 1, 1, 1, 1, 3, 5, 3, 6]
位置：['后', '前', '后', '前', '前', '前', '前', '前', '后', '前', '后', '前']
均值：2.8333333333333335
前排总数：8
后排总数：4
2022-10-14 11:42:01
位置值历史：[4, 1, 7, 1, 1, 1, 1, 1, 3, 5, 3, 6, 4]
位置：['后', '前', '后', '前', '前', '前', '前', '前', '后', '前', '后', '前', '后']
均值：2.923076923076923
前排总数：8
后排总数：5
2022-10-14 11:42:59
位置值历史：[4, 1, 7, 1, 1, 1, 1, 1, 3, 5, 3, 6, 4, 1]
位置：['后', '前', '后', '前', '前', '前', '前', '前', '后', '前', '后', '前', '后', '前']
均值：2.7857142857142856
前排总数：9
后排总数：5
2022-10-14 11:43:57
位置值历史：[4, 1, 7, 1, 1, 1, 1, 1, 3, 5, 3, 6, 4, 1, 3]
位置：['后', '前', '后', '前', '前', '前', '前', '前', '后', '前', '后', '前', '后', '前', '后']
均值：2.8
前排总数：9
后排总数：6
2022-10-14 11:44:55
位置值历史：[4, 1, 7, 1, 1, 1, 1, 1, 3, 5, 3, 6, 4, 1, 3, 1]
位置：['后', '前', '后', '前', '前', '前', '前', '前', '后', '前', '后', '前', '后', '前', '后', '前']
均值：2.6875
前排总数：10
后排总数：6
2022-10-14 11:45:53
位置值历史：[4, 1, 7, 1, 1, 1, 1, 1, 3, 5, 3, 6, 4, 1, 3, 1, 1]
位置：['后', '前', '后', '前', '前', '前', '前', '前', '后', '前', '后', '前', '后', '前', '后', '前', '前']
均值：2.588235294117647
前排总数：11
后排总数：6
2022-10-14 11:46:51
位置值历史：[4, 1, 7, 1, 1, 1, 1, 1, 3, 5, 3, 6, 4, 1, 3, 1, 1, 2]
位置：['后', '前', '后', '前', '前', '前', '前', '前', '后', '前', '后', '前', '后', '前', '后', '前', '前', '前']
均值：2.5555555555555554
前排总数：12
后排总数：6
2022-10-14 11:47:49
位置值历史：[4, 1, 7, 1, 1, 1, 1, 1, 3, 5, 3, 6, 4, 1, 3, 1, 1, 2, 2]
位置：['后', '前', '后', '前', '前', '前', '前', '前', '后', '前', '后', '前', '后', '前', '后', '前', '前', '前', '前']
均值：2.526315789473684
前排总数：13
后排总数：6
2022-10-14 11:48:47
位置值历史：[4, 1, 7, 1, 1, 1, 1, 1, 3, 5, 3, 6, 4, 1, 3, 1, 1, 2, 2, 3]
位置：['后', '前', '后', '前', '前', '前', '前', '前', '后', '前', '后', '前', '后', '前', '后', '前', '前', '前', '前', '后']
均值：2.55
前排总数：13
后排总数：7
2022-10-14 11:49:45
位置值历史：[1, 7, 1, 1, 1, 1, 1, 3, 5, 3, 6, 4, 1, 3, 1, 1, 2, 2, 3, 1]
位置：['前', '后', '前', '前', '前', '前', '前', '后', '前', '后', '前', '后', '前', '后', '前', '前', '前', '前', '后', '前']
均值：2.4
前排总数：14
后排总数：6
2022-10-14 11:50:43
位置值历史：[7, 1, 1, 1, 1, 1, 3, 5, 3, 6, 4, 1, 3, 1, 1, 2, 2, 3, 1, 6]
位置：['后', '前', '前', '前', '前', '前', '后', '前', '后', '前', '后', '前', '后', '前', '前', '前', '前', '后', '前', '前']
均值：2.65
前排总数：14
后排总数：6
2022-10-14 11:51:41
位置值历史：[1, 1, 1, 1, 1, 3, 5, 3, 6, 4, 1, 3, 1, 1, 2, 2, 3, 1, 6, 5]
位置：['前', '前', '前', '前', '前', '后', '前', '后', '前', '后', '前', '后', '前', '前', '前', '前', '后', '前', '前', '前']
均值：2.55
前排总数：15
后排总数：5
2022-10-14 11:52:39
位置值历史：[1, 1, 1, 1, 3, 5, 3, 6, 4, 1, 3, 1, 1, 2, 2, 3, 1, 6, 5, 4]
位置：['前', '前', '前', '前', '后', '前', '后', '前', '后', '前', '后', '前', '前', '前', '前', '后', '前', '前', '前', '后']
均值：2.7
前排总数：14
后排总数：6
2022-10-14 11:53:37
位置值历史：[1, 1, 1, 3, 5, 3, 6, 4, 1, 3, 1, 1, 2, 2, 3, 1, 6, 5, 4, 2]
位置：['前', '前', '前', '后', '前', '后', '前', '后', '前', '后', '前', '前', '前', '前', '后', '前', '前', '前', '后', '前']
均值：2.75
前排总数：14
后排总数：6
2022-10-14 11:54:35
位置值历史：[1, 1, 3, 5, 3, 6, 4, 1, 3, 1, 1, 2, 2, 3, 1, 6, 5, 4, 2, 4]
位置：['前', '前', '后', '前', '后', '前', '后', '前', '后', '前', '前', '前', '前', '后', '前', '前', '前', '后', '前', '后']
均值：2.9
前排总数：13
后排总数：7
2022-10-14 11:55:33
位置值历史：[1, 3, 5, 3, 6, 4, 1, 3, 1, 1, 2, 2, 3, 1, 6, 5, 4, 2, 4, 2]
位置：['前', '后', '前', '后', '前', '后', '前', '后', '前', '前', '前', '前', '后', '前', '前', '前', '后', '前', '后', '前']
均值：2.95
前排总数：13
后排总数：7
2022-10-14 11:56:31
位置值历史：[3, 5, 3, 6, 4, 1, 3, 1, 1, 2, 2, 3, 1, 6, 5, 4, 2, 4, 2, 2]
位置：['后', '前', '后', '前', '后', '前', '后', '前', '前', '前', '前', '后', '前', '前', '前', '后', '前', '后', '前', '前']
均值：3.0
前排总数：13
后排总数：7
2022-10-14 11:57:29
位置值历史：[5, 3, 6, 4, 1, 3, 1, 1, 2, 2, 3, 1, 6, 5, 4, 2, 4, 2, 2, 6]
位置：['前', '后', '前', '后', '前', '后', '前', '前', '前', '前', '后', '前', '前', '前', '后', '前', '后', '前', '前', '前']
均值：3.15
前排总数：14
后排总数：6
2022-10-14 11:58:27
位置值历史：[3, 6, 4, 1, 3, 1, 1, 2, 2, 3, 1, 6, 5, 4, 2, 4, 2, 2, 6, 5]
位置：['后', '前', '后', '前', '后', '前', '前', '前', '前', '后', '前', '前', '前', '后', '前', '后', '前', '前', '前', '前']
均值：3.15
前排总数：14
后排总数：6
2022-10-14 11:59:25
位置值历史：[6, 4, 1, 3, 1, 1, 2, 2, 3, 1, 6, 5, 4, 2, 4, 2, 2, 6, 5, 3]
位置：['前', '后', '前', '后', '前', '前', '前', '前', '后', '前', '前', '前', '后', '前', '后', '前', '前', '前', '前', '后']
均值：3.15
前排总数：14
后排总数：6
2022-10-14 12:00:23
位置值历史：[4, 1, 3, 1, 1, 2, 2, 3, 1, 6, 5, 4, 2, 4, 2, 2, 6, 5, 3, 1]
位置：['后', '前', '后', '前', '前', '前', '前', '后', '前', '前', '前', '后', '前', '后', '前', '前', '前', '前', '后', '前']
均值：2.9
前排总数：14
后排总数：6
2022-10-14 12:01:21
位置值历史：[1, 3, 1, 1, 2, 2, 3, 1, 6, 5, 4, 2, 4, 2, 2, 6, 5, 3, 1, 3]
位置：['前', '后', '前', '前', '前', '前', '后', '前', '前', '前', '后', '前', '后', '前', '前', '前', '前', '后', '前', '后']
均值：2.85
前排总数：14
后排总数：6
2022-10-14 12:02:19
位置值历史：[3, 1, 1, 2, 2, 3, 1, 6, 5, 4, 2, 4, 2, 2, 6, 5, 3, 1, 3, 4]
位置：['后', '前', '前', '前', '前', '后', '前', '前', '前', '后', '前', '后', '前', '前', '前', '前', '后', '前', '后', '后']
均值：3.0
前排总数：13
后排总数：7
2022-10-14 12:03:17
位置值历史：[1, 1, 2, 2, 3, 1, 6, 5, 4, 2, 4, 2, 2, 6, 5, 3, 1, 3, 4, 3]
位置：['前', '前', '前', '前', '后', '前', '前', '前', '后', '前', '后', '前', '前', '前', '前', '后', '前', '后', '后', '后']
均值：3.0
前排总数：13
后排总数：7
2022-10-14 12:04:15
位置值历史：[1, 2, 2, 3, 1, 6, 5, 4, 2, 4, 2, 2, 6, 5, 3, 1, 3, 4, 3, 2]
位置：['前', '前', '前', '后', '前', '前', '前', '后', '前', '后', '前', '前', '前', '前', '后', '前', '后', '后', '后', '前']
均值：3.05
前排总数：13
后排总数：7
2022-10-14 12:05:13
位置值历史：[2, 2, 3, 1, 6, 5, 4, 2, 4, 2, 2, 6, 5, 3, 1, 3, 4, 3, 2, 4]
位置：['前', '前', '后', '前', '前', '前', '后', '前', '后', '前', '前', '前', '前', '后', '前', '后', '后', '后', '前', '后']
均值：3.2
前排总数：12
后排总数：8
2022-10-14 12:06:11
位置值历史：[2, 3, 1, 6, 5, 4, 2, 4, 2, 2, 6, 5, 3, 1, 3, 4, 3, 2, 4, 2]
位置：['前', '后', '前', '前', '前', '后', '前', '后', '前', '前', '前', '前', '后', '前', '后', '后', '后', '前', '后', '前']
均值：3.2
前排总数：12
后排总数：8
2022-10-14 12:07:09
位置值历史：[3, 1, 6, 5, 4, 2, 4, 2, 2, 6, 5, 3, 1, 3, 4, 3, 2, 4, 2, 4]
位置：['后', '前', '前', '前', '后', '前', '后', '前', '前', '前', '前', '后', '前', '后', '后', '后', '前', '后', '前', '后']
均值：3.3
前排总数：11
后排总数：9
2022-10-14 12:08:07
位置值历史：[1, 6, 5, 4, 2, 4, 2, 2, 6, 5, 3, 1, 3, 4, 3, 2, 4, 2, 4, 7]
位置：['前', '前', '前', '后', '前', '后', '前', '前', '前', '前', '后', '前', '后', '后', '后', '前', '后', '前', '后', '后']
均值：3.5
前排总数：11
后排总数：9
2022-10-14 12:09:05
位置值历史：[6, 5, 4, 2, 4, 2, 2, 6, 5, 3, 1, 3, 4, 3, 2, 4, 2, 4, 7, 6]
位置：['前', '前', '后', '前', '后', '前', '前', '前', '前', '后', '前', '后', '后', '后', '前', '后', '前', '后', '后', '前']
均值：3.75
前排总数：11
后排总数：9
2022-10-14 12:10:03
位置值历史：[5, 4, 2, 4, 2, 2, 6, 5, 3, 1, 3, 4, 3, 2, 4, 2, 4, 7, 6, 1]
位置：['前', '后', '前', '后', '前', '前', '前', '前', '后', '前', '后', '后', '后', '前', '后', '前', '后', '后', '前', '前']
均值：3.5
前排总数：11
后排总数：9
2022-10-14 12:11:01
位置值历史：[4, 2, 4, 2, 2, 6, 5, 3, 1, 3, 4, 3, 2, 4, 2, 4, 7, 6, 1, 4]
位置：['后', '前', '后', '前', '前', '前', '前', '后', '前', '后', '后', '后', '前', '后', '前', '后', '后', '前', '前', '后']
均值：3.45
前排总数：10
后排总数：10
2022-10-14 12:11:59
位置值历史：[2, 4, 2, 2, 6, 5, 3, 1, 3, 4, 3, 2, 4, 2, 4, 7, 6, 1, 4, 4]
位置：['前', '后', '前', '前', '前', '前', '后', '前', '后', '后', '后', '前', '后', '前', '后', '后', '前', '前', '后', '后']
均值：3.45
前排总数：10
后排总数：10
2022-10-14 12:12:57
位置值历史：[4, 2, 2, 6, 5, 3, 1, 3, 4, 3, 2, 4, 2, 4, 7, 6, 1, 4, 4, 3]
位置：['后', '前', '前', '前', '前', '后', '前', '后', '后', '后', '前', '后', '前', '后', '后', '前', '前', '后', '后', '后']
均值：3.5
前排总数：9
后排总数：11
2022-10-14 12:13:55
位置值历史：[2, 2, 6, 5, 3, 1, 3, 4, 3, 2, 4, 2, 4, 7, 6, 1, 4, 4, 3, 3]
位置：['前', '前', '前', '前', '后', '前', '后', '后', '后', '前', '后', '前', '后', '后', '前', '前', '后', '后', '后', '后']
均值：3.45
前排总数：9
后排总数：11
2022-10-14 12:14:53
位置值历史：[2, 6, 5, 3, 1, 3, 4, 3, 2, 4, 2, 4, 7, 6, 1, 4, 4, 3, 3, 7]
位置：['前', '前', '前', '后', '前', '后', '后', '后', '前', '后', '前', '后', '后', '前', '前', '后', '后', '后', '后', '后']
均值：3.7
前排总数：8
后排总数：12
2022-10-14 12:15:51
位置值历史：[6, 5, 3, 1, 3, 4, 3, 2, 4, 2, 4, 7, 6, 1, 4, 4, 3, 3, 7, 1]
位置：['前', '前', '后', '前', '后', '后', '后', '前', '后', '前', '后', '后', '前', '前', '后', '后', '后', '后', '后', '前']
均值：3.65
前排总数：8
后排总数：12
2022-10-14 12:16:49
位置值历史：[5, 3, 1, 3, 4, 3, 2, 4, 2, 4, 7, 6, 1, 4, 4, 3, 3, 7, 1, 8]
位置：['前', '后', '前', '后', '后', '后', '前', '后', '前', '后', '后', '前', '前', '后', '后', '后', '后', '后', '前', '后']
均值：3.75
前排总数：7
后排总数：13
2022-10-14 12:17:47
位置值历史：[3, 1, 3, 4, 3, 2, 4, 2, 4, 7, 6, 1, 4, 4, 3, 3, 7, 1, 8, 6]
位置：['后', '前', '后', '后', '后', '前', '后', '前', '后', '后', '前', '前', '后', '后', '后', '后', '后', '前', '后', '前']
均值：3.8
前排总数：7
后排总数：13
2022-10-14 12:18:45
位置值历史：[1, 3, 4, 3, 2, 4, 2, 4, 7, 6, 1, 4, 4, 3, 3, 7, 1, 8, 6, 1]
位置：['前', '后', '后', '后', '前', '后', '前', '后', '后', '前', '前', '后', '后', '后', '后', '后', '前', '后', '前', '前']
均值：3.7
前排总数：8
后排总数：12
2022-10-14 12:19:43
位置值历史：[3, 4, 3, 2, 4, 2, 4, 7, 6, 1, 4, 4, 3, 3, 7, 1, 8, 6, 1, 4]
位置：['后', '后', '后', '前', '后', '前', '后', '后', '前', '前', '后', '后', '后', '后', '后', '前', '后', '前', '前', '后']
均值：3.85
前排总数：7
后排总数：13
2022-10-14 12:20:41
位置值历史：[4, 3, 2, 4, 2, 4, 7, 6, 1, 4, 4, 3, 3, 7, 1, 8, 6, 1, 4, 4]
位置：['后', '后', '前', '后', '前', '后', '后', '前', '前', '后', '后', '后', '后', '后', '前', '后', '前', '前', '后', '后']
均值：3.9
前排总数：7
后排总数：13
2022-10-14 12:21:39
位置值历史：[3, 2, 4, 2, 4, 7, 6, 1, 4, 4, 3, 3, 7, 1, 8, 6, 1, 4, 4, 4]
位置：['后', '前', '后', '前', '后', '后', '前', '前', '后', '后', '后', '后', '后', '前', '后', '前', '前', '后', '后', '后']
均值：3.9
前排总数：7
后排总数：13
2022-10-14 12:22:37
位置值历史：[2, 4, 2, 4, 7, 6, 1, 4, 4, 3, 3, 7, 1, 8, 6, 1, 4, 4, 4, 2]
位置：['前', '后', '前', '后', '后', '前', '前', '后', '后', '后', '后', '后', '前', '后', '前', '前', '后', '后', '后', '前']
均值：3.85
前排总数：8
后排总数：12
2022-10-14 12:23:35
位置值历史：[4, 2, 4, 7, 6, 1, 4, 4, 3, 3, 7, 1, 8, 6, 1, 4, 4, 4, 2, 2]
位置：['后', '前', '后', '后', '前', '前', '后', '后', '后', '后', '后', '前', '后', '前', '前', '后', '后', '后', '前', '前']
均值：3.85
前排总数：8
后排总数：12
2022-10-14 12:24:33
位置值历史：[2, 4, 7, 6, 1, 4, 4, 3, 3, 7, 1, 8, 6, 1, 4, 4, 4, 2, 2, 2]
位置：['前', '后', '后', '前', '前', '后', '后', '后', '后', '后', '前', '后', '前', '前', '后', '后', '后', '前', '前', '前']
均值：3.75
前排总数：9
后排总数：11
2022-10-14 12:25:31
位置值历史：[4, 7, 6, 1, 4, 4, 3, 3, 7, 1, 8, 6, 1, 4, 4, 4, 2, 2, 2, 1]
位置：['后', '后', '前', '前', '后', '后', '后', '后', '后', '前', '后', '前', '前', '后', '后', '后', '前', '前', '前', '前']
均值：3.7
前排总数：9
后排总数：11
2022-10-14 12:26:29
位置值历史：[7, 6, 1, 4, 4, 3, 3, 7, 1, 8, 6, 1, 4, 4, 4, 2, 2, 2, 1, 2]
位置：['后', '前', '前', '后', '后', '后', '后', '后', '前', '后', '前', '前', '后', '后', '后', '前', '前', '前', '前', '前']
均值：3.6
前排总数：10
后排总数：10
2022-10-14 12:27:27
位置值历史：[6, 1, 4, 4, 3, 3, 7, 1, 8, 6, 1, 4, 4, 4, 2, 2, 2, 1, 2, 7]
位置：['前', '前', '后', '后', '后', '后', '后', '前', '后', '前', '前', '后', '后', '后', '前', '前', '前', '前', '前', '后']
均值：3.6
前排总数：10
后排总数：10
2022-10-14 12:28:25
位置值历史：[1, 4, 4, 3, 3, 7, 1, 8, 6, 1, 4, 4, 4, 2, 2, 2, 1, 2, 7, 1]
位置：['前', '后', '后', '后', '后', '后', '前', '后', '前', '前', '后', '后', '后', '前', '前', '前', '前', '前', '后', '前']
均值：3.35
前排总数：10
后排总数：10
2022-10-14 12:29:23
位置值历史：[4, 4, 3, 3, 7, 1, 8, 6, 1, 4, 4, 4, 2, 2, 2, 1, 2, 7, 1, 3]
位置：['后', '后', '后', '后', '后', '前', '后', '前', '前', '后', '后', '后', '前', '前', '前', '前', '前', '后', '前', '后']
均值：3.45
前排总数：9
后排总数：11
2022-10-14 12:30:21
位置值历史：[4, 3, 3, 7, 1, 8, 6, 1, 4, 4, 4, 2, 2, 2, 1, 2, 7, 1, 3, 1]
位置：['后', '后', '后', '后', '前', '后', '前', '前', '后', '后', '后', '前', '前', '前', '前', '前', '后', '前', '后', '前']
均值：3.3
前排总数：10
后排总数：10
2022-10-14 12:31:19
位置值历史：[3, 3, 7, 1, 8, 6, 1, 4, 4, 4, 2, 2, 2, 1, 2, 7, 1, 3, 1, 4]
位置：['后', '后', '后', '前', '后', '前', '前', '后', '后', '后', '前', '前', '前', '前', '前', '后', '前', '后', '前', '后']
均值：3.3
前排总数：10
后排总数：10
2022-10-14 12:32:17
位置值历史：[3, 7, 1, 8, 6, 1, 4, 4, 4, 2, 2, 2, 1, 2, 7, 1, 3, 1, 4, 2]
位置：['后', '后', '前', '后', '前', '前', '后', '后', '后', '前', '前', '前', '前', '前', '后', '前', '后', '前', '后', '前']
均值：3.25
前排总数：11
后排总数：9
2022-10-14 12:33:15
位置值历史：[7, 1, 8, 6, 1, 4, 4, 4, 2, 2, 2, 1, 2, 7, 1, 3, 1, 4, 2, 7]
位置：['后', '前', '后', '前', '前', '后', '后', '后', '前', '前', '前', '前', '前', '后', '前', '后', '前', '后', '前', '后']
均值：3.45
前排总数：11
后排总数：9
2022-10-14 12:34:13
位置值历史：[1, 8, 6, 1, 4, 4, 4, 2, 2, 2, 1, 2, 7, 1, 3, 1, 4, 2, 7, 1]
位置：['前', '后', '前', '前', '后', '后', '后', '前', '前', '前', '前', '前', '后', '前', '后', '前', '后', '前', '后', '前']
均值：3.15
前排总数：12
后排总数：8
2022-10-14 12:35:11
位置值历史：[8, 6, 1, 4, 4, 4, 2, 2, 2, 1, 2, 7, 1, 3, 1, 4, 2, 7, 1, 3]
位置：['后', '前', '前', '后', '后', '后', '前', '前', '前', '前', '前', '后', '前', '后', '前', '后', '前', '后', '前', '后']
均值：3.25
前排总数：11
后排总数：9
2022-10-14 12:36:09
位置值历史：[6, 1, 4, 4, 4, 2, 2, 2, 1, 2, 7, 1, 3, 1, 4, 2, 7, 1, 3, 4]
位置：['前', '前', '后', '后', '后', '前', '前', '前', '前', '前', '后', '前', '后', '前', '后', '前', '后', '前', '后', '后']
均值：3.05
前排总数：11
后排总数：9
2022-10-14 12:37:07
位置值历史：[1, 4, 4, 4, 2, 2, 2, 1, 2, 7, 1, 3, 1, 4, 2, 7, 1, 3, 4, 2]
位置：['前', '后', '后', '后', '前', '前', '前', '前', '前', '后', '前', '后', '前', '后', '前', '后', '前', '后', '后', '前']
均值：2.85
前排总数：11
后排总数：9
2022-10-14 12:38:05
位置值历史：[4, 4, 4, 2, 2, 2, 1, 2, 7, 1, 3, 1, 4, 2, 7, 1, 3, 4, 2, 3]
位置：['后', '后', '后', '前', '前', '前', '前', '前', '后', '前', '后', '前', '后', '前', '后', '前', '后', '后', '前', '后']
均值：2.95
前排总数：10
后排总数：10
2022-10-14 12:39:03
位置值历史：[4, 4, 2, 2, 2, 1, 2, 7, 1, 3, 1, 4, 2, 7, 1, 3, 4, 2, 3, 2]
位置：['后', '后', '前', '前', '前', '前', '前', '后', '前', '后', '前', '后', '前', '后', '前', '后', '后', '前', '后', '前']
均值：2.85
前排总数：11
后排总数：9
2022-10-14 12:40:01
位置值历史：[4, 2, 2, 2, 1, 2, 7, 1, 3, 1, 4, 2, 7, 1, 3, 4, 2, 3, 2, 4]
位置：['后', '前', '前', '前', '前', '前', '后', '前', '后', '前', '后', '前', '后', '前', '后', '后', '前', '后', '前', '后']
均值：2.85
前排总数：11
后排总数：9
2022-10-14 12:40:59
位置值历史：[2, 2, 2, 1, 2, 7, 1, 3, 1, 4, 2, 7, 1, 3, 4, 2, 3, 2, 4, 4]
位置：['前', '前', '前', '前', '前', '后', '前', '后', '前', '后', '前', '后', '前', '后', '后', '前', '后', '前', '后', '后']
均值：2.85
前排总数：11
后排总数：9
2022-10-14 12:41:57
位置值历史：[2, 2, 1, 2, 7, 1, 3, 1, 4, 2, 7, 1, 3, 4, 2, 3, 2, 4, 4, 1]
位置：['前', '前', '前', '前', '后', '前', '后', '前', '后', '前', '后', '前', '后', '后', '前', '后', '前', '后', '后', '前']
均值：2.8
前排总数：11
后排总数：9
2022-10-14 12:42:55
位置值历史：[2, 1, 2, 7, 1, 3, 1, 4, 2, 7, 1, 3, 4, 2, 3, 2, 4, 4, 1, 1]
位置：['前', '前', '前', '后', '前', '后', '前', '后', '前', '后', '前', '后', '后', '前', '后', '前', '后', '后', '前', '前']
均值：2.75
前排总数：11
后排总数：9
2022-10-14 12:43:53
位置值历史：[1, 2, 7, 1, 3, 1, 4, 2, 7, 1, 3, 4, 2, 3, 2, 4, 4, 1, 1, 4]
位置：['前', '前', '后', '前', '后', '前', '后', '前', '后', '前', '后', '后', '前', '后', '前', '后', '后', '前', '前', '后']
均值：2.85
前排总数：10
后排总数：10
2022-10-14 12:44:51
位置值历史：[2, 7, 1, 3, 1, 4, 2, 7, 1, 3, 4, 2, 3, 2, 4, 4, 1, 1, 4, 4]
位置：['前', '后', '前', '后', '前', '后', '前', '后', '前', '后', '后', '前', '后', '前', '后', '后', '前', '前', '后', '后']
均值：3.0
前排总数：9
后排总数：11
2022-10-14 12:45:49
位置值历史：[7, 1, 3, 1, 4, 2, 7, 1, 3, 4, 2, 3, 2, 4, 4, 1, 1, 4, 4, 4]
位置：['后', '前', '后', '前', '后', '前', '后', '前', '后', '后', '前', '后', '前', '后', '后', '前', '前', '后', '后', '后']
均值：3.1
前排总数：8
后排总数：12
2022-10-14 12:46:47
位置值历史：[1, 3, 1, 4, 2, 7, 1, 3, 4, 2, 3, 2, 4, 4, 1, 1, 4, 4, 4, 2]
位置：['前', '后', '前', '后', '前', '后', '前', '后', '后', '前', '后', '前', '后', '后', '前', '前', '后', '后', '后', '前']
均值：2.85
前排总数：9
后排总数：11
2022-10-14 12:47:45
位置值历史：[3, 1, 4, 2, 7, 1, 3, 4, 2, 3, 2, 4, 4, 1, 1, 4, 4, 4, 2, 2]
位置：['后', '前', '后', '前', '后', '前', '后', '后', '前', '后', '前', '后', '后', '前', '前', '后', '后', '后', '前', '前']
均值：2.9
前排总数：9
后排总数：11
2022-10-14 12:48:43
位置值历史：[1, 4, 2, 7, 1, 3, 4, 2, 3, 2, 4, 4, 1, 1, 4, 4, 4, 2, 2, 4]
位置：['前', '后', '前', '后', '前', '后', '后', '前', '后', '前', '后', '后', '前', '前', '后', '后', '后', '前', '前', '后']
均值：2.95
前排总数：9
后排总数：11
2022-10-14 12:49:41
位置值历史：[4, 2, 7, 1, 3, 4, 2, 3, 2, 4, 4, 1, 1, 4, 4, 4, 2, 2, 4, 1]
位置：['后', '前', '后', '前', '后', '后', '前', '后', '前', '后', '后', '前', '前', '后', '后', '后', '前', '前', '后', '前']
均值：2.95
前排总数：9
后排总数：11
2022-10-14 12:50:39
位置值历史：[2, 7, 1, 3, 4, 2, 3, 2, 4, 4, 1, 1, 4, 4, 4, 2, 2, 4, 1, 4]
位置：['前', '后', '前', '后', '后', '前', '后', '前', '后', '后', '前', '前', '后', '后', '后', '前', '前', '后', '前', '后']
均值：2.95
前排总数：9
后排总数：11
2022-10-14 12:51:37
位置值历史：[7, 1, 3, 4, 2, 3, 2, 4, 4, 1, 1, 4, 4, 4, 2, 2, 4, 1, 4, 2]
位置：['后', '前', '后', '后', '前', '后', '前', '后', '后', '前', '前', '后', '后', '后', '前', '前', '后', '前', '后', '前']
均值：2.95
前排总数：9
后排总数：11
2022-10-14 12:52:35
位置值历史：[1, 3, 4, 2, 3, 2, 4, 4, 1, 1, 4, 4, 4, 2, 2, 4, 1, 4, 2, 7]
位置：['前', '后', '后', '前', '后', '前', '后', '后', '前', '前', '后', '后', '后', '前', '前', '后', '前', '后', '前', '后']
均值：2.95
前排总数：9
后排总数：11
2022-10-14 12:53:33
位置值历史：[3, 4, 2, 3, 2, 4, 4, 1, 1, 4, 4, 4, 2, 2, 4, 1, 4, 2, 7, 1]
位置：['后', '后', '前', '后', '前', '后', '后', '前', '前', '后', '后', '后', '前', '前', '后', '前', '后', '前', '后', '前']
均值：2.95
前排总数：9
后排总数：11
2022-10-14 12:54:31
位置值历史：[4, 2, 3, 2, 4, 4, 1, 1, 4, 4, 4, 2, 2, 4, 1, 4, 2, 7, 1, 1]
位置：['后', '前', '后', '前', '后', '后', '前', '前', '后', '后', '后', '前', '前', '后', '前', '后', '前', '后', '前', '前']
均值：2.85
前排总数：10
后排总数：10
2022-10-14 12:55:29
位置值历史：[2, 3, 2, 4, 4, 1, 1, 4, 4, 4, 2, 2, 4, 1, 4, 2, 7, 1, 1, 2]
位置：['前', '后', '前', '后', '后', '前', '前', '后', '后', '后', '前', '前', '后', '前', '后', '前', '后', '前', '前', '前']
均值：2.75
前排总数：11
后排总数：9
2022-10-14 12:56:27
位置值历史：[3, 2, 4, 4, 1, 1, 4, 4, 4, 2, 2, 4, 1, 4, 2, 7, 1, 1, 2, 1]
位置：['后', '前', '后', '后', '前', '前', '后', '后', '后', '前', '前', '后', '前', '后', '前', '后', '前', '前', '前', '前']
均值：2.7
前排总数：11
后排总数：9
2022-10-14 12:57:25
位置值历史：[2, 4, 4, 1, 1, 4, 4, 4, 2, 2, 4, 1, 4, 2, 7, 1, 1, 2, 1, 3]
位置：['前', '后', '后', '前', '前', '后', '后', '后', '前', '前', '后', '前', '后', '前', '后', '前', '前', '前', '前', '后']
均值：2.7
前排总数：11
后排总数：9
2022-10-14 12:58:23
位置值历史：[4, 4, 1, 1, 4, 4, 4, 2, 2, 4, 1, 4, 2, 7, 1, 1, 2, 1, 3, 6]
位置：['后', '后', '前', '前', '后', '后', '后', '前', '前', '后', '前', '后', '前', '后', '前', '前', '前', '前', '后', '前']
均值：2.9
前排总数：11
后排总数：9
2022-10-14 12:59:21
位置值历史：[4, 1, 1, 4, 4, 4, 2, 2, 4, 1, 4, 2, 7, 1, 1, 2, 1, 3, 6, 2]
位置：['后', '前', '前', '后', '后', '后', '前', '前', '后', '前', '后', '前', '后', '前', '前', '前', '前', '后', '前', '前']
均值：2.8
前排总数：12
后排总数：8
2022-10-14 13:00:19
位置值历史：[1, 1, 4, 4, 4, 2, 2, 4, 1, 4, 2, 7, 1, 1, 2, 1, 3, 6, 2, 7]
位置：['前', '前', '后', '后', '后', '前', '前', '后', '前', '后', '前', '后', '前', '前', '前', '前', '后', '前', '前', '后']
均值：2.95
前排总数：12
后排总数：8
2022-10-14 13:01:17
位置值历史：[1, 4, 4, 4, 2, 2, 4, 1, 4, 2, 7, 1, 1, 2, 1, 3, 6, 2, 7, 4]
位置：['前', '后', '后', '后', '前', '前', '后', '前', '后', '前', '后', '前', '前', '前', '前', '后', '前', '前', '后', '后']
均值：3.1
前排总数：11
后排总数：9
2022-10-14 13:02:15
位置值历史：[4, 4, 4, 2, 2, 4, 1, 4, 2, 7, 1, 1, 2, 1, 3, 6, 2, 7, 4, 3]
位置：['后', '后', '后', '前', '前', '后', '前', '后', '前', '后', '前', '前', '前', '前', '后', '前', '前', '后', '后', '后']
均值：3.2
前排总数：10
后排总数：10
2022-10-14 13:03:13
位置值历史：[4, 4, 2, 2, 4, 1, 4, 2, 7, 1, 1, 2, 1, 3, 6, 2, 7, 4, 3, 3]
位置：['后', '后', '前', '前', '后', '前', '后', '前', '后', '前', '前', '前', '前', '后', '前', '前', '后', '后', '后', '后']
均值：3.15
前排总数：10
后排总数：10
2022-10-14 13:04:11
位置值历史：[4, 2, 2, 4, 1, 4, 2, 7, 1, 1, 2, 1, 3, 6, 2, 7, 4, 3, 3, 5]
位置：['后', '前', '前', '后', '前', '后', '前', '后', '前', '前', '前', '前', '后', '前', '前', '后', '后', '后', '后', '前']
均值：3.2
前排总数：11
后排总数：9
2022-10-14 13:05:09
位置值历史：[2, 2, 4, 1, 4, 2, 7, 1, 1, 2, 1, 3, 6, 2, 7, 4, 3, 3, 5, 4]
位置：['前', '前', '后', '前', '后', '前', '后', '前', '前', '前', '前', '后', '前', '前', '后', '后', '后', '后', '前', '后']
均值：3.2
前排总数：11
后排总数：9
2022-10-14 13:06:07
位置值历史：[2, 4, 1, 4, 2, 7, 1, 1, 2, 1, 3, 6, 2, 7, 4, 3, 3, 5, 4, 4]
位置：['前', '后', '前', '后', '前', '后', '前', '前', '前', '前', '后', '前', '前', '后', '后', '后', '后', '前', '后', '后']
均值：3.3
前排总数：10
后排总数：10
2022-10-14 13:07:05
位置值历史：[4, 1, 4, 2, 7, 1, 1, 2, 1, 3, 6, 2, 7, 4, 3, 3, 5, 4, 4, 3]
位置：['后', '前', '后', '前', '后', '前', '前', '前', '前', '后', '前', '前', '后', '后', '后', '后', '前', '后', '后', '后']
均值：3.35
前排总数：9
后排总数：11
2022-10-14 13:08:03
位置值历史：[1, 4, 2, 7, 1, 1, 2, 1, 3, 6, 2, 7, 4, 3, 3, 5, 4, 4, 3, 3]
位置：['前', '后', '前', '后', '前', '前', '前', '前', '后', '前', '前', '后', '后', '后', '后', '前', '后', '后', '后', '后']
均值：3.3
前排总数：9
后排总数：11
2022-10-14 13:49:37
位置值历史：[]
位置：[]
均值：nan
前排总数：0
后排总数：0
2022-10-14 13:50:35
位置值历史：[1]
位置：['前']
均值：1.0
前排总数：1
后排总数：0
2022-10-14 13:51:33
位置值历史：[1, 2]
位置：['前', '前']
均值：1.5
前排总数：2
后排总数：0
2022-10-14 13:52:31
位置值历史：[1, 2, 1]
位置：['前', '前', '前']
均值：1.3333333333333333
前排总数：3
后排总数：0
2022-10-14 13:53:29
位置值历史：[1, 2, 1, 1]
位置：['前', '前', '前', '前']
均值：1.25
前排总数：4
后排总数：0
2022-10-14 13:54:27
位置值历史：[1, 2, 1, 1, 2]
位置：['前', '前', '前', '前', '前']
均值：1.4
前排总数：5
后排总数：0
2022-10-14 13:55:25
位置值历史：[1, 2, 1, 1, 2, 2]
位置：['前', '前', '前', '前', '前', '前']
均值：1.5
前排总数：6
后排总数：0
2022-10-14 13:56:23
位置值历史：[1, 2, 1, 1, 2, 2, 1]
位置：['前', '前', '前', '前', '前', '前', '前']
均值：1.4285714285714286
前排总数：7
后排总数：0
2022-10-14 13:57:21
位置值历史：[1, 2, 1, 1, 2, 2, 1, 5]
位置：['前', '前', '前', '前', '前', '前', '前', '前']
均值：1.875
前排总数：8
后排总数：0
2022-10-14 13:58:19
位置值历史：[1, 2, 1, 1, 2, 2, 1, 5, 2]
位置：['前', '前', '前', '前', '前', '前', '前', '前', '前']
均值：1.8888888888888888
前排总数：9
后排总数：0
2022-10-14 13:59:17
位置值历史：[1, 2, 1, 1, 2, 2, 1, 5, 2, 3]
位置：['前', '前', '前', '前', '前', '前', '前', '前', '前', '后']
均值：2.0
前排总数：9
后排总数：1
2022-10-14 14:00:15
位置值历史：[1, 2, 1, 1, 2, 2, 1, 5, 2, 3, 4]
位置：['前', '前', '前', '前', '前', '前', '前', '前', '前', '后', '后']
均值：2.1818181818181817
前排总数：9
后排总数：2
2022-10-14 14:19:35
位置值历史：[]
位置：[]
均值：nan
前排总数：0
后排总数：0
2022-10-14 14:20:33
位置值历史：[4]
位置：['后']
均值：4.0
前排总数：0
后排总数：1
2022-10-14 14:21:31
位置值历史：[4, 2]
位置：['后', '前']
均值：3.0
前排总数：1
后排总数：1
2022-10-14 14:31:11
位置值历史：[]
位置：[]
均值：nan
前排总数：0
后排总数：0
2022-10-14 14:32:09
位置值历史：[8]
位置：['后']
均值：8.0
前排总数：0
后排总数：1
2022-10-14 14:33:07
位置值历史：[8, 1]
位置：['后', '前']
均值：4.5
前排总数：1
后排总数：1
2022-10-14 14:34:05
位置值历史：[8, 1, 1]
位置：['后', '前', '前']
均值：3.3333333333333335
前排总数：2
后排总数：1
2022-10-14 14:35:03
位置值历史：[8, 1, 1, 7]
位置：['后', '前', '前', '后']
均值：4.25
前排总数：2
后排总数：2
2022-10-14 14:36:01
位置值历史：[8, 1, 1, 7, 1]
位置：['后', '前', '前', '后', '前']
均值：3.6
前排总数：3
后排总数：2
2022-10-14 14:36:59
位置值历史：[8, 1, 1, 7, 1, 3]
位置：['后', '前', '前', '后', '前', '后']
均值：3.5
前排总数：3
后排总数：3
2022-10-14 14:37:57
位置值历史：[8, 1, 1, 7, 1, 3, 1]
位置：['后', '前', '前', '后', '前', '后', '前']
均值：3.142857142857143
前排总数：4
后排总数：3
2022-10-14 14:38:55
位置值历史：[8, 1, 1, 7, 1, 3, 1, 4]
位置：['后', '前', '前', '后', '前', '后', '前', '后']
均值：3.25
前排总数：4
后排总数：4
2022-10-14 14:39:53
位置值历史：[8, 1, 1, 7, 1, 3, 1, 4, 1]
位置：['后', '前', '前', '后', '前', '后', '前', '后', '前']
均值：3.0
前排总数：5
后排总数：4
2022-10-14 14:40:51
位置值历史：[8, 1, 1, 7, 1, 3, 1, 4, 1, 6]
位置：['后', '前', '前', '后', '前', '后', '前', '后', '前', '前']
均值：3.3
前排总数：6
后排总数：4
2022-10-14 14:41:49
位置值历史：[8, 1, 1, 7, 1, 3, 1, 4, 1, 6, 4]
位置：['后', '前', '前', '后', '前', '后', '前', '后', '前', '前', '后']
均值：3.3636363636363638
前排总数：6
后排总数：5
2022-10-14 14:42:47
位置值历史：[8, 1, 1, 7, 1, 3, 1, 4, 1, 6, 4, 5]
位置：['后', '前', '前', '后', '前', '后', '前', '后', '前', '前', '后', '前']
均值：3.5
前排总数：7
后排总数：5
2022-10-14 14:43:45
位置值历史：[8, 1, 1, 7, 1, 3, 1, 4, 1, 6, 4, 5, 3]
位置：['后', '前', '前', '后', '前', '后', '前', '后', '前', '前', '后', '前', '后']
均值：3.4615384615384617
前排总数：7
后排总数：6
2022-10-14 14:44:43
位置值历史：[8, 1, 1, 7, 1, 3, 1, 4, 1, 6, 4, 5, 3, 3]
位置：['后', '前', '前', '后', '前', '后', '前', '后', '前', '前', '后', '前', '后', '后']
均值：3.4285714285714284
前排总数：7
后排总数：7
2022-10-14 14:45:41
位置值历史：[8, 1, 1, 7, 1, 3, 1, 4, 1, 6, 4, 5, 3, 3, 3]
位置：['后', '前', '前', '后', '前', '后', '前', '后', '前', '前', '后', '前', '后', '后', '后']
均值：3.4
前排总数：7
后排总数：8
2022-10-14 14:46:39
位置值历史：[8, 1, 1, 7, 1, 3, 1, 4, 1, 6, 4, 5, 3, 3, 3, 4]
位置：['后', '前', '前', '后', '前', '后', '前', '后', '前', '前', '后', '前', '后', '后', '后', '后']
均值：3.4375
前排总数：7
后排总数：9
2022-10-14 14:47:37
位置值历史：[8, 1, 1, 7, 1, 3, 1, 4, 1, 6, 4, 5, 3, 3, 3, 4, 7]
位置：['后', '前', '前', '后', '前', '后', '前', '后', '前', '前', '后', '前', '后', '后', '后', '后', '后']
均值：3.6470588235294117
前排总数：7
后排总数：10
2022-10-14 14:48:35
位置值历史：[8, 1, 1, 7, 1, 3, 1, 4, 1, 6, 4, 5, 3, 3, 3, 4, 7, 4]
位置：['后', '前', '前', '后', '前', '后', '前', '后', '前', '前', '后', '前', '后', '后', '后', '后', '后', '后']
均值：3.6666666666666665
前排总数：7
后排总数：11
2022-10-14 14:49:33
位置值历史：[8, 1, 1, 7, 1, 3, 1, 4, 1, 6, 4, 5, 3, 3, 3, 4, 7, 4, 2]
位置：['后', '前', '前', '后', '前', '后', '前', '后', '前', '前', '后', '前', '后', '后', '后', '后', '后', '后', '前']
均值：3.5789473684210527
前排总数：8
后排总数：11
2022-10-14 14:50:31
位置值历史：[8, 1, 1, 7, 1, 3, 1, 4, 1, 6, 4, 5, 3, 3, 3, 4, 7, 4, 2, 2]
位置：['后', '前', '前', '后', '前', '后', '前', '后', '前', '前', '后', '前', '后', '后', '后', '后', '后', '后', '前', '前']
均值：3.5
前排总数：9
后排总数：11
2022-10-14 14:54:23
位置值历史：[]
位置：[]
均值：nan
前排总数：0
后排总数：0
2022-10-14 14:55:21
位置值历史：[1]
位置：['前']
均值：1.0
前排总数：1
后排总数：0
2022-10-14 14:56:19
位置值历史：[1, 5]
位置：['前', '前']
均值：3.0
前排总数：2
后排总数：0
2022-10-14 14:57:17
位置值历史：[1, 5, 1]
位置：['前', '前', '前']
均值：2.3333333333333335
前排总数：3
后排总数：0
2022-10-14 14:58:15
位置值历史：[1, 5, 1, 1]
位置：['前', '前', '前', '前']
均值：2.0
前排总数：4
后排总数：0
2022-10-14 14:59:13
位置值历史：[1, 5, 1, 1, 1]
位置：['前', '前', '前', '前', '前']
均值：1.8
前排总数：5
后排总数：0
2022-10-14 15:00:11
位置值历史：[1, 5, 1, 1, 1, 1]
位置：['前', '前', '前', '前', '前', '前']
均值：1.6666666666666667
前排总数：6
后排总数：0
2022-10-14 15:01:09
位置值历史：[1, 5, 1, 1, 1, 1, 1]
位置：['前', '前', '前', '前', '前', '前', '前']
均值：1.5714285714285714
前排总数：7
后排总数：0
2022-10-14 15:02:07
位置值历史：[1, 5, 1, 1, 1, 1, 1, 8]
位置：['前', '前', '前', '前', '前', '前', '前', '后']
均值：2.375
前排总数：7
后排总数：1
2022-10-14 15:03:05
位置值历史：[1, 5, 1, 1, 1, 1, 1, 8, 3]
位置：['前', '前', '前', '前', '前', '前', '前', '后', '后']
均值：2.4444444444444446
前排总数：7
后排总数：2
2022-10-14 15:04:03
位置值历史：[1, 5, 1, 1, 1, 1, 1, 8, 3, 4]
位置：['前', '前', '前', '前', '前', '前', '前', '后', '后', '后']
均值：2.6
前排总数：7
后排总数：3
2022-10-14 15:05:01
位置值历史：[1, 5, 1, 1, 1, 1, 1, 8, 3, 4, 5]
位置：['前', '前', '前', '前', '前', '前', '前', '后', '后', '后', '前']
均值：2.8181818181818183
前排总数：8
后排总数：3
2022-10-14 15:05:59
位置值历史：[1, 5, 1, 1, 1, 1, 1, 8, 3, 4, 5, 1]
位置：['前', '前', '前', '前', '前', '前', '前', '后', '后', '后', '前', '前']
均值：2.6666666666666665
前排总数：9
后排总数：3
2022-10-14 15:06:57
位置值历史：[1, 5, 1, 1, 1, 1, 1, 8, 3, 4, 5, 1, 3]
位置：['前', '前', '前', '前', '前', '前', '前', '后', '后', '后', '前', '前', '后']
均值：2.6923076923076925
前排总数：9
后排总数：4
2022-10-14 15:07:55
位置值历史：[1, 5, 1, 1, 1, 1, 1, 8, 3, 4, 5, 1, 3, 4]
位置：['前', '前', '前', '前', '前', '前', '前', '后', '后', '后', '前', '前', '后', '后']
均值：2.7857142857142856
前排总数：9
后排总数：5
2022-10-14 15:08:53
位置值历史：[1, 5, 1, 1, 1, 1, 1, 8, 3, 4, 5, 1, 3, 4, 1]
位置：['前', '前', '前', '前', '前', '前', '前', '后', '后', '后', '前', '前', '后', '后', '前']
均值：2.6666666666666665
前排总数：10
后排总数：5
2022-10-14 15:09:51
位置值历史：[1, 5, 1, 1, 1, 1, 1, 8, 3, 4, 5, 1, 3, 4, 1, 2]
位置：['前', '前', '前', '前', '前', '前', '前', '后', '后', '后', '前', '前', '后', '后', '前', '前']
均值：2.625
前排总数：11
后排总数：5
2022-10-14 15:10:49
位置值历史：[1, 5, 1, 1, 1, 1, 1, 8, 3, 4, 5, 1, 3, 4, 1, 2, 3]
位置：['前', '前', '前', '前', '前', '前', '前', '后', '后', '后', '前', '前', '后', '后', '前', '前', '后']
均值：2.6470588235294117
前排总数：11
后排总数：6
2022-10-14 15:11:47
位置值历史：[1, 5, 1, 1, 1, 1, 1, 8, 3, 4, 5, 1, 3, 4, 1, 2, 3, 3]
位置：['前', '前', '前', '前', '前', '前', '前', '后', '后', '后', '前', '前', '后', '后', '前', '前', '后', '后']
均值：2.6666666666666665
前排总数：11
后排总数：7
2022-10-14 15:12:45
位置值历史：[1, 5, 1, 1, 1, 1, 1, 8, 3, 4, 5, 1, 3, 4, 1, 2, 3, 3, 1]
位置：['前', '前', '前', '前', '前', '前', '前', '后', '后', '后', '前', '前', '后', '后', '前', '前', '后', '后', '前']
均值：2.5789473684210527
前排总数：12
后排总数：7
2022-10-14 15:13:43
位置值历史：[1, 5, 1, 1, 1, 1, 1, 8, 3, 4, 5, 1, 3, 4, 1, 2, 3, 3, 1, 4]
位置：['前', '前', '前', '前', '前', '前', '前', '后', '后', '后', '前', '前', '后', '后', '前', '前', '后', '后', '前', '后']
均值：2.65
前排总数：12
后排总数：8
2022-10-14 15:14:41
位置值历史：[5, 1, 1, 1, 1, 1, 8, 3, 4, 5, 1, 3, 4, 1, 2, 3, 3, 1, 4, 1]
位置：['前', '前', '前', '前', '前', '前', '后', '后', '后', '前', '前', '后', '后', '前', '前', '后', '后', '前', '后', '前']
均值：2.65
前排总数：12
后排总数：8
2022-10-14 15:15:39
位置值历史：[1, 1, 1, 1, 1, 8, 3, 4, 5, 1, 3, 4, 1, 2, 3, 3, 1, 4, 1, 6]
位置：['前', '前', '前', '前', '前', '后', '后', '后', '前', '前', '后', '后', '前', '前', '后', '后', '前', '后', '前', '前']
均值：2.7
前排总数：12
后排总数：8
2022-10-14 15:16:37
位置值历史：[1, 1, 1, 1, 8, 3, 4, 5, 1, 3, 4, 1, 2, 3, 3, 1, 4, 1, 6, 2]
位置：['前', '前', '前', '前', '后', '后', '后', '前', '前', '后', '后', '前', '前', '后', '后', '前', '后', '前', '前', '前']
均值：2.75
前排总数：12
后排总数：8
2022-10-14 15:40:47
位置值历史：[]
位置：[]
均值：nan
前排总数：0
后排总数：0
2022-10-14 15:41:45
位置值历史：[2]
位置：['前']
均值：2.0
前排总数：1
后排总数：0
2022-10-14 15:42:43
位置值历史：[2, 2]
位置：['前', '前']
均值：2.0
前排总数：2
后排总数：0
2022-10-14 15:43:41
位置值历史：[2, 2, 7]
位置：['前', '前', '后']
均值：3.6666666666666665
前排总数：2
后排总数：1
2022-10-14 15:46:35
位置值历史：[]
位置：[]
均值：nan
前排总数：0
后排总数：0
2022-10-14 15:47:33
位置值历史：[5]
位置：['前']
均值：5.0
前排总数：1
后排总数：0
2022-10-14 15:48:31
位置值历史：[5, 1]
位置：['前', '前']
均值：3.0
前排总数：2
后排总数：0
2022-10-14 15:52:23
位置值历史：[]
位置：[]
均值：nan
前排总数：0
后排总数：0
2022-10-14 15:53:21
位置值历史：[2]
位置：['前']
均值：2.0
前排总数：1
后排总数：0
2022-10-14 15:54:19
位置值历史：[2, 3]
位置：['前', '后']
均值：2.5
前排总数：1
后排总数：1
2022-10-14 15:55:17
位置值历史：[2, 3, 4]
位置：['前', '后', '后']
均值：3.0
前排总数：1
后排总数：2
2022-10-14 15:56:15
位置值历史：[2, 3, 4, 4]
位置：['前', '后', '后', '后']
均值：3.25
前排总数：1
后排总数：3
2022-10-14 15:57:13
位置值历史：[2, 3, 4, 4, 3]
位置：['前', '后', '后', '后', '后']
均值：3.2
前排总数：1
后排总数：4
2022-10-14 15:58:11
位置值历史：[2, 3, 4, 4, 3, 3]
位置：['前', '后', '后', '后', '后', '后']
均值：3.1666666666666665
前排总数：1
后排总数：5
2022-10-14 15:59:09
位置值历史：[2, 3, 4, 4, 3, 3, 4]
位置：['前', '后', '后', '后', '后', '后', '后']
均值：3.2857142857142856
前排总数：1
后排总数：6
2022-10-14 16:00:07
位置值历史：[2, 3, 4, 4, 3, 3, 4, 2]
位置：['前', '后', '后', '后', '后', '后', '后', '前']
均值：3.125
前排总数：2
后排总数：6
2022-10-14 16:01:05
位置值历史：[2, 3, 4, 4, 3, 3, 4, 2, 3]
位置：['前', '后', '后', '后', '后', '后', '后', '前', '后']
均值：3.111111111111111
前排总数：2
后排总数：7
2022-10-14 16:02:03
位置值历史：[2, 3, 4, 4, 3, 3, 4, 2, 3, 2]
位置：['前', '后', '后', '后', '后', '后', '后', '前', '后', '前']
均值：3.0
前排总数：3
后排总数：7
2022-10-14 16:03:01
位置值历史：[2, 3, 4, 4, 3, 3, 4, 2, 3, 2, 2]
位置：['前', '后', '后', '后', '后', '后', '后', '前', '后', '前', '前']
均值：2.909090909090909
前排总数：4
后排总数：7
2022-10-14 16:03:59
位置值历史：[2, 3, 4, 4, 3, 3, 4, 2, 3, 2, 2, 2]
位置：['前', '后', '后', '后', '后', '后', '后', '前', '后', '前', '前', '前']
均值：2.8333333333333335
前排总数：5
后排总数：7
2022-10-14 16:04:57
位置值历史：[2, 3, 4, 4, 3, 3, 4, 2, 3, 2, 2, 2, 6]
位置：['前', '后', '后', '后', '后', '后', '后', '前', '后', '前', '前', '前', '前']
均值：3.076923076923077
前排总数：6
后排总数：7
2022-10-14 16:05:55
位置值历史：[2, 3, 4, 4, 3, 3, 4, 2, 3, 2, 2, 2, 6, 3]
位置：['前', '后', '后', '后', '后', '后', '后', '前', '后', '前', '前', '前', '前', '后']
均值：3.0714285714285716
前排总数：6
后排总数：8
2022-10-14 16:06:53
位置值历史：[2, 3, 4, 4, 3, 3, 4, 2, 3, 2, 2, 2, 6, 3, 3]
位置：['前', '后', '后', '后', '后', '后', '后', '前', '后', '前', '前', '前', '前', '后', '后']
均值：3.066666666666667
前排总数：6
后排总数：9
2022-10-14 16:07:51
位置值历史：[2, 3, 4, 4, 3, 3, 4, 2, 3, 2, 2, 2, 6, 3, 3, 3]
位置：['前', '后', '后', '后', '后', '后', '后', '前', '后', '前', '前', '前', '前', '后', '后', '后']
均值：3.0625
前排总数：6
后排总数：10
2022-10-14 16:08:49
位置值历史：[2, 3, 4, 4, 3, 3, 4, 2, 3, 2, 2, 2, 6, 3, 3, 3, 1]
位置：['前', '后', '后', '后', '后', '后', '后', '前', '后', '前', '前', '前', '前', '后', '后', '后', '前']
均值：2.9411764705882355
前排总数：7
后排总数：10
2022-10-14 16:09:47
位置值历史：[2, 3, 4, 4, 3, 3, 4, 2, 3, 2, 2, 2, 6, 3, 3, 3, 1, 3]
位置：['前', '后', '后', '后', '后', '后', '后', '前', '后', '前', '前', '前', '前', '后', '后', '后', '前', '后']
均值：2.9444444444444446
前排总数：7
后排总数：11
2022-10-14 16:10:45
位置值历史：[2, 3, 4, 4, 3, 3, 4, 2, 3, 2, 2, 2, 6, 3, 3, 3, 1, 3, 1]
位置：['前', '后', '后', '后', '后', '后', '后', '前', '后', '前', '前', '前', '前', '后', '后', '后', '前', '后', '前']
均值：2.8421052631578947
前排总数：8
后排总数：11
2022-10-14 16:11:43
位置值历史：[2, 3, 4, 4, 3, 3, 4, 2, 3, 2, 2, 2, 6, 3, 3, 3, 1, 3, 1, 6]
位置：['前', '后', '后', '后', '后', '后', '后', '前', '后', '前', '前', '前', '前', '后', '后', '后', '前', '后', '前', '前']
均值：3.0
前排总数：9
后排总数：11
2022-10-14 16:14:37
位置值历史：[]
位置：[]
均值：nan
前排总数：0
后排总数：0
2022-10-14 16:15:35
位置值历史：[7]
位置：['后']
均值：7.0
前排总数：0
后排总数：1
2022-10-14 16:16:33
位置值历史：[7, 1]
位置：['后', '前']
均值：4.0
前排总数：1
后排总数：1
2022-10-14 16:17:31
位置值历史：[7, 1, 1]
位置：['后', '前', '前']
均值：3.0
前排总数：2
后排总数：1
2022-10-14 16:18:29
位置值历史：[7, 1, 1, 3]
位置：['后', '前', '前', '后']
均值：3.0
前排总数：2
后排总数：2
2022-10-14 16:19:27
位置值历史：[7, 1, 1, 3, 1]
位置：['后', '前', '前', '后', '前']
均值：2.6
前排总数：3
后排总数：2
2022-10-14 16:20:25
位置值历史：[7, 1, 1, 3, 1, 2]
位置：['后', '前', '前', '后', '前', '前']
均值：2.5
前排总数：4
后排总数：2
2022-10-14 16:21:23
位置值历史：[7, 1, 1, 3, 1, 2, 1]
位置：['后', '前', '前', '后', '前', '前', '前']
均值：2.2857142857142856
前排总数：5
后排总数：2
2022-10-14 16:22:21
位置值历史：[7, 1, 1, 3, 1, 2, 1, 3]
位置：['后', '前', '前', '后', '前', '前', '前', '后']
均值：2.375
前排总数：5
后排总数：3
2022-10-14 16:23:19
位置值历史：[7, 1, 1, 3, 1, 2, 1, 3, 6]
位置：['后', '前', '前', '后', '前', '前', '前', '后', '前']
均值：2.7777777777777777
前排总数：6
后排总数：3
2022-10-14 17:10:41
位置值历史：[]
位置：[]
均值：nan
前排总数：0
后排总数：0
2022-10-14 17:11:39
位置值历史：[2]
位置：['前']
均值：2.0
前排总数：1
后排总数：0
2022-10-14 17:12:37
位置值历史：[2, 3]
位置：['前', '后']
均值：2.5
前排总数：1
后排总数：1
2022-10-14 17:13:35
位置值历史：[2, 3, 6]
位置：['前', '后', '前']
均值：3.6666666666666665
前排总数：2
后排总数：1
2022-10-14 17:14:33
位置值历史：[2, 3, 6, 1]
位置：['前', '后', '前', '前']
均值：3.0
前排总数：3
后排总数：1
2022-10-14 17:15:31
位置值历史：[2, 3, 6, 1, 1]
位置：['前', '后', '前', '前', '前']
均值：2.6
前排总数：4
后排总数：1
2022-10-14 17:29:03
位置值历史：[]
位置：[]
均值：nan
前排总数：0
后排总数：0
2022-10-14 17:30:01
位置值历史：[3]
位置：['后']
均值：3.0
前排总数：0
后排总数：1
2022-10-14 17:30:59
位置值历史：[3, 3]
位置：['后', '后']
均值：3.0
前排总数：0
后排总数：2
2022-10-14 17:31:57
位置值历史：[3, 3, 8]
位置：['后', '后', '后']
均值：4.666666666666667
前排总数：0
后排总数：3
2022-10-14 17:32:55
位置值历史：[3, 3, 8, 7]
位置：['后', '后', '后', '后']
均值：5.25
前排总数：0
后排总数：4
2022-10-14 17:33:53
位置值历史：[3, 3, 8, 7, 6]
位置：['后', '后', '后', '后', '前']
均值：5.4
前排总数：1
后排总数：4
2022-10-14 17:34:51
位置值历史：[3, 3, 8, 7, 6, 7]
位置：['后', '后', '后', '后', '前', '后']
均值：5.666666666666667
前排总数：1
后排总数：5
2022-10-14 17:35:49
位置值历史：[3, 3, 8, 7, 6, 7, 2]
位置：['后', '后', '后', '后', '前', '后', '前']
均值：5.142857142857143
前排总数：2
后排总数：5
2022-10-14 17:36:47
位置值历史：[3, 3, 8, 7, 6, 7, 2, 3]
位置：['后', '后', '后', '后', '前', '后', '前', '后']
均值：4.875
前排总数：2
后排总数：6
2022-10-14 17:37:45
位置值历史：[3, 3, 8, 7, 6, 7, 2, 3, 7]
位置：['后', '后', '后', '后', '前', '后', '前', '后', '后']
均值：5.111111111111111
前排总数：2
后排总数：7
2022-10-14 17:38:43
位置值历史：[3, 3, 8, 7, 6, 7, 2, 3, 7, 3]
位置：['后', '后', '后', '后', '前', '后', '前', '后', '后', '后']
均值：4.9
前排总数：2
后排总数：8
2022-10-14 17:39:41
位置值历史：[3, 3, 8, 7, 6, 7, 2, 3, 7, 3, 1]
位置：['后', '后', '后', '后', '前', '后', '前', '后', '后', '后', '前']
均值：4.545454545454546
前排总数：3
后排总数：8
2022-10-14 17:40:39
位置值历史：[3, 3, 8, 7, 6, 7, 2, 3, 7, 3, 1, 3]
位置：['后', '后', '后', '后', '前', '后', '前', '后', '后', '后', '前', '后']
均值：4.416666666666667
前排总数：3
后排总数：9
2022-10-14 17:41:37
位置值历史：[3, 3, 8, 7, 6, 7, 2, 3, 7, 3, 1, 3, 2]
位置：['后', '后', '后', '后', '前', '后', '前', '后', '后', '后', '前', '后', '前']
均值：4.230769230769231
前排总数：4
后排总数：9
2022-10-14 17:42:35
位置值历史：[3, 3, 8, 7, 6, 7, 2, 3, 7, 3, 1, 3, 2, 3]
位置：['后', '后', '后', '后', '前', '后', '前', '后', '后', '后', '前', '后', '前', '后']
均值：4.142857142857143
前排总数：4
后排总数：10
2022-10-14 17:43:33
位置值历史：[3, 3, 8, 7, 6, 7, 2, 3, 7, 3, 1, 3, 2, 3, 3]
位置：['后', '后', '后', '后', '前', '后', '前', '后', '后', '后', '前', '后', '前', '后', '后']
均值：4.066666666666666
前排总数：4
后排总数：11
2022-10-14 17:44:31
位置值历史：[3, 3, 8, 7, 6, 7, 2, 3, 7, 3, 1, 3, 2, 3, 3, 1]
位置：['后', '后', '后', '后', '前', '后', '前', '后', '后', '后', '前', '后', '前', '后', '后', '前']
均值：3.875
前排总数：5
后排总数：11
2022-10-14 17:45:29
位置值历史：[3, 3, 8, 7, 6, 7, 2, 3, 7, 3, 1, 3, 2, 3, 3, 1, 4]
位置：['后', '后', '后', '后', '前', '后', '前', '后', '后', '后', '前', '后', '前', '后', '后', '前', '后']
均值：3.8823529411764706
前排总数：5
后排总数：12
2022-10-14 17:46:27
位置值历史：[3, 3, 8, 7, 6, 7, 2, 3, 7, 3, 1, 3, 2, 3, 3, 1, 4, 1]
位置：['后', '后', '后', '后', '前', '后', '前', '后', '后', '后', '前', '后', '前', '后', '后', '前', '后', '前']
均值：3.7222222222222223
前排总数：6
后排总数：12
2022-10-14 17:47:25
位置值历史：[3, 3, 8, 7, 6, 7, 2, 3, 7, 3, 1, 3, 2, 3, 3, 1, 4, 1, 1]
位置：['后', '后', '后', '后', '前', '后', '前', '后', '后', '后', '前', '后', '前', '后', '后', '前', '后', '前', '前']
均值：3.5789473684210527
前排总数：7
后排总数：12
2022-10-14 17:48:23
位置值历史：[3, 3, 8, 7, 6, 7, 2, 3, 7, 3, 1, 3, 2, 3, 3, 1, 4, 1, 1, 2]
位置：['后', '后', '后', '后', '前', '后', '前', '后', '后', '后', '前', '后', '前', '后', '后', '前', '后', '前', '前', '前']
均值：3.5
前排总数：8
后排总数：12
2022-10-14 17:49:21
位置值历史：[3, 8, 7, 6, 7, 2, 3, 7, 3, 1, 3, 2, 3, 3, 1, 4, 1, 1, 2, 4]
位置：['后', '后', '后', '前', '后', '前', '后', '后', '后', '前', '后', '前', '后', '后', '前', '后', '前', '前', '前', '后']
均值：3.55
前排总数：8
后排总数：12
2022-10-14 17:50:19
位置值历史：[8, 7, 6, 7, 2, 3, 7, 3, 1, 3, 2, 3, 3, 1, 4, 1, 1, 2, 4, 8]
位置：['后', '后', '前', '后', '前', '后', '后', '后', '前', '后', '前', '后', '后', '前', '后', '前', '前', '前', '后', '后']
均值：3.8
前排总数：8
后排总数：12
2022-10-14 17:51:17
位置值历史：[7, 6, 7, 2, 3, 7, 3, 1, 3, 2, 3, 3, 1, 4, 1, 1, 2, 4, 8, 4]
位置：['后', '前', '后', '前', '后', '后', '后', '前', '后', '前', '后', '后', '前', '后', '前', '前', '前', '后', '后', '后']
均值：3.6
前排总数：8
后排总数：12
2022-10-14 17:52:15
位置值历史：[6, 7, 2, 3, 7, 3, 1, 3, 2, 3, 3, 1, 4, 1, 1, 2, 4, 8, 4, 3]
位置：['前', '后', '前', '后', '后', '后', '前', '后', '前', '后', '后', '前', '后', '前', '前', '前', '后', '后', '后', '后']
均值：3.4
前排总数：8
后排总数：12
2022-10-14 17:53:13
位置值历史：[7, 2, 3, 7, 3, 1, 3, 2, 3, 3, 1, 4, 1, 1, 2, 4, 8, 4, 3, 7]
位置：['后', '前', '后', '后', '后', '前', '后', '前', '后', '后', '前', '后', '前', '前', '前', '后', '后', '后', '后', '后']
均值：3.45
前排总数：7
后排总数：13
2022-10-14 17:54:11
位置值历史：[2, 3, 7, 3, 1, 3, 2, 3, 3, 1, 4, 1, 1, 2, 4, 8, 4, 3, 7, 5]
位置：['前', '后', '后', '后', '前', '后', '前', '后', '后', '前', '后', '前', '前', '前', '后', '后', '后', '后', '后', '前']
均值：3.35
前排总数：8
后排总数：12
2022-10-14 17:55:09
位置值历史：[3, 7, 3, 1, 3, 2, 3, 3, 1, 4, 1, 1, 2, 4, 8, 4, 3, 7, 5, 6]
位置：['后', '后', '后', '前', '后', '前', '后', '后', '前', '后', '前', '前', '前', '后', '后', '后', '后', '后', '前', '前']
均值：3.55
前排总数：8
后排总数：12
2022-10-14 17:56:07
位置值历史：[7, 3, 1, 3, 2, 3, 3, 1, 4, 1, 1, 2, 4, 8, 4, 3, 7, 5, 6, 1]
位置：['后', '后', '前', '后', '前', '后', '后', '前', '后', '前', '前', '前', '后', '后', '后', '后', '后', '前', '前', '前']
均值：3.45
前排总数：9
后排总数：11
2022-10-14 17:57:05
位置值历史：[3, 1, 3, 2, 3, 3, 1, 4, 1, 1, 2, 4, 8, 4, 3, 7, 5, 6, 1, 3]
位置：['后', '前', '后', '前', '后', '后', '前', '后', '前', '前', '前', '后', '后', '后', '后', '后', '前', '前', '前', '后']
均值：3.25
前排总数：9
后排总数：11
2022-10-14 18:07:43
位置值历史：[]
位置：[]
均值：nan
前排总数：0
后排总数：0
2022-10-14 18:08:41
位置值历史：[1]
位置：['前']
均值：1.0
前排总数：1
后排总数：0
2022-10-14 18:09:39
位置值历史：[1, 5]
位置：['前', '前']
均值：3.0
前排总数：2
后排总数：0
2022-10-14 18:10:37
位置值历史：[1, 5, 6]
位置：['前', '前', '前']
均值：4.0
前排总数：3
后排总数：0
2022-10-14 18:11:35
位置值历史：[1, 5, 6, 3]
位置：['前', '前', '前', '后']
均值：3.75
前排总数：3
后排总数：1
2022-10-14 18:12:33
位置值历史：[1, 5, 6, 3, 4]
位置：['前', '前', '前', '后', '后']
均值：3.8
前排总数：3
后排总数：2
2022-10-14 18:13:31
位置值历史：[1, 5, 6, 3, 4, 5]
位置：['前', '前', '前', '后', '后', '前']
均值：4.0
前排总数：4
后排总数：2
2022-10-14 18:14:29
位置值历史：[1, 5, 6, 3, 4, 5, 3]
位置：['前', '前', '前', '后', '后', '前', '后']
均值：3.857142857142857
前排总数：4
后排总数：3
2022-10-14 18:15:27
位置值历史：[1, 5, 6, 3, 4, 5, 3, 4]
位置：['前', '前', '前', '后', '后', '前', '后', '后']
均值：3.875
前排总数：4
后排总数：4
2022-10-14 18:16:25
位置值历史：[1, 5, 6, 3, 4, 5, 3, 4, 3]
位置：['前', '前', '前', '后', '后', '前', '后', '后', '后']
均值：3.7777777777777777
前排总数：4
后排总数：5
2022-10-14 18:17:23
位置值历史：[1, 5, 6, 3, 4, 5, 3, 4, 3, 5]
位置：['前', '前', '前', '后', '后', '前', '后', '后', '后', '前']
均值：3.9
前排总数：5
后排总数：5
2022-10-14 18:18:21
位置值历史：[1, 5, 6, 3, 4, 5, 3, 4, 3, 5, 1]
位置：['前', '前', '前', '后', '后', '前', '后', '后', '后', '前', '前']
均值：3.6363636363636362
前排总数：6
后排总数：5
2022-10-14 18:19:19
位置值历史：[1, 5, 6, 3, 4, 5, 3, 4, 3, 5, 1, 2]
位置：['前', '前', '前', '后', '后', '前', '后', '后', '后', '前', '前', '前']
均值：3.5
前排总数：7
后排总数：5
2022-10-14 18:20:17
位置值历史：[1, 5, 6, 3, 4, 5, 3, 4, 3, 5, 1, 2, 6]
位置：['前', '前', '前', '后', '后', '前', '后', '后', '后', '前', '前', '前', '前']
均值：3.6923076923076925
前排总数：8
后排总数：5
2022-10-14 18:24:09
位置值历史：[]
位置：[]
均值：nan
前排总数：0
后排总数：0
2022-10-14 18:25:07
位置值历史：[3]
位置：['后']
均值：3.0
前排总数：0
后排总数：1
2022-10-14 18:26:05
位置值历史：[3, 3]
位置：['后', '后']
均值：3.0
前排总数：0
后排总数：2
2022-10-14 18:27:03
位置值历史：[3, 3, 1]
位置：['后', '后', '前']
均值：2.3333333333333335
前排总数：1
后排总数：2
2022-10-14 18:28:01
位置值历史：[3, 3, 1, 2]
位置：['后', '后', '前', '前']
均值：2.25
前排总数：2
后排总数：2
2022-10-14 18:28:59
位置值历史：[3, 3, 1, 2, 1]
位置：['后', '后', '前', '前', '前']
均值：2.0
前排总数：3
后排总数：2
2022-10-14 18:29:57
位置值历史：[3, 3, 1, 2, 1, 1]
位置：['后', '后', '前', '前', '前', '前']
均值：1.8333333333333333
前排总数：4
后排总数：2
2022-10-14 18:30:55
位置值历史：[3, 3, 1, 2, 1, 1, 8]
位置：['后', '后', '前', '前', '前', '前', '后']
均值：2.7142857142857144
前排总数：4
后排总数：3
2022-10-14 18:31:53
位置值历史：[3, 3, 1, 2, 1, 1, 8, 2]
位置：['后', '后', '前', '前', '前', '前', '后', '前']
均值：2.625
前排总数：5
后排总数：3
2022-10-14 18:32:51
位置值历史：[3, 3, 1, 2, 1, 1, 8, 2, 4]
位置：['后', '后', '前', '前', '前', '前', '后', '前', '后']
均值：2.7777777777777777
前排总数：5
后排总数：4
2022-10-14 18:34:47
位置值历史：[]
位置：[]
均值：nan
前排总数：0
后排总数：0
2022-10-14 19:55:59
位置值历史：[]
位置：[]
均值：nan
前排总数：0
后排总数：0
2022-10-14 19:56:57
位置值历史：[2]
位置：['前']
均值：2.0
前排总数：1
后排总数：0
2022-10-14 19:57:55
位置值历史：[2, 2]
位置：['前', '前']
均值：2.0
前排总数：2
后排总数：0
2022-10-14 19:58:53
位置值历史：[2, 2, 1]
位置：['前', '前', '前']
均值：1.6666666666666667
前排总数：3
后排总数：0
2022-10-14 19:59:51
位置值历史：[2, 2, 1, 4]
位置：['前', '前', '前', '后']
均值：2.25
前排总数：3
后排总数：1
2022-10-14 20:00:49
位置值历史：[2, 2, 1, 4, 4]
位置：['前', '前', '前', '后', '后']
均值：2.6
前排总数：3
后排总数：2
2022-10-14 20:01:47
位置值历史：[2, 2, 1, 4, 4, 4]
位置：['前', '前', '前', '后', '后', '后']
均值：2.8333333333333335
前排总数：3
后排总数：3
2022-10-14 20:02:45
位置值历史：[2, 2, 1, 4, 4, 4, 3]
位置：['前', '前', '前', '后', '后', '后', '后']
均值：2.857142857142857
前排总数：3
后排总数：4
2022-10-14 20:03:43
位置值历史：[2, 2, 1, 4, 4, 4, 3, 5]
位置：['前', '前', '前', '后', '后', '后', '后', '前']
均值：3.125
前排总数：4
后排总数：4
2022-10-14 20:04:41
位置值历史：[2, 2, 1, 4, 4, 4, 3, 5, 2]
位置：['前', '前', '前', '后', '后', '后', '后', '前', '前']
均值：3.0
前排总数：5
后排总数：4
2022-10-14 20:05:39
位置值历史：[2, 2, 1, 4, 4, 4, 3, 5, 2, 1]
位置：['前', '前', '前', '后', '后', '后', '后', '前', '前', '前']
均值：2.8
前排总数：6
后排总数：4
2022-10-14 20:06:37
位置值历史：[2, 2, 1, 4, 4, 4, 3, 5, 2, 1, 2]
位置：['前', '前', '前', '后', '后', '后', '后', '前', '前', '前', '前']
均值：2.727272727272727
前排总数：7
后排总数：4
2022-10-14 20:07:35
位置值历史：[2, 2, 1, 4, 4, 4, 3, 5, 2, 1, 2, 4]
位置：['前', '前', '前', '后', '后', '后', '后', '前', '前', '前', '前', '后']
均值：2.8333333333333335
前排总数：7
后排总数：5
2022-10-14 20:08:33
位置值历史：[2, 2, 1, 4, 4, 4, 3, 5, 2, 1, 2, 4, 3]
位置：['前', '前', '前', '后', '后', '后', '后', '前', '前', '前', '前', '后', '后']
均值：2.8461538461538463
前排总数：7
后排总数：6
2022-10-14 20:09:31
位置值历史：[2, 2, 1, 4, 4, 4, 3, 5, 2, 1, 2, 4, 3, 3]
位置：['前', '前', '前', '后', '后', '后', '后', '前', '前', '前', '前', '后', '后', '后']
均值：2.857142857142857
前排总数：7
后排总数：7
2022-10-14 20:10:29
位置值历史：[2, 2, 1, 4, 4, 4, 3, 5, 2, 1, 2, 4, 3, 3, 2]
位置：['前', '前', '前', '后', '后', '后', '后', '前', '前', '前', '前', '后', '后', '后', '前']
均值：2.8
前排总数：8
后排总数：7
2022-10-14 20:11:27
位置值历史：[2, 2, 1, 4, 4, 4, 3, 5, 2, 1, 2, 4, 3, 3, 2, 1]
位置：['前', '前', '前', '后', '后', '后', '后', '前', '前', '前', '前', '后', '后', '后', '前', '前']
均值：2.6875
前排总数：9
后排总数：7
2022-10-14 20:12:25
位置值历史：[2, 2, 1, 4, 4, 4, 3, 5, 2, 1, 2, 4, 3, 3, 2, 1, 2]
位置：['前', '前', '前', '后', '后', '后', '后', '前', '前', '前', '前', '后', '后', '后', '前', '前', '前']
均值：2.6470588235294117
前排总数：10
后排总数：7
2022-10-14 20:13:23
位置值历史：[2, 2, 1, 4, 4, 4, 3, 5, 2, 1, 2, 4, 3, 3, 2, 1, 2, 2]
位置：['前', '前', '前', '后', '后', '后', '后', '前', '前', '前', '前', '后', '后', '后', '前', '前', '前', '前']
均值：2.611111111111111
前排总数：11
后排总数：7
2022-10-14 20:14:21
位置值历史：[2, 2, 1, 4, 4, 4, 3, 5, 2, 1, 2, 4, 3, 3, 2, 1, 2, 2, 2]
位置：['前', '前', '前', '后', '后', '后', '后', '前', '前', '前', '前', '后', '后', '后', '前', '前', '前', '前', '前']
均值：2.5789473684210527
前排总数：12
后排总数：7
2022-10-14 20:15:19
位置值历史：[2, 2, 1, 4, 4, 4, 3, 5, 2, 1, 2, 4, 3, 3, 2, 1, 2, 2, 2, 2]
位置：['前', '前', '前', '后', '后', '后', '后', '前', '前', '前', '前', '后', '后', '后', '前', '前', '前', '前', '前', '前']
均值：2.55
前排总数：13
后排总数：7
2022-10-14 20:16:17
位置值历史：[2, 1, 4, 4, 4, 3, 5, 2, 1, 2, 4, 3, 3, 2, 1, 2, 2, 2, 2, 4]
位置：['前', '前', '后', '后', '后', '后', '前', '前', '前', '前', '后', '后', '后', '前', '前', '前', '前', '前', '前', '后']
均值：2.65
前排总数：12
后排总数：8
2022-10-14 20:17:15
位置值历史：[1, 4, 4, 4, 3, 5, 2, 1, 2, 4, 3, 3, 2, 1, 2, 2, 2, 2, 4, 6]
位置：['前', '后', '后', '后', '后', '前', '前', '前', '前', '后', '后', '后', '前', '前', '前', '前', '前', '前', '后', '前']
均值：2.85
前排总数：12
后排总数：8
2022-10-14 20:18:13
位置值历史：[4, 4, 4, 3, 5, 2, 1, 2, 4, 3, 3, 2, 1, 2, 2, 2, 2, 4, 6, 5]
位置：['后', '后', '后', '后', '前', '前', '前', '前', '后', '后', '后', '前', '前', '前', '前', '前', '前', '后', '前', '前']
均值：3.05
前排总数：12
后排总数：8
2022-10-14 20:19:11
位置值历史：[4, 4, 3, 5, 2, 1, 2, 4, 3, 3, 2, 1, 2, 2, 2, 2, 4, 6, 5, 3]
位置：['后', '后', '后', '前', '前', '前', '前', '后', '后', '后', '前', '前', '前', '前', '前', '前', '后', '前', '前', '后']
均值：3.0
前排总数：12
后排总数：8
2022-10-14 20:20:09
位置值历史：[4, 3, 5, 2, 1, 2, 4, 3, 3, 2, 1, 2, 2, 2, 2, 4, 6, 5, 3, 2]
位置：['后', '后', '前', '前', '前', '前', '后', '后', '后', '前', '前', '前', '前', '前', '前', '后', '前', '前', '后', '前']
均值：2.9
前排总数：13
后排总数：7
2022-10-14 20:21:07
位置值历史：[3, 5, 2, 1, 2, 4, 3, 3, 2, 1, 2, 2, 2, 2, 4, 6, 5, 3, 2, 2]
位置：['后', '前', '前', '前', '前', '后', '后', '后', '前', '前', '前', '前', '前', '前', '后', '前', '前', '后', '前', '前']
均值：2.8
前排总数：14
后排总数：6
2022-10-14 20:22:05
位置值历史：[5, 2, 1, 2, 4, 3, 3, 2, 1, 2, 2, 2, 2, 4, 6, 5, 3, 2, 2, 4]
位置：['前', '前', '前', '前', '后', '后', '后', '前', '前', '前', '前', '前', '前', '后', '前', '前', '后', '前', '前', '后']
均值：2.85
前排总数：14
后排总数：6
2022-10-14 20:23:03
位置值历史：[2, 1, 2, 4, 3, 3, 2, 1, 2, 2, 2, 2, 4, 6, 5, 3, 2, 2, 4, 4]
位置：['前', '前', '前', '后', '后', '后', '前', '前', '前', '前', '前', '前', '后', '前', '前', '后', '前', '前', '后', '后']
均值：2.8
前排总数：13
后排总数：7
2022-10-14 20:24:01
位置值历史：[1, 2, 4, 3, 3, 2, 1, 2, 2, 2, 2, 4, 6, 5, 3, 2, 2, 4, 4, 1]
位置：['前', '前', '后', '后', '后', '前', '前', '前', '前', '前', '前', '后', '前', '前', '后', '前', '前', '后', '后', '前']
均值：2.75
前排总数：13
后排总数：7
2022-10-14 20:24:59
位置值历史：[2, 4, 3, 3, 2, 1, 2, 2, 2, 2, 4, 6, 5, 3, 2, 2, 4, 4, 1, 4]
位置：['前', '后', '后', '后', '前', '前', '前', '前', '前', '前', '后', '前', '前', '后', '前', '前', '后', '后', '前', '后']
均值：2.9
前排总数：12
后排总数：8
2022-10-14 20:25:57
位置值历史：[4, 3, 3, 2, 1, 2, 2, 2, 2, 4, 6, 5, 3, 2, 2, 4, 4, 1, 4, 4]
位置：['后', '后', '后', '前', '前', '前', '前', '前', '前', '后', '前', '前', '后', '前', '前', '后', '后', '前', '后', '后']
均值：3.0
前排总数：11
后排总数：9
2022-10-14 20:26:55
位置值历史：[3, 3, 2, 1, 2, 2, 2, 2, 4, 6, 5, 3, 2, 2, 4, 4, 1, 4, 4, 2]
位置：['后', '后', '前', '前', '前', '前', '前', '前', '后', '前', '前', '后', '前', '前', '后', '后', '前', '后', '后', '前']
均值：2.9
前排总数：12
后排总数：8
2022-10-14 20:27:53
位置值历史：[3, 2, 1, 2, 2, 2, 2, 4, 6, 5, 3, 2, 2, 4, 4, 1, 4, 4, 2, 3]
位置：['后', '前', '前', '前', '前', '前', '前', '后', '前', '前', '后', '前', '前', '后', '后', '前', '后', '后', '前', '后']
均值：2.9
前排总数：12
后排总数：8
2022-10-14 20:28:51
位置值历史：[2, 1, 2, 2, 2, 2, 4, 6, 5, 3, 2, 2, 4, 4, 1, 4, 4, 2, 3, 2]
位置：['前', '前', '前', '前', '前', '前', '后', '前', '前', '后', '前', '前', '后', '后', '前', '后', '后', '前', '后', '前']
均值：2.85
前排总数：13
后排总数：7
2022-10-14 20:29:49
位置值历史：[1, 2, 2, 2, 2, 4, 6, 5, 3, 2, 2, 4, 4, 1, 4, 4, 2, 3, 2, 1]
位置：['前', '前', '前', '前', '前', '后', '前', '前', '后', '前', '前', '后', '后', '前', '后', '后', '前', '后', '前', '前']
均值：2.8
前排总数：13
后排总数：7
2022-10-14 20:30:47
位置值历史：[2, 2, 2, 2, 4, 6, 5, 3, 2, 2, 4, 4, 1, 4, 4, 2, 3, 2, 1, 4]
位置：['前', '前', '前', '前', '后', '前', '前', '后', '前', '前', '后', '后', '前', '后', '后', '前', '后', '前', '前', '后']
均值：2.95
前排总数：12
后排总数：8
2022-10-14 20:31:45
位置值历史：[2, 2, 2, 4, 6, 5, 3, 2, 2, 4, 4, 1, 4, 4, 2, 3, 2, 1, 4, 3]
位置：['前', '前', '前', '后', '前', '前', '后', '前', '前', '后', '后', '前', '后', '后', '前', '后', '前', '前', '后', '后']
均值：3.0
前排总数：11
后排总数：9
2022-10-14 20:32:43
位置值历史：[2, 2, 4, 6, 5, 3, 2, 2, 4, 4, 1, 4, 4, 2, 3, 2, 1, 4, 3, 3]
位置：['前', '前', '后', '前', '前', '后', '前', '前', '后', '后', '前', '后', '后', '前', '后', '前', '前', '后', '后', '后']
均值：3.05
前排总数：10
后排总数：10
2022-10-14 20:33:41
位置值历史：[2, 4, 6, 5, 3, 2, 2, 4, 4, 1, 4, 4, 2, 3, 2, 1, 4, 3, 3, 1]
位置：['前', '后', '前', '前', '后', '前', '前', '后', '后', '前', '后', '后', '前', '后', '前', '前', '后', '后', '后', '前']
均值：3.0
前排总数：10
后排总数：10
2022-10-14 20:34:39
位置值历史：[4, 6, 5, 3, 2, 2, 4, 4, 1, 4, 4, 2, 3, 2, 1, 4, 3, 3, 1, 1]
位置：['后', '前', '前', '后', '前', '前', '后', '后', '前', '后', '后', '前', '后', '前', '前', '后', '后', '后', '前', '前']
均值：2.95
前排总数：10
后排总数：10
2022-10-14 20:35:37
位置值历史：[6, 5, 3, 2, 2, 4, 4, 1, 4, 4, 2, 3, 2, 1, 4, 3, 3, 1, 1, 5]
位置：['前', '前', '后', '前', '前', '后', '后', '前', '后', '后', '前', '后', '前', '前', '后', '后', '后', '前', '前', '前']
均值：3.0
前排总数：11
后排总数：9
2022-10-14 20:36:35
位置值历史：[5, 3, 2, 2, 4, 4, 1, 4, 4, 2, 3, 2, 1, 4, 3, 3, 1, 1, 5, 4]
位置：['前', '后', '前', '前', '后', '后', '前', '后', '后', '前', '后', '前', '前', '后', '后', '后', '前', '前', '前', '后']
均值：2.9
前排总数：10
后排总数：10
2022-10-14 20:37:33
位置值历史：[3, 2, 2, 4, 4, 1, 4, 4, 2, 3, 2, 1, 4, 3, 3, 1, 1, 5, 4, 4]
位置：['后', '前', '前', '后', '后', '前', '后', '后', '前', '后', '前', '前', '后', '后', '后', '前', '前', '前', '后', '后']
均值：2.85
前排总数：9
后排总数：11
2022-10-14 20:38:31
位置值历史：[2, 2, 4, 4, 1, 4, 4, 2, 3, 2, 1, 4, 3, 3, 1, 1, 5, 4, 4, 2]
位置：['前', '前', '后', '后', '前', '后', '后', '前', '后', '前', '前', '后', '后', '后', '前', '前', '前', '后', '后', '前']
均值：2.8
前排总数：10
后排总数：10
2022-10-14 20:39:29
位置值历史：[2, 4, 4, 1, 4, 4, 2, 3, 2, 1, 4, 3, 3, 1, 1, 5, 4, 4, 2, 2]
位置：['前', '后', '后', '前', '后', '后', '前', '后', '前', '前', '后', '后', '后', '前', '前', '前', '后', '后', '前', '前']
均值：2.8
前排总数：10
后排总数：10
2022-10-14 20:40:27
位置值历史：[4, 4, 1, 4, 4, 2, 3, 2, 1, 4, 3, 3, 1, 1, 5, 4, 4, 2, 2, 2]
位置：['后', '后', '前', '后', '后', '前', '后', '前', '前', '后', '后', '后', '前', '前', '前', '后', '后', '前', '前', '前']
均值：2.8
前排总数：10
后排总数：10
2022-10-14 20:41:25
位置值历史：[4, 1, 4, 4, 2, 3, 2, 1, 4, 3, 3, 1, 1, 5, 4, 4, 2, 2, 2, 4]
位置：['后', '前', '后', '后', '前', '后', '前', '前', '后', '后', '后', '前', '前', '前', '后', '后', '前', '前', '前', '后']
均值：2.8
前排总数：10
后排总数：10
2022-10-14 20:42:23
位置值历史：[1, 4, 4, 2, 3, 2, 1, 4, 3, 3, 1, 1, 5, 4, 4, 2, 2, 2, 4, 1]
位置：['前', '后', '后', '前', '后', '前', '前', '后', '后', '后', '前', '前', '前', '后', '后', '前', '前', '前', '后', '前']
均值：2.65
前排总数：11
后排总数：9
2022-10-14 20:43:21
位置值历史：[4, 4, 2, 3, 2, 1, 4, 3, 3, 1, 1, 5, 4, 4, 2, 2, 2, 4, 1, 3]
位置：['后', '后', '前', '后', '前', '前', '后', '后', '后', '前', '前', '前', '后', '后', '前', '前', '前', '后', '前', '后']
均值：2.75
前排总数：10
后排总数：10
2022-10-14 20:44:19
位置值历史：[4, 2, 3, 2, 1, 4, 3, 3, 1, 1, 5, 4, 4, 2, 2, 2, 4, 1, 3, 6]
位置：['后', '前', '后', '前', '前', '后', '后', '后', '前', '前', '前', '后', '后', '前', '前', '前', '后', '前', '后', '前']
均值：2.85
前排总数：11
后排总数：9
2022-10-14 20:45:17
位置值历史：[2, 3, 2, 1, 4, 3, 3, 1, 1, 5, 4, 4, 2, 2, 2, 4, 1, 3, 6, 7]
位置：['前', '后', '前', '前', '后', '后', '后', '前', '前', '前', '后', '后', '前', '前', '前', '后', '前', '后', '前', '后']
均值：3.0
前排总数：11
后排总数：9
2022-10-14 20:46:15
位置值历史：[3, 2, 1, 4, 3, 3, 1, 1, 5, 4, 4, 2, 2, 2, 4, 1, 3, 6, 7, 5]
位置：['后', '前', '前', '后', '后', '后', '前', '前', '前', '后', '后', '前', '前', '前', '后', '前', '后', '前', '后', '前']
均值：3.15
前排总数：11
后排总数：9
2022-10-14 20:47:13
位置值历史：[2, 1, 4, 3, 3, 1, 1, 5, 4, 4, 2, 2, 2, 4, 1, 3, 6, 7, 5, 1]
位置：['前', '前', '后', '后', '后', '前', '前', '前', '后', '后', '前', '前', '前', '后', '前', '后', '前', '后', '前', '前']
均值：3.05
前排总数：12
后排总数：8
2022-10-14 20:48:11
位置值历史：[1, 4, 3, 3, 1, 1, 5, 4, 4, 2, 2, 2, 4, 1, 3, 6, 7, 5, 1, 1]
位置：['前', '后', '后', '后', '前', '前', '前', '后', '后', '前', '前', '前', '后', '前', '后', '前', '后', '前', '前', '前']
均值：3.0
前排总数：12
后排总数：8
2022-10-14 20:49:09
位置值历史：[4, 3, 3, 1, 1, 5, 4, 4, 2, 2, 2, 4, 1, 3, 6, 7, 5, 1, 1, 3]
位置：['后', '后', '后', '前', '前', '前', '后', '后', '前', '前', '前', '后', '前', '后', '前', '后', '前', '前', '前', '后']
均值：3.1
前排总数：11
后排总数：9
2022-10-14 20:50:07
位置值历史：[3, 3, 1, 1, 5, 4, 4, 2, 2, 2, 4, 1, 3, 6, 7, 5, 1, 1, 3, 3]
位置：['后', '后', '前', '前', '前', '后', '后', '前', '前', '前', '后', '前', '后', '前', '后', '前', '前', '前', '后', '后']
均值：3.05
前排总数：11
后排总数：9
2022-10-14 20:51:05
位置值历史：[3, 1, 1, 5, 4, 4, 2, 2, 2, 4, 1, 3, 6, 7, 5, 1, 1, 3, 3, 7]
位置：['后', '前', '前', '前', '后', '后', '前', '前', '前', '后', '前', '后', '前', '后', '前', '前', '前', '后', '后', '后']
均值：3.25
前排总数：11
后排总数：9
2022-10-14 20:52:03
位置值历史：[1, 1, 5, 4, 4, 2, 2, 2, 4, 1, 3, 6, 7, 5, 1, 1, 3, 3, 7, 8]
位置：['前', '前', '前', '后', '后', '前', '前', '前', '后', '前', '后', '前', '后', '前', '前', '前', '后', '后', '后', '后']
均值：3.5
前排总数：11
后排总数：9
2022-10-14 20:53:01
位置值历史：[1, 5, 4, 4, 2, 2, 2, 4, 1, 3, 6, 7, 5, 1, 1, 3, 3, 7, 8, 2]
位置：['前', '前', '后', '后', '前', '前', '前', '后', '前', '后', '前', '后', '前', '前', '前', '后', '后', '后', '后', '前']
均值：3.55
前排总数：11
后排总数：9
2022-10-14 20:53:59
位置值历史：[5, 4, 4, 2, 2, 2, 4, 1, 3, 6, 7, 5, 1, 1, 3, 3, 7, 8, 2, 1]
位置：['前', '后', '后', '前', '前', '前', '后', '前', '后', '前', '后', '前', '前', '前', '后', '后', '后', '后', '前', '前']
均值：3.55
前排总数：11
后排总数：9
2022-10-14 20:54:57
位置值历史：[4, 4, 2, 2, 2, 4, 1, 3, 6, 7, 5, 1, 1, 3, 3, 7, 8, 2, 1, 4]
位置：['后', '后', '前', '前', '前', '后', '前', '后', '前', '后', '前', '前', '前', '后', '后', '后', '后', '前', '前', '后']
均值：3.5
前排总数：10
后排总数：10
2022-10-14 20:55:55
位置值历史：[4, 2, 2, 2, 4, 1, 3, 6, 7, 5, 1, 1, 3, 3, 7, 8, 2, 1, 4, 4]
位置：['后', '前', '前', '前', '后', '前', '后', '前', '后', '前', '前', '前', '后', '后', '后', '后', '前', '前', '后', '后']
均值：3.5
前排总数：10
后排总数：10
2022-10-14 20:56:53
位置值历史：[2, 2, 2, 4, 1, 3, 6, 7, 5, 1, 1, 3, 3, 7, 8, 2, 1, 4, 4, 8]
位置：['前', '前', '前', '后', '前', '后', '前', '后', '前', '前', '前', '后', '后', '后', '后', '前', '前', '后', '后', '后']
均值：3.7
前排总数：10
后排总数：10
2022-10-14 20:57:51
位置值历史：[2, 2, 4, 1, 3, 6, 7, 5, 1, 1, 3, 3, 7, 8, 2, 1, 4, 4, 8, 2]
位置：['前', '前', '后', '前', '后', '前', '后', '前', '前', '前', '后', '后', '后', '后', '前', '前', '后', '后', '后', '前']
均值：3.7
前排总数：10
后排总数：10
2022-10-14 20:58:49
位置值历史：[2, 4, 1, 3, 6, 7, 5, 1, 1, 3, 3, 7, 8, 2, 1, 4, 4, 8, 2, 8]
位置：['前', '后', '前', '后', '前', '后', '前', '前', '前', '后', '后', '后', '后', '前', '前', '后', '后', '后', '前', '后']
均值：4.0
前排总数：9
后排总数：11
2022-10-14 20:59:47
位置值历史：[4, 1, 3, 6, 7, 5, 1, 1, 3, 3, 7, 8, 2, 1, 4, 4, 8, 2, 8, 2]
位置：['后', '前', '后', '前', '后', '前', '前', '前', '后', '后', '后', '后', '前', '前', '后', '后', '后', '前', '后', '前']
均值：4.0
前排总数：9
后排总数：11
2022-10-14 21:00:45
位置值历史：[1, 3, 6, 7, 5, 1, 1, 3, 3, 7, 8, 2, 1, 4, 4, 8, 2, 8, 2, 7]
位置：['前', '后', '前', '后', '前', '前', '前', '后', '后', '后', '后', '前', '前', '后', '后', '后', '前', '后', '前', '后']
均值：4.15
前排总数：9
后排总数：11
2022-10-14 21:01:43
位置值历史：[3, 6, 7, 5, 1, 1, 3, 3, 7, 8, 2, 1, 4, 4, 8, 2, 8, 2, 7, 4]
位置：['后', '前', '后', '前', '前', '前', '后', '后', '后', '后', '前', '前', '后', '后', '后', '前', '后', '前', '后', '后']
均值：4.3
前排总数：8
后排总数：12
2022-10-14 21:02:41
位置值历史：[6, 7, 5, 1, 1, 3, 3, 7, 8, 2, 1, 4, 4, 8, 2, 8, 2, 7, 4, 3]
位置：['前', '后', '前', '前', '前', '后', '后', '后', '后', '前', '前', '后', '后', '后', '前', '后', '前', '后', '后', '后']
均值：4.3
前排总数：8
后排总数：12
2022-10-14 21:03:39
位置值历史：[7, 5, 1, 1, 3, 3, 7, 8, 2, 1, 4, 4, 8, 2, 8, 2, 7, 4, 3, 1]
位置：['后', '前', '前', '前', '后', '后', '后', '后', '前', '前', '后', '后', '后', '前', '后', '前', '后', '后', '后', '前']
均值：4.05
前排总数：8
后排总数：12
2022-10-14 21:04:37
位置值历史：[5, 1, 1, 3, 3, 7, 8, 2, 1, 4, 4, 8, 2, 8, 2, 7, 4, 3, 1, 4]
位置：['前', '前', '前', '后', '后', '后', '后', '前', '前', '后', '后', '后', '前', '后', '前', '后', '后', '后', '前', '后']
均值：3.9
前排总数：8
后排总数：12
2022-10-14 21:05:35
位置值历史：[1, 1, 3, 3, 7, 8, 2, 1, 4, 4, 8, 2, 8, 2, 7, 4, 3, 1, 4, 3]
位置：['前', '前', '后', '后', '后', '后', '前', '前', '后', '后', '后', '前', '后', '前', '后', '后', '后', '前', '后', '后']
均值：3.8
前排总数：7
后排总数：13
2022-10-14 21:06:33
位置值历史：[1, 3, 3, 7, 8, 2, 1, 4, 4, 8, 2, 8, 2, 7, 4, 3, 1, 4, 3, 1]
位置：['前', '后', '后', '后', '后', '前', '前', '后', '后', '后', '前', '后', '前', '后', '后', '后', '前', '后', '后', '前']
均值：3.8
前排总数：7
后排总数：13
2022-10-14 21:07:31
位置值历史：[3, 3, 7, 8, 2, 1, 4, 4, 8, 2, 8, 2, 7, 4, 3, 1, 4, 3, 1, 7]
位置：['后', '后', '后', '后', '前', '前', '后', '后', '后', '前', '后', '前', '后', '后', '后', '前', '后', '后', '前', '后']
均值：4.1
前排总数：6
后排总数：14
2022-10-14 21:08:29
位置值历史：[3, 7, 8, 2, 1, 4, 4, 8, 2, 8, 2, 7, 4, 3, 1, 4, 3, 1, 7, 6]
位置：['后', '后', '后', '前', '前', '后', '后', '后', '前', '后', '前', '后', '后', '后', '前', '后', '后', '前', '后', '前']
均值：4.25
前排总数：7
后排总数：13
2022-10-14 21:09:27
位置值历史：[7, 8, 2, 1, 4, 4, 8, 2, 8, 2, 7, 4, 3, 1, 4, 3, 1, 7, 6, 2]
位置：['后', '后', '前', '前', '后', '后', '后', '前', '后', '前', '后', '后', '后', '前', '后', '后', '前', '后', '前', '前']
均值：4.2
前排总数：8
后排总数：12
2022-10-14 21:10:25
位置值历史：[8, 2, 1, 4, 4, 8, 2, 8, 2, 7, 4, 3, 1, 4, 3, 1, 7, 6, 2, 4]
位置：['后', '前', '前', '后', '后', '后', '前', '后', '前', '后', '后', '后', '前', '后', '后', '前', '后', '前', '前', '后']
均值：4.05
前排总数：8
后排总数：12
2022-10-14 21:11:23
位置值历史：[2, 1, 4, 4, 8, 2, 8, 2, 7, 4, 3, 1, 4, 3, 1, 7, 6, 2, 4, 7]
位置：['前', '前', '后', '后', '后', '前', '后', '前', '后', '后', '后', '前', '后', '后', '前', '后', '前', '前', '后', '后']
均值：4.0
前排总数：8
后排总数：12
2022-10-14 21:12:21
位置值历史：[1, 4, 4, 8, 2, 8, 2, 7, 4, 3, 1, 4, 3, 1, 7, 6, 2, 4, 7, 3]
位置：['前', '后', '后', '后', '前', '后', '前', '后', '后', '后', '前', '后', '后', '前', '后', '前', '前', '后', '后', '后']
均值：4.05
前排总数：7
后排总数：13
2022-10-14 21:13:19
位置值历史：[4, 4, 8, 2, 8, 2, 7, 4, 3, 1, 4, 3, 1, 7, 6, 2, 4, 7, 3, 6]
位置：['后', '后', '后', '前', '后', '前', '后', '后', '后', '前', '后', '后', '前', '后', '前', '前', '后', '后', '后', '前']
均值：4.3
前排总数：7
后排总数：13
2022-10-14 21:14:17
位置值历史：[4, 8, 2, 8, 2, 7, 4, 3, 1, 4, 3, 1, 7, 6, 2, 4, 7, 3, 6, 3]
位置：['后', '后', '前', '后', '前', '后', '后', '后', '前', '后', '后', '前', '后', '前', '前', '后', '后', '后', '前', '后']
均值：4.25
前排总数：7
后排总数：13
2022-10-14 21:15:15
位置值历史：[8, 2, 8, 2, 7, 4, 3, 1, 4, 3, 1, 7, 6, 2, 4, 7, 3, 6, 3, 5]
位置：['后', '前', '后', '前', '后', '后', '后', '前', '后', '后', '前', '后', '前', '前', '后', '后', '后', '前', '后', '前']
均值：4.3
前排总数：8
后排总数：12
2022-10-14 21:16:13
位置值历史：[2, 8, 2, 7, 4, 3, 1, 4, 3, 1, 7, 6, 2, 4, 7, 3, 6, 3, 5, 2]
位置：['前', '后', '前', '后', '后', '后', '前', '后', '后', '前', '后', '前', '前', '后', '后', '后', '前', '后', '前', '前']
均值：4.0
前排总数：9
后排总数：11
2022-10-14 21:17:11
位置值历史：[8, 2, 7, 4, 3, 1, 4, 3, 1, 7, 6, 2, 4, 7, 3, 6, 3, 5, 2, 4]
位置：['后', '前', '后', '后', '后', '前', '后', '后', '前', '后', '前', '前', '后', '后', '后', '前', '后', '前', '前', '后']
均值：4.1
前排总数：8
后排总数：12
2022-10-14 21:18:09
位置值历史：[2, 7, 4, 3, 1, 4, 3, 1, 7, 6, 2, 4, 7, 3, 6, 3, 5, 2, 4, 7]
位置：['前', '后', '后', '后', '前', '后', '后', '前', '后', '前', '前', '后', '后', '后', '前', '后', '前', '前', '后', '后']
均值：4.05
前排总数：8
后排总数：12
2022-10-14 21:19:07
位置值历史：[7, 4, 3, 1, 4, 3, 1, 7, 6, 2, 4, 7, 3, 6, 3, 5, 2, 4, 7, 4]
位置：['后', '后', '后', '前', '后', '后', '前', '后', '前', '前', '后', '后', '后', '前', '后', '前', '前', '后', '后', '后']
均值：4.15
前排总数：7
后排总数：13
2022-10-14 21:20:05
位置值历史：[4, 3, 1, 4, 3, 1, 7, 6, 2, 4, 7, 3, 6, 3, 5, 2, 4, 7, 4, 2]
位置：['后', '后', '前', '后', '后', '前', '后', '前', '前', '后', '后', '后', '前', '后', '前', '前', '后', '后', '后', '前']
均值：3.9
前排总数：8
后排总数：12
2022-10-14 21:21:03
位置值历史：[3, 1, 4, 3, 1, 7, 6, 2, 4, 7, 3, 6, 3, 5, 2, 4, 7, 4, 2, 1]
位置：['后', '前', '后', '后', '前', '后', '前', '前', '后', '后', '后', '前', '后', '前', '前', '后', '后', '后', '前', '前']
均值：3.75
前排总数：9
后排总数：11
2022-10-14 21:22:01
位置值历史：[1, 4, 3, 1, 7, 6, 2, 4, 7, 3, 6, 3, 5, 2, 4, 7, 4, 2, 1, 1]
位置：['前', '后', '后', '前', '后', '前', '前', '后', '后', '后', '前', '后', '前', '前', '后', '后', '后', '前', '前', '前']
均值：3.65
前排总数：10
后排总数：10
2022-10-14 21:22:59
位置值历史：[4, 3, 1, 7, 6, 2, 4, 7, 3, 6, 3, 5, 2, 4, 7, 4, 2, 1, 1, 5]
位置：['后', '后', '前', '后', '前', '前', '后', '后', '后', '前', '后', '前', '前', '后', '后', '后', '前', '前', '前', '前']
均值：3.85
前排总数：10
后排总数：10
2022-10-14 21:23:57
位置值历史：[3, 1, 7, 6, 2, 4, 7, 3, 6, 3, 5, 2, 4, 7, 4, 2, 1, 1, 5, 3]
位置：['后', '前', '后', '前', '前', '后', '后', '后', '前', '后', '前', '前', '后', '后', '后', '前', '前', '前', '前', '后']
均值：3.8
前排总数：10
后排总数：10
2022-10-14 21:24:55
位置值历史：[1, 7, 6, 2, 4, 7, 3, 6, 3, 5, 2, 4, 7, 4, 2, 1, 1, 5, 3, 4]
位置：['前', '后', '前', '前', '后', '后', '后', '前', '后', '前', '前', '后', '后', '后', '前', '前', '前', '前', '后', '后']
均值：3.85
前排总数：10
后排总数：10
2022-10-14 21:25:53
位置值历史：[7, 6, 2, 4, 7, 3, 6, 3, 5, 2, 4, 7, 4, 2, 1, 1, 5, 3, 4, 5]
位置：['后', '前', '前', '后', '后', '后', '前', '后', '前', '前', '后', '后', '后', '前', '前', '前', '前', '后', '后', '前']
均值：4.05
前排总数：10
后排总数：10
2022-10-14 21:26:51
位置值历史：[6, 2, 4, 7, 3, 6, 3, 5, 2, 4, 7, 4, 2, 1, 1, 5, 3, 4, 5, 4]
位置：['前', '前', '后', '后', '后', '前', '后', '前', '前', '后', '后', '后', '前', '前', '前', '前', '后', '后', '前', '后']
均值：3.9
前排总数：10
后排总数：10
2022-10-14 21:27:49
位置值历史：[2, 4, 7, 3, 6, 3, 5, 2, 4, 7, 4, 2, 1, 1, 5, 3, 4, 5, 4, 1]
位置：['前', '后', '后', '后', '前', '后', '前', '前', '后', '后', '后', '前', '前', '前', '前', '后', '后', '前', '后', '前']
均值：3.65
前排总数：10
后排总数：10
2022-10-14 21:28:47
位置值历史：[4, 7, 3, 6, 3, 5, 2, 4, 7, 4, 2, 1, 1, 5, 3, 4, 5, 4, 1, 7]
位置：['后', '后', '后', '前', '后', '前', '前', '后', '后', '后', '前', '前', '前', '前', '后', '后', '前', '后', '前', '后']
均值：3.9
前排总数：9
后排总数：11
2022-10-14 21:29:45
位置值历史：[7, 3, 6, 3, 5, 2, 4, 7, 4, 2, 1, 1, 5, 3, 4, 5, 4, 1, 7, 6]
位置：['后', '后', '前', '后', '前', '前', '后', '后', '后', '前', '前', '前', '前', '后', '后', '前', '后', '前', '后', '前']
均值：4.0
前排总数：10
后排总数：10
2022-10-14 21:30:43
位置值历史：[3, 6, 3, 5, 2, 4, 7, 4, 2, 1, 1, 5, 3, 4, 5, 4, 1, 7, 6, 2]
位置：['后', '前', '后', '前', '前', '后', '后', '后', '前', '前', '前', '前', '后', '后', '前', '后', '前', '后', '前', '前']
均值：3.75
前排总数：11
后排总数：9
2022-10-14 21:31:41
位置值历史：[6, 3, 5, 2, 4, 7, 4, 2, 1, 1, 5, 3, 4, 5, 4, 1, 7, 6, 2, 1]
位置：['前', '后', '前', '前', '后', '后', '后', '前', '前', '前', '前', '后', '后', '前', '后', '前', '后', '前', '前', '前']
均值：3.65
前排总数：12
后排总数：8
2022-10-14 21:32:39
位置值历史：[3, 5, 2, 4, 7, 4, 2, 1, 1, 5, 3, 4, 5, 4, 1, 7, 6, 2, 1, 2]
位置：['后', '前', '前', '后', '后', '后', '前', '前', '前', '前', '后', '后', '前', '后', '前', '后', '前', '前', '前', '前']
均值：3.45
前排总数：12
后排总数：8
2022-10-14 21:33:37
位置值历史：[5, 2, 4, 7, 4, 2, 1, 1, 5, 3, 4, 5, 4, 1, 7, 6, 2, 1, 2, 6]
位置：['前', '前', '后', '后', '后', '前', '前', '前', '前', '后', '后', '前', '后', '前', '后', '前', '前', '前', '前', '前']
均值：3.6
前排总数：13
后排总数：7
2022-10-14 21:34:35
位置值历史：[2, 4, 7, 4, 2, 1, 1, 5, 3, 4, 5, 4, 1, 7, 6, 2, 1, 2, 6, 5]
位置：['前', '后', '后', '后', '前', '前', '前', '前', '后', '后', '前', '后', '前', '后', '前', '前', '前', '前', '前', '前']
均值：3.6
前排总数：13
后排总数：7
2022-10-14 21:35:33
位置值历史：[4, 7, 4, 2, 1, 1, 5, 3, 4, 5, 4, 1, 7, 6, 2, 1, 2, 6, 5, 2]
位置：['后', '后', '后', '前', '前', '前', '前', '后', '后', '前', '后', '前', '后', '前', '前', '前', '前', '前', '前', '前']
均值：3.6
前排总数：13
后排总数：7
2022-10-14 21:36:31
位置值历史：[7, 4, 2, 1, 1, 5, 3, 4, 5, 4, 1, 7, 6, 2, 1, 2, 6, 5, 2, 3]
位置：['后', '后', '前', '前', '前', '前', '后', '后', '前', '后', '前', '后', '前', '前', '前', '前', '前', '前', '前', '后']
均值：3.55
前排总数：13
后排总数：7
2022-10-14 21:37:29
位置值历史：[4, 2, 1, 1, 5, 3, 4, 5, 4, 1, 7, 6, 2, 1, 2, 6, 5, 2, 3, 3]
位置：['后', '前', '前', '前', '前', '后', '后', '前', '后', '前', '后', '前', '前', '前', '前', '前', '前', '前', '后', '后']
均值：3.35
前排总数：13
后排总数：7
2022-10-14 21:38:27
位置值历史：[2, 1, 1, 5, 3, 4, 5, 4, 1, 7, 6, 2, 1, 2, 6, 5, 2, 3, 3, 1]
位置：['前', '前', '前', '前', '后', '后', '前', '后', '前', '后', '前', '前', '前', '前', '前', '前', '前', '后', '后', '前']
均值：3.2
前排总数：14
后排总数：6
2022-10-14 21:39:25
位置值历史：[1, 1, 5, 3, 4, 5, 4, 1, 7, 6, 2, 1, 2, 6, 5, 2, 3, 3, 1, 3]
位置：['前', '前', '前', '后', '后', '前', '后', '前', '后', '前', '前', '前', '前', '前', '前', '前', '后', '后', '前', '后']
均值：3.25
前排总数：13
后排总数：7
2022-10-14 21:40:23
位置值历史：[1, 5, 3, 4, 5, 4, 1, 7, 6, 2, 1, 2, 6, 5, 2, 3, 3, 1, 3, 4]
位置：['前', '前', '后', '后', '前', '后', '前', '后', '前', '前', '前', '前', '前', '前', '前', '后', '后', '前', '后', '后']
均值：3.4
前排总数：12
后排总数：8
2022-10-14 21:41:21
位置值历史：[5, 3, 4, 5, 4, 1, 7, 6, 2, 1, 2, 6, 5, 2, 3, 3, 1, 3, 4, 4]
位置：['前', '后', '后', '前', '后', '前', '后', '前', '前', '前', '前', '前', '前', '前', '后', '后', '前', '后', '后', '后']
均值：3.55
前排总数：11
后排总数：9
2022-10-14 21:42:19
位置值历史：[3, 4, 5, 4, 1, 7, 6, 2, 1, 2, 6, 5, 2, 3, 3, 1, 3, 4, 4, 1]
位置：['后', '后', '前', '后', '前', '后', '前', '前', '前', '前', '前', '前', '前', '后', '后', '前', '后', '后', '后', '前']
均值：3.35
前排总数：11
后排总数：9
2022-10-14 21:43:17
位置值历史：[4, 5, 4, 1, 7, 6, 2, 1, 2, 6, 5, 2, 3, 3, 1, 3, 4, 4, 1, 8]
位置：['后', '前', '后', '前', '后', '前', '前', '前', '前', '前', '前', '前', '后', '后', '前', '后', '后', '后', '前', '后']
均值：3.6
前排总数：11
后排总数：9
2022-10-14 21:45:13
位置值历史：[]
位置：[]
均值：nan
前排总数：0
后排总数：0
2022-10-14 21:46:11
位置值历史：[1]
位置：['前']
均值：1.0
前排总数：1
后排总数：0
2022-10-14 21:47:09
位置值历史：[1, 1]
位置：['前', '前']
均值：1.0
前排总数：2
后排总数：0
2022-10-14 21:48:07
位置值历史：[1, 1, 2]
位置：['前', '前', '前']
均值：1.3333333333333333
前排总数：3
后排总数：0
2022-10-14 21:49:05
位置值历史：[1, 1, 2, 4]
位置：['前', '前', '前', '后']
均值：2.0
前排总数：3
后排总数：1
2022-10-14 21:50:03
位置值历史：[1, 1, 2, 4, 4]
位置：['前', '前', '前', '后', '后']
均值：2.4
前排总数：3
后排总数：2
2022-10-14 21:51:01
位置值历史：[1, 1, 2, 4, 4, 1]
位置：['前', '前', '前', '后', '后', '前']
均值：2.1666666666666665
前排总数：4
后排总数：2
2022-10-14 21:51:59
位置值历史：[1, 1, 2, 4, 4, 1, 2]
位置：['前', '前', '前', '后', '后', '前', '前']
均值：2.142857142857143
前排总数：5
后排总数：2
2022-10-14 21:52:57
位置值历史：[1, 1, 2, 4, 4, 1, 2, 4]
位置：['前', '前', '前', '后', '后', '前', '前', '后']
均值：2.375
前排总数：5
后排总数：3
2022-10-14 21:53:55
位置值历史：[1, 1, 2, 4, 4, 1, 2, 4, 3]
位置：['前', '前', '前', '后', '后', '前', '前', '后', '后']
均值：2.4444444444444446
前排总数：5
后排总数：4
2022-10-14 21:54:53
位置值历史：[1, 1, 2, 4, 4, 1, 2, 4, 3, 2]
位置：['前', '前', '前', '后', '后', '前', '前', '后', '后', '前']
均值：2.4
前排总数：6
后排总数：4
2022-10-14 21:55:51
位置值历史：[1, 1, 2, 4, 4, 1, 2, 4, 3, 2, 4]
位置：['前', '前', '前', '后', '后', '前', '前', '后', '后', '前', '后']
均值：2.5454545454545454
前排总数：6
后排总数：5
2022-10-14 21:56:49
位置值历史：[1, 1, 2, 4, 4, 1, 2, 4, 3, 2, 4, 8]
位置：['前', '前', '前', '后', '后', '前', '前', '后', '后', '前', '后', '后']
均值：3.0
前排总数：6
后排总数：6
2022-10-14 21:57:47
位置值历史：[1, 1, 2, 4, 4, 1, 2, 4, 3, 2, 4, 8, 5]
位置：['前', '前', '前', '后', '后', '前', '前', '后', '后', '前', '后', '后', '前']
均值：3.1538461538461537
前排总数：7
后排总数：6
2022-10-14 21:58:45
位置值历史：[1, 1, 2, 4, 4, 1, 2, 4, 3, 2, 4, 8, 5, 2]
位置：['前', '前', '前', '后', '后', '前', '前', '后', '后', '前', '后', '后', '前', '前']
均值：3.0714285714285716
前排总数：8
后排总数：6
2022-10-14 21:59:43
位置值历史：[1, 1, 2, 4, 4, 1, 2, 4, 3, 2, 4, 8, 5, 2, 4]
位置：['前', '前', '前', '后', '后', '前', '前', '后', '后', '前', '后', '后', '前', '前', '后']
均值：3.1333333333333333
前排总数：8
后排总数：7
2022-10-14 22:00:41
位置值历史：[1, 1, 2, 4, 4, 1, 2, 4, 3, 2, 4, 8, 5, 2, 4, 2]
位置：['前', '前', '前', '后', '后', '前', '前', '后', '后', '前', '后', '后', '前', '前', '后', '前']
均值：3.0625
前排总数：9
后排总数：7
2022-10-14 22:01:39
位置值历史：[1, 1, 2, 4, 4, 1, 2, 4, 3, 2, 4, 8, 5, 2, 4, 2, 5]
位置：['前', '前', '前', '后', '后', '前', '前', '后', '后', '前', '后', '后', '前', '前', '后', '前', '前']
均值：3.176470588235294
前排总数：10
后排总数：7
2022-10-14 22:02:37
位置值历史：[1, 1, 2, 4, 4, 1, 2, 4, 3, 2, 4, 8, 5, 2, 4, 2, 5, 2]
位置：['前', '前', '前', '后', '后', '前', '前', '后', '后', '前', '后', '后', '前', '前', '后', '前', '前', '前']
均值：3.111111111111111
前排总数：11
后排总数：7
2022-10-14 22:03:35
位置值历史：[1, 1, 2, 4, 4, 1, 2, 4, 3, 2, 4, 8, 5, 2, 4, 2, 5, 2, 3]
位置：['前', '前', '前', '后', '后', '前', '前', '后', '后', '前', '后', '后', '前', '前', '后', '前', '前', '前', '后']
均值：3.1052631578947367
前排总数：11
后排总数：8
2022-10-14 22:04:33
位置值历史：[1, 1, 2, 4, 4, 1, 2, 4, 3, 2, 4, 8, 5, 2, 4, 2, 5, 2, 3, 4]
位置：['前', '前', '前', '后', '后', '前', '前', '后', '后', '前', '后', '后', '前', '前', '后', '前', '前', '前', '后', '后']
均值：3.15
前排总数：11
后排总数：9
2022-10-14 22:06:29
位置值历史：[]
位置：[]
均值：nan
前排总数：0
后排总数：0
2022-10-14 22:07:27
位置值历史：[2]
位置：['前']
均值：2.0
前排总数：1
后排总数：0
2022-10-14 22:16:09
位置值历史：[]
位置：[]
均值：nan
前排总数：0
后排总数：0
2022-10-14 22:17:07
位置值历史：[4]
位置：['后']
均值：4.0
前排总数：0
后排总数：1
2022-10-14 22:18:05
位置值历史：[4, 5]
位置：['后', '前']
均值：4.5
前排总数：1
后排总数：1
2022-10-14 22:19:03
位置值历史：[4, 5, 3]
位置：['后', '前', '后']
均值：4.0
前排总数：1
后排总数：2
2022-10-14 22:20:01
位置值历史：[4, 5, 3, 1]
位置：['后', '前', '后', '前']
均值：3.25
前排总数：2
后排总数：2
2022-10-14 22:20:59
位置值历史：[4, 5, 3, 1, 2]
位置：['后', '前', '后', '前', '前']
均值：3.0
前排总数：3
后排总数：2
2022-10-14 22:21:57
位置值历史：[4, 5, 3, 1, 2, 6]
位置：['后', '前', '后', '前', '前', '前']
均值：3.5
前排总数：4
后排总数：2
2022-10-14 22:22:55
位置值历史：[4, 5, 3, 1, 2, 6, 5]
位置：['后', '前', '后', '前', '前', '前', '前']
均值：3.7142857142857144
前排总数：5
后排总数：2
2022-10-14 22:23:53
位置值历史：[4, 5, 3, 1, 2, 6, 5, 4]
位置：['后', '前', '后', '前', '前', '前', '前', '后']
均值：3.75
前排总数：5
后排总数：3
2022-10-14 22:24:51
位置值历史：[4, 5, 3, 1, 2, 6, 5, 4, 3]
位置：['后', '前', '后', '前', '前', '前', '前', '后', '后']
均值：3.6666666666666665
前排总数：5
后排总数：4
2022-10-14 22:25:49
位置值历史：[4, 5, 3, 1, 2, 6, 5, 4, 3, 6]
位置：['后', '前', '后', '前', '前', '前', '前', '后', '后', '前']
均值：3.9
前排总数：6
后排总数：4
2022-10-14 22:26:47
位置值历史：[4, 5, 3, 1, 2, 6, 5, 4, 3, 6, 2]
位置：['后', '前', '后', '前', '前', '前', '前', '后', '后', '前', '前']
均值：3.727272727272727
前排总数：7
后排总数：4
2022-10-14 22:27:45
位置值历史：[4, 5, 3, 1, 2, 6, 5, 4, 3, 6, 2, 2]
位置：['后', '前', '后', '前', '前', '前', '前', '后', '后', '前', '前', '前']
均值：3.5833333333333335
前排总数：8
后排总数：4
2022-10-14 22:28:43
位置值历史：[4, 5, 3, 1, 2, 6, 5, 4, 3, 6, 2, 2, 1]
位置：['后', '前', '后', '前', '前', '前', '前', '后', '后', '前', '前', '前', '前']
均值：3.3846153846153846
前排总数：9
后排总数：4
2022-10-14 22:29:41
位置值历史：[4, 5, 3, 1, 2, 6, 5, 4, 3, 6, 2, 2, 1, 2]
位置：['后', '前', '后', '前', '前', '前', '前', '后', '后', '前', '前', '前', '前', '前']
均值：3.2857142857142856
前排总数：10
后排总数：4
2022-10-14 22:30:39
位置值历史：[4, 5, 3, 1, 2, 6, 5, 4, 3, 6, 2, 2, 1, 2, 2]
位置：['后', '前', '后', '前', '前', '前', '前', '后', '后', '前', '前', '前', '前', '前', '前']
均值：3.2
前排总数：11
后排总数：4
2022-10-14 22:31:37
位置值历史：[4, 5, 3, 1, 2, 6, 5, 4, 3, 6, 2, 2, 1, 2, 2, 2]
位置：['后', '前', '后', '前', '前', '前', '前', '后', '后', '前', '前', '前', '前', '前', '前', '前']
均值：3.125
前排总数：12
后排总数：4
2022-10-14 22:32:35
位置值历史：[4, 5, 3, 1, 2, 6, 5, 4, 3, 6, 2, 2, 1, 2, 2, 2, 2]
位置：['后', '前', '后', '前', '前', '前', '前', '后', '后', '前', '前', '前', '前', '前', '前', '前', '前']
均值：3.0588235294117645
前排总数：13
后排总数：4
2022-10-14 22:33:33
位置值历史：[4, 5, 3, 1, 2, 6, 5, 4, 3, 6, 2, 2, 1, 2, 2, 2, 2, 1]
位置：['后', '前', '后', '前', '前', '前', '前', '后', '后', '前', '前', '前', '前', '前', '前', '前', '前', '前']
均值：2.9444444444444446
前排总数：14
后排总数：4
2022-10-14 22:34:31
位置值历史：[4, 5, 3, 1, 2, 6, 5, 4, 3, 6, 2, 2, 1, 2, 2, 2, 2, 1, 4]
位置：['后', '前', '后', '前', '前', '前', '前', '后', '后', '前', '前', '前', '前', '前', '前', '前', '前', '前', '后']
均值：3.0
前排总数：14
后排总数：5
2022-10-14 22:35:29
位置值历史：[4, 5, 3, 1, 2, 6, 5, 4, 3, 6, 2, 2, 1, 2, 2, 2, 2, 1, 4, 2]
位置：['后', '前', '后', '前', '前', '前', '前', '后', '后', '前', '前', '前', '前', '前', '前', '前', '前', '前', '后', '前']
均值：2.95
前排总数：15
后排总数：5
2022-10-14 22:36:27
位置值历史：[5, 3, 1, 2, 6, 5, 4, 3, 6, 2, 2, 1, 2, 2, 2, 2, 1, 4, 2, 2]
位置：['前', '后', '前', '前', '前', '前', '后', '后', '前', '前', '前', '前', '前', '前', '前', '前', '前', '后', '前', '前']
均值：2.85
前排总数：16
后排总数：4
2022-10-14 22:37:25
位置值历史：[3, 1, 2, 6, 5, 4, 3, 6, 2, 2, 1, 2, 2, 2, 2, 1, 4, 2, 2, 3]
位置：['后', '前', '前', '前', '前', '后', '后', '前', '前', '前', '前', '前', '前', '前', '前', '前', '后', '前', '前', '后']
均值：2.75
前排总数：15
后排总数：5
2022-10-14 22:38:23
位置值历史：[1, 2, 6, 5, 4, 3, 6, 2, 2, 1, 2, 2, 2, 2, 1, 4, 2, 2, 3, 3]
位置：['前', '前', '前', '前', '后', '后', '前', '前', '前', '前', '前', '前', '前', '前', '前', '后', '前', '前', '后', '后']
均值：2.75
前排总数：15
后排总数：5
2022-10-14 22:39:21
位置值历史：[2, 6, 5, 4, 3, 6, 2, 2, 1, 2, 2, 2, 2, 1, 4, 2, 2, 3, 3, 4]
位置：['前', '前', '前', '后', '后', '前', '前', '前', '前', '前', '前', '前', '前', '前', '后', '前', '前', '后', '后', '后']
均值：2.9
前排总数：14
后排总数：6
2022-10-14 22:40:19
位置值历史：[6, 5, 4, 3, 6, 2, 2, 1, 2, 2, 2, 2, 1, 4, 2, 2, 3, 3, 4, 8]
位置：['前', '前', '后', '后', '前', '前', '前', '前', '前', '前', '前', '前', '前', '后', '前', '前', '后', '后', '后', '后']
均值：3.2
前排总数：13
后排总数：7
2022-10-14 22:41:17
位置值历史：[5, 4, 3, 6, 2, 2, 1, 2, 2, 2, 2, 1, 4, 2, 2, 3, 3, 4, 8, 3]
位置：['前', '后', '后', '前', '前', '前', '前', '前', '前', '前', '前', '前', '后', '前', '前', '后', '后', '后', '后', '后']
均值：3.05
前排总数：12
后排总数：8
2022-10-14 22:42:15
位置值历史：[4, 3, 6, 2, 2, 1, 2, 2, 2, 2, 1, 4, 2, 2, 3, 3, 4, 8, 3, 3]
位置：['后', '后', '前', '前', '前', '前', '前', '前', '前', '前', '前', '后', '前', '前', '后', '后', '后', '后', '后', '后']
均值：2.95
前排总数：11
后排总数：9
2022-10-14 22:43:13
位置值历史：[3, 6, 2, 2, 1, 2, 2, 2, 2, 1, 4, 2, 2, 3, 3, 4, 8, 3, 3, 4]
位置：['后', '前', '前', '前', '前', '前', '前', '前', '前', '前', '后', '前', '前', '后', '后', '后', '后', '后', '后', '后']
均值：2.95
前排总数：11
后排总数：9
2022-10-14 22:44:11
位置值历史：[6, 2, 2, 1, 2, 2, 2, 2, 1, 4, 2, 2, 3, 3, 4, 8, 3, 3, 4, 7]
位置：['前', '前', '前', '前', '前', '前', '前', '前', '前', '后', '前', '前', '后', '后', '后', '后', '后', '后', '后', '后']
均值：3.15
前排总数：11
后排总数：9
2022-10-14 22:45:09
位置值历史：[2, 2, 1, 2, 2, 2, 2, 1, 4, 2, 2, 3, 3, 4, 8, 3, 3, 4, 7, 3]
位置：['前', '前', '前', '前', '前', '前', '前', '前', '后', '前', '前', '后', '后', '后', '后', '后', '后', '后', '后', '后']
均值：3.0
前排总数：10
后排总数：10
2022-10-14 22:46:07
位置值历史：[2, 1, 2, 2, 2, 2, 1, 4, 2, 2, 3, 3, 4, 8, 3, 3, 4, 7, 3, 1]
位置：['前', '前', '前', '前', '前', '前', '前', '后', '前', '前', '后', '后', '后', '后', '后', '后', '后', '后', '后', '前']
均值：2.95
前排总数：10
后排总数：10
2022-10-14 22:47:05
位置值历史：[1, 2, 2, 2, 2, 1, 4, 2, 2, 3, 3, 4, 8, 3, 3, 4, 7, 3, 1, 4]
位置：['前', '前', '前', '前', '前', '前', '后', '前', '前', '后', '后', '后', '后', '后', '后', '后', '后', '后', '前', '后']
均值：3.05
前排总数：9
后排总数：11
2022-10-14 22:48:03
位置值历史：[2, 2, 2, 2, 1, 4, 2, 2, 3, 3, 4, 8, 3, 3, 4, 7, 3, 1, 4, 3]
位置：['前', '前', '前', '前', '前', '后', '前', '前', '后', '后', '后', '后', '后', '后', '后', '后', '后', '前', '后', '后']
均值：3.15
前排总数：8
后排总数：12
2022-10-14 22:49:01
位置值历史：[2, 2, 2, 1, 4, 2, 2, 3, 3, 4, 8, 3, 3, 4, 7, 3, 1, 4, 3, 2]
位置：['前', '前', '前', '前', '后', '前', '前', '后', '后', '后', '后', '后', '后', '后', '后', '后', '前', '后', '后', '前']
均值：3.15
前排总数：8
后排总数：12
2022-10-14 22:49:59
位置值历史：[2, 2, 1, 4, 2, 2, 3, 3, 4, 8, 3, 3, 4, 7, 3, 1, 4, 3, 2, 5]
位置：['前', '前', '前', '后', '前', '前', '后', '后', '后', '后', '后', '后', '后', '后', '后', '前', '后', '后', '前', '前']
均值：3.3
前排总数：8
后排总数：12
2022-10-14 22:50:57
位置值历史：[2, 1, 4, 2, 2, 3, 3, 4, 8, 3, 3, 4, 7, 3, 1, 4, 3, 2, 5, 2]
位置：['前', '前', '后', '前', '前', '后', '后', '后', '后', '后', '后', '后', '后', '后', '前', '后', '后', '前', '前', '前']
均值：3.3
前排总数：8
后排总数：12
2022-10-14 22:51:55
位置值历史：[1, 4, 2, 2, 3, 3, 4, 8, 3, 3, 4, 7, 3, 1, 4, 3, 2, 5, 2, 2]
位置：['前', '后', '前', '前', '后', '后', '后', '后', '后', '后', '后', '后', '后', '前', '后', '后', '前', '前', '前', '前']
均值：3.3
前排总数：8
后排总数：12
2022-10-14 22:52:53
位置值历史：[4, 2, 2, 3, 3, 4, 8, 3, 3, 4, 7, 3, 1, 4, 3, 2, 5, 2, 2, 4]
位置：['后', '前', '前', '后', '后', '后', '后', '后', '后', '后', '后', '后', '前', '后', '后', '前', '前', '前', '前', '后']
均值：3.45
前排总数：7
后排总数：13
2022-10-14 22:53:51
位置值历史：[2, 2, 3, 3, 4, 8, 3, 3, 4, 7, 3, 1, 4, 3, 2, 5, 2, 2, 4, 1]
位置：['前', '前', '后', '后', '后', '后', '后', '后', '后', '后', '后', '前', '后', '后', '前', '前', '前', '前', '后', '前']
均值：3.3
前排总数：8
后排总数：12
2022-10-14 22:54:49
位置值历史：[2, 3, 3, 4, 8, 3, 3, 4, 7, 3, 1, 4, 3, 2, 5, 2, 2, 4, 1, 2]
位置：['前', '后', '后', '后', '后', '后', '后', '后', '后', '后', '前', '后', '后', '前', '前', '前', '前', '后', '前', '前']
均值：3.3
前排总数：8
后排总数：12
2022-10-14 22:55:47
位置值历史：[3, 3, 4, 8, 3, 3, 4, 7, 3, 1, 4, 3, 2, 5, 2, 2, 4, 1, 2, 6]
位置：['后', '后', '后', '后', '后', '后', '后', '后', '后', '前', '后', '后', '前', '前', '前', '前', '后', '前', '前', '前']
均值：3.5
前排总数：8
后排总数：12
2022-10-14 22:56:45
位置值历史：[3, 4, 8, 3, 3, 4, 7, 3, 1, 4, 3, 2, 5, 2, 2, 4, 1, 2, 6, 5]
位置：['后', '后', '后', '后', '后', '后', '后', '后', '前', '后', '后', '前', '前', '前', '前', '后', '前', '前', '前', '前']
均值：3.6
前排总数：9
后排总数：11
2022-10-14 22:57:43
位置值历史：[4, 8, 3, 3, 4, 7, 3, 1, 4, 3, 2, 5, 2, 2, 4, 1, 2, 6, 5, 1]
位置：['后', '后', '后', '后', '后', '后', '后', '前', '后', '后', '前', '前', '前', '前', '后', '前', '前', '前', '前', '前']
均值：3.5
前排总数：10
后排总数：10
2022-10-14 22:58:41
位置值历史：[8, 3, 3, 4, 7, 3, 1, 4, 3, 2, 5, 2, 2, 4, 1, 2, 6, 5, 1, 8]
位置：['后', '后', '后', '后', '后', '后', '前', '后', '后', '前', '前', '前', '前', '后', '前', '前', '前', '前', '前', '后']
均值：3.7
前排总数：10
后排总数：10
2022-10-14 22:59:39
位置值历史：[3, 3, 4, 7, 3, 1, 4, 3, 2, 5, 2, 2, 4, 1, 2, 6, 5, 1, 8, 3]
位置：['后', '后', '后', '后', '后', '前', '后', '后', '前', '前', '前', '前', '后', '前', '前', '前', '前', '前', '后', '后']
均值：3.45
前排总数：10
后排总数：10
2022-10-14 23:00:37
位置值历史：[3, 4, 7, 3, 1, 4, 3, 2, 5, 2, 2, 4, 1, 2, 6, 5, 1, 8, 3, 3]
位置：['后', '后', '后', '后', '前', '后', '后', '前', '前', '前', '前', '后', '前', '前', '前', '前', '前', '后', '后', '后']
均值：3.45
前排总数：10
后排总数：10
2022-10-14 23:01:35
位置值历史：[4, 7, 3, 1, 4, 3, 2, 5, 2, 2, 4, 1, 2, 6, 5, 1, 8, 3, 3, 4]
位置：['后', '后', '后', '前', '后', '后', '前', '前', '前', '前', '后', '前', '前', '前', '前', '前', '后', '后', '后', '后']
均值：3.5
前排总数：10
后排总数：10
