2022-10-11 01:56:11
位置值历史：[1]
位置：['前']
均值：1.0
前排总数：1
后排总数：0
2022-10-11 01:57:09
位置值历史：[1, 3]
位置：['前', '后']
均值：2.0
前排总数：1
后排总数：1
2022-10-11 01:58:07
位置值历史：[1, 3, 3]
位置：['前', '后', '后']
均值：2.3333333333333335
前排总数：1
后排总数：2
2022-10-11 01:59:05
位置值历史：[1, 3, 3, 8]
位置：['前', '后', '后', '后']
均值：3.75
前排总数：1
后排总数：3
2022-10-11 02:00:03
位置值历史：[1, 3, 3, 8, 8]
位置：['前', '后', '后', '后', '后']
均值：4.6
前排总数：1
后排总数：4
2022-10-11 02:01:01
位置值历史：[1, 3, 3, 8, 8, 3]
位置：['前', '后', '后', '后', '后', '后']
均值：4.333333333333333
前排总数：1
后排总数：5
2022-10-11 02:01:59
位置值历史：[1, 3, 3, 8, 8, 3, 5]
位置：['前', '后', '后', '后', '后', '后', '前']
均值：4.428571428571429
前排总数：2
后排总数：5
2022-10-11 02:02:57
位置值历史：[1, 3, 3, 8, 8, 3, 5, 4]
位置：['前', '后', '后', '后', '后', '后', '前', '后']
均值：4.375
前排总数：2
后排总数：6
2022-10-11 02:03:55
位置值历史：[1, 3, 3, 8, 8, 3, 5, 4, 1]
位置：['前', '后', '后', '后', '后', '后', '前', '后', '前']
均值：4.0
前排总数：3
后排总数：6
2022-10-11 02:04:53
位置值历史：[1, 3, 3, 8, 8, 3, 5, 4, 1, 3]
位置：['前', '后', '后', '后', '后', '后', '前', '后', '前', '后']
均值：3.9
前排总数：3
后排总数：7
2022-10-11 02:05:51
位置值历史：[1, 3, 3, 8, 8, 3, 5, 4, 1, 3, 5]
位置：['前', '后', '后', '后', '后', '后', '前', '后', '前', '后', '前']
均值：4.0
前排总数：4
后排总数：7
2022-10-11 02:06:49
位置值历史：[1, 3, 3, 8, 8, 3, 5, 4, 1, 3, 5, 2]
位置：['前', '后', '后', '后', '后', '后', '前', '后', '前', '后', '前', '前']
均值：3.8333333333333335
前排总数：5
后排总数：7
2022-10-11 02:07:47
位置值历史：[1, 3, 3, 8, 8, 3, 5, 4, 1, 3, 5, 2, 3]
位置：['前', '后', '后', '后', '后', '后', '前', '后', '前', '后', '前', '前', '后']
均值：3.769230769230769
前排总数：5
后排总数：8
2022-10-11 02:08:45
位置值历史：[1, 3, 3, 8, 8, 3, 5, 4, 1, 3, 5, 2, 3, 1]
位置：['前', '后', '后', '后', '后', '后', '前', '后', '前', '后', '前', '前', '后', '前']
均值：3.5714285714285716
前排总数：6
后排总数：8
2022-10-11 02:09:43
位置值历史：[1, 3, 3, 8, 8, 3, 5, 4, 1, 3, 5, 2, 3, 1, 3]
位置：['前', '后', '后', '后', '后', '后', '前', '后', '前', '后', '前', '前', '后', '前', '后']
均值：3.533333333333333
前排总数：6
后排总数：9
2022-10-11 02:10:41
位置值历史：[1, 3, 3, 8, 8, 3, 5, 4, 1, 3, 5, 2, 3, 1, 3, 2]
位置：['前', '后', '后', '后', '后', '后', '前', '后', '前', '后', '前', '前', '后', '前', '后', '前']
均值：3.4375
前排总数：7
后排总数：9
2022-10-11 02:11:39
位置值历史：[1, 3, 3, 8, 8, 3, 5, 4, 1, 3, 5, 2, 3, 1, 3, 2, 1]
位置：['前', '后', '后', '后', '后', '后', '前', '后', '前', '后', '前', '前', '后', '前', '后', '前', '前']
均值：3.2941176470588234
前排总数：8
后排总数：9
2022-10-11 02:12:37
位置值历史：[1, 3, 3, 8, 8, 3, 5, 4, 1, 3, 5, 2, 3, 1, 3, 2, 1, 3]
位置：['前', '后', '后', '后', '后', '后', '前', '后', '前', '后', '前', '前', '后', '前', '后', '前', '前', '后']
均值：3.2777777777777777
前排总数：8
后排总数：10
2022-10-11 02:13:35
位置值历史：[1, 3, 3, 8, 8, 3, 5, 4, 1, 3, 5, 2, 3, 1, 3, 2, 1, 3, 2]
位置：['前', '后', '后', '后', '后', '后', '前', '后', '前', '后', '前', '前', '后', '前', '后', '前', '前', '后', '前']
均值：3.210526315789474
前排总数：9
后排总数：10
2022-10-11 02:14:33
位置值历史：[1, 3, 3, 8, 8, 3, 5, 4, 1, 3, 5, 2, 3, 1, 3, 2, 1, 3, 2, 2]
位置：['前', '后', '后', '后', '后', '后', '前', '后', '前', '后', '前', '前', '后', '前', '后', '前', '前', '后', '前', '前']
均值：3.15
前排总数：10
后排总数：10
2022-10-11 02:15:31
位置值历史：[3, 3, 8, 8, 3, 5, 4, 1, 3, 5, 2, 3, 1, 3, 2, 1, 3, 2, 2, 4]
位置：['后', '后', '后', '后', '后', '前', '后', '前', '后', '前', '前', '后', '前', '后', '前', '前', '后', '前', '前', '后']
均值：3.3
前排总数：9
后排总数：11
2022-10-11 02:16:29
位置值历史：[3, 8, 8, 3, 5, 4, 1, 3, 5, 2, 3, 1, 3, 2, 1, 3, 2, 2, 4, 2]
位置：['后', '后', '后', '后', '前', '后', '前', '后', '前', '前', '后', '前', '后', '前', '前', '后', '前', '前', '后', '前']
均值：3.25
前排总数：10
后排总数：10
2022-10-11 02:17:27
位置值历史：[8, 8, 3, 5, 4, 1, 3, 5, 2, 3, 1, 3, 2, 1, 3, 2, 2, 4, 2, 2]
位置：['后', '后', '后', '前', '后', '前', '后', '前', '前', '后', '前', '后', '前', '前', '后', '前', '前', '后', '前', '前']
均值：3.2
前排总数：11
后排总数：9
2022-10-11 02:18:25
位置值历史：[8, 3, 5, 4, 1, 3, 5, 2, 3, 1, 3, 2, 1, 3, 2, 2, 4, 2, 2, 7]
位置：['后', '后', '前', '后', '前', '后', '前', '前', '后', '前', '后', '前', '前', '后', '前', '前', '后', '前', '前', '后']
均值：3.15
前排总数：11
后排总数：9
2022-10-11 02:19:23
位置值历史：[3, 5, 4, 1, 3, 5, 2, 3, 1, 3, 2, 1, 3, 2, 2, 4, 2, 2, 7, 4]
位置：['后', '前', '后', '前', '后', '前', '前', '后', '前', '后', '前', '前', '后', '前', '前', '后', '前', '前', '后', '后']
均值：2.95
前排总数：11
后排总数：9
2022-10-11 02:20:21
位置值历史：[5, 4, 1, 3, 5, 2, 3, 1, 3, 2, 1, 3, 2, 2, 4, 2, 2, 7, 4, 7]
位置：['前', '后', '前', '后', '前', '前', '后', '前', '后', '前', '前', '后', '前', '前', '后', '前', '前', '后', '后', '后']
均值：3.15
前排总数：11
后排总数：9
2022-10-11 02:21:19
位置值历史：[4, 1, 3, 5, 2, 3, 1, 3, 2, 1, 3, 2, 2, 4, 2, 2, 7, 4, 7, 2]
位置：['后', '前', '后', '前', '前', '后', '前', '后', '前', '前', '后', '前', '前', '后', '前', '前', '后', '后', '后', '前']
均值：3.0
前排总数：11
后排总数：9
2022-10-11 02:22:17
位置值历史：[1, 3, 5, 2, 3, 1, 3, 2, 1, 3, 2, 2, 4, 2, 2, 7, 4, 7, 2, 2]
位置：['前', '后', '前', '前', '后', '前', '后', '前', '前', '后', '前', '前', '后', '前', '前', '后', '后', '后', '前', '前']
均值：2.9
前排总数：12
后排总数：8
2022-10-11 02:23:15
位置值历史：[3, 5, 2, 3, 1, 3, 2, 1, 3, 2, 2, 4, 2, 2, 7, 4, 7, 2, 2, 1]
位置：['后', '前', '前', '后', '前', '后', '前', '前', '后', '前', '前', '后', '前', '前', '后', '后', '后', '前', '前', '前']
均值：2.9
前排总数：12
后排总数：8
2022-10-11 02:24:13
位置值历史：[5, 2, 3, 1, 3, 2, 1, 3, 2, 2, 4, 2, 2, 7, 4, 7, 2, 2, 1, 6]
位置：['前', '前', '后', '前', '后', '前', '前', '后', '前', '前', '后', '前', '前', '后', '后', '后', '前', '前', '前', '前']
均值：3.05
前排总数：13
后排总数：7
2022-10-11 02:25:11
位置值历史：[2, 3, 1, 3, 2, 1, 3, 2, 2, 4, 2, 2, 7, 4, 7, 2, 2, 1, 6, 6]
位置：['前', '后', '前', '后', '前', '前', '后', '前', '前', '后', '前', '前', '后', '后', '后', '前', '前', '前', '前', '前']
均值：3.1
前排总数：13
后排总数：7
2022-10-11 02:26:09
位置值历史：[3, 1, 3, 2, 1, 3, 2, 2, 4, 2, 2, 7, 4, 7, 2, 2, 1, 6, 6, 1]
位置：['后', '前', '后', '前', '前', '后', '前', '前', '后', '前', '前', '后', '后', '后', '前', '前', '前', '前', '前', '前']
均值：3.05
前排总数：13
后排总数：7
2022-10-11 02:27:07
位置值历史：[1, 3, 2, 1, 3, 2, 2, 4, 2, 2, 7, 4, 7, 2, 2, 1, 6, 6, 1, 5]
位置：['前', '后', '前', '前', '后', '前', '前', '后', '前', '前', '后', '后', '后', '前', '前', '前', '前', '前', '前', '前']
均值：3.15
前排总数：14
后排总数：6
2022-10-11 02:28:05
位置值历史：[3, 2, 1, 3, 2, 2, 4, 2, 2, 7, 4, 7, 2, 2, 1, 6, 6, 1, 5, 8]
位置：['后', '前', '前', '后', '前', '前', '后', '前', '前', '后', '后', '后', '前', '前', '前', '前', '前', '前', '前', '后']
均值：3.5
前排总数：13
后排总数：7
2022-10-11 02:29:03
位置值历史：[2, 1, 3, 2, 2, 4, 2, 2, 7, 4, 7, 2, 2, 1, 6, 6, 1, 5, 8, 5]
位置：['前', '前', '后', '前', '前', '后', '前', '前', '后', '后', '后', '前', '前', '前', '前', '前', '前', '前', '后', '前']
均值：3.6
前排总数：14
后排总数：6
2022-10-11 02:30:01
位置值历史：[1, 3, 2, 2, 4, 2, 2, 7, 4, 7, 2, 2, 1, 6, 6, 1, 5, 8, 5, 2]
位置：['前', '后', '前', '前', '后', '前', '前', '后', '后', '后', '前', '前', '前', '前', '前', '前', '前', '后', '前', '前']
均值：3.6
前排总数：14
后排总数：6
2022-10-11 02:30:59
位置值历史：[3, 2, 2, 4, 2, 2, 7, 4, 7, 2, 2, 1, 6, 6, 1, 5, 8, 5, 2, 7]
位置：['后', '前', '前', '后', '前', '前', '后', '后', '后', '前', '前', '前', '前', '前', '前', '前', '后', '前', '前', '后']
均值：3.9
前排总数：13
后排总数：7
2022-10-11 02:31:57
位置值历史：[2, 2, 4, 2, 2, 7, 4, 7, 2, 2, 1, 6, 6, 1, 5, 8, 5, 2, 7, 5]
位置：['前', '前', '后', '前', '前', '后', '后', '后', '前', '前', '前', '前', '前', '前', '前', '后', '前', '前', '后', '前']
均值：4.0
前排总数：14
后排总数：6
2022-10-11 02:32:55
位置值历史：[2, 4, 2, 2, 7, 4, 7, 2, 2, 1, 6, 6, 1, 5, 8, 5, 2, 7, 5, 1]
位置：['前', '后', '前', '前', '后', '后', '后', '前', '前', '前', '前', '前', '前', '前', '后', '前', '前', '后', '前', '前']
均值：3.95
前排总数：14
后排总数：6
2022-10-11 02:33:53
位置值历史：[4, 2, 2, 7, 4, 7, 2, 2, 1, 6, 6, 1, 5, 8, 5, 2, 7, 5, 1, 1]
位置：['后', '前', '前', '后', '后', '后', '前', '前', '前', '前', '前', '前', '前', '后', '前', '前', '后', '前', '前', '前']
均值：3.9
前排总数：14
后排总数：6
2022-10-11 02:34:51
位置值历史：[2, 2, 7, 4, 7, 2, 2, 1, 6, 6, 1, 5, 8, 5, 2, 7, 5, 1, 1, 2]
位置：['前', '前', '后', '后', '后', '前', '前', '前', '前', '前', '前', '前', '后', '前', '前', '后', '前', '前', '前', '前']
均值：3.8
前排总数：15
后排总数：5
2022-10-11 02:35:49
位置值历史：[2, 7, 4, 7, 2, 2, 1, 6, 6, 1, 5, 8, 5, 2, 7, 5, 1, 1, 2, 2]
位置：['前', '后', '后', '后', '前', '前', '前', '前', '前', '前', '前', '后', '前', '前', '后', '前', '前', '前', '前', '前']
均值：3.8
前排总数：15
后排总数：5
2022-10-11 02:36:47
位置值历史：[7, 4, 7, 2, 2, 1, 6, 6, 1, 5, 8, 5, 2, 7, 5, 1, 1, 2, 2, 7]
位置：['后', '后', '后', '前', '前', '前', '前', '前', '前', '前', '后', '前', '前', '后', '前', '前', '前', '前', '前', '后']
均值：4.05
前排总数：14
后排总数：6
2022-10-11 02:37:45
位置值历史：[4, 7, 2, 2, 1, 6, 6, 1, 5, 8, 5, 2, 7, 5, 1, 1, 2, 2, 7, 5]
位置：['后', '后', '前', '前', '前', '前', '前', '前', '前', '后', '前', '前', '后', '前', '前', '前', '前', '前', '后', '前']
均值：3.95
前排总数：15
后排总数：5
2022-10-11 02:38:43
位置值历史：[7, 2, 2, 1, 6, 6, 1, 5, 8, 5, 2, 7, 5, 1, 1, 2, 2, 7, 5, 1]
位置：['后', '前', '前', '前', '前', '前', '前', '前', '后', '前', '前', '后', '前', '前', '前', '前', '前', '后', '前', '前']
均值：3.8
前排总数：16
后排总数：4
2022-10-11 02:39:41
位置值历史：[2, 2, 1, 6, 6, 1, 5, 8, 5, 2, 7, 5, 1, 1, 2, 2, 7, 5, 1, 1]
位置：['前', '前', '前', '前', '前', '前', '前', '后', '前', '前', '后', '前', '前', '前', '前', '前', '后', '前', '前', '前']
均值：3.5
前排总数：17
后排总数：3
2022-10-11 02:40:39
位置值历史：[2, 1, 6, 6, 1, 5, 8, 5, 2, 7, 5, 1, 1, 2, 2, 7, 5, 1, 1, 3]
位置：['前', '前', '前', '前', '前', '前', '后', '前', '前', '后', '前', '前', '前', '前', '前', '后', '前', '前', '前', '后']
均值：3.55
前排总数：16
后排总数：4
2022-10-11 02:41:37
位置值历史：[1, 6, 6, 1, 5, 8, 5, 2, 7, 5, 1, 1, 2, 2, 7, 5, 1, 1, 3, 5]
位置：['前', '前', '前', '前', '前', '后', '前', '前', '后', '前', '前', '前', '前', '前', '后', '前', '前', '前', '后', '前']
均值：3.7
前排总数：16
后排总数：4
2022-10-11 02:42:35
位置值历史：[6, 6, 1, 5, 8, 5, 2, 7, 5, 1, 1, 2, 2, 7, 5, 1, 1, 3, 5, 5]
位置：['前', '前', '前', '前', '后', '前', '前', '后', '前', '前', '前', '前', '前', '后', '前', '前', '前', '后', '前', '前']
均值：3.9
前排总数：16
后排总数：4
2022-10-11 02:43:33
位置值历史：[6, 1, 5, 8, 5, 2, 7, 5, 1, 1, 2, 2, 7, 5, 1, 1, 3, 5, 5, 1]
位置：['前', '前', '前', '后', '前', '前', '后', '前', '前', '前', '前', '前', '后', '前', '前', '前', '后', '前', '前', '前']
均值：3.65
前排总数：16
后排总数：4
2022-10-11 02:44:31
位置值历史：[1, 5, 8, 5, 2, 7, 5, 1, 1, 2, 2, 7, 5, 1, 1, 3, 5, 5, 1, 1]
位置：['前', '前', '后', '前', '前', '后', '前', '前', '前', '前', '前', '后', '前', '前', '前', '后', '前', '前', '前', '前']
均值：3.4
前排总数：16
后排总数：4
2022-10-11 02:45:29
位置值历史：[5, 8, 5, 2, 7, 5, 1, 1, 2, 2, 7, 5, 1, 1, 3, 5, 5, 1, 1, 1]
位置：['前', '后', '前', '前', '后', '前', '前', '前', '前', '前', '后', '前', '前', '前', '后', '前', '前', '前', '前', '前']
均值：3.4
前排总数：16
后排总数：4
2022-10-11 02:46:27
位置值历史：[8, 5, 2, 7, 5, 1, 1, 2, 2, 7, 5, 1, 1, 3, 5, 5, 1, 1, 1, 3]
位置：['后', '前', '前', '后', '前', '前', '前', '前', '前', '后', '前', '前', '前', '后', '前', '前', '前', '前', '前', '后']
均值：3.3
前排总数：15
后排总数：5
2022-10-11 02:47:25
位置值历史：[5, 2, 7, 5, 1, 1, 2, 2, 7, 5, 1, 1, 3, 5, 5, 1, 1, 1, 3, 2]
位置：['前', '前', '后', '前', '前', '前', '前', '前', '后', '前', '前', '前', '后', '前', '前', '前', '前', '前', '后', '前']
均值：3.0
前排总数：16
后排总数：4
2022-10-11 02:48:23
位置值历史：[2, 7, 5, 1, 1, 2, 2, 7, 5, 1, 1, 3, 5, 5, 1, 1, 1, 3, 2, 1]
位置：['前', '后', '前', '前', '前', '前', '前', '后', '前', '前', '前', '后', '前', '前', '前', '前', '前', '后', '前', '前']
均值：2.8
前排总数：16
后排总数：4
2022-10-11 02:49:21
位置值历史：[7, 5, 1, 1, 2, 2, 7, 5, 1, 1, 3, 5, 5, 1, 1, 1, 3, 2, 1, 1]
位置：['后', '前', '前', '前', '前', '前', '后', '前', '前', '前', '后', '前', '前', '前', '前', '前', '后', '前', '前', '前']
均值：2.75
前排总数：16
后排总数：4
2022-10-11 02:50:19
位置值历史：[5, 1, 1, 2, 2, 7, 5, 1, 1, 3, 5, 5, 1, 1, 1, 3, 2, 1, 1, 4]
位置：['前', '前', '前', '前', '前', '后', '前', '前', '前', '后', '前', '前', '前', '前', '前', '后', '前', '前', '前', '后']
均值：2.6
前排总数：16
后排总数：4
2022-10-11 02:51:17
位置值历史：[1, 1, 2, 2, 7, 5, 1, 1, 3, 5, 5, 1, 1, 1, 3, 2, 1, 1, 4, 3]
位置：['前', '前', '前', '前', '后', '前', '前', '前', '后', '前', '前', '前', '前', '前', '后', '前', '前', '前', '后', '后']
均值：2.5
前排总数：15
后排总数：5
2022-10-11 02:52:15
位置值历史：[1, 2, 2, 7, 5, 1, 1, 3, 5, 5, 1, 1, 1, 3, 2, 1, 1, 4, 3, 3]
位置：['前', '前', '前', '后', '前', '前', '前', '后', '前', '前', '前', '前', '前', '后', '前', '前', '前', '后', '后', '后']
均值：2.6
前排总数：14
后排总数：6
2022-10-11 02:53:13
位置值历史：[2, 2, 7, 5, 1, 1, 3, 5, 5, 1, 1, 1, 3, 2, 1, 1, 4, 3, 3, 1]
位置：['前', '前', '后', '前', '前', '前', '后', '前', '前', '前', '前', '前', '后', '前', '前', '前', '后', '后', '后', '前']
均值：2.6
前排总数：14
后排总数：6
2022-10-11 02:54:11
位置值历史：[2, 7, 5, 1, 1, 3, 5, 5, 1, 1, 1, 3, 2, 1, 1, 4, 3, 3, 1, 2]
位置：['前', '后', '前', '前', '前', '后', '前', '前', '前', '前', '前', '后', '前', '前', '前', '后', '后', '后', '前', '前']
均值：2.6
前排总数：14
后排总数：6
2022-10-11 02:55:09
位置值历史：[7, 5, 1, 1, 3, 5, 5, 1, 1, 1, 3, 2, 1, 1, 4, 3, 3, 1, 2, 3]
位置：['后', '前', '前', '前', '后', '前', '前', '前', '前', '前', '后', '前', '前', '前', '后', '后', '后', '前', '前', '后']
均值：2.65
前排总数：13
后排总数：7
2022-10-11 02:56:07
位置值历史：[5, 1, 1, 3, 5, 5, 1, 1, 1, 3, 2, 1, 1, 4, 3, 3, 1, 2, 3, 2]
位置：['前', '前', '前', '后', '前', '前', '前', '前', '前', '后', '前', '前', '前', '后', '后', '后', '前', '前', '后', '前']
均值：2.4
前排总数：14
后排总数：6
2022-10-11 02:57:05
位置值历史：[1, 1, 3, 5, 5, 1, 1, 1, 3, 2, 1, 1, 4, 3, 3, 1, 2, 3, 2, 7]
位置：['前', '前', '后', '前', '前', '前', '前', '前', '后', '前', '前', '前', '后', '后', '后', '前', '前', '后', '前', '后']
均值：2.5
前排总数：13
后排总数：7
2022-10-11 02:58:03
位置值历史：[1, 3, 5, 5, 1, 1, 1, 3, 2, 1, 1, 4, 3, 3, 1, 2, 3, 2, 7, 1]
位置：['前', '后', '前', '前', '前', '前', '前', '后', '前', '前', '前', '后', '后', '后', '前', '前', '后', '前', '后', '前']
均值：2.5
前排总数：13
后排总数：7
2022-10-11 02:59:01
位置值历史：[3, 5, 5, 1, 1, 1, 3, 2, 1, 1, 4, 3, 3, 1, 2, 3, 2, 7, 1, 1]
位置：['后', '前', '前', '前', '前', '前', '后', '前', '前', '前', '后', '后', '后', '前', '前', '后', '前', '后', '前', '前']
均值：2.5
前排总数：13
后排总数：7
2022-10-11 02:59:59
位置值历史：[5, 5, 1, 1, 1, 3, 2, 1, 1, 4, 3, 3, 1, 2, 3, 2, 7, 1, 1, 3]
位置：['前', '前', '前', '前', '前', '后', '前', '前', '前', '后', '后', '后', '前', '前', '后', '前', '后', '前', '前', '后']
均值：2.5
前排总数：13
后排总数：7
2022-10-11 03:00:57
位置值历史：[5, 1, 1, 1, 3, 2, 1, 1, 4, 3, 3, 1, 2, 3, 2, 7, 1, 1, 3, 4]
位置：['前', '前', '前', '前', '后', '前', '前', '前', '后', '后', '后', '前', '前', '后', '前', '后', '前', '前', '后', '后']
均值：2.45
前排总数：12
后排总数：8
2022-10-11 03:01:55
位置值历史：[1, 1, 1, 3, 2, 1, 1, 4, 3, 3, 1, 2, 3, 2, 7, 1, 1, 3, 4, 6]
位置：['前', '前', '前', '后', '前', '前', '前', '后', '后', '后', '前', '前', '后', '前', '后', '前', '前', '后', '后', '前']
均值：2.5
前排总数：12
后排总数：8
2022-10-11 03:02:53
位置值历史：[1, 1, 3, 2, 1, 1, 4, 3, 3, 1, 2, 3, 2, 7, 1, 1, 3, 4, 6, 6]
位置：['前', '前', '后', '前', '前', '前', '后', '后', '后', '前', '前', '后', '前', '后', '前', '前', '后', '后', '前', '前']
均值：2.75
前排总数：12
后排总数：8
2022-10-11 03:03:51
位置值历史：[1, 3, 2, 1, 1, 4, 3, 3, 1, 2, 3, 2, 7, 1, 1, 3, 4, 6, 6, 3]
位置：['前', '后', '前', '前', '前', '后', '后', '后', '前', '前', '后', '前', '后', '前', '前', '后', '后', '前', '前', '后']
均值：2.85
前排总数：11
后排总数：9
2022-10-11 03:04:49
位置值历史：[3, 2, 1, 1, 4, 3, 3, 1, 2, 3, 2, 7, 1, 1, 3, 4, 6, 6, 3, 2]
位置：['后', '前', '前', '前', '后', '后', '后', '前', '前', '后', '前', '后', '前', '前', '后', '后', '前', '前', '后', '前']
均值：2.9
前排总数：11
后排总数：9
2022-10-11 03:05:47
位置值历史：[2, 1, 1, 4, 3, 3, 1, 2, 3, 2, 7, 1, 1, 3, 4, 6, 6, 3, 2, 3]
位置：['前', '前', '前', '后', '后', '后', '前', '前', '后', '前', '后', '前', '前', '后', '后', '前', '前', '后', '前', '后']
均值：2.9
前排总数：11
后排总数：9
2022-10-11 03:06:45
位置值历史：[1, 1, 4, 3, 3, 1, 2, 3, 2, 7, 1, 1, 3, 4, 6, 6, 3, 2, 3, 1]
位置：['前', '前', '后', '后', '后', '前', '前', '后', '前', '后', '前', '前', '后', '后', '前', '前', '后', '前', '后', '前']
均值：2.85
前排总数：11
后排总数：9
2022-10-11 03:07:43
位置值历史：[1, 4, 3, 3, 1, 2, 3, 2, 7, 1, 1, 3, 4, 6, 6, 3, 2, 3, 1, 8]
位置：['前', '后', '后', '后', '前', '前', '后', '前', '后', '前', '前', '后', '后', '前', '前', '后', '前', '后', '前', '后']
均值：3.2
前排总数：10
后排总数：10
2022-10-11 03:08:41
位置值历史：[4, 3, 3, 1, 2, 3, 2, 7, 1, 1, 3, 4, 6, 6, 3, 2, 3, 1, 8, 6]
位置：['后', '后', '后', '前', '前', '后', '前', '后', '前', '前', '后', '后', '前', '前', '后', '前', '后', '前', '后', '前']
均值：3.45
前排总数：10
后排总数：10
2022-10-11 03:09:39
位置值历史：[3, 3, 1, 2, 3, 2, 7, 1, 1, 3, 4, 6, 6, 3, 2, 3, 1, 8, 6, 2]
位置：['后', '后', '前', '前', '后', '前', '后', '前', '前', '后', '后', '前', '前', '后', '前', '后', '前', '后', '前', '前']
均值：3.35
前排总数：11
后排总数：9
2022-10-11 03:10:37
位置值历史：[3, 1, 2, 3, 2, 7, 1, 1, 3, 4, 6, 6, 3, 2, 3, 1, 8, 6, 2, 2]
位置：['后', '前', '前', '后', '前', '后', '前', '前', '后', '后', '前', '前', '后', '前', '后', '前', '后', '前', '前', '前']
均值：3.3
前排总数：12
后排总数：8
2022-10-11 03:11:35
位置值历史：[1, 2, 3, 2, 7, 1, 1, 3, 4, 6, 6, 3, 2, 3, 1, 8, 6, 2, 2, 3]
位置：['前', '前', '后', '前', '后', '前', '前', '后', '后', '前', '前', '后', '前', '后', '前', '后', '前', '前', '前', '后']
均值：3.3
前排总数：12
后排总数：8
2022-10-11 03:12:33
位置值历史：[2, 3, 2, 7, 1, 1, 3, 4, 6, 6, 3, 2, 3, 1, 8, 6, 2, 2, 3, 4]
位置：['前', '后', '前', '后', '前', '前', '后', '后', '前', '前', '后', '前', '后', '前', '后', '前', '前', '前', '后', '后']
均值：3.45
前排总数：11
后排总数：9
2022-10-11 03:13:31
位置值历史：[3, 2, 7, 1, 1, 3, 4, 6, 6, 3, 2, 3, 1, 8, 6, 2, 2, 3, 4, 8]
位置：['后', '前', '后', '前', '前', '后', '后', '前', '前', '后', '前', '后', '前', '后', '前', '前', '前', '后', '后', '后']
均值：3.75
前排总数：10
后排总数：10
2022-10-11 03:14:29
位置值历史：[2, 7, 1, 1, 3, 4, 6, 6, 3, 2, 3, 1, 8, 6, 2, 2, 3, 4, 8, 2]
位置：['前', '后', '前', '前', '后', '后', '前', '前', '后', '前', '后', '前', '后', '前', '前', '前', '后', '后', '后', '前']
均值：3.7
前排总数：11
后排总数：9
2022-10-11 03:15:27
位置值历史：[7, 1, 1, 3, 4, 6, 6, 3, 2, 3, 1, 8, 6, 2, 2, 3, 4, 8, 2, 2]
位置：['后', '前', '前', '后', '后', '前', '前', '后', '前', '后', '前', '后', '前', '前', '前', '后', '后', '后', '前', '前']
均值：3.7
前排总数：11
后排总数：9
2022-10-11 03:16:25
位置值历史：[1, 1, 3, 4, 6, 6, 3, 2, 3, 1, 8, 6, 2, 2, 3, 4, 8, 2, 2, 2]
位置：['前', '前', '后', '后', '前', '前', '后', '前', '后', '前', '后', '前', '前', '前', '后', '后', '后', '前', '前', '前']
均值：3.45
前排总数：12
后排总数：8
2022-10-11 03:17:23
位置值历史：[1, 3, 4, 6, 6, 3, 2, 3, 1, 8, 6, 2, 2, 3, 4, 8, 2, 2, 2, 6]
位置：['前', '后', '后', '前', '前', '后', '前', '后', '前', '后', '前', '前', '前', '后', '后', '后', '前', '前', '前', '前']
均值：3.7
前排总数：12
后排总数：8
2022-10-11 03:18:21
位置值历史：[3, 4, 6, 6, 3, 2, 3, 1, 8, 6, 2, 2, 3, 4, 8, 2, 2, 2, 6, 2]
位置：['后', '后', '前', '前', '后', '前', '后', '前', '后', '前', '前', '前', '后', '后', '后', '前', '前', '前', '前', '前']
均值：3.75
前排总数：12
后排总数：8
2022-10-11 03:19:19
位置值历史：[4, 6, 6, 3, 2, 3, 1, 8, 6, 2, 2, 3, 4, 8, 2, 2, 2, 6, 2, 4]
位置：['后', '前', '前', '后', '前', '后', '前', '后', '前', '前', '前', '后', '后', '后', '前', '前', '前', '前', '前', '后']
均值：3.8
前排总数：12
后排总数：8
2022-10-11 03:20:17
位置值历史：[6, 6, 3, 2, 3, 1, 8, 6, 2, 2, 3, 4, 8, 2, 2, 2, 6, 2, 4, 8]
位置：['前', '前', '后', '前', '后', '前', '后', '前', '前', '前', '后', '后', '后', '前', '前', '前', '前', '前', '后', '后']
均值：4.0
前排总数：12
后排总数：8
2022-10-11 03:21:15
位置值历史：[6, 3, 2, 3, 1, 8, 6, 2, 2, 3, 4, 8, 2, 2, 2, 6, 2, 4, 8, 5]
位置：['前', '后', '前', '后', '前', '后', '前', '前', '前', '后', '后', '后', '前', '前', '前', '前', '前', '后', '后', '前']
均值：3.95
前排总数：12
后排总数：8
2022-10-11 03:22:13
位置值历史：[3, 2, 3, 1, 8, 6, 2, 2, 3, 4, 8, 2, 2, 2, 6, 2, 4, 8, 5, 5]
位置：['后', '前', '后', '前', '后', '前', '前', '前', '后', '后', '后', '前', '前', '前', '前', '前', '后', '后', '前', '前']
均值：3.9
前排总数：12
后排总数：8
2022-10-11 03:23:11
位置值历史：[2, 3, 1, 8, 6, 2, 2, 3, 4, 8, 2, 2, 2, 6, 2, 4, 8, 5, 5, 1]
位置：['前', '后', '前', '后', '前', '前', '前', '后', '后', '后', '前', '前', '前', '前', '前', '后', '后', '前', '前', '前']
均值：3.8
前排总数：13
后排总数：7
2022-10-11 03:24:09
位置值历史：[3, 1, 8, 6, 2, 2, 3, 4, 8, 2, 2, 2, 6, 2, 4, 8, 5, 5, 1, 2]
位置：['后', '前', '后', '前', '前', '前', '后', '后', '后', '前', '前', '前', '前', '前', '后', '后', '前', '前', '前', '前']
均值：3.8
前排总数：13
后排总数：7
2022-10-11 03:25:07
位置值历史：[1, 8, 6, 2, 2, 3, 4, 8, 2, 2, 2, 6, 2, 4, 8, 5, 5, 1, 2, 3]
位置：['前', '后', '前', '前', '前', '后', '后', '后', '前', '前', '前', '前', '前', '后', '后', '前', '前', '前', '前', '后']
均值：3.8
前排总数：13
后排总数：7
2022-10-11 03:26:05
位置值历史：[8, 6, 2, 2, 3, 4, 8, 2, 2, 2, 6, 2, 4, 8, 5, 5, 1, 2, 3, 1]
位置：['后', '前', '前', '前', '后', '后', '后', '前', '前', '前', '前', '前', '后', '后', '前', '前', '前', '前', '后', '前']
均值：3.8
前排总数：13
后排总数：7
2022-10-11 03:27:03
位置值历史：[6, 2, 2, 3, 4, 8, 2, 2, 2, 6, 2, 4, 8, 5, 5, 1, 2, 3, 1, 7]
位置：['前', '前', '前', '后', '后', '后', '前', '前', '前', '前', '前', '后', '后', '前', '前', '前', '前', '后', '前', '后']
均值：3.75
前排总数：13
后排总数：7
2022-10-11 03:28:01
位置值历史：[2, 2, 3, 4, 8, 2, 2, 2, 6, 2, 4, 8, 5, 5, 1, 2, 3, 1, 7, 4]
位置：['前', '前', '后', '后', '后', '前', '前', '前', '前', '前', '后', '后', '前', '前', '前', '前', '后', '前', '后', '后']
均值：3.65
前排总数：12
后排总数：8
2022-10-11 03:28:59
位置值历史：[2, 3, 4, 8, 2, 2, 2, 6, 2, 4, 8, 5, 5, 1, 2, 3, 1, 7, 4, 1]
位置：['前', '后', '后', '后', '前', '前', '前', '前', '前', '后', '后', '前', '前', '前', '前', '后', '前', '后', '后', '前']
均值：3.6
前排总数：12
后排总数：8
2022-10-11 03:29:57
位置值历史：[3, 4, 8, 2, 2, 2, 6, 2, 4, 8, 5, 5, 1, 2, 3, 1, 7, 4, 1, 4]
位置：['后', '后', '后', '前', '前', '前', '前', '前', '后', '后', '前', '前', '前', '前', '后', '前', '后', '后', '前', '后']
均值：3.7
前排总数：11
后排总数：9
2022-10-11 03:30:55
位置值历史：[4, 8, 2, 2, 2, 6, 2, 4, 8, 5, 5, 1, 2, 3, 1, 7, 4, 1, 4, 2]
位置：['后', '后', '前', '前', '前', '前', '前', '后', '后', '前', '前', '前', '前', '后', '前', '后', '后', '前', '后', '前']
均值：3.65
前排总数：12
后排总数：8
2022-10-11 03:31:53
位置值历史：[8, 2, 2, 2, 6, 2, 4, 8, 5, 5, 1, 2, 3, 1, 7, 4, 1, 4, 2, 5]
位置：['后', '前', '前', '前', '前', '前', '后', '后', '前', '前', '前', '前', '后', '前', '后', '后', '前', '后', '前', '前']
均值：3.7
前排总数：13
后排总数：7
2022-10-11 03:32:51
位置值历史：[2, 2, 2, 6, 2, 4, 8, 5, 5, 1, 2, 3, 1, 7, 4, 1, 4, 2, 5, 1]
位置：['前', '前', '前', '前', '前', '后', '后', '前', '前', '前', '前', '后', '前', '后', '后', '前', '后', '前', '前', '前']
均值：3.35
前排总数：14
后排总数：6
2022-10-11 03:33:49
位置值历史：[2, 2, 6, 2, 4, 8, 5, 5, 1, 2, 3, 1, 7, 4, 1, 4, 2, 5, 1, 8]
位置：['前', '前', '前', '前', '后', '后', '前', '前', '前', '前', '后', '前', '后', '后', '前', '后', '前', '前', '前', '后']
均值：3.65
前排总数：13
后排总数：7
2022-10-11 03:34:47
位置值历史：[2, 6, 2, 4, 8, 5, 5, 1, 2, 3, 1, 7, 4, 1, 4, 2, 5, 1, 8, 8]
位置：['前', '前', '前', '后', '后', '前', '前', '前', '前', '后', '前', '后', '后', '前', '后', '前', '前', '前', '后', '后']
均值：3.95
前排总数：12
后排总数：8
2022-10-11 03:35:45
位置值历史：[6, 2, 4, 8, 5, 5, 1, 2, 3, 1, 7, 4, 1, 4, 2, 5, 1, 8, 8, 1]
位置：['前', '前', '后', '后', '前', '前', '前', '前', '后', '前', '后', '后', '前', '后', '前', '前', '前', '后', '后', '前']
均值：3.9
前排总数：12
后排总数：8
2022-10-11 03:36:43
位置值历史：[2, 4, 8, 5, 5, 1, 2, 3, 1, 7, 4, 1, 4, 2, 5, 1, 8, 8, 1, 3]
位置：['前', '后', '后', '前', '前', '前', '前', '后', '前', '后', '后', '前', '后', '前', '前', '前', '后', '后', '前', '后']
均值：3.75
前排总数：11
后排总数：9
2022-10-11 03:37:41
位置值历史：[4, 8, 5, 5, 1, 2, 3, 1, 7, 4, 1, 4, 2, 5, 1, 8, 8, 1, 3, 2]
位置：['后', '后', '前', '前', '前', '前', '后', '前', '后', '后', '前', '后', '前', '前', '前', '后', '后', '前', '后', '前']
均值：3.75
前排总数：11
后排总数：9
2022-10-11 03:38:39
位置值历史：[8, 5, 5, 1, 2, 3, 1, 7, 4, 1, 4, 2, 5, 1, 8, 8, 1, 3, 2, 1]
位置：['后', '前', '前', '前', '前', '后', '前', '后', '后', '前', '后', '前', '前', '前', '后', '后', '前', '后', '前', '前']
均值：3.6
前排总数：12
后排总数：8
2022-10-11 03:39:37
位置值历史：[5, 5, 1, 2, 3, 1, 7, 4, 1, 4, 2, 5, 1, 8, 8, 1, 3, 2, 1, 4]
位置：['前', '前', '前', '前', '后', '前', '后', '后', '前', '后', '前', '前', '前', '后', '后', '前', '后', '前', '前', '后']
均值：3.4
前排总数：12
后排总数：8
2022-10-11 03:40:35
位置值历史：[5, 1, 2, 3, 1, 7, 4, 1, 4, 2, 5, 1, 8, 8, 1, 3, 2, 1, 4, 3]
位置：['前', '前', '前', '后', '前', '后', '后', '前', '后', '前', '前', '前', '后', '后', '前', '后', '前', '前', '后', '后']
均值：3.3
前排总数：11
后排总数：9
2022-10-11 03:41:33
位置值历史：[1, 2, 3, 1, 7, 4, 1, 4, 2, 5, 1, 8, 8, 1, 3, 2, 1, 4, 3, 2]
位置：['前', '前', '后', '前', '后', '后', '前', '后', '前', '前', '前', '后', '后', '前', '后', '前', '前', '后', '后', '前']
均值：3.15
前排总数：11
后排总数：9
2022-10-11 03:42:31
位置值历史：[2, 3, 1, 7, 4, 1, 4, 2, 5, 1, 8, 8, 1, 3, 2, 1, 4, 3, 2, 3]
位置：['前', '后', '前', '后', '后', '前', '后', '前', '前', '前', '后', '后', '前', '后', '前', '前', '后', '后', '前', '后']
均值：3.25
前排总数：10
后排总数：10
2022-10-11 03:43:29
位置值历史：[3, 1, 7, 4, 1, 4, 2, 5, 1, 8, 8, 1, 3, 2, 1, 4, 3, 2, 3, 4]
位置：['后', '前', '后', '后', '前', '后', '前', '前', '前', '后', '后', '前', '后', '前', '前', '后', '后', '前', '后', '后']
均值：3.35
前排总数：9
后排总数：11
2022-10-11 03:44:27
位置值历史：[1, 7, 4, 1, 4, 2, 5, 1, 8, 8, 1, 3, 2, 1, 4, 3, 2, 3, 4, 1]
位置：['前', '后', '后', '前', '后', '前', '前', '前', '后', '后', '前', '后', '前', '前', '后', '后', '前', '后', '后', '前']
均值：3.25
前排总数：10
后排总数：10
2022-10-11 03:45:25
位置值历史：[7, 4, 1, 4, 2, 5, 1, 8, 8, 1, 3, 2, 1, 4, 3, 2, 3, 4, 1, 2]
位置：['后', '后', '前', '后', '前', '前', '前', '后', '后', '前', '后', '前', '前', '后', '后', '前', '后', '后', '前', '前']
均值：3.3
前排总数：10
后排总数：10
2022-10-11 03:46:23
位置值历史：[4, 1, 4, 2, 5, 1, 8, 8, 1, 3, 2, 1, 4, 3, 2, 3, 4, 1, 2, 5]
位置：['后', '前', '后', '前', '前', '前', '后', '后', '前', '后', '前', '前', '后', '后', '前', '后', '后', '前', '前', '前']
均值：3.2
前排总数：11
后排总数：9
2022-10-11 03:47:21
位置值历史：[1, 4, 2, 5, 1, 8, 8, 1, 3, 2, 1, 4, 3, 2, 3, 4, 1, 2, 5, 4]
位置：['前', '后', '前', '前', '前', '后', '后', '前', '后', '前', '前', '后', '后', '前', '后', '后', '前', '前', '前', '后']
均值：3.2
前排总数：11
后排总数：9
2022-10-11 03:48:19
位置值历史：[4, 2, 5, 1, 8, 8, 1, 3, 2, 1, 4, 3, 2, 3, 4, 1, 2, 5, 4, 4]
位置：['后', '前', '前', '前', '后', '后', '前', '后', '前', '前', '后', '后', '前', '后', '后', '前', '前', '前', '后', '后']
均值：3.35
前排总数：10
后排总数：10
2022-10-11 03:49:17
位置值历史：[2, 5, 1, 8, 8, 1, 3, 2, 1, 4, 3, 2, 3, 4, 1, 2, 5, 4, 4, 3]
位置：['前', '前', '前', '后', '后', '前', '后', '前', '前', '后', '后', '前', '后', '后', '前', '前', '前', '后', '后', '后']
均值：3.3
前排总数：10
后排总数：10
2022-10-11 03:50:15
位置值历史：[5, 1, 8, 8, 1, 3, 2, 1, 4, 3, 2, 3, 4, 1, 2, 5, 4, 4, 3, 7]
位置：['前', '前', '后', '后', '前', '后', '前', '前', '后', '后', '前', '后', '后', '前', '前', '前', '后', '后', '后', '后']
均值：3.55
前排总数：9
后排总数：11
2022-10-11 03:51:13
位置值历史：[1, 8, 8, 1, 3, 2, 1, 4, 3, 2, 3, 4, 1, 2, 5, 4, 4, 3, 7, 3]
位置：['前', '后', '后', '前', '后', '前', '前', '后', '后', '前', '后', '后', '前', '前', '前', '后', '后', '后', '后', '后']
均值：3.45
前排总数：8
后排总数：12
2022-10-11 03:52:11
位置值历史：[8, 8, 1, 3, 2, 1, 4, 3, 2, 3, 4, 1, 2, 5, 4, 4, 3, 7, 3, 1]
位置：['后', '后', '前', '后', '前', '前', '后', '后', '前', '后', '后', '前', '前', '前', '后', '后', '后', '后', '后', '前']
均值：3.45
前排总数：8
后排总数：12
2022-10-11 03:53:09
位置值历史：[8, 1, 3, 2, 1, 4, 3, 2, 3, 4, 1, 2, 5, 4, 4, 3, 7, 3, 1, 4]
位置：['后', '前', '后', '前', '前', '后', '后', '前', '后', '后', '前', '前', '前', '后', '后', '后', '后', '后', '前', '后']
均值：3.25
前排总数：8
后排总数：12
2022-10-11 03:54:07
位置值历史：[1, 3, 2, 1, 4, 3, 2, 3, 4, 1, 2, 5, 4, 4, 3, 7, 3, 1, 4, 1]
位置：['前', '后', '前', '前', '后', '后', '前', '后', '后', '前', '前', '前', '后', '后', '后', '后', '后', '前', '后', '前']
均值：2.9
前排总数：9
后排总数：11
2022-10-11 03:55:05
位置值历史：[3, 2, 1, 4, 3, 2, 3, 4, 1, 2, 5, 4, 4, 3, 7, 3, 1, 4, 1, 1]
位置：['后', '前', '前', '后', '后', '前', '后', '后', '前', '前', '前', '后', '后', '后', '后', '后', '前', '后', '前', '前']
均值：2.9
前排总数：9
后排总数：11
2022-10-11 03:56:03
位置值历史：[2, 1, 4, 3, 2, 3, 4, 1, 2, 5, 4, 4, 3, 7, 3, 1, 4, 1, 1, 1]
位置：['前', '前', '后', '后', '前', '后', '后', '前', '前', '前', '后', '后', '后', '后', '后', '前', '后', '前', '前', '前']
均值：2.8
前排总数：10
后排总数：10
2022-10-11 03:57:01
位置值历史：[1, 4, 3, 2, 3, 4, 1, 2, 5, 4, 4, 3, 7, 3, 1, 4, 1, 1, 1, 4]
位置：['前', '后', '后', '前', '后', '后', '前', '前', '前', '后', '后', '后', '后', '后', '前', '后', '前', '前', '前', '后']
均值：2.9
前排总数：9
后排总数：11
2022-10-11 03:57:59
位置值历史：[4, 3, 2, 3, 4, 1, 2, 5, 4, 4, 3, 7, 3, 1, 4, 1, 1, 1, 4, 4]
位置：['后', '后', '前', '后', '后', '前', '前', '前', '后', '后', '后', '后', '后', '前', '后', '前', '前', '前', '后', '后']
均值：3.05
前排总数：8
后排总数：12
2022-10-11 03:58:57
位置值历史：[3, 2, 3, 4, 1, 2, 5, 4, 4, 3, 7, 3, 1, 4, 1, 1, 1, 4, 4, 1]
位置：['后', '前', '后', '后', '前', '前', '前', '后', '后', '后', '后', '后', '前', '后', '前', '前', '前', '后', '后', '前']
均值：2.9
前排总数：9
后排总数：11
2022-10-11 03:59:55
位置值历史：[2, 3, 4, 1, 2, 5, 4, 4, 3, 7, 3, 1, 4, 1, 1, 1, 4, 4, 1, 3]
位置：['前', '后', '后', '前', '前', '前', '后', '后', '后', '后', '后', '前', '后', '前', '前', '前', '后', '后', '前', '后']
均值：2.9
前排总数：9
后排总数：11
2022-10-11 04:00:53
位置值历史：[3, 4, 1, 2, 5, 4, 4, 3, 7, 3, 1, 4, 1, 1, 1, 4, 4, 1, 3, 3]
位置：['后', '后', '前', '前', '前', '后', '后', '后', '后', '后', '前', '后', '前', '前', '前', '后', '后', '前', '后', '后']
均值：2.95
前排总数：8
后排总数：12
2022-10-11 04:01:51
位置值历史：[4, 1, 2, 5, 4, 4, 3, 7, 3, 1, 4, 1, 1, 1, 4, 4, 1, 3, 3, 5]
位置：['后', '前', '前', '前', '后', '后', '后', '后', '后', '前', '后', '前', '前', '前', '后', '后', '前', '后', '后', '前']
均值：3.05
前排总数：9
后排总数：11
2022-10-11 04:02:49
位置值历史：[1, 2, 5, 4, 4, 3, 7, 3, 1, 4, 1, 1, 1, 4, 4, 1, 3, 3, 5, 4]
位置：['前', '前', '前', '后', '后', '后', '后', '后', '前', '后', '前', '前', '前', '后', '后', '前', '后', '后', '前', '后']
均值：3.05
前排总数：9
后排总数：11
2022-10-11 04:03:47
位置值历史：[2, 5, 4, 4, 3, 7, 3, 1, 4, 1, 1, 1, 4, 4, 1, 3, 3, 5, 4, 4]
位置：['前', '前', '后', '后', '后', '后', '后', '前', '后', '前', '前', '前', '后', '后', '前', '后', '后', '前', '后', '后']
均值：3.2
前排总数：8
后排总数：12
2022-10-11 04:04:45
位置值历史：[5, 4, 4, 3, 7, 3, 1, 4, 1, 1, 1, 4, 4, 1, 3, 3, 5, 4, 4, 1]
位置：['前', '后', '后', '后', '后', '后', '前', '后', '前', '前', '前', '后', '后', '前', '后', '后', '前', '后', '后', '前']
均值：3.15
前排总数：8
后排总数：12
2022-10-11 04:05:43
位置值历史：[4, 4, 3, 7, 3, 1, 4, 1, 1, 1, 4, 4, 1, 3, 3, 5, 4, 4, 1, 1]
位置：['后', '后', '后', '后', '后', '前', '后', '前', '前', '前', '后', '后', '前', '后', '后', '前', '后', '后', '前', '前']
均值：2.95
前排总数：8
后排总数：12
2022-10-11 04:06:41
位置值历史：[4, 3, 7, 3, 1, 4, 1, 1, 1, 4, 4, 1, 3, 3, 5, 4, 4, 1, 1, 3]
位置：['后', '后', '后', '后', '前', '后', '前', '前', '前', '后', '后', '前', '后', '后', '前', '后', '后', '前', '前', '后']
均值：2.9
前排总数：8
后排总数：12
2022-10-11 04:07:39
位置值历史：[3, 7, 3, 1, 4, 1, 1, 1, 4, 4, 1, 3, 3, 5, 4, 4, 1, 1, 3, 2]
位置：['后', '后', '后', '前', '后', '前', '前', '前', '后', '后', '前', '后', '后', '前', '后', '后', '前', '前', '后', '前']
均值：2.8
前排总数：9
后排总数：11
2022-10-11 04:08:37
位置值历史：[7, 3, 1, 4, 1, 1, 1, 4, 4, 1, 3, 3, 5, 4, 4, 1, 1, 3, 2, 2]
位置：['后', '后', '前', '后', '前', '前', '前', '后', '后', '前', '后', '后', '前', '后', '后', '前', '前', '后', '前', '前']
均值：2.75
前排总数：10
后排总数：10
2022-10-11 04:09:35
位置值历史：[3, 1, 4, 1, 1, 1, 4, 4, 1, 3, 3, 5, 4, 4, 1, 1, 3, 2, 2, 1]
位置：['后', '前', '后', '前', '前', '前', '后', '后', '前', '后', '后', '前', '后', '后', '前', '前', '后', '前', '前', '前']
均值：2.45
前排总数：11
后排总数：9
2022-10-11 04:10:33
位置值历史：[1, 4, 1, 1, 1, 4, 4, 1, 3, 3, 5, 4, 4, 1, 1, 3, 2, 2, 1, 4]
位置：['前', '后', '前', '前', '前', '后', '后', '前', '后', '后', '前', '后', '后', '前', '前', '后', '前', '前', '前', '后']
均值：2.5
前排总数：11
后排总数：9
2022-10-11 04:11:31
位置值历史：[4, 1, 1, 1, 4, 4, 1, 3, 3, 5, 4, 4, 1, 1, 3, 2, 2, 1, 4, 4]
位置：['后', '前', '前', '前', '后', '后', '前', '后', '后', '前', '后', '后', '前', '前', '后', '前', '前', '前', '后', '后']
均值：2.65
前排总数：10
后排总数：10
2022-10-11 04:12:29
位置值历史：[1, 1, 1, 4, 4, 1, 3, 3, 5, 4, 4, 1, 1, 3, 2, 2, 1, 4, 4, 3]
位置：['前', '前', '前', '后', '后', '前', '后', '后', '前', '后', '后', '前', '前', '后', '前', '前', '前', '后', '后', '后']
均值：2.6
前排总数：10
后排总数：10
2022-10-11 04:13:27
位置值历史：[1, 1, 4, 4, 1, 3, 3, 5, 4, 4, 1, 1, 3, 2, 2, 1, 4, 4, 3, 2]
位置：['前', '前', '后', '后', '前', '后', '后', '前', '后', '后', '前', '前', '后', '前', '前', '前', '后', '后', '后', '前']
均值：2.65
前排总数：10
后排总数：10
2022-10-11 04:14:25
位置值历史：[1, 4, 4, 1, 3, 3, 5, 4, 4, 1, 1, 3, 2, 2, 1, 4, 4, 3, 2, 6]
位置：['前', '后', '后', '前', '后', '后', '前', '后', '后', '前', '前', '后', '前', '前', '前', '后', '后', '后', '前', '前']
均值：2.9
前排总数：10
后排总数：10
2022-10-11 04:15:23
位置值历史：[4, 4, 1, 3, 3, 5, 4, 4, 1, 1, 3, 2, 2, 1, 4, 4, 3, 2, 6, 6]
位置：['后', '后', '前', '后', '后', '前', '后', '后', '前', '前', '后', '前', '前', '前', '后', '后', '后', '前', '前', '前']
均值：3.15
前排总数：10
后排总数：10
2022-10-11 04:16:21
位置值历史：[4, 1, 3, 3, 5, 4, 4, 1, 1, 3, 2, 2, 1, 4, 4, 3, 2, 6, 6, 1]
位置：['后', '前', '后', '后', '前', '后', '后', '前', '前', '后', '前', '前', '前', '后', '后', '后', '前', '前', '前', '前']
均值：3.0
前排总数：11
后排总数：9
2022-10-11 04:17:19
位置值历史：[1, 3, 3, 5, 4, 4, 1, 1, 3, 2, 2, 1, 4, 4, 3, 2, 6, 6, 1, 1]
位置：['前', '后', '后', '前', '后', '后', '前', '前', '后', '前', '前', '前', '后', '后', '后', '前', '前', '前', '前', '前']
均值：2.85
前排总数：12
后排总数：8
2022-10-11 04:18:17
位置值历史：[3, 3, 5, 4, 4, 1, 1, 3, 2, 2, 1, 4, 4, 3, 2, 6, 6, 1, 1, 3]
位置：['后', '后', '前', '后', '后', '前', '前', '后', '前', '前', '前', '后', '后', '后', '前', '前', '前', '前', '前', '后']
均值：2.95
前排总数：11
后排总数：9
2022-10-11 04:19:15
位置值历史：[3, 5, 4, 4, 1, 1, 3, 2, 2, 1, 4, 4, 3, 2, 6, 6, 1, 1, 3, 3]
位置：['后', '前', '后', '后', '前', '前', '后', '前', '前', '前', '后', '后', '后', '前', '前', '前', '前', '前', '后', '后']
均值：2.95
前排总数：11
后排总数：9
2022-10-11 04:20:13
位置值历史：[5, 4, 4, 1, 1, 3, 2, 2, 1, 4, 4, 3, 2, 6, 6, 1, 1, 3, 3, 1]
位置：['前', '后', '后', '前', '前', '后', '前', '前', '前', '后', '后', '后', '前', '前', '前', '前', '前', '后', '后', '前']
均值：2.85
前排总数：12
后排总数：8
2022-10-11 04:21:11
位置值历史：[4, 4, 1, 1, 3, 2, 2, 1, 4, 4, 3, 2, 6, 6, 1, 1, 3, 3, 1, 1]
位置：['后', '后', '前', '前', '后', '前', '前', '前', '后', '后', '后', '前', '前', '前', '前', '前', '后', '后', '前', '前']
均值：2.65
前排总数：12
后排总数：8
2022-10-11 04:22:09
位置值历史：[4, 1, 1, 3, 2, 2, 1, 4, 4, 3, 2, 6, 6, 1, 1, 3, 3, 1, 1, 4]
位置：['后', '前', '前', '后', '前', '前', '前', '后', '后', '后', '前', '前', '前', '前', '前', '后', '后', '前', '前', '后']
均值：2.65
前排总数：12
后排总数：8
2022-10-11 04:23:07
位置值历史：[1, 1, 3, 2, 2, 1, 4, 4, 3, 2, 6, 6, 1, 1, 3, 3, 1, 1, 4, 2]
位置：['前', '前', '后', '前', '前', '前', '后', '后', '后', '前', '前', '前', '前', '前', '后', '后', '前', '前', '后', '前']
均值：2.55
前排总数：13
后排总数：7
2022-10-11 04:24:05
位置值历史：[1, 3, 2, 2, 1, 4, 4, 3, 2, 6, 6, 1, 1, 3, 3, 1, 1, 4, 2, 3]
位置：['前', '后', '前', '前', '前', '后', '后', '后', '前', '前', '前', '前', '前', '后', '后', '前', '前', '后', '前', '后']
均值：2.65
前排总数：12
后排总数：8
2022-10-11 04:25:03
位置值历史：[3, 2, 2, 1, 4, 4, 3, 2, 6, 6, 1, 1, 3, 3, 1, 1, 4, 2, 3, 1]
位置：['后', '前', '前', '前', '后', '后', '后', '前', '前', '前', '前', '前', '后', '后', '前', '前', '后', '前', '后', '前']
均值：2.65
前排总数：12
后排总数：8
2022-10-11 04:26:01
位置值历史：[2, 2, 1, 4, 4, 3, 2, 6, 6, 1, 1, 3, 3, 1, 1, 4, 2, 3, 1, 3]
位置：['前', '前', '前', '后', '后', '后', '前', '前', '前', '前', '前', '后', '后', '前', '前', '后', '前', '后', '前', '后']
均值：2.65
前排总数：12
后排总数：8
2022-10-11 04:26:59
位置值历史：[2, 1, 4, 4, 3, 2, 6, 6, 1, 1, 3, 3, 1, 1, 4, 2, 3, 1, 3, 3]
位置：['前', '前', '后', '后', '后', '前', '前', '前', '前', '前', '后', '后', '前', '前', '后', '前', '后', '前', '后', '后']
均值：2.7
前排总数：11
后排总数：9
2022-10-11 04:27:57
位置值历史：[1, 4, 4, 3, 2, 6, 6, 1, 1, 3, 3, 1, 1, 4, 2, 3, 1, 3, 3, 5]
位置：['前', '后', '后', '后', '前', '前', '前', '前', '前', '后', '后', '前', '前', '后', '前', '后', '前', '后', '后', '前']
均值：2.85
前排总数：11
后排总数：9
2022-10-11 04:28:55
位置值历史：[4, 4, 3, 2, 6, 6, 1, 1, 3, 3, 1, 1, 4, 2, 3, 1, 3, 3, 5, 1]
位置：['后', '后', '后', '前', '前', '前', '前', '前', '后', '后', '前', '前', '后', '前', '后', '前', '后', '后', '前', '前']
均值：2.85
前排总数：11
后排总数：9
2022-10-11 04:29:53
位置值历史：[4, 3, 2, 6, 6, 1, 1, 3, 3, 1, 1, 4, 2, 3, 1, 3, 3, 5, 1, 2]
位置：['后', '后', '前', '前', '前', '前', '前', '后', '后', '前', '前', '后', '前', '后', '前', '后', '后', '前', '前', '前']
均值：2.75
前排总数：12
后排总数：8
2022-10-11 04:30:51
位置值历史：[3, 2, 6, 6, 1, 1, 3, 3, 1, 1, 4, 2, 3, 1, 3, 3, 5, 1, 2, 4]
位置：['后', '前', '前', '前', '前', '前', '后', '后', '前', '前', '后', '前', '后', '前', '后', '后', '前', '前', '前', '后']
均值：2.75
前排总数：12
后排总数：8
2022-10-11 04:31:49
位置值历史：[2, 6, 6, 1, 1, 3, 3, 1, 1, 4, 2, 3, 1, 3, 3, 5, 1, 2, 4, 3]
位置：['前', '前', '前', '前', '前', '后', '后', '前', '前', '后', '前', '后', '前', '后', '后', '前', '前', '前', '后', '后']
均值：2.75
前排总数：12
后排总数：8
2022-10-11 04:32:47
位置值历史：[6, 6, 1, 1, 3, 3, 1, 1, 4, 2, 3, 1, 3, 3, 5, 1, 2, 4, 3, 4]
位置：['前', '前', '前', '前', '后', '后', '前', '前', '后', '前', '后', '前', '后', '后', '前', '前', '前', '后', '后', '后']
均值：2.85
前排总数：11
后排总数：9
2022-10-11 04:33:45
位置值历史：[6, 1, 1, 3, 3, 1, 1, 4, 2, 3, 1, 3, 3, 5, 1, 2, 4, 3, 4, 4]
位置：['前', '前', '前', '后', '后', '前', '前', '后', '前', '后', '前', '后', '后', '前', '前', '前', '后', '后', '后', '后']
均值：2.75
前排总数：10
后排总数：10
2022-10-11 04:34:43
位置值历史：[1, 1, 3, 3, 1, 1, 4, 2, 3, 1, 3, 3, 5, 1, 2, 4, 3, 4, 4, 2]
位置：['前', '前', '后', '后', '前', '前', '后', '前', '后', '前', '后', '后', '前', '前', '前', '后', '后', '后', '后', '前']
均值：2.55
前排总数：10
后排总数：10
2022-10-11 04:35:41
位置值历史：[1, 3, 3, 1, 1, 4, 2, 3, 1, 3, 3, 5, 1, 2, 4, 3, 4, 4, 2, 4]
位置：['前', '后', '后', '前', '前', '后', '前', '后', '前', '后', '后', '前', '前', '前', '后', '后', '后', '后', '前', '后']
均值：2.7
前排总数：9
后排总数：11
2022-10-11 04:36:39
位置值历史：[3, 3, 1, 1, 4, 2, 3, 1, 3, 3, 5, 1, 2, 4, 3, 4, 4, 2, 4, 6]
位置：['后', '后', '前', '前', '后', '前', '后', '前', '后', '后', '前', '前', '前', '后', '后', '后', '后', '前', '后', '前']
均值：2.95
前排总数：9
后排总数：11
2022-10-11 04:37:37
位置值历史：[3, 1, 1, 4, 2, 3, 1, 3, 3, 5, 1, 2, 4, 3, 4, 4, 2, 4, 6, 3]
位置：['后', '前', '前', '后', '前', '后', '前', '后', '后', '前', '前', '前', '后', '后', '后', '后', '前', '后', '前', '后']
均值：2.95
前排总数：9
后排总数：11
2022-10-11 04:38:35
位置值历史：[1, 1, 4, 2, 3, 1, 3, 3, 5, 1, 2, 4, 3, 4, 4, 2, 4, 6, 3, 4]
位置：['前', '前', '后', '前', '后', '前', '后', '后', '前', '前', '前', '后', '后', '后', '后', '前', '后', '前', '后', '后']
均值：3.0
前排总数：9
后排总数：11
2022-10-11 04:39:33
位置值历史：[1, 4, 2, 3, 1, 3, 3, 5, 1, 2, 4, 3, 4, 4, 2, 4, 6, 3, 4, 7]
位置：['前', '后', '前', '后', '前', '后', '后', '前', '前', '前', '后', '后', '后', '后', '前', '后', '前', '后', '后', '后']
均值：3.3
前排总数：8
后排总数：12
2022-10-11 04:40:31
位置值历史：[4, 2, 3, 1, 3, 3, 5, 1, 2, 4, 3, 4, 4, 2, 4, 6, 3, 4, 7, 8]
位置：['后', '前', '后', '前', '后', '后', '前', '前', '前', '后', '后', '后', '后', '前', '后', '前', '后', '后', '后', '后']
均值：3.65
前排总数：7
后排总数：13
2022-10-11 04:41:29
位置值历史：[2, 3, 1, 3, 3, 5, 1, 2, 4, 3, 4, 4, 2, 4, 6, 3, 4, 7, 8, 6]
位置：['前', '后', '前', '后', '后', '前', '前', '前', '后', '后', '后', '后', '前', '后', '前', '后', '后', '后', '后', '前']
均值：3.75
前排总数：8
后排总数：12
2022-10-11 04:42:27
位置值历史：[3, 1, 3, 3, 5, 1, 2, 4, 3, 4, 4, 2, 4, 6, 3, 4, 7, 8, 6, 2]
位置：['后', '前', '后', '后', '前', '前', '前', '后', '后', '后', '后', '前', '后', '前', '后', '后', '后', '后', '前', '前']
均值：3.75
前排总数：8
后排总数：12
2022-10-11 04:43:25
位置值历史：[1, 3, 3, 5, 1, 2, 4, 3, 4, 4, 2, 4, 6, 3, 4, 7, 8, 6, 2, 4]
位置：['前', '后', '后', '前', '前', '前', '后', '后', '后', '后', '前', '后', '前', '后', '后', '后', '后', '前', '前', '后']
均值：3.8
前排总数：8
后排总数：12
2022-10-11 04:44:23
位置值历史：[3, 3, 5, 1, 2, 4, 3, 4, 4, 2, 4, 6, 3, 4, 7, 8, 6, 2, 4, 2]
位置：['后', '后', '前', '前', '前', '后', '后', '后', '后', '前', '后', '前', '后', '后', '后', '后', '前', '前', '后', '前']
均值：3.85
前排总数：8
后排总数：12
2022-10-11 04:45:21
位置值历史：[3, 5, 1, 2, 4, 3, 4, 4, 2, 4, 6, 3, 4, 7, 8, 6, 2, 4, 2, 4]
位置：['后', '前', '前', '前', '后', '后', '后', '后', '前', '后', '前', '后', '后', '后', '后', '前', '前', '后', '前', '后']
均值：3.9
前排总数：8
后排总数：12
2022-10-11 04:46:19
位置值历史：[5, 1, 2, 4, 3, 4, 4, 2, 4, 6, 3, 4, 7, 8, 6, 2, 4, 2, 4, 8]
位置：['前', '前', '前', '后', '后', '后', '后', '前', '后', '前', '后', '后', '后', '后', '前', '前', '后', '前', '后', '后']
均值：4.15
前排总数：8
后排总数：12
2022-10-11 04:47:17
位置值历史：[1, 2, 4, 3, 4, 4, 2, 4, 6, 3, 4, 7, 8, 6, 2, 4, 2, 4, 8, 8]
位置：['前', '前', '后', '后', '后', '后', '前', '后', '前', '后', '后', '后', '后', '前', '前', '后', '前', '后', '后', '后']
均值：4.3
前排总数：7
后排总数：13
2022-10-11 04:48:15
位置值历史：[2, 4, 3, 4, 4, 2, 4, 6, 3, 4, 7, 8, 6, 2, 4, 2, 4, 8, 8, 6]
位置：['前', '后', '后', '后', '后', '前', '后', '前', '后', '后', '后', '后', '前', '前', '后', '前', '后', '后', '后', '前']
均值：4.55
前排总数：7
后排总数：13
2022-10-11 04:49:13
位置值历史：[4, 3, 4, 4, 2, 4, 6, 3, 4, 7, 8, 6, 2, 4, 2, 4, 8, 8, 6, 8]
位置：['后', '后', '后', '后', '前', '后', '前', '后', '后', '后', '后', '前', '前', '后', '前', '后', '后', '后', '前', '后']
均值：4.85
前排总数：6
后排总数：14
2022-10-11 04:50:11
位置值历史：[3, 4, 4, 2, 4, 6, 3, 4, 7, 8, 6, 2, 4, 2, 4, 8, 8, 6, 8, 3]
位置：['后', '后', '后', '前', '后', '前', '后', '后', '后', '后', '前', '前', '后', '前', '后', '后', '后', '前', '后', '后']
均值：4.8
前排总数：6
后排总数：14
2022-10-11 04:51:09
位置值历史：[4, 4, 2, 4, 6, 3, 4, 7, 8, 6, 2, 4, 2, 4, 8, 8, 6, 8, 3, 4]
位置：['后', '后', '前', '后', '前', '后', '后', '后', '后', '前', '前', '后', '前', '后', '后', '后', '前', '后', '后', '后']
均值：4.85
前排总数：6
后排总数：14
2022-10-11 04:52:07
位置值历史：[4, 2, 4, 6, 3, 4, 7, 8, 6, 2, 4, 2, 4, 8, 8, 6, 8, 3, 4, 1]
位置：['后', '前', '后', '前', '后', '后', '后', '后', '前', '前', '后', '前', '后', '后', '后', '前', '后', '后', '后', '前']
均值：4.7
前排总数：7
后排总数：13
2022-10-11 04:53:05
位置值历史：[2, 4, 6, 3, 4, 7, 8, 6, 2, 4, 2, 4, 8, 8, 6, 8, 3, 4, 1, 8]
位置：['前', '后', '前', '后', '后', '后', '后', '前', '前', '后', '前', '后', '后', '后', '前', '后', '后', '后', '前', '后']
均值：4.9
前排总数：7
后排总数：13
2022-10-11 04:54:03
位置值历史：[4, 6, 3, 4, 7, 8, 6, 2, 4, 2, 4, 8, 8, 6, 8, 3, 4, 1, 8, 3]
位置：['后', '前', '后', '后', '后', '后', '前', '前', '后', '前', '后', '后', '后', '前', '后', '后', '后', '前', '后', '后']
均值：4.95
前排总数：6
后排总数：14
2022-10-11 04:55:01
位置值历史：[6, 3, 4, 7, 8, 6, 2, 4, 2, 4, 8, 8, 6, 8, 3, 4, 1, 8, 3, 2]
位置：['前', '后', '后', '后', '后', '前', '前', '后', '前', '后', '后', '后', '前', '后', '后', '后', '前', '后', '后', '前']
均值：4.85
前排总数：7
后排总数：13
2022-10-11 04:55:59
位置值历史：[3, 4, 7, 8, 6, 2, 4, 2, 4, 8, 8, 6, 8, 3, 4, 1, 8, 3, 2, 8]
位置：['后', '后', '后', '后', '前', '前', '后', '前', '后', '后', '后', '前', '后', '后', '后', '前', '后', '后', '前', '后']
均值：4.95
前排总数：6
后排总数：14
2022-10-11 04:56:57
位置值历史：[4, 7, 8, 6, 2, 4, 2, 4, 8, 8, 6, 8, 3, 4, 1, 8, 3, 2, 8, 1]
位置：['后', '后', '后', '前', '前', '后', '前', '后', '后', '后', '前', '后', '后', '后', '前', '后', '后', '前', '后', '前']
均值：4.85
前排总数：7
后排总数：13
2022-10-11 04:57:55
位置值历史：[7, 8, 6, 2, 4, 2, 4, 8, 8, 6, 8, 3, 4, 1, 8, 3, 2, 8, 1, 7]
位置：['后', '后', '前', '前', '后', '前', '后', '后', '后', '前', '后', '后', '后', '前', '后', '后', '前', '后', '前', '后']
均值：5.0
前排总数：7
后排总数：13
2022-10-11 04:58:53
位置值历史：[8, 6, 2, 4, 2, 4, 8, 8, 6, 8, 3, 4, 1, 8, 3, 2, 8, 1, 7, 2]
位置：['后', '前', '前', '后', '前', '后', '后', '后', '前', '后', '后', '后', '前', '后', '后', '前', '后', '前', '后', '前']
均值：4.75
前排总数：8
后排总数：12
2022-10-11 04:59:51
位置值历史：[6, 2, 4, 2, 4, 8, 8, 6, 8, 3, 4, 1, 8, 3, 2, 8, 1, 7, 2, 1]
位置：['前', '前', '后', '前', '后', '后', '后', '前', '后', '后', '后', '前', '后', '后', '前', '后', '前', '后', '前', '前']
均值：4.4
前排总数：9
后排总数：11
2022-10-11 05:00:49
位置值历史：[2, 4, 2, 4, 8, 8, 6, 8, 3, 4, 1, 8, 3, 2, 8, 1, 7, 2, 1, 2]
位置：['前', '后', '前', '后', '后', '后', '前', '后', '后', '后', '前', '后', '后', '前', '后', '前', '后', '前', '前', '前']
均值：4.2
前排总数：9
后排总数：11
2022-10-11 05:01:47
位置值历史：[4, 2, 4, 8, 8, 6, 8, 3, 4, 1, 8, 3, 2, 8, 1, 7, 2, 1, 2, 3]
位置：['后', '前', '后', '后', '后', '前', '后', '后', '后', '前', '后', '后', '前', '后', '前', '后', '前', '前', '前', '后']
均值：4.25
前排总数：8
后排总数：12
2022-10-11 05:02:45
位置值历史：[2, 4, 8, 8, 6, 8, 3, 4, 1, 8, 3, 2, 8, 1, 7, 2, 1, 2, 3, 4]
位置：['前', '后', '后', '后', '前', '后', '后', '后', '前', '后', '后', '前', '后', '前', '后', '前', '前', '前', '后', '后']
均值：4.25
前排总数：8
后排总数：12
2022-10-11 05:03:43
位置值历史：[4, 8, 8, 6, 8, 3, 4, 1, 8, 3, 2, 8, 1, 7, 2, 1, 2, 3, 4, 5]
位置：['后', '后', '后', '前', '后', '后', '后', '前', '后', '后', '前', '后', '前', '后', '前', '前', '前', '后', '后', '前']
均值：4.4
前排总数：8
后排总数：12
2022-10-11 05:04:41
位置值历史：[8, 8, 6, 8, 3, 4, 1, 8, 3, 2, 8, 1, 7, 2, 1, 2, 3, 4, 5, 5]
位置：['后', '后', '前', '后', '后', '后', '前', '后', '后', '前', '后', '前', '后', '前', '前', '前', '后', '后', '前', '前']
均值：4.45
前排总数：9
后排总数：11
2022-10-11 05:05:39
位置值历史：[8, 6, 8, 3, 4, 1, 8, 3, 2, 8, 1, 7, 2, 1, 2, 3, 4, 5, 5, 1]
位置：['后', '前', '后', '后', '后', '前', '后', '后', '前', '后', '前', '后', '前', '前', '前', '后', '后', '前', '前', '前']
均值：4.1
前排总数：10
后排总数：10
2022-10-11 05:06:37
位置值历史：[6, 8, 3, 4, 1, 8, 3, 2, 8, 1, 7, 2, 1, 2, 3, 4, 5, 5, 1, 1]
位置：['前', '后', '后', '后', '前', '后', '后', '前', '后', '前', '后', '前', '前', '前', '后', '后', '前', '前', '前', '前']
均值：3.75
前排总数：11
后排总数：9
2022-10-11 05:07:35
位置值历史：[8, 3, 4, 1, 8, 3, 2, 8, 1, 7, 2, 1, 2, 3, 4, 5, 5, 1, 1, 3]
位置：['后', '后', '后', '前', '后', '后', '前', '后', '前', '后', '前', '前', '前', '后', '后', '前', '前', '前', '前', '后']
均值：3.6
前排总数：10
后排总数：10
2022-10-11 05:08:33
位置值历史：[3, 4, 1, 8, 3, 2, 8, 1, 7, 2, 1, 2, 3, 4, 5, 5, 1, 1, 3, 5]
位置：['后', '后', '前', '后', '后', '前', '后', '前', '后', '前', '前', '前', '后', '后', '前', '前', '前', '前', '后', '前']
均值：3.45
前排总数：11
后排总数：9
2022-10-11 05:09:31
位置值历史：[4, 1, 8, 3, 2, 8, 1, 7, 2, 1, 2, 3, 4, 5, 5, 1, 1, 3, 5, 3]
位置：['后', '前', '后', '后', '前', '后', '前', '后', '前', '前', '前', '后', '后', '前', '前', '前', '前', '后', '前', '后']
均值：3.45
前排总数：11
后排总数：9
2022-10-11 05:10:29
位置值历史：[1, 8, 3, 2, 8, 1, 7, 2, 1, 2, 3, 4, 5, 5, 1, 1, 3, 5, 3, 1]
位置：['前', '后', '后', '前', '后', '前', '后', '前', '前', '前', '后', '后', '前', '前', '前', '前', '后', '前', '后', '前']
均值：3.3
前排总数：12
后排总数：8
2022-10-11 05:11:27
位置值历史：[8, 3, 2, 8, 1, 7, 2, 1, 2, 3, 4, 5, 5, 1, 1, 3, 5, 3, 1, 1]
位置：['后', '后', '前', '后', '前', '后', '前', '前', '前', '后', '后', '前', '前', '前', '前', '后', '前', '后', '前', '前']
均值：3.3
前排总数：12
后排总数：8
2022-10-11 05:12:25
位置值历史：[3, 2, 8, 1, 7, 2, 1, 2, 3, 4, 5, 5, 1, 1, 3, 5, 3, 1, 1, 4]
位置：['后', '前', '后', '前', '后', '前', '前', '前', '后', '后', '前', '前', '前', '前', '后', '前', '后', '前', '前', '后']
均值：3.1
前排总数：12
后排总数：8
2022-10-11 05:13:23
位置值历史：[2, 8, 1, 7, 2, 1, 2, 3, 4, 5, 5, 1, 1, 3, 5, 3, 1, 1, 4, 2]
位置：['前', '后', '前', '后', '前', '前', '前', '后', '后', '前', '前', '前', '前', '后', '前', '后', '前', '前', '后', '前']
均值：3.05
前排总数：13
后排总数：7
2022-10-11 05:14:21
位置值历史：[8, 1, 7, 2, 1, 2, 3, 4, 5, 5, 1, 1, 3, 5, 3, 1, 1, 4, 2, 4]
位置：['后', '前', '后', '前', '前', '前', '后', '后', '前', '前', '前', '前', '后', '前', '后', '前', '前', '后', '前', '后']
均值：3.15
前排总数：12
后排总数：8
2022-10-11 05:15:19
位置值历史：[1, 7, 2, 1, 2, 3, 4, 5, 5, 1, 1, 3, 5, 3, 1, 1, 4, 2, 4, 4]
位置：['前', '后', '前', '前', '前', '后', '后', '前', '前', '前', '前', '后', '前', '后', '前', '前', '后', '前', '后', '后']
均值：2.95
前排总数：12
后排总数：8
2022-10-11 05:16:17
位置值历史：[7, 2, 1, 2, 3, 4, 5, 5, 1, 1, 3, 5, 3, 1, 1, 4, 2, 4, 4, 4]
位置：['后', '前', '前', '前', '后', '后', '前', '前', '前', '前', '后', '前', '后', '前', '前', '后', '前', '后', '后', '后']
均值：3.1
前排总数：11
后排总数：9
2022-10-11 05:17:15
位置值历史：[2, 1, 2, 3, 4, 5, 5, 1, 1, 3, 5, 3, 1, 1, 4, 2, 4, 4, 4, 4]
位置：['前', '前', '前', '后', '后', '前', '前', '前', '前', '后', '前', '后', '前', '前', '后', '前', '后', '后', '后', '后']
均值：2.95
前排总数：11
后排总数：9
2022-10-11 05:18:13
位置值历史：[1, 2, 3, 4, 5, 5, 1, 1, 3, 5, 3, 1, 1, 4, 2, 4, 4, 4, 4, 8]
位置：['前', '前', '后', '后', '前', '前', '前', '前', '后', '前', '后', '前', '前', '后', '前', '后', '后', '后', '后', '后']
均值：3.25
前排总数：10
后排总数：10
2022-10-11 05:19:11
位置值历史：[2, 3, 4, 5, 5, 1, 1, 3, 5, 3, 1, 1, 4, 2, 4, 4, 4, 4, 8, 3]
位置：['前', '后', '后', '前', '前', '前', '前', '后', '前', '后', '前', '前', '后', '前', '后', '后', '后', '后', '后', '后']
均值：3.35
前排总数：9
后排总数：11
2022-10-11 05:20:09
位置值历史：[3, 4, 5, 5, 1, 1, 3, 5, 3, 1, 1, 4, 2, 4, 4, 4, 4, 8, 3, 3]
位置：['后', '后', '前', '前', '前', '前', '后', '前', '后', '前', '前', '后', '前', '后', '后', '后', '后', '后', '后', '后']
均值：3.4
前排总数：8
后排总数：12
2022-10-11 05:21:07
位置值历史：[4, 5, 5, 1, 1, 3, 5, 3, 1, 1, 4, 2, 4, 4, 4, 4, 8, 3, 3, 4]
位置：['后', '前', '前', '前', '前', '后', '前', '后', '前', '前', '后', '前', '后', '后', '后', '后', '后', '后', '后', '后']
均值：3.45
前排总数：8
后排总数：12
2022-10-11 05:22:05
位置值历史：[5, 5, 1, 1, 3, 5, 3, 1, 1, 4, 2, 4, 4, 4, 4, 8, 3, 3, 4, 5]
位置：['前', '前', '前', '前', '后', '前', '后', '前', '前', '后', '前', '后', '后', '后', '后', '后', '后', '后', '后', '前']
均值：3.5
前排总数：9
后排总数：11
2022-10-11 05:23:03
位置值历史：[5, 1, 1, 3, 5, 3, 1, 1, 4, 2, 4, 4, 4, 4, 8, 3, 3, 4, 5, 5]
位置：['前', '前', '前', '后', '前', '后', '前', '前', '后', '前', '后', '后', '后', '后', '后', '后', '后', '后', '前', '前']
均值：3.5
前排总数：9
后排总数：11
2022-10-11 05:24:01
位置值历史：[1, 1, 3, 5, 3, 1, 1, 4, 2, 4, 4, 4, 4, 8, 3, 3, 4, 5, 5, 2]
位置：['前', '前', '后', '前', '后', '前', '前', '后', '前', '后', '后', '后', '后', '后', '后', '后', '后', '前', '前', '前']
均值：3.35
前排总数：9
后排总数：11
2022-10-11 05:24:59
位置值历史：[1, 3, 5, 3, 1, 1, 4, 2, 4, 4, 4, 4, 8, 3, 3, 4, 5, 5, 2, 7]
位置：['前', '后', '前', '后', '前', '前', '后', '前', '后', '后', '后', '后', '后', '后', '后', '后', '前', '前', '前', '后']
均值：3.65
前排总数：8
后排总数：12
2022-10-11 05:25:57
位置值历史：[3, 5, 3, 1, 1, 4, 2, 4, 4, 4, 4, 8, 3, 3, 4, 5, 5, 2, 7, 6]
位置：['后', '前', '后', '前', '前', '后', '前', '后', '后', '后', '后', '后', '后', '后', '后', '前', '前', '前', '后', '前']
均值：3.9
前排总数：8
后排总数：12
2022-10-11 05:26:55
位置值历史：[5, 3, 1, 1, 4, 2, 4, 4, 4, 4, 8, 3, 3, 4, 5, 5, 2, 7, 6, 1]
位置：['前', '后', '前', '前', '后', '前', '后', '后', '后', '后', '后', '后', '后', '后', '前', '前', '前', '后', '前', '前']
均值：3.8
前排总数：9
后排总数：11
2022-10-11 05:27:53
位置值历史：[3, 1, 1, 4, 2, 4, 4, 4, 4, 8, 3, 3, 4, 5, 5, 2, 7, 6, 1, 5]
位置：['后', '前', '前', '后', '前', '后', '后', '后', '后', '后', '后', '后', '后', '前', '前', '前', '后', '前', '前', '前']
均值：3.8
前排总数：9
后排总数：11
2022-10-11 05:28:51
位置值历史：[1, 1, 4, 2, 4, 4, 4, 4, 8, 3, 3, 4, 5, 5, 2, 7, 6, 1, 5, 2]
位置：['前', '前', '后', '前', '后', '后', '后', '后', '后', '后', '后', '后', '前', '前', '前', '后', '前', '前', '前', '前']
均值：3.75
前排总数：10
后排总数：10
2022-10-11 05:29:49
位置值历史：[1, 4, 2, 4, 4, 4, 4, 8, 3, 3, 4, 5, 5, 2, 7, 6, 1, 5, 2, 7]
位置：['前', '后', '前', '后', '后', '后', '后', '后', '后', '后', '后', '前', '前', '前', '后', '前', '前', '前', '前', '后']
均值：4.05
前排总数：9
后排总数：11
2022-10-11 05:30:47
位置值历史：[4, 2, 4, 4, 4, 4, 8, 3, 3, 4, 5, 5, 2, 7, 6, 1, 5, 2, 7, 3]
位置：['后', '前', '后', '后', '后', '后', '后', '后', '后', '后', '前', '前', '前', '后', '前', '前', '前', '前', '后', '后']
均值：4.15
前排总数：8
后排总数：12
2022-10-11 05:31:45
位置值历史：[2, 4, 4, 4, 4, 8, 3, 3, 4, 5, 5, 2, 7, 6, 1, 5, 2, 7, 3, 1]
位置：['前', '后', '后', '后', '后', '后', '后', '后', '后', '前', '前', '前', '后', '前', '前', '前', '前', '后', '后', '前']
均值：4.0
前排总数：9
后排总数：11
2022-10-11 05:32:43
位置值历史：[4, 4, 4, 4, 8, 3, 3, 4, 5, 5, 2, 7, 6, 1, 5, 2, 7, 3, 1, 3]
位置：['后', '后', '后', '后', '后', '后', '后', '后', '前', '前', '前', '后', '前', '前', '前', '前', '后', '后', '前', '后']
均值：4.05
前排总数：8
后排总数：12
2022-10-11 05:33:41
位置值历史：[4, 4, 4, 8, 3, 3, 4, 5, 5, 2, 7, 6, 1, 5, 2, 7, 3, 1, 3, 1]
位置：['后', '后', '后', '后', '后', '后', '后', '前', '前', '前', '后', '前', '前', '前', '前', '后', '后', '前', '后', '前']
均值：3.9
前排总数：9
后排总数：11
2022-10-11 05:34:39
位置值历史：[4, 4, 8, 3, 3, 4, 5, 5, 2, 7, 6, 1, 5, 2, 7, 3, 1, 3, 1, 4]
位置：['后', '后', '后', '后', '后', '后', '前', '前', '前', '后', '前', '前', '前', '前', '后', '后', '前', '后', '前', '后']
均值：3.9
前排总数：9
后排总数：11
2022-10-11 05:35:37
位置值历史：[4, 8, 3, 3, 4, 5, 5, 2, 7, 6, 1, 5, 2, 7, 3, 1, 3, 1, 4, 1]
位置：['后', '后', '后', '后', '后', '前', '前', '前', '后', '前', '前', '前', '前', '后', '后', '前', '后', '前', '后', '前']
均值：3.75
前排总数：10
后排总数：10
2022-10-11 05:36:35
位置值历史：[8, 3, 3, 4, 5, 5, 2, 7, 6, 1, 5, 2, 7, 3, 1, 3, 1, 4, 1, 1]
位置：['后', '后', '后', '后', '前', '前', '前', '后', '前', '前', '前', '前', '后', '后', '前', '后', '前', '后', '前', '前']
均值：3.6
前排总数：11
后排总数：9
2022-10-11 05:37:33
位置值历史：[3, 3, 4, 5, 5, 2, 7, 6, 1, 5, 2, 7, 3, 1, 3, 1, 4, 1, 1, 3]
位置：['后', '后', '后', '前', '前', '前', '后', '前', '前', '前', '前', '后', '后', '前', '后', '前', '后', '前', '前', '后']
均值：3.35
前排总数：11
后排总数：9
2022-10-11 05:38:31
位置值历史：[3, 4, 5, 5, 2, 7, 6, 1, 5, 2, 7, 3, 1, 3, 1, 4, 1, 1, 3, 3]
位置：['后', '后', '前', '前', '前', '后', '前', '前', '前', '前', '后', '后', '前', '后', '前', '后', '前', '前', '后', '后']
均值：3.35
前排总数：11
后排总数：9
2022-10-11 05:39:29
位置值历史：[4, 5, 5, 2, 7, 6, 1, 5, 2, 7, 3, 1, 3, 1, 4, 1, 1, 3, 3, 3]
位置：['后', '前', '前', '前', '后', '前', '前', '前', '前', '后', '后', '前', '后', '前', '后', '前', '前', '后', '后', '后']
均值：3.35
前排总数：11
后排总数：9
2022-10-11 05:40:27
位置值历史：[5, 5, 2, 7, 6, 1, 5, 2, 7, 3, 1, 3, 1, 4, 1, 1, 3, 3, 3, 4]
位置：['前', '前', '前', '后', '前', '前', '前', '前', '后', '后', '前', '后', '前', '后', '前', '前', '后', '后', '后', '后']
均值：3.35
前排总数：11
后排总数：9
2022-10-11 05:41:25
位置值历史：[5, 2, 7, 6, 1, 5, 2, 7, 3, 1, 3, 1, 4, 1, 1, 3, 3, 3, 4, 1]
位置：['前', '前', '后', '前', '前', '前', '前', '后', '后', '前', '后', '前', '后', '前', '前', '后', '后', '后', '后', '前']
均值：3.15
前排总数：11
后排总数：9
2022-10-11 05:42:23
位置值历史：[2, 7, 6, 1, 5, 2, 7, 3, 1, 3, 1, 4, 1, 1, 3, 3, 3, 4, 1, 6]
位置：['前', '后', '前', '前', '前', '前', '后', '后', '前', '后', '前', '后', '前', '前', '后', '后', '后', '后', '前', '前']
均值：3.2
前排总数：11
后排总数：9
2022-10-11 05:43:21
位置值历史：[7, 6, 1, 5, 2, 7, 3, 1, 3, 1, 4, 1, 1, 3, 3, 3, 4, 1, 6, 2]
位置：['后', '前', '前', '前', '前', '后', '后', '前', '后', '前', '后', '前', '前', '后', '后', '后', '后', '前', '前', '前']
均值：3.2
前排总数：11
后排总数：9
2022-10-11 05:44:19
位置值历史：[6, 1, 5, 2, 7, 3, 1, 3, 1, 4, 1, 1, 3, 3, 3, 4, 1, 6, 2, 2]
位置：['前', '前', '前', '前', '后', '后', '前', '后', '前', '后', '前', '前', '后', '后', '后', '后', '前', '前', '前', '前']
均值：2.95
前排总数：12
后排总数：8
2022-10-11 05:45:17
位置值历史：[1, 5, 2, 7, 3, 1, 3, 1, 4, 1, 1, 3, 3, 3, 4, 1, 6, 2, 2, 2]
位置：['前', '前', '前', '后', '后', '前', '后', '前', '后', '前', '前', '后', '后', '后', '后', '前', '前', '前', '前', '前']
均值：2.75
前排总数：12
后排总数：8
2022-10-11 05:46:15
位置值历史：[5, 2, 7, 3, 1, 3, 1, 4, 1, 1, 3, 3, 3, 4, 1, 6, 2, 2, 2, 3]
位置：['前', '前', '后', '后', '前', '后', '前', '后', '前', '前', '后', '后', '后', '后', '前', '前', '前', '前', '前', '后']
均值：2.85
前排总数：11
后排总数：9
2022-10-11 05:47:13
位置值历史：[2, 7, 3, 1, 3, 1, 4, 1, 1, 3, 3, 3, 4, 1, 6, 2, 2, 2, 3, 4]
位置：['前', '后', '后', '前', '后', '前', '后', '前', '前', '后', '后', '后', '后', '前', '前', '前', '前', '前', '后', '后']
均值：2.8
前排总数：10
后排总数：10
2022-10-11 05:48:11
位置值历史：[7, 3, 1, 3, 1, 4, 1, 1, 3, 3, 3, 4, 1, 6, 2, 2, 2, 3, 4, 1]
位置：['后', '后', '前', '后', '前', '后', '前', '前', '后', '后', '后', '后', '前', '前', '前', '前', '前', '后', '后', '前']
均值：2.75
前排总数：10
后排总数：10
2022-10-11 05:49:09
位置值历史：[3, 1, 3, 1, 4, 1, 1, 3, 3, 3, 4, 1, 6, 2, 2, 2, 3, 4, 1, 4]
位置：['后', '前', '后', '前', '后', '前', '前', '后', '后', '后', '后', '前', '前', '前', '前', '前', '后', '后', '前', '后']
均值：2.6
前排总数：10
后排总数：10
2022-10-11 05:50:07
位置值历史：[1, 3, 1, 4, 1, 1, 3, 3, 3, 4, 1, 6, 2, 2, 2, 3, 4, 1, 4, 3]
位置：['前', '后', '前', '后', '前', '前', '后', '后', '后', '后', '前', '前', '前', '前', '前', '后', '后', '前', '后', '后']
均值：2.6
前排总数：10
后排总数：10
2022-10-11 05:51:05
位置值历史：[3, 1, 4, 1, 1, 3, 3, 3, 4, 1, 6, 2, 2, 2, 3, 4, 1, 4, 3, 3]
位置：['后', '前', '后', '前', '前', '后', '后', '后', '后', '前', '前', '前', '前', '前', '后', '后', '前', '后', '后', '后']
均值：2.7
前排总数：9
后排总数：11
2022-10-11 05:52:03
位置值历史：[1, 4, 1, 1, 3, 3, 3, 4, 1, 6, 2, 2, 2, 3, 4, 1, 4, 3, 3, 4]
位置：['前', '后', '前', '前', '后', '后', '后', '后', '前', '前', '前', '前', '前', '后', '后', '前', '后', '后', '后', '后']
均值：2.75
前排总数：9
后排总数：11
2022-10-11 05:53:01
位置值历史：[4, 1, 1, 3, 3, 3, 4, 1, 6, 2, 2, 2, 3, 4, 1, 4, 3, 3, 4, 4]
位置：['后', '前', '前', '后', '后', '后', '后', '前', '前', '前', '前', '前', '后', '后', '前', '后', '后', '后', '后', '后']
均值：2.9
前排总数：8
后排总数：12
2022-10-11 05:53:59
位置值历史：[1, 1, 3, 3, 3, 4, 1, 6, 2, 2, 2, 3, 4, 1, 4, 3, 3, 4, 4, 3]
位置：['前', '前', '后', '后', '后', '后', '前', '前', '前', '前', '前', '后', '后', '前', '后', '后', '后', '后', '后', '后']
均值：2.85
前排总数：8
后排总数：12
2022-10-11 05:54:57
位置值历史：[1, 3, 3, 3, 4, 1, 6, 2, 2, 2, 3, 4, 1, 4, 3, 3, 4, 4, 3, 3]
位置：['前', '后', '后', '后', '后', '前', '前', '前', '前', '前', '后', '后', '前', '后', '后', '后', '后', '后', '后', '后']
均值：2.95
前排总数：7
后排总数：13
2022-10-11 05:55:55
位置值历史：[3, 3, 3, 4, 1, 6, 2, 2, 2, 3, 4, 1, 4, 3, 3, 4, 4, 3, 3, 3]
位置：['后', '后', '后', '后', '前', '前', '前', '前', '前', '后', '后', '前', '后', '后', '后', '后', '后', '后', '后', '后']
均值：3.05
前排总数：6
后排总数：14
2022-10-11 05:56:53
位置值历史：[3, 3, 4, 1, 6, 2, 2, 2, 3, 4, 1, 4, 3, 3, 4, 4, 3, 3, 3, 2]
位置：['后', '后', '后', '前', '前', '前', '前', '前', '后', '后', '前', '后', '后', '后', '后', '后', '后', '后', '后', '前']
均值：3.0
前排总数：7
后排总数：13
2022-10-11 05:57:51
位置值历史：[3, 4, 1, 6, 2, 2, 2, 3, 4, 1, 4, 3, 3, 4, 4, 3, 3, 3, 2, 4]
位置：['后', '后', '前', '前', '前', '前', '前', '后', '后', '前', '后', '后', '后', '后', '后', '后', '后', '后', '前', '后']
均值：3.05
前排总数：7
后排总数：13
2022-10-11 05:58:49
位置值历史：[4, 1, 6, 2, 2, 2, 3, 4, 1, 4, 3, 3, 4, 4, 3, 3, 3, 2, 4, 2]
位置：['后', '前', '前', '前', '前', '前', '后', '后', '前', '后', '后', '后', '后', '后', '后', '后', '后', '前', '后', '前']
均值：3.0
前排总数：8
后排总数：12
2022-10-11 05:59:47
位置值历史：[1, 6, 2, 2, 2, 3, 4, 1, 4, 3, 3, 4, 4, 3, 3, 3, 2, 4, 2, 4]
位置：['前', '前', '前', '前', '前', '后', '后', '前', '后', '后', '后', '后', '后', '后', '后', '后', '前', '后', '前', '后']
均值：3.0
前排总数：8
后排总数：12
2022-10-11 06:00:45
位置值历史：[6, 2, 2, 2, 3, 4, 1, 4, 3, 3, 4, 4, 3, 3, 3, 2, 4, 2, 4, 3]
位置：['前', '前', '前', '前', '后', '后', '前', '后', '后', '后', '后', '后', '后', '后', '后', '前', '后', '前', '后', '后']
均值：3.1
前排总数：7
后排总数：13
2022-10-11 06:01:43
位置值历史：[2, 2, 2, 3, 4, 1, 4, 3, 3, 4, 4, 3, 3, 3, 2, 4, 2, 4, 3, 4]
位置：['前', '前', '前', '后', '后', '前', '后', '后', '后', '后', '后', '后', '后', '后', '前', '后', '前', '后', '后', '后']
均值：3.0
前排总数：6
后排总数：14
2022-10-11 06:02:41
位置值历史：[2, 2, 3, 4, 1, 4, 3, 3, 4, 4, 3, 3, 3, 2, 4, 2, 4, 3, 4, 2]
位置：['前', '前', '后', '后', '前', '后', '后', '后', '后', '后', '后', '后', '后', '前', '后', '前', '后', '后', '后', '前']
均值：3.0
前排总数：6
后排总数：14
2022-10-11 06:03:39
位置值历史：[2, 3, 4, 1, 4, 3, 3, 4, 4, 3, 3, 3, 2, 4, 2, 4, 3, 4, 2, 2]
位置：['前', '后', '后', '前', '后', '后', '后', '后', '后', '后', '后', '后', '前', '后', '前', '后', '后', '后', '前', '前']
均值：3.0
前排总数：6
后排总数：14
2022-10-11 06:04:37
位置值历史：[3, 4, 1, 4, 3, 3, 4, 4, 3, 3, 3, 2, 4, 2, 4, 3, 4, 2, 2, 3]
位置：['后', '后', '前', '后', '后', '后', '后', '后', '后', '后', '后', '前', '后', '前', '后', '后', '后', '前', '前', '后']
均值：3.05
前排总数：5
后排总数：15
2022-10-11 06:05:35
位置值历史：[4, 1, 4, 3, 3, 4, 4, 3, 3, 3, 2, 4, 2, 4, 3, 4, 2, 2, 3, 1]
位置：['后', '前', '后', '后', '后', '后', '后', '后', '后', '后', '前', '后', '前', '后', '后', '后', '前', '前', '后', '前']
均值：2.95
前排总数：6
后排总数：14
2022-10-11 06:06:33
位置值历史：[1, 4, 3, 3, 4, 4, 3, 3, 3, 2, 4, 2, 4, 3, 4, 2, 2, 3, 1, 2]
位置：['前', '后', '后', '后', '后', '后', '后', '后', '后', '前', '后', '前', '后', '后', '后', '前', '前', '后', '前', '前']
均值：2.85
前排总数：7
后排总数：13
2022-10-11 06:07:31
位置值历史：[4, 3, 3, 4, 4, 3, 3, 3, 2, 4, 2, 4, 3, 4, 2, 2, 3, 1, 2, 7]
位置：['后', '后', '后', '后', '后', '后', '后', '后', '前', '后', '前', '后', '后', '后', '前', '前', '后', '前', '前', '后']
均值：3.15
前排总数：6
后排总数：14
2022-10-11 06:08:29
位置值历史：[3, 3, 4, 4, 3, 3, 3, 2, 4, 2, 4, 3, 4, 2, 2, 3, 1, 2, 7, 4]
位置：['后', '后', '后', '后', '后', '后', '后', '前', '后', '前', '后', '后', '后', '前', '前', '后', '前', '前', '后', '后']
均值：3.15
前排总数：6
后排总数：14
2022-10-11 06:09:27
位置值历史：[3, 4, 4, 3, 3, 3, 2, 4, 2, 4, 3, 4, 2, 2, 3, 1, 2, 7, 4, 2]
位置：['后', '后', '后', '后', '后', '后', '前', '后', '前', '后', '后', '后', '前', '前', '后', '前', '前', '后', '后', '前']
均值：3.1
前排总数：7
后排总数：13
2022-10-11 06:10:25
位置值历史：[4, 4, 3, 3, 3, 2, 4, 2, 4, 3, 4, 2, 2, 3, 1, 2, 7, 4, 2, 7]
位置：['后', '后', '后', '后', '后', '前', '后', '前', '后', '后', '后', '前', '前', '后', '前', '前', '后', '后', '前', '后']
均值：3.3
前排总数：7
后排总数：13
2022-10-11 06:11:23
位置值历史：[4, 3, 3, 3, 2, 4, 2, 4, 3, 4, 2, 2, 3, 1, 2, 7, 4, 2, 7, 3]
位置：['后', '后', '后', '后', '前', '后', '前', '后', '后', '后', '前', '前', '后', '前', '前', '后', '后', '前', '后', '后']
均值：3.25
前排总数：7
后排总数：13
2022-10-11 06:12:21
位置值历史：[3, 3, 3, 2, 4, 2, 4, 3, 4, 2, 2, 3, 1, 2, 7, 4, 2, 7, 3, 2]
位置：['后', '后', '后', '前', '后', '前', '后', '后', '后', '前', '前', '后', '前', '前', '后', '后', '前', '后', '后', '前']
均值：3.15
前排总数：8
后排总数：12
2022-10-11 06:13:19
位置值历史：[3, 3, 2, 4, 2, 4, 3, 4, 2, 2, 3, 1, 2, 7, 4, 2, 7, 3, 2, 7]
位置：['后', '后', '前', '后', '前', '后', '后', '后', '前', '前', '后', '前', '前', '后', '后', '前', '后', '后', '前', '后']
均值：3.35
前排总数：8
后排总数：12
2022-10-11 06:14:17
位置值历史：[3, 2, 4, 2, 4, 3, 4, 2, 2, 3, 1, 2, 7, 4, 2, 7, 3, 2, 7, 4]
位置：['后', '前', '后', '前', '后', '后', '后', '前', '前', '后', '前', '前', '后', '后', '前', '后', '后', '前', '后', '后']
均值：3.4
前排总数：8
后排总数：12
2022-10-11 06:15:15
位置值历史：[2, 4, 2, 4, 3, 4, 2, 2, 3, 1, 2, 7, 4, 2, 7, 3, 2, 7, 4, 1]
位置：['前', '后', '前', '后', '后', '后', '前', '前', '后', '前', '前', '后', '后', '前', '后', '后', '前', '后', '后', '前']
均值：3.3
前排总数：9
后排总数：11
2022-10-11 06:16:13
位置值历史：[4, 2, 4, 3, 4, 2, 2, 3, 1, 2, 7, 4, 2, 7, 3, 2, 7, 4, 1, 1]
位置：['后', '前', '后', '后', '后', '前', '前', '后', '前', '前', '后', '后', '前', '后', '后', '前', '后', '后', '前', '前']
均值：3.25
前排总数：9
后排总数：11
2022-10-11 06:17:11
位置值历史：[2, 4, 3, 4, 2, 2, 3, 1, 2, 7, 4, 2, 7, 3, 2, 7, 4, 1, 1, 8]
位置：['前', '后', '后', '后', '前', '前', '后', '前', '前', '后', '后', '前', '后', '后', '前', '后', '后', '前', '前', '后']
均值：3.45
前排总数：9
后排总数：11
2022-10-11 06:18:09
位置值历史：[4, 3, 4, 2, 2, 3, 1, 2, 7, 4, 2, 7, 3, 2, 7, 4, 1, 1, 8, 6]
位置：['后', '后', '后', '前', '前', '后', '前', '前', '后', '后', '前', '后', '后', '前', '后', '后', '前', '前', '后', '前']
均值：3.65
前排总数：9
后排总数：11
2022-10-11 06:19:07
位置值历史：[3, 4, 2, 2, 3, 1, 2, 7, 4, 2, 7, 3, 2, 7, 4, 1, 1, 8, 6, 6]
位置：['后', '后', '前', '前', '后', '前', '前', '后', '后', '前', '后', '后', '前', '后', '后', '前', '前', '后', '前', '前']
均值：3.75
前排总数：10
后排总数：10
2022-10-11 06:20:05
位置值历史：[4, 2, 2, 3, 1, 2, 7, 4, 2, 7, 3, 2, 7, 4, 1, 1, 8, 6, 6, 3]
位置：['后', '前', '前', '后', '前', '前', '后', '后', '前', '后', '后', '前', '后', '后', '前', '前', '后', '前', '前', '后']
均值：3.75
前排总数：10
后排总数：10
2022-10-11 06:21:03
位置值历史：[2, 2, 3, 1, 2, 7, 4, 2, 7, 3, 2, 7, 4, 1, 1, 8, 6, 6, 3, 1]
位置：['前', '前', '后', '前', '前', '后', '后', '前', '后', '后', '前', '后', '后', '前', '前', '后', '前', '前', '后', '前']
均值：3.6
前排总数：11
后排总数：9
2022-10-11 06:22:01
位置值历史：[2, 3, 1, 2, 7, 4, 2, 7, 3, 2, 7, 4, 1, 1, 8, 6, 6, 3, 1, 1]
位置：['前', '后', '前', '前', '后', '后', '前', '后', '后', '前', '后', '后', '前', '前', '后', '前', '前', '后', '前', '前']
均值：3.55
前排总数：11
后排总数：9
2022-10-11 06:22:59
位置值历史：[3, 1, 2, 7, 4, 2, 7, 3, 2, 7, 4, 1, 1, 8, 6, 6, 3, 1, 1, 4]
位置：['后', '前', '前', '后', '后', '前', '后', '后', '前', '后', '后', '前', '前', '后', '前', '前', '后', '前', '前', '后']
均值：3.65
前排总数：10
后排总数：10
2022-10-11 06:23:57
位置值历史：[1, 2, 7, 4, 2, 7, 3, 2, 7, 4, 1, 1, 8, 6, 6, 3, 1, 1, 4, 2]
位置：['前', '前', '后', '后', '前', '后', '后', '前', '后', '后', '前', '前', '后', '前', '前', '后', '前', '前', '后', '前']
均值：3.6
前排总数：11
后排总数：9
2022-10-11 06:24:55
位置值历史：[2, 7, 4, 2, 7, 3, 2, 7, 4, 1, 1, 8, 6, 6, 3, 1, 1, 4, 2, 3]
位置：['前', '后', '后', '前', '后', '后', '前', '后', '后', '前', '前', '后', '前', '前', '后', '前', '前', '后', '前', '后']
均值：3.7
前排总数：10
后排总数：10
2022-10-11 06:25:53
位置值历史：[7, 4, 2, 7, 3, 2, 7, 4, 1, 1, 8, 6, 6, 3, 1, 1, 4, 2, 3, 5]
位置：['后', '后', '前', '后', '后', '前', '后', '后', '前', '前', '后', '前', '前', '后', '前', '前', '后', '前', '后', '前']
均值：3.85
前排总数：10
后排总数：10
2022-10-11 06:26:51
位置值历史：[4, 2, 7, 3, 2, 7, 4, 1, 1, 8, 6, 6, 3, 1, 1, 4, 2, 3, 5, 8]
位置：['后', '前', '后', '后', '前', '后', '后', '前', '前', '后', '前', '前', '后', '前', '前', '后', '前', '后', '前', '后']
均值：3.9
前排总数：10
后排总数：10
2022-10-11 06:27:49
位置值历史：[2, 7, 3, 2, 7, 4, 1, 1, 8, 6, 6, 3, 1, 1, 4, 2, 3, 5, 8, 2]
位置：['前', '后', '后', '前', '后', '后', '前', '前', '后', '前', '前', '后', '前', '前', '后', '前', '后', '前', '后', '前']
均值：3.8
前排总数：11
后排总数：9
2022-10-11 06:28:47
位置值历史：[7, 3, 2, 7, 4, 1, 1, 8, 6, 6, 3, 1, 1, 4, 2, 3, 5, 8, 2, 3]
位置：['后', '后', '前', '后', '后', '前', '前', '后', '前', '前', '后', '前', '前', '后', '前', '后', '前', '后', '前', '后']
均值：3.85
前排总数：10
后排总数：10
2022-10-11 06:29:45
位置值历史：[3, 2, 7, 4, 1, 1, 8, 6, 6, 3, 1, 1, 4, 2, 3, 5, 8, 2, 3, 2]
位置：['后', '前', '后', '后', '前', '前', '后', '前', '前', '后', '前', '前', '后', '前', '后', '前', '后', '前', '后', '前']
均值：3.6
前排总数：11
后排总数：9
2022-10-11 06:30:43
位置值历史：[2, 7, 4, 1, 1, 8, 6, 6, 3, 1, 1, 4, 2, 3, 5, 8, 2, 3, 2, 2]
位置：['前', '后', '后', '前', '前', '后', '前', '前', '后', '前', '前', '后', '前', '后', '前', '后', '前', '后', '前', '前']
均值：3.55
前排总数：12
后排总数：8
2022-10-11 06:31:41
位置值历史：[7, 4, 1, 1, 8, 6, 6, 3, 1, 1, 4, 2, 3, 5, 8, 2, 3, 2, 2, 7]
位置：['后', '后', '前', '前', '后', '前', '前', '后', '前', '前', '后', '前', '后', '前', '后', '前', '后', '前', '前', '后']
均值：3.8
前排总数：11
后排总数：9
2022-10-11 06:32:39
位置值历史：[4, 1, 1, 8, 6, 6, 3, 1, 1, 4, 2, 3, 5, 8, 2, 3, 2, 2, 7, 2]
位置：['后', '前', '前', '后', '前', '前', '后', '前', '前', '后', '前', '后', '前', '后', '前', '后', '前', '前', '后', '前']
均值：3.55
前排总数：12
后排总数：8
2022-10-11 06:33:37
位置值历史：[1, 1, 8, 6, 6, 3, 1, 1, 4, 2, 3, 5, 8, 2, 3, 2, 2, 7, 2, 2]
位置：['前', '前', '后', '前', '前', '后', '前', '前', '后', '前', '后', '前', '后', '前', '后', '前', '前', '后', '前', '前']
均值：3.45
前排总数：13
后排总数：7
2022-10-11 06:34:35
位置值历史：[1, 8, 6, 6, 3, 1, 1, 4, 2, 3, 5, 8, 2, 3, 2, 2, 7, 2, 2, 1]
位置：['前', '后', '前', '前', '后', '前', '前', '后', '前', '后', '前', '后', '前', '后', '前', '前', '后', '前', '前', '前']
均值：3.45
前排总数：13
后排总数：7
2022-10-11 06:35:33
位置值历史：[8, 6, 6, 3, 1, 1, 4, 2, 3, 5, 8, 2, 3, 2, 2, 7, 2, 2, 1, 7]
位置：['后', '前', '前', '后', '前', '前', '后', '前', '后', '前', '后', '前', '后', '前', '前', '后', '前', '前', '前', '后']
均值：3.75
前排总数：12
后排总数：8
2022-10-11 06:36:31
位置值历史：[6, 6, 3, 1, 1, 4, 2, 3, 5, 8, 2, 3, 2, 2, 7, 2, 2, 1, 7, 2]
位置：['前', '前', '后', '前', '前', '后', '前', '后', '前', '后', '前', '后', '前', '前', '后', '前', '前', '前', '后', '前']
均值：3.45
前排总数：13
后排总数：7
2022-10-11 06:37:29
位置值历史：[6, 3, 1, 1, 4, 2, 3, 5, 8, 2, 3, 2, 2, 7, 2, 2, 1, 7, 2, 3]
位置：['前', '后', '前', '前', '后', '前', '后', '前', '后', '前', '后', '前', '前', '后', '前', '前', '前', '后', '前', '后']
均值：3.3
前排总数：12
后排总数：8
2022-10-11 06:38:27
位置值历史：[3, 1, 1, 4, 2, 3, 5, 8, 2, 3, 2, 2, 7, 2, 2, 1, 7, 2, 3, 3]
位置：['后', '前', '前', '后', '前', '后', '前', '后', '前', '后', '前', '前', '后', '前', '前', '前', '后', '前', '后', '后']
均值：3.15
前排总数：11
后排总数：9
2022-10-11 06:39:25
位置值历史：[1, 1, 4, 2, 3, 5, 8, 2, 3, 2, 2, 7, 2, 2, 1, 7, 2, 3, 3, 3]
位置：['前', '前', '后', '前', '后', '前', '后', '前', '后', '前', '前', '后', '前', '前', '前', '后', '前', '后', '后', '后']
均值：3.15
前排总数：11
后排总数：9
2022-10-11 06:40:23
位置值历史：[1, 4, 2, 3, 5, 8, 2, 3, 2, 2, 7, 2, 2, 1, 7, 2, 3, 3, 3, 3]
位置：['前', '后', '前', '后', '前', '后', '前', '后', '前', '前', '后', '前', '前', '前', '后', '前', '后', '后', '后', '后']
均值：3.25
前排总数：10
后排总数：10
2022-10-11 06:41:21
位置值历史：[4, 2, 3, 5, 8, 2, 3, 2, 2, 7, 2, 2, 1, 7, 2, 3, 3, 3, 3, 2]
位置：['后', '前', '后', '前', '后', '前', '后', '前', '前', '后', '前', '前', '前', '后', '前', '后', '后', '后', '后', '前']
均值：3.3
前排总数：10
后排总数：10
2022-10-11 06:42:19
位置值历史：[2, 3, 5, 8, 2, 3, 2, 2, 7, 2, 2, 1, 7, 2, 3, 3, 3, 3, 2, 4]
位置：['前', '后', '前', '后', '前', '后', '前', '前', '后', '前', '前', '前', '后', '前', '后', '后', '后', '后', '前', '后']
均值：3.3
前排总数：10
后排总数：10
2022-10-11 06:43:17
位置值历史：[3, 5, 8, 2, 3, 2, 2, 7, 2, 2, 1, 7, 2, 3, 3, 3, 3, 2, 4, 2]
位置：['后', '前', '后', '前', '后', '前', '前', '后', '前', '前', '前', '后', '前', '后', '后', '后', '后', '前', '后', '前']
均值：3.3
前排总数：10
后排总数：10
2022-10-11 06:44:15
位置值历史：[5, 8, 2, 3, 2, 2, 7, 2, 2, 1, 7, 2, 3, 3, 3, 3, 2, 4, 2, 4]
位置：['前', '后', '前', '后', '前', '前', '后', '前', '前', '前', '后', '前', '后', '后', '后', '后', '前', '后', '前', '后']
均值：3.35
前排总数：10
后排总数：10
2022-10-11 06:45:13
位置值历史：[8, 2, 3, 2, 2, 7, 2, 2, 1, 7, 2, 3, 3, 3, 3, 2, 4, 2, 4, 5]
位置：['后', '前', '后', '前', '前', '后', '前', '前', '前', '后', '前', '后', '后', '后', '后', '前', '后', '前', '后', '前']
均值：3.35
前排总数：10
后排总数：10
2022-10-11 06:46:11
位置值历史：[2, 3, 2, 2, 7, 2, 2, 1, 7, 2, 3, 3, 3, 3, 2, 4, 2, 4, 5, 6]
位置：['前', '后', '前', '前', '后', '前', '前', '前', '后', '前', '后', '后', '后', '后', '前', '后', '前', '后', '前', '前']
均值：3.25
前排总数：11
后排总数：9
2022-10-11 06:47:09
位置值历史：[3, 2, 2, 7, 2, 2, 1, 7, 2, 3, 3, 3, 3, 2, 4, 2, 4, 5, 6, 5]
位置：['后', '前', '前', '后', '前', '前', '前', '后', '前', '后', '后', '后', '后', '前', '后', '前', '后', '前', '前', '前']
均值：3.4
前排总数：11
后排总数：9
2022-10-11 06:48:07
位置值历史：[2, 2, 7, 2, 2, 1, 7, 2, 3, 3, 3, 3, 2, 4, 2, 4, 5, 6, 5, 4]
位置：['前', '前', '后', '前', '前', '前', '后', '前', '后', '后', '后', '后', '前', '后', '前', '后', '前', '前', '前', '后']
均值：3.45
前排总数：11
后排总数：9
2022-10-11 06:49:05
位置值历史：[2, 7, 2, 2, 1, 7, 2, 3, 3, 3, 3, 2, 4, 2, 4, 5, 6, 5, 4, 2]
位置：['前', '后', '前', '前', '前', '后', '前', '后', '后', '后', '后', '前', '后', '前', '后', '前', '前', '前', '后', '前']
均值：3.45
前排总数：11
后排总数：9
2022-10-11 06:50:03
位置值历史：[7, 2, 2, 1, 7, 2, 3, 3, 3, 3, 2, 4, 2, 4, 5, 6, 5, 4, 2, 4]
位置：['后', '前', '前', '前', '后', '前', '后', '后', '后', '后', '前', '后', '前', '后', '前', '前', '前', '后', '前', '后']
均值：3.55
前排总数：10
后排总数：10
2022-10-11 06:51:01
位置值历史：[2, 2, 1, 7, 2, 3, 3, 3, 3, 2, 4, 2, 4, 5, 6, 5, 4, 2, 4, 1]
位置：['前', '前', '前', '后', '前', '后', '后', '后', '后', '前', '后', '前', '后', '前', '前', '前', '后', '前', '后', '前']
均值：3.25
前排总数：11
后排总数：9
2022-10-11 06:51:59
位置值历史：[2, 1, 7, 2, 3, 3, 3, 3, 2, 4, 2, 4, 5, 6, 5, 4, 2, 4, 1, 4]
位置：['前', '前', '后', '前', '后', '后', '后', '后', '前', '后', '前', '后', '前', '前', '前', '后', '前', '后', '前', '后']
均值：3.35
前排总数：10
后排总数：10
2022-10-11 06:52:57
位置值历史：[1, 7, 2, 3, 3, 3, 3, 2, 4, 2, 4, 5, 6, 5, 4, 2, 4, 1, 4, 5]
位置：['前', '后', '前', '后', '后', '后', '后', '前', '后', '前', '后', '前', '前', '前', '后', '前', '后', '前', '后', '前']
均值：3.5
前排总数：10
后排总数：10
2022-10-11 06:53:55
位置值历史：[7, 2, 3, 3, 3, 3, 2, 4, 2, 4, 5, 6, 5, 4, 2, 4, 1, 4, 5, 5]
位置：['后', '前', '后', '后', '后', '后', '前', '后', '前', '后', '前', '前', '前', '后', '前', '后', '前', '后', '前', '前']
均值：3.7
前排总数：10
后排总数：10
2022-10-11 06:54:53
位置值历史：[2, 3, 3, 3, 3, 2, 4, 2, 4, 5, 6, 5, 4, 2, 4, 1, 4, 5, 5, 4]
位置：['前', '后', '后', '后', '后', '前', '后', '前', '后', '前', '前', '前', '后', '前', '后', '前', '后', '前', '前', '后']
均值：3.55
前排总数：10
后排总数：10
2022-10-11 06:55:51
位置值历史：[3, 3, 3, 3, 2, 4, 2, 4, 5, 6, 5, 4, 2, 4, 1, 4, 5, 5, 4, 2]
位置：['后', '后', '后', '后', '前', '后', '前', '后', '前', '前', '前', '后', '前', '后', '前', '后', '前', '前', '后', '前']
均值：3.55
前排总数：10
后排总数：10
2022-10-11 06:56:49
位置值历史：[3, 3, 3, 2, 4, 2, 4, 5, 6, 5, 4, 2, 4, 1, 4, 5, 5, 4, 2, 2]
位置：['后', '后', '后', '前', '后', '前', '后', '前', '前', '前', '后', '前', '后', '前', '后', '前', '前', '后', '前', '前']
均值：3.5
前排总数：11
后排总数：9
2022-10-11 06:57:47
位置值历史：[3, 3, 2, 4, 2, 4, 5, 6, 5, 4, 2, 4, 1, 4, 5, 5, 4, 2, 2, 4]
位置：['后', '后', '前', '后', '前', '后', '前', '前', '前', '后', '前', '后', '前', '后', '前', '前', '后', '前', '前', '后']
均值：3.55
前排总数：11
后排总数：9
2022-10-11 06:58:45
位置值历史：[3, 2, 4, 2, 4, 5, 6, 5, 4, 2, 4, 1, 4, 5, 5, 4, 2, 2, 4, 4]
位置：['后', '前', '后', '前', '后', '前', '前', '前', '后', '前', '后', '前', '后', '前', '前', '后', '前', '前', '后', '后']
均值：3.6
前排总数：11
后排总数：9
2022-10-11 06:59:43
位置值历史：[2, 4, 2, 4, 5, 6, 5, 4, 2, 4, 1, 4, 5, 5, 4, 2, 2, 4, 4, 3]
位置：['前', '后', '前', '后', '前', '前', '前', '后', '前', '后', '前', '后', '前', '前', '后', '前', '前', '后', '后', '后']
均值：3.6
前排总数：11
后排总数：9
2022-10-11 07:00:41
位置值历史：[4, 2, 4, 5, 6, 5, 4, 2, 4, 1, 4, 5, 5, 4, 2, 2, 4, 4, 3, 3]
位置：['后', '前', '后', '前', '前', '前', '后', '前', '后', '前', '后', '前', '前', '后', '前', '前', '后', '后', '后', '后']
均值：3.65
前排总数：10
后排总数：10
2022-10-11 07:01:39
位置值历史：[2, 4, 5, 6, 5, 4, 2, 4, 1, 4, 5, 5, 4, 2, 2, 4, 4, 3, 3, 2]
位置：['前', '后', '前', '前', '前', '后', '前', '后', '前', '后', '前', '前', '后', '前', '前', '后', '后', '后', '后', '前']
均值：3.55
前排总数：11
后排总数：9
2022-10-11 07:02:37
位置值历史：[4, 5, 6, 5, 4, 2, 4, 1, 4, 5, 5, 4, 2, 2, 4, 4, 3, 3, 2, 4]
位置：['后', '前', '前', '前', '后', '前', '后', '前', '后', '前', '前', '后', '前', '前', '后', '后', '后', '后', '前', '后']
均值：3.65
前排总数：10
后排总数：10
2022-10-11 07:03:35
位置值历史：[5, 6, 5, 4, 2, 4, 1, 4, 5, 5, 4, 2, 2, 4, 4, 3, 3, 2, 4, 2]
位置：['前', '前', '前', '后', '前', '后', '前', '后', '前', '前', '后', '前', '前', '后', '后', '后', '后', '前', '后', '前']
均值：3.55
前排总数：11
后排总数：9
2022-10-11 07:04:33
位置值历史：[6, 5, 4, 2, 4, 1, 4, 5, 5, 4, 2, 2, 4, 4, 3, 3, 2, 4, 2, 1]
位置：['前', '前', '后', '前', '后', '前', '后', '前', '前', '后', '前', '前', '后', '后', '后', '后', '前', '后', '前', '前']
均值：3.35
前排总数：11
后排总数：9
2022-10-11 07:05:31
位置值历史：[5, 4, 2, 4, 1, 4, 5, 5, 4, 2, 2, 4, 4, 3, 3, 2, 4, 2, 1, 4]
位置：['前', '后', '前', '后', '前', '后', '前', '前', '后', '前', '前', '后', '后', '后', '后', '前', '后', '前', '前', '后']
均值：3.25
前排总数：10
后排总数：10
2022-10-11 07:06:29
位置值历史：[4, 2, 4, 1, 4, 5, 5, 4, 2, 2, 4, 4, 3, 3, 2, 4, 2, 1, 4, 5]
位置：['后', '前', '后', '前', '后', '前', '前', '后', '前', '前', '后', '后', '后', '后', '前', '后', '前', '前', '后', '前']
均值：3.25
前排总数：10
后排总数：10
2022-10-11 07:07:27
位置值历史：[2, 4, 1, 4, 5, 5, 4, 2, 2, 4, 4, 3, 3, 2, 4, 2, 1, 4, 5, 3]
位置：['前', '后', '前', '后', '前', '前', '后', '前', '前', '后', '后', '后', '后', '前', '后', '前', '前', '后', '前', '后']
均值：3.2
前排总数：10
后排总数：10
2022-10-11 07:08:25
位置值历史：[4, 1, 4, 5, 5, 4, 2, 2, 4, 4, 3, 3, 2, 4, 2, 1, 4, 5, 3, 3]
位置：['后', '前', '后', '前', '前', '后', '前', '前', '后', '后', '后', '后', '前', '后', '前', '前', '后', '前', '后', '后']
均值：3.25
前排总数：9
后排总数：11
2022-10-11 07:09:23
位置值历史：[1, 4, 5, 5, 4, 2, 2, 4, 4, 3, 3, 2, 4, 2, 1, 4, 5, 3, 3, 2]
位置：['前', '后', '前', '前', '后', '前', '前', '后', '后', '后', '后', '前', '后', '前', '前', '后', '前', '后', '后', '前']
均值：3.15
前排总数：10
后排总数：10
2022-10-11 07:10:21
位置值历史：[4, 5, 5, 4, 2, 2, 4, 4, 3, 3, 2, 4, 2, 1, 4, 5, 3, 3, 2, 8]
位置：['后', '前', '前', '后', '前', '前', '后', '后', '后', '后', '前', '后', '前', '前', '后', '前', '后', '后', '前', '后']
均值：3.5
前排总数：9
后排总数：11
2022-10-11 07:11:19
位置值历史：[5, 5, 4, 2, 2, 4, 4, 3, 3, 2, 4, 2, 1, 4, 5, 3, 3, 2, 8, 1]
位置：['前', '前', '后', '前', '前', '后', '后', '后', '后', '前', '后', '前', '前', '后', '前', '后', '后', '前', '后', '前']
均值：3.35
前排总数：10
后排总数：10
2022-10-11 07:12:17
位置值历史：[5, 4, 2, 2, 4, 4, 3, 3, 2, 4, 2, 1, 4, 5, 3, 3, 2, 8, 1, 5]
位置：['前', '后', '前', '前', '后', '后', '后', '后', '前', '后', '前', '前', '后', '前', '后', '后', '前', '后', '前', '前']
均值：3.35
前排总数：10
后排总数：10
2022-10-11 07:13:15
位置值历史：[4, 2, 2, 4, 4, 3, 3, 2, 4, 2, 1, 4, 5, 3, 3, 2, 8, 1, 5, 3]
位置：['后', '前', '前', '后', '后', '后', '后', '前', '后', '前', '前', '后', '前', '后', '后', '前', '后', '前', '前', '后']
均值：3.25
前排总数：9
后排总数：11
2022-10-11 07:14:13
位置值历史：[2, 2, 4, 4, 3, 3, 2, 4, 2, 1, 4, 5, 3, 3, 2, 8, 1, 5, 3, 4]
位置：['前', '前', '后', '后', '后', '后', '前', '后', '前', '前', '后', '前', '后', '后', '前', '后', '前', '前', '后', '后']
均值：3.25
前排总数：9
后排总数：11
2022-10-11 07:15:11
位置值历史：[2, 4, 4, 3, 3, 2, 4, 2, 1, 4, 5, 3, 3, 2, 8, 1, 5, 3, 4, 3]
位置：['前', '后', '后', '后', '后', '前', '后', '前', '前', '后', '前', '后', '后', '前', '后', '前', '前', '后', '后', '后']
均值：3.3
前排总数：8
后排总数：12
2022-10-11 07:16:09
位置值历史：[4, 4, 3, 3, 2, 4, 2, 1, 4, 5, 3, 3, 2, 8, 1, 5, 3, 4, 3, 4]
位置：['后', '后', '后', '后', '前', '后', '前', '前', '后', '前', '后', '后', '前', '后', '前', '前', '后', '后', '后', '后']
均值：3.4
前排总数：7
后排总数：13
2022-10-11 07:17:07
位置值历史：[4, 3, 3, 2, 4, 2, 1, 4, 5, 3, 3, 2, 8, 1, 5, 3, 4, 3, 4, 4]
位置：['后', '后', '后', '前', '后', '前', '前', '后', '前', '后', '后', '前', '后', '前', '前', '后', '后', '后', '后', '后']
均值：3.4
前排总数：7
后排总数：13
2022-10-11 07:18:05
位置值历史：[3, 3, 2, 4, 2, 1, 4, 5, 3, 3, 2, 8, 1, 5, 3, 4, 3, 4, 4, 1]
位置：['后', '后', '前', '后', '前', '前', '后', '前', '后', '后', '前', '后', '前', '前', '后', '后', '后', '后', '后', '前']
均值：3.25
前排总数：8
后排总数：12
2022-10-11 07:19:03
位置值历史：[3, 2, 4, 2, 1, 4, 5, 3, 3, 2, 8, 1, 5, 3, 4, 3, 4, 4, 1, 8]
位置：['后', '前', '后', '前', '前', '后', '前', '后', '后', '前', '后', '前', '前', '后', '后', '后', '后', '后', '前', '后']
均值：3.5
前排总数：8
后排总数：12
2022-10-11 07:20:01
位置值历史：[2, 4, 2, 1, 4, 5, 3, 3, 2, 8, 1, 5, 3, 4, 3, 4, 4, 1, 8, 3]
位置：['前', '后', '前', '前', '后', '前', '后', '后', '前', '后', '前', '前', '后', '后', '后', '后', '后', '前', '后', '后']
均值：3.5
前排总数：8
后排总数：12
2022-10-11 07:20:59
位置值历史：[4, 2, 1, 4, 5, 3, 3, 2, 8, 1, 5, 3, 4, 3, 4, 4, 1, 8, 3, 1]
位置：['后', '前', '前', '后', '前', '后', '后', '前', '后', '前', '前', '后', '后', '后', '后', '后', '前', '后', '后', '前']
均值：3.45
前排总数：8
后排总数：12
2022-10-11 07:21:57
位置值历史：[2, 1, 4, 5, 3, 3, 2, 8, 1, 5, 3, 4, 3, 4, 4, 1, 8, 3, 1, 1]
位置：['前', '前', '后', '前', '后', '后', '前', '后', '前', '前', '后', '后', '后', '后', '后', '前', '后', '后', '前', '前']
均值：3.3
前排总数：9
后排总数：11
2022-10-11 07:22:55
位置值历史：[1, 4, 5, 3, 3, 2, 8, 1, 5, 3, 4, 3, 4, 4, 1, 8, 3, 1, 1, 8]
位置：['前', '后', '前', '后', '后', '前', '后', '前', '前', '后', '后', '后', '后', '后', '前', '后', '后', '前', '前', '后']
均值：3.6
前排总数：8
后排总数：12
2022-10-11 07:23:53
位置值历史：[4, 5, 3, 3, 2, 8, 1, 5, 3, 4, 3, 4, 4, 1, 8, 3, 1, 1, 8, 1]
位置：['后', '前', '后', '后', '前', '后', '前', '前', '后', '后', '后', '后', '后', '前', '后', '后', '前', '前', '后', '前']
均值：3.6
前排总数：8
后排总数：12
2022-10-11 07:24:51
位置值历史：[5, 3, 3, 2, 8, 1, 5, 3, 4, 3, 4, 4, 1, 8, 3, 1, 1, 8, 1, 3]
位置：['前', '后', '后', '前', '后', '前', '前', '后', '后', '后', '后', '后', '前', '后', '后', '前', '前', '后', '前', '后']
均值：3.55
前排总数：8
后排总数：12
2022-10-11 07:25:49
位置值历史：[3, 3, 2, 8, 1, 5, 3, 4, 3, 4, 4, 1, 8, 3, 1, 1, 8, 1, 3, 4]
位置：['后', '后', '前', '后', '前', '前', '后', '后', '后', '后', '后', '前', '后', '后', '前', '前', '后', '前', '后', '后']
均值：3.5
前排总数：7
后排总数：13
2022-10-11 07:26:47
位置值历史：[3, 2, 8, 1, 5, 3, 4, 3, 4, 4, 1, 8, 3, 1, 1, 8, 1, 3, 4, 2]
位置：['后', '前', '后', '前', '前', '后', '后', '后', '后', '后', '前', '后', '后', '前', '前', '后', '前', '后', '后', '前']
均值：3.45
前排总数：8
后排总数：12
2022-10-11 07:27:45
位置值历史：[2, 8, 1, 5, 3, 4, 3, 4, 4, 1, 8, 3, 1, 1, 8, 1, 3, 4, 2, 7]
位置：['前', '后', '前', '前', '后', '后', '后', '后', '后', '前', '后', '后', '前', '前', '后', '前', '后', '后', '前', '后']
均值：3.65
前排总数：8
后排总数：12
2022-10-11 07:28:43
位置值历史：[8, 1, 5, 3, 4, 3, 4, 4, 1, 8, 3, 1, 1, 8, 1, 3, 4, 2, 7, 8]
位置：['后', '前', '前', '后', '后', '后', '后', '后', '前', '后', '后', '前', '前', '后', '前', '后', '后', '前', '后', '后']
均值：3.95
前排总数：7
后排总数：13
2022-10-11 07:29:41
位置值历史：[1, 5, 3, 4, 3, 4, 4, 1, 8, 3, 1, 1, 8, 1, 3, 4, 2, 7, 8, 3]
位置：['前', '前', '后', '后', '后', '后', '后', '前', '后', '后', '前', '前', '后', '前', '后', '后', '前', '后', '后', '后']
均值：3.7
前排总数：7
后排总数：13
2022-10-11 07:30:39
位置值历史：[5, 3, 4, 3, 4, 4, 1, 8, 3, 1, 1, 8, 1, 3, 4, 2, 7, 8, 3, 4]
位置：['前', '后', '后', '后', '后', '后', '前', '后', '后', '前', '前', '后', '前', '后', '后', '前', '后', '后', '后', '后']
均值：3.85
前排总数：6
后排总数：14
2022-10-11 07:31:37
位置值历史：[3, 4, 3, 4, 4, 1, 8, 3, 1, 1, 8, 1, 3, 4, 2, 7, 8, 3, 4, 6]
位置：['后', '后', '后', '后', '后', '前', '后', '后', '前', '前', '后', '前', '后', '后', '前', '后', '后', '后', '后', '前']
均值：3.9
前排总数：6
后排总数：14
2022-10-11 07:32:35
位置值历史：[4, 3, 4, 4, 1, 8, 3, 1, 1, 8, 1, 3, 4, 2, 7, 8, 3, 4, 6, 3]
位置：['后', '后', '后', '后', '前', '后', '后', '前', '前', '后', '前', '后', '后', '前', '后', '后', '后', '后', '前', '后']
均值：3.9
前排总数：6
后排总数：14
2022-10-11 07:33:33
位置值历史：[3, 4, 4, 1, 8, 3, 1, 1, 8, 1, 3, 4, 2, 7, 8, 3, 4, 6, 3, 2]
位置：['后', '后', '后', '前', '后', '后', '前', '前', '后', '前', '后', '后', '前', '后', '后', '后', '后', '前', '后', '前']
均值：3.8
前排总数：7
后排总数：13
2022-10-11 07:34:31
位置值历史：[4, 4, 1, 8, 3, 1, 1, 8, 1, 3, 4, 2, 7, 8, 3, 4, 6, 3, 2, 6]
位置：['后', '后', '前', '后', '后', '前', '前', '后', '前', '后', '后', '前', '后', '后', '后', '后', '前', '后', '前', '前']
均值：3.95
前排总数：8
后排总数：12
2022-10-11 07:35:29
位置值历史：[4, 1, 8, 3, 1, 1, 8, 1, 3, 4, 2, 7, 8, 3, 4, 6, 3, 2, 6, 5]
位置：['后', '前', '后', '后', '前', '前', '后', '前', '后', '后', '前', '后', '后', '后', '后', '前', '后', '前', '前', '前']
均值：4.0
前排总数：9
后排总数：11
2022-10-11 07:36:27
位置值历史：[1, 8, 3, 1, 1, 8, 1, 3, 4, 2, 7, 8, 3, 4, 6, 3, 2, 6, 5, 3]
位置：['前', '后', '后', '前', '前', '后', '前', '后', '后', '前', '后', '后', '后', '后', '前', '后', '前', '前', '前', '后']
均值：3.95
前排总数：9
后排总数：11
2022-10-11 07:37:25
位置值历史：[8, 3, 1, 1, 8, 1, 3, 4, 2, 7, 8, 3, 4, 6, 3, 2, 6, 5, 3, 4]
位置：['后', '后', '前', '前', '后', '前', '后', '后', '前', '后', '后', '后', '后', '前', '后', '前', '前', '前', '后', '后']
均值：4.1
前排总数：8
后排总数：12
2022-10-11 07:38:23
位置值历史：[3, 1, 1, 8, 1, 3, 4, 2, 7, 8, 3, 4, 6, 3, 2, 6, 5, 3, 4, 1]
位置：['后', '前', '前', '后', '前', '后', '后', '前', '后', '后', '后', '后', '前', '后', '前', '前', '前', '后', '后', '前']
均值：3.75
前排总数：9
后排总数：11
2022-10-11 07:39:21
位置值历史：[1, 1, 8, 1, 3, 4, 2, 7, 8, 3, 4, 6, 3, 2, 6, 5, 3, 4, 1, 4]
位置：['前', '前', '后', '前', '后', '后', '前', '后', '后', '后', '后', '前', '后', '前', '前', '前', '后', '后', '前', '后']
均值：3.8
前排总数：9
后排总数：11
2022-10-11 07:40:19
位置值历史：[1, 8, 1, 3, 4, 2, 7, 8, 3, 4, 6, 3, 2, 6, 5, 3, 4, 1, 4, 2]
位置：['前', '后', '前', '后', '后', '前', '后', '后', '后', '后', '前', '后', '前', '前', '前', '后', '后', '前', '后', '前']
均值：3.85
前排总数：9
后排总数：11
2022-10-11 07:41:17
位置值历史：[8, 1, 3, 4, 2, 7, 8, 3, 4, 6, 3, 2, 6, 5, 3, 4, 1, 4, 2, 2]
位置：['后', '前', '后', '后', '前', '后', '后', '后', '后', '前', '后', '前', '前', '前', '后', '后', '前', '后', '前', '前']
均值：3.9
前排总数：9
后排总数：11
2022-10-11 07:42:15
位置值历史：[1, 3, 4, 2, 7, 8, 3, 4, 6, 3, 2, 6, 5, 3, 4, 1, 4, 2, 2, 5]
位置：['前', '后', '后', '前', '后', '后', '后', '后', '前', '后', '前', '前', '前', '后', '后', '前', '后', '前', '前', '前']
均值：3.75
前排总数：10
后排总数：10
2022-10-11 07:43:13
位置值历史：[3, 4, 2, 7, 8, 3, 4, 6, 3, 2, 6, 5, 3, 4, 1, 4, 2, 2, 5, 4]
位置：['后', '后', '前', '后', '后', '后', '后', '前', '后', '前', '前', '前', '后', '后', '前', '后', '前', '前', '前', '后']
均值：3.9
前排总数：9
后排总数：11
2022-10-11 07:44:11
位置值历史：[4, 2, 7, 8, 3, 4, 6, 3, 2, 6, 5, 3, 4, 1, 4, 2, 2, 5, 4, 4]
位置：['后', '前', '后', '后', '后', '后', '前', '后', '前', '前', '前', '后', '后', '前', '后', '前', '前', '前', '后', '后']
均值：3.95
前排总数：9
后排总数：11
2022-10-11 07:45:09
位置值历史：[2, 7, 8, 3, 4, 6, 3, 2, 6, 5, 3, 4, 1, 4, 2, 2, 5, 4, 4, 2]
位置：['前', '后', '后', '后', '后', '前', '后', '前', '前', '前', '后', '后', '前', '后', '前', '前', '前', '后', '后', '前']
均值：3.85
前排总数：10
后排总数：10
2022-10-11 07:46:07
位置值历史：[7, 8, 3, 4, 6, 3, 2, 6, 5, 3, 4, 1, 4, 2, 2, 5, 4, 4, 2, 4]
位置：['后', '后', '后', '后', '前', '后', '前', '前', '前', '后', '后', '前', '后', '前', '前', '前', '后', '后', '前', '后']
均值：3.95
前排总数：9
后排总数：11
2022-10-11 07:47:05
位置值历史：[8, 3, 4, 6, 3, 2, 6, 5, 3, 4, 1, 4, 2, 2, 5, 4, 4, 2, 4, 5]
位置：['后', '后', '后', '前', '后', '前', '前', '前', '后', '后', '前', '后', '前', '前', '前', '后', '后', '前', '后', '前']
均值：3.85
前排总数：10
后排总数：10
2022-10-11 07:48:03
位置值历史：[3, 4, 6, 3, 2, 6, 5, 3, 4, 1, 4, 2, 2, 5, 4, 4, 2, 4, 5, 4]
位置：['后', '后', '前', '后', '前', '前', '前', '后', '后', '前', '后', '前', '前', '前', '后', '后', '前', '后', '前', '后']
均值：3.65
前排总数：10
后排总数：10
2022-10-11 07:49:01
位置值历史：[4, 6, 3, 2, 6, 5, 3, 4, 1, 4, 2, 2, 5, 4, 4, 2, 4, 5, 4, 1]
位置：['后', '前', '后', '前', '前', '前', '后', '后', '前', '后', '前', '前', '前', '后', '后', '前', '后', '前', '后', '前']
均值：3.55
前排总数：11
后排总数：9
2022-10-11 07:49:59
位置值历史：[6, 3, 2, 6, 5, 3, 4, 1, 4, 2, 2, 5, 4, 4, 2, 4, 5, 4, 1, 1]
位置：['前', '后', '前', '前', '前', '后', '后', '前', '后', '前', '前', '前', '后', '后', '前', '后', '前', '后', '前', '前']
均值：3.4
前排总数：12
后排总数：8
2022-10-11 07:50:57
位置值历史：[3, 2, 6, 5, 3, 4, 1, 4, 2, 2, 5, 4, 4, 2, 4, 5, 4, 1, 1, 1]
位置：['后', '前', '前', '前', '后', '后', '前', '后', '前', '前', '前', '后', '后', '前', '后', '前', '后', '前', '前', '前']
均值：3.15
前排总数：12
后排总数：8
2022-10-11 07:51:55
位置值历史：[2, 6, 5, 3, 4, 1, 4, 2, 2, 5, 4, 4, 2, 4, 5, 4, 1, 1, 1, 7]
位置：['前', '前', '前', '后', '后', '前', '后', '前', '前', '前', '后', '后', '前', '后', '前', '后', '前', '前', '前', '后']
均值：3.35
前排总数：12
后排总数：8
2022-10-11 07:52:53
位置值历史：[6, 5, 3, 4, 1, 4, 2, 2, 5, 4, 4, 2, 4, 5, 4, 1, 1, 1, 7, 4]
位置：['前', '前', '后', '后', '前', '后', '前', '前', '前', '后', '后', '前', '后', '前', '后', '前', '前', '前', '后', '后']
均值：3.45
前排总数：11
后排总数：9
2022-10-11 07:53:51
位置值历史：[5, 3, 4, 1, 4, 2, 2, 5, 4, 4, 2, 4, 5, 4, 1, 1, 1, 7, 4, 6]
位置：['前', '后', '后', '前', '后', '前', '前', '前', '后', '后', '前', '后', '前', '后', '前', '前', '前', '后', '后', '前']
均值：3.45
前排总数：11
后排总数：9
2022-10-11 07:54:49
位置值历史：[3, 4, 1, 4, 2, 2, 5, 4, 4, 2, 4, 5, 4, 1, 1, 1, 7, 4, 6, 4]
位置：['后', '后', '前', '后', '前', '前', '前', '后', '后', '前', '后', '前', '后', '前', '前', '前', '后', '后', '前', '后']
均值：3.4
前排总数：10
后排总数：10
2022-10-11 07:55:47
位置值历史：[4, 1, 4, 2, 2, 5, 4, 4, 2, 4, 5, 4, 1, 1, 1, 7, 4, 6, 4, 6]
位置：['后', '前', '后', '前', '前', '前', '后', '后', '前', '后', '前', '后', '前', '前', '前', '后', '后', '前', '后', '前']
均值：3.55
前排总数：11
后排总数：9
2022-10-11 07:56:45
位置值历史：[1, 4, 2, 2, 5, 4, 4, 2, 4, 5, 4, 1, 1, 1, 7, 4, 6, 4, 6, 2]
位置：['前', '后', '前', '前', '前', '后', '后', '前', '后', '前', '后', '前', '前', '前', '后', '后', '前', '后', '前', '前']
均值：3.45
前排总数：12
后排总数：8
2022-10-11 07:57:43
位置值历史：[4, 2, 2, 5, 4, 4, 2, 4, 5, 4, 1, 1, 1, 7, 4, 6, 4, 6, 2, 1]
位置：['后', '前', '前', '前', '后', '后', '前', '后', '前', '后', '前', '前', '前', '后', '后', '前', '后', '前', '前', '前']
均值：3.45
前排总数：12
后排总数：8
2022-10-11 07:58:41
位置值历史：[2, 2, 5, 4, 4, 2, 4, 5, 4, 1, 1, 1, 7, 4, 6, 4, 6, 2, 1, 1]
位置：['前', '前', '前', '后', '后', '前', '后', '前', '后', '前', '前', '前', '后', '后', '前', '后', '前', '前', '前', '前']
均值：3.3
前排总数：13
后排总数：7
2022-10-11 07:59:39
位置值历史：[2, 5, 4, 4, 2, 4, 5, 4, 1, 1, 1, 7, 4, 6, 4, 6, 2, 1, 1, 2]
位置：['前', '前', '后', '后', '前', '后', '前', '后', '前', '前', '前', '后', '后', '前', '后', '前', '前', '前', '前', '前']
均值：3.3
前排总数：13
后排总数：7
2022-10-11 08:00:37
位置值历史：[5, 4, 4, 2, 4, 5, 4, 1, 1, 1, 7, 4, 6, 4, 6, 2, 1, 1, 2, 2]
位置：['前', '后', '后', '前', '后', '前', '后', '前', '前', '前', '后', '后', '前', '后', '前', '前', '前', '前', '前', '前']
均值：3.3
前排总数：13
后排总数：7
2022-10-11 08:01:35
位置值历史：[4, 4, 2, 4, 5, 4, 1, 1, 1, 7, 4, 6, 4, 6, 2, 1, 1, 2, 2, 1]
位置：['后', '后', '前', '后', '前', '后', '前', '前', '前', '后', '后', '前', '后', '前', '前', '前', '前', '前', '前', '前']
均值：3.1
前排总数：13
后排总数：7
2022-10-11 08:02:33
位置值历史：[4, 2, 4, 5, 4, 1, 1, 1, 7, 4, 6, 4, 6, 2, 1, 1, 2, 2, 1, 2]
位置：['后', '前', '后', '前', '后', '前', '前', '前', '后', '后', '前', '后', '前', '前', '前', '前', '前', '前', '前', '前']
均值：3.0
前排总数：14
后排总数：6
2022-10-11 08:03:31
位置值历史：[2, 4, 5, 4, 1, 1, 1, 7, 4, 6, 4, 6, 2, 1, 1, 2, 2, 1, 2, 5]
位置：['前', '后', '前', '后', '前', '前', '前', '后', '后', '前', '后', '前', '前', '前', '前', '前', '前', '前', '前', '前']
均值：3.05
前排总数：15
后排总数：5
2022-10-11 08:04:29
位置值历史：[4, 5, 4, 1, 1, 1, 7, 4, 6, 4, 6, 2, 1, 1, 2, 2, 1, 2, 5, 2]
位置：['后', '前', '后', '前', '前', '前', '后', '后', '前', '后', '前', '前', '前', '前', '前', '前', '前', '前', '前', '前']
均值：3.05
前排总数：15
后排总数：5
2022-10-11 08:05:27
位置值历史：[5, 4, 1, 1, 1, 7, 4, 6, 4, 6, 2, 1, 1, 2, 2, 1, 2, 5, 2, 1]
位置：['前', '后', '前', '前', '前', '后', '后', '前', '后', '前', '前', '前', '前', '前', '前', '前', '前', '前', '前', '前']
均值：2.9
前排总数：16
后排总数：4
2022-10-11 08:06:25
位置值历史：[4, 1, 1, 1, 7, 4, 6, 4, 6, 2, 1, 1, 2, 2, 1, 2, 5, 2, 1, 1]
位置：['后', '前', '前', '前', '后', '后', '前', '后', '前', '前', '前', '前', '前', '前', '前', '前', '前', '前', '前', '前']
均值：2.7
前排总数：16
后排总数：4
2022-10-11 08:07:23
位置值历史：[1, 1, 1, 7, 4, 6, 4, 6, 2, 1, 1, 2, 2, 1, 2, 5, 2, 1, 1, 3]
位置：['前', '前', '前', '后', '后', '前', '后', '前', '前', '前', '前', '前', '前', '前', '前', '前', '前', '前', '前', '后']
均值：2.65
前排总数：16
后排总数：4
2022-10-11 08:08:21
位置值历史：[1, 1, 7, 4, 6, 4, 6, 2, 1, 1, 2, 2, 1, 2, 5, 2, 1, 1, 3, 1]
位置：['前', '前', '后', '后', '前', '后', '前', '前', '前', '前', '前', '前', '前', '前', '前', '前', '前', '前', '后', '前']
均值：2.65
前排总数：16
后排总数：4
2022-10-11 08:09:19
位置值历史：[1, 7, 4, 6, 4, 6, 2, 1, 1, 2, 2, 1, 2, 5, 2, 1, 1, 3, 1, 1]
位置：['前', '后', '后', '前', '后', '前', '前', '前', '前', '前', '前', '前', '前', '前', '前', '前', '前', '后', '前', '前']
均值：2.65
前排总数：16
后排总数：4
2022-10-11 08:10:17
位置值历史：[7, 4, 6, 4, 6, 2, 1, 1, 2, 2, 1, 2, 5, 2, 1, 1, 3, 1, 1, 4]
位置：['后', '后', '前', '后', '前', '前', '前', '前', '前', '前', '前', '前', '前', '前', '前', '前', '后', '前', '前', '后']
均值：2.8
前排总数：15
后排总数：5
2022-10-11 08:11:15
位置值历史：[4, 6, 4, 6, 2, 1, 1, 2, 2, 1, 2, 5, 2, 1, 1, 3, 1, 1, 4, 3]
位置：['后', '前', '后', '前', '前', '前', '前', '前', '前', '前', '前', '前', '前', '前', '前', '后', '前', '前', '后', '后']
均值：2.6
前排总数：15
后排总数：5
2022-10-11 08:12:13
位置值历史：[6, 4, 6, 2, 1, 1, 2, 2, 1, 2, 5, 2, 1, 1, 3, 1, 1, 4, 3, 2]
位置：['前', '后', '前', '前', '前', '前', '前', '前', '前', '前', '前', '前', '前', '前', '后', '前', '前', '后', '后', '前']
均值：2.5
前排总数：16
后排总数：4
2022-10-11 08:13:11
位置值历史：[4, 6, 2, 1, 1, 2, 2, 1, 2, 5, 2, 1, 1, 3, 1, 1, 4, 3, 2, 3]
位置：['后', '前', '前', '前', '前', '前', '前', '前', '前', '前', '前', '前', '前', '后', '前', '前', '后', '后', '前', '后']
均值：2.35
前排总数：15
后排总数：5
2022-10-11 08:14:09
位置值历史：[6, 2, 1, 1, 2, 2, 1, 2, 5, 2, 1, 1, 3, 1, 1, 4, 3, 2, 3, 1]
位置：['前', '前', '前', '前', '前', '前', '前', '前', '前', '前', '前', '前', '后', '前', '前', '后', '后', '前', '后', '前']
均值：2.2
前排总数：16
后排总数：4
2022-10-11 08:15:07
位置值历史：[2, 1, 1, 2, 2, 1, 2, 5, 2, 1, 1, 3, 1, 1, 4, 3, 2, 3, 1, 4]
位置：['前', '前', '前', '前', '前', '前', '前', '前', '前', '前', '前', '后', '前', '前', '后', '后', '前', '后', '前', '后']
均值：2.1
前排总数：15
后排总数：5
2022-10-11 08:16:05
位置值历史：[1, 1, 2, 2, 1, 2, 5, 2, 1, 1, 3, 1, 1, 4, 3, 2, 3, 1, 4, 2]
位置：['前', '前', '前', '前', '前', '前', '前', '前', '前', '前', '后', '前', '前', '后', '后', '前', '后', '前', '后', '前']
均值：2.1
前排总数：15
后排总数：5
2022-10-11 08:17:03
位置值历史：[1, 2, 2, 1, 2, 5, 2, 1, 1, 3, 1, 1, 4, 3, 2, 3, 1, 4, 2, 1]
位置：['前', '前', '前', '前', '前', '前', '前', '前', '前', '后', '前', '前', '后', '后', '前', '后', '前', '后', '前', '前']
均值：2.1
前排总数：15
后排总数：5
2022-10-11 08:18:01
位置值历史：[2, 2, 1, 2, 5, 2, 1, 1, 3, 1, 1, 4, 3, 2, 3, 1, 4, 2, 1, 4]
位置：['前', '前', '前', '前', '前', '前', '前', '前', '后', '前', '前', '后', '后', '前', '后', '前', '后', '前', '前', '后']
均值：2.25
前排总数：14
后排总数：6
2022-10-11 08:18:59
位置值历史：[2, 1, 2, 5, 2, 1, 1, 3, 1, 1, 4, 3, 2, 3, 1, 4, 2, 1, 4, 2]
位置：['前', '前', '前', '前', '前', '前', '前', '后', '前', '前', '后', '后', '前', '后', '前', '后', '前', '前', '后', '前']
均值：2.25
前排总数：14
后排总数：6
2022-10-11 08:19:57
位置值历史：[1, 2, 5, 2, 1, 1, 3, 1, 1, 4, 3, 2, 3, 1, 4, 2, 1, 4, 2, 1]
位置：['前', '前', '前', '前', '前', '前', '后', '前', '前', '后', '后', '前', '后', '前', '后', '前', '前', '后', '前', '前']
均值：2.2
前排总数：14
后排总数：6
2022-10-11 08:20:55
位置值历史：[2, 5, 2, 1, 1, 3, 1, 1, 4, 3, 2, 3, 1, 4, 2, 1, 4, 2, 1, 6]
位置：['前', '前', '前', '前', '前', '后', '前', '前', '后', '后', '前', '后', '前', '后', '前', '前', '后', '前', '前', '前']
均值：2.45
前排总数：14
后排总数：6
2022-10-11 08:21:53
位置值历史：[5, 2, 1, 1, 3, 1, 1, 4, 3, 2, 3, 1, 4, 2, 1, 4, 2, 1, 6, 4]
位置：['前', '前', '前', '前', '后', '前', '前', '后', '后', '前', '后', '前', '后', '前', '前', '后', '前', '前', '前', '后']
均值：2.55
前排总数：13
后排总数：7
2022-10-11 08:22:51
位置值历史：[2, 1, 1, 3, 1, 1, 4, 3, 2, 3, 1, 4, 2, 1, 4, 2, 1, 6, 4, 4]
位置：['前', '前', '前', '后', '前', '前', '后', '后', '前', '后', '前', '后', '前', '前', '后', '前', '前', '前', '后', '后']
均值：2.5
前排总数：12
后排总数：8
2022-10-11 08:23:49
位置值历史：[1, 1, 3, 1, 1, 4, 3, 2, 3, 1, 4, 2, 1, 4, 2, 1, 6, 4, 4, 4]
位置：['前', '前', '后', '前', '前', '后', '后', '前', '后', '前', '后', '前', '前', '后', '前', '前', '前', '后', '后', '后']
均值：2.6
前排总数：11
后排总数：9
2022-10-11 08:24:47
位置值历史：[1, 3, 1, 1, 4, 3, 2, 3, 1, 4, 2, 1, 4, 2, 1, 6, 4, 4, 4, 2]
位置：['前', '后', '前', '前', '后', '后', '前', '后', '前', '后', '前', '前', '后', '前', '前', '前', '后', '后', '后', '前']
均值：2.65
前排总数：11
后排总数：9
2022-10-11 08:25:45
位置值历史：[3, 1, 1, 4, 3, 2, 3, 1, 4, 2, 1, 4, 2, 1, 6, 4, 4, 4, 2, 1]
位置：['后', '前', '前', '后', '后', '前', '后', '前', '后', '前', '前', '后', '前', '前', '前', '后', '后', '后', '前', '前']
均值：2.65
前排总数：11
后排总数：9
