第0次训练后，新的数据集测试
误差范围：1.3274309635162354
胜 | 实际值：2.0 | 预测值（含误差范围）：2.1192339658737183
负 | 实际值：-3.0 | 预测值（含误差范围）：0.30578935146331787
负 | 实际值：1.0 | 预测值（含误差范围）：2.4073225259780884
负 | 实际值：-1.0 | 预测值（含误差范围）：1.8645073771476746
负 | 实际值：1.0 | 预测值（含误差范围）：3.9058752059936523
负 | 实际值：0.0 | 预测值（含误差范围）：1.2517878487706184
负 | 实际值：-1.0 | 预测值（含误差范围）：2.2876346707344055
负 | 实际值：1.0 | 预测值（含误差范围）：4.051069021224976
胜 | 实际值：1.0 | 预测值（含误差范围）：1.9225732684135437
负 | 实际值：-2.0 | 预测值（含误差范围）：0.5218731760978699
胜 | 实际值：3.0 | 预测值（含误差范围）：2.887983202934265
负 | 实际值：-4.0 | 预测值（含误差范围）：-0.11019480228424072
负 | 实际值：0.0 | 预测值（含误差范围）：2.887626886367798
胜 | 实际值：4.0 | 预测值（含误差范围）：3.6082231998443604
胜 | 实际值：-2.0 | 预测值（含误差范围）：-1.3291587829589844
负 | 实际值：-2.0 | 预测值（含误差范围）：1.3021574523299932
胜 | 实际值：3.0 | 预测值（含误差范围）：3.54109263420105
负 | 实际值：-3.0 | 预测值（含误差范围）：-0.8210370540618896
负 | 实际值：1.0 | 预测值（含误差范围）：3.266434907913208
负 | 实际值：-1.0 | 预测值（含误差范围）：2.6458816528320312
第1次训练后，新的数据集测试
误差范围：1.782292127609253
胜 | 实际值：4.0 | 预测值（含误差范围）：3.1144731044769287
负 | 实际值：-1.0 | 预测值（含误差范围）：-2.5109221935272217
胜 | 实际值：0.0 | 预测值（含误差范围）：-0.47218823432922363
胜 | 实际值：0.0 | 预测值（含误差范围）：-0.16516578197479248
负 | 实际值：-2.0 | 预测值（含误差范围）：1.5454093217849731
负 | 实际值：0.0 | 预测值（含误差范围）：4.313132047653198
负 | 实际值：-1.0 | 预测值（含误差范围）：4.558733940124512
负 | 实际值：0.0 | 预测值（含误差范围）：4.296277284622192
负 | 实际值：2.0 | 预测值（含误差范围）：4.951613903045654
负 | 实际值：-1.0 | 预测值（含误差范围）：0.9814490079879761
负 | 实际值：-1.0 | 预测值（含误差范围）：1.1438466310501099
负 | 实际值：2.0 | 预测值（含误差范围）：3.371873617172241
负 | 实际值：2.0 | 预测值（含误差范围）：0.8772911429405212
胜 | 实际值：-1.0 | 预测值（含误差范围）：-1.612839937210083
胜 | 实际值：-1.0 | 预测值（含误差范围）：-0.6066339015960693
胜 | 实际值：2.0 | 预测值（含误差范围）：1.0036640167236328
负 | 实际值：-3.0 | 预测值（含误差范围）：-0.15729284286499023
胜 | 实际值：1.0 | 预测值（含误差范围）：1.6844481006264687
负 | 实际值：-2.0 | 预测值（含误差范围）：0.9130492210388184
负 | 实际值：2.0 | 预测值（含误差范围）：3.7809581756591797
第2次训练后，新的数据集测试
误差范围：1.8822433948516846
负 | 实际值：-1.0 | 预测值（含误差范围）：5.527382135391235
负 | 实际值：1.0 | 预测值（含误差范围）：4.4151611328125
负 | 实际值：1.0 | 预测值（含误差范围）：3.8792457580566406
负 | 实际值：-2.0 | 预测值（含误差范围）：1.193942904472351
负 | 实际值：4.0 | 预测值（含误差范围）：1.3480507731437683
负 | 实际值：-4.0 | 预测值（含误差范围）：0.9057247638702393
胜 | 实际值：3.0 | 预测值（含误差范围）：2.843904733657837
胜 | 实际值：1.0 | 预测值（含误差范围）：0.9114974141120911
负 | 实际值：-2.0 | 预测值（含误差范围）：0.5576457977294922
负 | 实际值：0.0 | 预测值（含误差范围）：2.932361364364624
负 | 实际值：1.0 | 预测值（含误差范围）：2.474025785923004
负 | 实际值：-2.0 | 预测值（含误差范围）：0.43346405029296875
负 | 实际值：-1.0 | 预测值（含误差范围）：1.798498049378395
胜 | 实际值：2.0 | 预测值（含误差范围）：2.7415104508399963
胜 | 实际值：1.0 | 预测值（含误差范围）：1.6724098771810532
负 | 实际值：-1.0 | 预测值（含误差范围）：0.7363572120666504
胜 | 实际值：2.0 | 预测值（含误差范围）：2.253336876630783
负 | 实际值：-3.0 | 预测值（含误差范围）：1.7405417710542679
负 | 实际值：-1.0 | 预测值（含误差范围）：0.7426583766937256
胜 | 实际值：3.0 | 预测值（含误差范围）：2.8008298873901367
胜 | 实际值：1.0 | 预测值（含误差范围）：0.8509416580200195
负 | 实际值：-2.0 | 预测值（含误差范围）：0.7745387554168701
胜 | 实际值：1.0 | 预测值（含误差范围）：1.0785039067268372
胜 | 实际值：1.0 | 预测值（含误差范围）：0.6605592966079712
负 | 实际值：-1.0 | 预测值（含误差范围）：0.7619414329528809
负 | 实际值：-1.0 | 预测值（含误差范围）：1.5758541524410248
负 | 实际值：-2.0 | 预测值（含误差范围）：1.2663350701332092
负 | 实际值：4.0 | 预测值（含误差范围）：2.177309036254883
胜 | 实际值：0.0 | 预测值（含误差范围）：0.8606506586074829
负 | 实际值：-2.0 | 预测值（含误差范围）：0.8194056749343872
负 | 实际值：-2.0 | 预测值（含误差范围）：1.6596689969301224
负 | 实际值：3.0 | 预测值（含误差范围）：1.5296566486358643
负 | 实际值：-3.0 | 预测值（含误差范围）：0.636650562286377
负 | 实际值：1.0 | 预测值（含误差范围）：3.6017487049102783
负 | 实际值：0.0 | 预测值（含误差范围）：3.9518964290618896
负 | 实际值：1.0 | 预测值（含误差范围）：4.572284936904907
负 | 实际值：-1.0 | 预测值（含误差范围）：2.482333242893219
负 | 实际值：-1.0 | 预测值（含误差范围）：1.818723350763321
负 | 实际值：0.0 | 预测值（含误差范围）：4.38123893737793
胜 | 实际值：2.0 | 预测值（含误差范围）：2.192561686038971
负 | 实际值：1.0 | 预测值（含误差范围）：7.210924863815308
负 | 实际值：-3.0 | 预测值（含误差范围）：4.064229488372803
负 | 实际值：0.0 | 预测值（含误差范围）：5.630938291549683
负 | 实际值：1.0 | 预测值（含误差范围）：6.9543235301971436
负 | 实际值：-1.0 | 预测值（含误差范围）：4.105043888092041
负 | 实际值：3.0 | 预测值（含误差范围）：5.152233362197876
第4次训练后，新的数据集测试
误差范围：1.576661467552185
胜 | 实际值：1.0 | 预测值（含误差范围）：1.0831359326839447
负 | 实际值：-2.0 | 预测值（含误差范围）：0.6362008452415466
胜 | 实际值：2.0 | 预测值（含误差范围）：1.797186627984047
负 | 实际值：-3.0 | 预测值（含误差范围）：1.8173074275255203
负 | 实际值：3.0 | 预测值（含误差范围）：0.5199786424636841
负 | 实际值：0.0 | 预测值（含误差范围）：1.1966454982757568
负 | 实际值：-3.0 | 预测值（含误差范围）：0.3940720558166504
负 | 实际值：2.0 | 预测值（含误差范围）：0.7963857054710388
负 | 实际值：2.0 | 预测值（含误差范围）：0.5195097923278809
负 | 实际值：-3.0 | 预测值（含误差范围）：0.3260457515716553
负 | 实际值：0.0 | 预测值（含误差范围）：1.039929747581482
负 | 实际值：3.0 | 预测值（含误差范围）：1.3716033846139908
负 | 实际值：-1.0 | 预测值（含误差范围）：0.14060437679290771
负 | 实际值：-1.0 | 预测值（含误差范围）：0.42384326457977295
胜 | 实际值：1.0 | 预测值（含误差范围）：1.5531117711216211
负 | 实际值：-1.0 | 预测值（含误差范围）：0.6259801983833313
负 | 实际值：-2.0 | 预测值（含误差范围）：2.0969265699386597
负 | 实际值：4.0 | 预测值（含误差范围）：5.204540371894836
负 | 实际值：-2.0 | 预测值（含误差范围）：-0.668453574180603
负 | 实际值：-1.0 | 预测值（含误差范围）：1.9534961581230164
负 | 实际值：2.0 | 预测值（含误差范围）：3.358496069908142
负 | 实际值：-2.0 | 预测值（含误差范围）：1.3392775356769562
负 | 实际值：2.0 | 预测值（含误差范围）：3.6663349866867065
负 | 实际值：-2.0 | 预测值（含误差范围）：1.1277736723423004
负 | 实际值：-1.0 | 预测值（含误差范围）：3.622513175010681
负 | 实际值：2.0 | 预测值（含误差范围）：6.608590483665466
负 | 实际值：-1.0 | 预测值（含误差范围）：3.5047988891601562
负 | 实际值：2.0 | 预测值（含误差范围）：3.2342931032180786
胜 | 实际值：0.0 | 预测值（含误差范围）：0.18115103244781494
负 | 实际值：-2.0 | 预测值（含误差范围）：1.964860439300537
负 | 实际值：0.0 | 预测值（含误差范围）：3.316601276397705
负 | 实际值：-1.0 | 预测值（含误差范围）：3.5390177965164185
负 | 实际值：1.0 | 预测值（含误差范围）：2.8091875314712524
负 | 实际值：2.0 | 预测值（含误差范围）：5.198188424110413
负 | 实际值：1.0 | 预测值（含误差范围）：-0.04666483402252197
负 | 实际值：0.0 | 预测值（含误差范围）：1.3000104129314423
胜 | 实际值：0.0 | 预测值（含误差范围）：-0.11462104320526123
负 | 实际值：-2.0 | 预测值（含误差范围）：0.8264952301979065
负 | 实际值：-1.0 | 预测值（含误差范围）：0.1286841630935669
负 | 实际值：0.0 | 预测值（含误差范围）：3.712164521217346
第5次训练后，新的数据集测试
误差范围：1.4565181732177734
胜 | 实际值：2.0 | 预测值（含误差范围）：2.85975444316864
负 | 实际值：2.0 | 预测值（含误差范围）：0.5601264238357544
负 | 实际值：-3.0 | 预测值（含误差范围）：-0.14400243759155273
负 | 实际值：3.0 | 预测值（含误差范围）：0.35273444652557373
胜 | 实际值：-1.0 | 预测值（含误差范围）：-0.2734917402267456
负 | 实际值：1.0 | 预测值（含误差范围）：-0.7110533714294434
负 | 实际值：-4.0 | 预测值（含误差范围）：-0.5793235301971436
负 | 实际值：0.0 | 预测值（含误差范围）：2.8403788805007935
负 | 实际值：2.0 | 预测值（含误差范围）：5.7006049156188965
负 | 实际值：-1.0 | 预测值（含误差范围）：0.6641765832901001
负 | 实际值：1.0 | 预测值（含误差范围）：4.693324089050293
负 | 实际值：1.0 | 预测值（含误差范围）：3.4414122104644775
负 | 实际值：0.0 | 预测值（含误差范围）：1.3572810217738152
负 | 实际值：-1.0 | 预测值（含误差范围）：1.480482181534171
负 | 实际值：-1.0 | 预测值（含误差范围）：2.611993670463562
负 | 实际值：0.0 | 预测值（含误差范围）：3.8702638149261475
胜 | 实际值：3.0 | 预测值（含误差范围）：3.1792088747024536
负 | 实际值：-4.0 | 预测值（含误差范围）：-1.261214017868042
胜 | 实际值：3.0 | 预测值（含误差范围）：2.771330714225769
负 | 实际值：-2.0 | 预测值（含误差范围）：-0.06506991386413574
胜 | 实际值：2.0 | 预测值（含误差范围）：1.6655171066522598
负 | 实际值：-3.0 | 预测值（含误差范围）：0.026156067848205566
负 | 实际值：1.0 | 预测值（含误差范围）：2.0607192516326904
负 | 实际值：-1.0 | 预测值（含误差范围）：0.7976517677307129
胜 | 实际值：4.0 | 预测值（含误差范围）：4.673446416854858
胜 | 实际值：0.0 | 预测值（含误差范围）：-0.9771487712860107
负 | 实际值：-4.0 | 预测值（含误差范围）：-1.3691668510437012
负 | 实际值：1.0 | 预测值（含误差范围）：2.5630847215652466
负 | 实际值：0.0 | 预测值（含误差范围）：1.2938603311777115
负 | 实际值：-1.0 | 预测值（含误差范围）：2.1102837920188904
负 | 实际值：1.0 | 预测值（含误差范围）：3.945171594619751
负 | 实际值：1.0 | 预测值（含误差范围）：2.0099084973335266
负 | 实际值：-2.0 | 预测值（含误差范围）：-0.17592990398406982
胜 | 实际值：3.0 | 预测值（含误差范围）：2.9667688608169556
负 | 实际值：1.0 | 预测值（含误差范围）：-0.652803897857666
负 | 实际值：-2.0 | 预测值（含误差范围）：-0.4585433006286621
负 | 实际值：-1.0 | 预测值（含误差范围）：1.1082704663276672
负 | 实际值：-1.0 | 预测值（含误差范围）：0.7672249674797058
胜 | 实际值：4.0 | 预测值（含误差范围）：3.4674229621887207
负 | 实际值：0.0 | 预测值（含误差范围）：-1.389331579208374
负 | 实际值：-2.0 | 预测值（含误差范围）：-0.1879335641860962
负 | 实际值：2.0 | 预测值（含误差范围）：0.09107017517089844
胜 | 实际值：0.0 | 预测值（含误差范围）：0.027805566787719727
胜 | 实际值：0.0 | 预测值（含误差范围）：-0.12917852401733398
负 | 实际值：-4.0 | 预测值（含误差范围）：0.20914506912231445
负 | 实际值：3.0 | 预测值（含误差范围）：5.974997043609619
负 | 实际值：-1.0 | 预测值（含误差范围）：0.8657276034355164
负 | 实际值：-2.0 | 预测值（含误差范围）：1.5920817404985428
负 | 实际值：0.0 | 预测值（含误差范围）：5.541479587554932
负 | 实际值：4.0 | 预测值（含误差范围）：5.635916233062744
胜 | 实际值：0.0 | 预测值（含误差范围）：-0.22489678859710693
负 | 实际值：-4.0 | 预测值（含误差范围）：-0.1258840560913086
胜 | 实际值：2.0 | 预测值（含误差范围）：2.904173493385315
负 | 实际值：-1.0 | 预测值（含误差范围）：0.842093288898468
负 | 实际值：0.0 | 预测值（含误差范围）：1.0142330527305603
负 | 实际值：3.0 | 预测值（含误差范围）：1.5864344835281372
胜 | 实际值：-1.0 | 预测值（含误差范围）：-0.7433967590332031
胜 | 实际值：1.0 | 预测值（含误差范围）：0.27447807788848877
负 | 实际值：-3.0 | 预测值（含误差范围）：0.12299990653991699
胜 | 实际值：2.0 | 预测值（含误差范围）：1.9447623193264008
负 | 实际值：-3.0 | 预测值（含误差范围）：-0.9439911842346191
负 | 实际值：0.0 | 预测值（含误差范围）：2.612974762916565
负 | 实际值：3.0 | 预测值（含误差范围）：4.5648863315582275
负 | 实际值：-3.0 | 预测值（含误差范围）：-1.2524054050445557
胜 | 实际值：2.0 | 预测值（含误差范围）：2.1999931931495667
负 | 实际值：-2.0 | 预测值（含误差范围）：0.8020789623260498
负 | 实际值：0.0 | 预测值（含误差范围）：2.986357092857361
胜 | 实际值：3.0 | 预测值（含误差范围）：3.1803427934646606
胜 | 实际值：-1.0 | 预测值（含误差范围）：-0.08427727222442627
负 | 实际值：-1.0 | 预测值（含误差范围）：0.8784084916114807
胜 | 实际值：0.0 | 预测值（含误差范围）：0.6579911112785339
负 | 实际值：3.0 | 预测值（含误差范围）：0.6685411334037781
负 | 实际值：-4.0 | 预测值（含误差范围）：-0.28900444507598877
负 | 实际值：0.0 | 预测值（含误差范围）：1.165767878293991
胜 | 实际值：1.0 | 预测值（含误差范围）：1.62295962870121
胜 | 实际值：1.0 | 预测值（含误差范围）：0.5898134112358093
负 | 实际值：1.0 | 预测值（含误差范围）：-1.0725977420806885
负 | 实际值：1.0 | 预测值（含误差范围）：-1.0914299488067627
负 | 实际值：-4.0 | 预测值（含误差范围）：-1.9429285526275635
胜 | 实际值：2.0 | 预测值（含误差范围）：2.168713390827179
负 | 实际值：1.0 | 预测值（含误差范围）：-0.6211440563201904
负 | 实际值：-1.0 | 预测值（含误差范围）：0.17276251316070557
胜 | 实际值：1.0 | 预测值（含误差范围）：0.9969155192375183
胜 | 实际值：-1.0 | 预测值（含误差范围）：-0.6506118774414062
负 | 实际值：-1.0 | 预测值（含误差范围）：1.2522607296705246
负 | 实际值：0.0 | 预测值（含误差范围）：3.6545352935791016
负 | 实际值：0.0 | 预测值（含误差范围）：3.1423158645629883
负 | 实际值：-1.0 | 预测值（含误差范围）：2.566782236099243
负 | 实际值：1.0 | 预测值（含误差范围）：5.392634630203247
负 | 实际值：0.0 | 预测值（含误差范围）：2.7691644430160522
胜 | 实际值：2.0 | 预测值（含误差范围）：2.213491439819336
负 | 实际值：-3.0 | 预测值（含误差范围）：0.25345420837402344
胜 | 实际值：3.0 | 预测值（含误差范围）：2.4762879610061646
负 | 实际值：-2.0 | 预测值（含误差范围）：0.2216109037399292
负 | 实际值：-1.0 | 预测值（含误差范围）：1.754604458808899
胜 | 实际值：2.0 | 预测值（含误差范围）：2.5972789525985718
负 | 实际值：-1.0 | 预测值（含误差范围）：0.4023224115371704
胜 | 实际值：1.0 | 预测值（含误差范围）：0.5128235220909119
负 | 实际值：2.0 | 预测值（含误差范围）：-0.3252166509628296
负 | 实际值：-3.0 | 预测值（含误差范围）：-0.032704949378967285
胜 | 实际值：1.0 | 预测值（含误差范围）：1.106373518705368
负 | 实际值：-2.0 | 预测值（含误差范围）：1.1010883152484894
负 | 实际值：0.0 | 预测值（含误差范围）：3.961815595626831
负 | 实际值：2.0 | 预测值（含误差范围）：6.135650157928467
负 | 实际值：-2.0 | 预测值（含误差范围）：0.692777693271637
负 | 实际值：1.0 | 预测值（含误差范围）：3.407325863838196
负 | 实际值：-1.0 | 预测值（含误差范围）：1.6963423043489456
负 | 实际值：4.0 | 预测值（含误差范围）：2.8915194272994995
胜 | 实际值：0.0 | 预测值（含误差范围）：-0.44573819637298584
胜 | 实际值：0.0 | 预测值（含误差范围）：-0.3135899305343628
胜 | 实际值：0.0 | 预测值（含误差范围）：-0.07150161266326904
胜 | 实际值：0.0 | 预测值（含误差范围）：-0.9395878314971924
负 | 实际值：-3.0 | 预测值（含误差范围）：0.32407665252685547
负 | 实际值：2.0 | 预测值（含误差范围）：3.7553012371063232
胜 | 实际值：0.0 | 预测值（含误差范围）：0.1442927122116089
负 | 实际值：-3.0 | 预测值（含误差范围）：0.5391112565994263
负 | 实际值：0.0 | 预测值（含误差范围）：4.754146337509155
负 | 实际值：3.0 | 预测值（含误差范围）：4.733003616333008
胜 | 实际值：-1.0 | 预测值（含误差范围）：-0.14979493618011475
负 | 实际值：1.0 | 预测值（含误差范围）：2.013857424259186
胜 | 实际值：0.0 | 预测值（含误差范围）：0.8922562003135681
负 | 实际值：-1.0 | 预测值（含误差范围）：0.8102642297744751
负 | 实际值：0.0 | 预测值（含误差范围）：2.271656095981598
负 | 实际值：0.0 | 预测值（含误差范围）：2.0262516736984253
胜 | 实际值：1.0 | 预测值（含误差范围）：1.2944880425930023
负 | 实际值：-1.0 | 预测值（含误差范围）：0.9379852414131165
负 | 实际值：0.0 | 预测值（含误差范围）：1.6361151188611984
胜 | 实际值：1.0 | 预测值（含误差范围）：1.8814698457717896
胜 | 实际值：0.0 | 预测值（含误差范围）：-0.22034168243408203
负 | 实际值：-2.0 | 预测值（含误差范围）：-0.17766177654266357
负 | 实际值：2.0 | 预测值（含误差范围）：3.1730412244796753
胜 | 实际值：-1.0 | 预测值（含误差范围）：-0.3658705949783325
胜 | 实际值：1.0 | 预测值（含误差范围）：0.6841279864311218
负 | 实际值：-1.0 | 预测值（含误差范围）：0.6973184943199158
负 | 实际值：-1.0 | 预测值（含误差范围）：0.9724539518356323
胜 | 实际值：3.0 | 预测值（含误差范围）：2.5753060579299927
负 | 实际值：-4.0 | 预测值（含误差范围）：0.33480536937713623
负 | 实际值：0.0 | 预测值（含误差范围）：3.1656585931777954
负 | 实际值：2.0 | 预测值（含误差范围）：3.5985279083251953
胜 | 实际值：0.0 | 预测值（含误差范围）：0.39932727813720703
负 | 实际值：-1.0 | 预测值（含误差范围）：0.18349969387054443
胜 | 实际值：3.0 | 预测值（含误差范围）：2.016743242740631
负 | 实际值：-3.0 | 预测值（含误差范围）：-0.3004390001296997
胜 | 实际值：0.0 | 预测值（含误差范围）：0.8882830739021301
负 | 实际值：-1.0 | 预测值（含误差范围）：1.1846674382686615
胜 | 实际值：3.0 | 预测值（含误差范围）：3.9545342922210693
负 | 实际值：1.0 | 预测值（含误差范围）：-0.17167961597442627
负 | 实际值：-3.0 | 预测值（含误差范围）：-0.5002197027206421
胜 | 实际值：1.0 | 预测值（含误差范围）：1.125026375055313
负 | 实际值：-1.0 | 预测值（含误差范围）：0.007071137428283691
胜 | 实际值：1.0 | 预测值（含误差范围）：1.4658203488215804
胜 | 实际值：0.0 | 预测值（含误差范围）：0.29286110401153564
胜 | 实际值：1.0 | 预测值（含误差范围）：0.6185843348503113
胜 | 实际值：-1.0 | 预测值（含误差范围）：-0.5612599849700928
负 | 实际值：-1.0 | 预测值（含误差范围）：0.9679464995861053
胜 | 实际值：2.0 | 预测值（含误差范围）：2.2471671104431152
胜 | 实际值：0.0 | 预测值（含误差范围）：-0.7943646907806396
负 | 实际值：-2.0 | 预测值（含误差范围）：0.8790996670722961
负 | 实际值：-1.0 | 预测值（含误差范围）：2.584086060523987
负 | 实际值：0.0 | 预测值（含误差范围）：3.925935983657837
负 | 实际值：1.0 | 预测值（含误差范围）：3.1252611875534058
胜 | 实际值：1.0 | 预测值（含误差范围）：1.5038653835654259
负 | 实际值：1.0 | 预测值（含误差范围）：-0.31947171688079834
胜 | 实际值：0.0 | 预测值（含误差范围）：0.33670079708099365
负 | 实际值：-2.0 | 预测值（含误差范围）：0.491321325302124
负 | 实际值：1.0 | 预测值（含误差范围）：2.555543541908264
负 | 实际值：-2.0 | 预测值（含误差范围）：0.31388628482818604
胜 | 实际值：4.0 | 预测值（含误差范围）：3.8391170501708984
胜 | 实际值：0.0 | 预测值（含误差范围）：-0.10934317111968994
负 | 实际值：-4.0 | 预测值（含误差范围）：-0.2451634407043457
胜 | 实际值：2.0 | 预测值（含误差范围）：2.5317766666412354
负 | 实际值：-1.0 | 预测值（含误差范围）：0.1295257806777954
负 | 实际值：-1.0 | 预测值（含误差范围）：0.9908720254898071
负 | 实际值：2.0 | 预测值（含误差范围）：4.823340892791748
胜 | 实际值：0.0 | 预测值（含误差范围）：0.04106175899505615
负 | 实际值：-1.0 | 预测值（含误差范围）：0.2443903684616089
负 | 实际值：0.0 | 预测值（含误差范围）：4.149187326431274
负 | 实际值：0.0 | 预测值（含误差范围）：4.419137954711914
胜 | 实际值：2.0 | 预测值（含误差范围）：2.790693163871765
负 | 实际值：-3.0 | 预测值（含误差范围）：0.26826560497283936
负 | 实际值：0.0 | 预测值（含误差范围）：2.5763962268829346
负 | 实际值：4.0 | 预测值（含误差范围）：2.373018980026245
负 | 实际值：-4.0 | 预测值（含误差范围）：-0.8047432899475098
负 | 实际值：4.0 | 预测值（含误差范围）：0.7818899154663086
胜 | 实际值：-1.0 | 预测值（含误差范围）：-1.3582408428192139
胜 | 实际值：0.0 | 预测值（含误差范围）：0.013716578483581543
负 | 实际值：1.0 | 预测值（含误差范围）：-0.20947372913360596
胜 | 实际值：-1.0 | 预测值（含误差范围）：-0.04515063762664795
胜 | 实际值：1.0 | 预测值（含误差范围）：1.2200146466493607
胜 | 实际值：0.0 | 预测值（含误差范围）：0.7773347496986389
胜 | 实际值：0.0 | 预测值（含误差范围）：0.41674327850341797
负 | 实际值：-1.0 | 预测值（含误差范围）：2.835673451423645
负 | 实际值：-3.0 | 预测值（含误差范围）：4.559808015823364
负 | 实际值：3.0 | 预测值（含误差范围）：7.731812953948975
负 | 实际值：-3.0 | 预测值（含误差范围）：3.910724401473999
负 | 实际值：3.0 | 预测值（含误差范围）：6.888086795806885
负 | 实际值：0.0 | 预测值（含误差范围）：2.3043269515037537
负 | 实际值：-2.0 | 预测值（含误差范围）：1.9840229749679565
负 | 实际值：-1.0 | 预测值（含误差范围）：4.157426357269287
负 | 实际值：0.0 | 预测值（含误差范围）：4.490792751312256
负 | 实际值：2.0 | 预测值（含误差范围）：4.40948748588562
负 | 实际值：0.0 | 预测值（含误差范围）：1.2133114635944366
胜 | 实际值：0.0 | 预测值（含误差范围）：0.21555614471435547
胜 | 实际值：2.0 | 预测值（含误差范围）：1.167782962322235
负 | 实际值：-4.0 | 预测值（含误差范围）：-1.2475042343139648
胜 | 实际值：1.0 | 预测值（含误差范围）：1.8667925298213959
负 | 实际值：2.0 | 预测值（含误差范围）：0.5111247301101685
负 | 实际值：0.0 | 预测值（含误差范围）：-1.1504795551300049
胜 | 实际值：-1.0 | 预测值（含误差范围）：-0.44322049617767334
胜 | 实际值：0.0 | 预测值（含误差范围）：-0.3356211185455322
胜 | 实际值：-1.0 | 预测值（含误差范围）：-0.1389482021331787
负 | 实际值：1.0 | 预测值（含误差范围）：2.3351359367370605
负 | 实际值：-2.0 | 预测值（含误差范围）：0.05178642272949219
胜 | 实际值：3.0 | 预测值（含误差范围）：3.105579972267151
负 | 实际值：-2.0 | 预测值（含误差范围）：-0.5503718852996826
负 | 实际值：3.0 | 预测值（含误差范围）：1.3905372098088264
胜 | 实际值：-1.0 | 预测值（含误差范围）：-0.8633501529693604
负 | 实际值：-3.0 | 预测值（含误差范围）：-0.26759612560272217
胜 | 实际值：4.0 | 预测值（含误差范围）：3.919114589691162
负 | 实际值：-2.0 | 预测值（含误差范围）：-0.07561051845550537
胜 | 实际值：0.0 | 预测值（含误差范围）：0.8680998682975769
胜 | 实际值：0.0 | 预测值（含误差范围）：0.4536503553390503
负 | 实际值：-2.0 | 预测值（含误差范围）：0.6091321706771851
负 | 实际值：1.0 | 预测值（含误差范围）：3.715398073196411
负 | 实际值：2.0 | 预测值（含误差范围）：4.562094688415527
负 | 实际值：-1.0 | 预测值（含误差范围）：0.17244446277618408
负 | 实际值：-1.0 | 预测值（含误差范围）：0.9171282649040222
负 | 实际值：0.0 | 预测值（含误差范围）：3.9535939693450928
负 | 实际值：2.0 | 预测值（含误差范围）：3.5818285942077637
胜 | 实际值：0.0 | 预测值（含误差范围）：-0.02022707462310791
胜 | 实际值：1.0 | 预测值（含误差范围）：0.2197052240371704
负 | 实际值：-1.0 | 预测值（含误差范围）：0.0464552640914917
负 | 实际值：-3.0 | 预测值（含误差范围）：0.6819117069244385
负 | 实际值：0.0 | 预测值（含误差范围）：3.9626808166503906
负 | 实际值：0.0 | 预测值（含误差范围）：2.8397672176361084
胜 | 实际值：3.0 | 预测值（含误差范围）：2.689055562019348
胜 | 实际值：-2.0 | 预测值（含误差范围）：-1.0761148929595947
负 | 实际值：3.0 | 预测值（含误差范围）：0.5990487933158875
负 | 实际值：-2.0 | 预测值（含误差范围）：-0.051508307456970215
负 | 实际值：2.0 | 预测值（含误差范围）：0.23140347003936768
负 | 实际值：-4.0 | 预测值（含误差范围）：-0.40281617641448975
胜 | 实际值：2.0 | 预测值（含误差范围）：2.023151695728302
胜 | 实际值：1.0 | 预测值（含误差范围）：0.011373400688171387
胜 | 实际值：1.0 | 预测值（含误差范围）：0.13179826736450195
负 | 实际值：-2.0 | 预测值（含误差范围）：-0.2639223337173462
胜 | 实际值：1.0 | 预测值（含误差范围）：1.5749159082770348
胜 | 实际值：1.0 | 预测值（含误差范围）：0.06143367290496826
负 | 实际值：-3.0 | 预测值（含误差范围）：-0.3000185489654541
胜 | 实际值：2.0 | 预测值（含误差范围）：2.6588469743728638
负 | 实际值：-1.0 | 预测值（含误差范围）：0.9701860249042511
负 | 实际值：-1.0 | 预测值（含误差范围）：3.2606111764907837
负 | 实际值：2.0 | 预测值（含误差范围）：6.147947788238525
负 | 实际值：1.0 | 预测值（含误差范围）：2.1569624543190002
负 | 实际值：-2.0 | 预测值（含误差范围）：1.1105652451515198
负 | 实际值：0.0 | 预测值（含误差范围）：2.9317128658294678
胜 | 实际值：2.0 | 预测值（含误差范围）：2.8240736722946167
胜 | 实际值：-1.0 | 预测值（含误差范围）：-0.1370983123779297
胜 | 实际值：1.0 | 预测值（含误差范围）：1.3867283388972282
胜 | 实际值：-1.0 | 预测值（含误差范围）：-0.34723830223083496
负 | 实际值：-1.0 | 预测值（含误差范围）：1.2582487612962723
负 | 实际值：-2.0 | 预测值（含误差范围）：1.7838367521762848
负 | 实际值：1.0 | 预测值（含误差范围）：5.144065618515015
负 | 实际值：1.0 | 预测值（含误差范围）：2.662523865699768
胜 | 实际值：0.0 | 预测值（含误差范围）：0.9357142448425293
胜 | 实际值：2.0 | 预测值（含误差范围）：1.0251460075378418
负 | 实际值：-2.0 | 预测值（含误差范围）：0.0709453821182251
胜 | 实际值：2.0 | 预测值（含误差范围）：1.029572606086731
负 | 实际值：-2.0 | 预测值（含误差范围）：-0.7739379405975342
胜 | 实际值：1.0 | 预测值（含误差范围）：1.7508804500102997
负 | 实际值：-2.0 | 预测值（含误差范围）：0.2545769214630127
负 | 实际值：1.0 | 预测值（含误差范围）：2.430501401424408
负 | 实际值：-2.0 | 预测值（含误差范围）：1.21791510283947
负 | 实际值：0.0 | 预测值（含误差范围）：3.738389015197754
负 | 实际值：2.0 | 预测值（含误差范围）：4.9282143115997314
胜 | 实际值：1.0 | 预测值（含误差范围）：0.4587849974632263
胜 | 实际值：1.0 | 预测值（含误差范围）：0.1538022756576538
负 | 实际值：-3.0 | 预测值（含误差范围）：-1.158905267715454
负 | 实际值：3.0 | 预测值（含误差范围）：1.5298662558197975
胜 | 实际值：-1.0 | 预测值（含误差范围）：-1.2136213779449463
胜 | 实际值：-1.0 | 预测值（含误差范围）：-0.30081331729888916
负 | 实际值：-2.0 | 预测值（含误差范围）：0.9078601002693176
负 | 实际值：2.0 | 预测值（含误差范围）：4.165744304656982
负 | 实际值：2.0 | 预测值（含误差范围）：0.5852289795875549
胜 | 实际值：0.0 | 预测值（含误差范围）：-0.2585097551345825
负 | 实际值：-4.0 | 预测值（含误差范围）：-0.17367565631866455
胜 | 实际值：4.0 | 预测值（含误差范围）：4.281042575836182
负 | 实际值：-4.0 | 预测值（含误差范围）：-0.43441319465637207
负 | 实际值：1.0 | 预测值（含误差范围）：3.1437050104141235
负 | 实际值：-1.0 | 预测值（含误差范围）：1.365160658955574
负 | 实际值：3.0 | 预测值（含误差范围）：4.39383339881897
负 | 实际值：1.0 | 预测值（含误差范围）：-0.11346590518951416
负 | 实际值：-4.0 | 预测值（含误差范围）：-0.7001626491546631
胜 | 实际值：3.0 | 预测值（含误差范围）：2.4525336623191833
胜 | 实际值：-1.0 | 预测值（含误差范围）：-0.01886439323425293
胜 | 实际值：0.0 | 预测值（含误差范围）：-0.04288005828857422
胜 | 实际值：0.0 | 预测值（含误差范围）：0.08137786388397217
胜 | 实际值：0.0 | 预测值（含误差范围）：0.3596900701522827
负 | 实际值：-1.0 | 预测值（含误差范围）：1.5247377082705498
负 | 实际值：3.0 | 预测值（含误差范围）：4.6625730991363525
负 | 实际值：-2.0 | 预测值（含误差范围）：-0.8332903385162354
负 | 实际值：0.0 | 预测值（含误差范围）：1.6429083198308945
负 | 实际值：-1.0 | 预测值（含误差范围）：2.622413992881775
胜 | 实际值：3.0 | 预测值（含误差范围）：3.094805121421814
负 | 实际值：-3.0 | 预测值（含误差范围）：-1.3068335056304932
负 | 实际值：2.0 | 预测值（含误差范围）：0.9322541952133179
负 | 实际值：-2.0 | 预测值（含误差范围）：0.9100096821784973
胜 | 实际值：2.0 | 预测值（含误差范围）：1.540570192039013
胜 | 实际值：1.0 | 预测值（含误差范围）：0.6452457308769226
负 | 实际值：-4.0 | 预测值（含误差范围）：0.09005224704742432
负 | 实际值：2.0 | 预测值（含误差范围）：3.129464030265808
胜 | 实际值：-1.0 | 预测值（含误差范围）：-0.030662894248962402
负 | 实际值：0.0 | 预测值（含误差范围）：1.6478534489870071
胜 | 实际值：2.0 | 预测值（含误差范围）：1.5903064608573914
负 | 实际值：-3.0 | 预测值（含误差范围）：-0.42709851264953613
负 | 实际值：0.0 | 预测值（含误差范围）：3.414862275123596
负 | 实际值：1.0 | 预测值（含误差范围）：4.046035051345825
负 | 实际值：-1.0 | 预测值（含误差范围）：1.5594150200486183
胜 | 实际值：3.0 | 预测值（含误差范围）：2.6628817319869995
胜 | 实际值：-1.0 | 预测值（含误差范围）：-0.1490166187286377
胜 | 实际值：0.0 | 预测值（含误差范围）：-0.7780370712280273
负 | 实际值：2.0 | 预测值（含误差范围）：0.6055594682693481
负 | 实际值：-2.0 | 预测值（含误差范围）：-0.4972383975982666
负 | 实际值：-1.0 | 预测值（含误差范围）：1.1452963948249817
负 | 实际值：3.0 | 预测值（含误差范围）：1.4888762906193733
负 | 实际值：-4.0 | 预测值（含误差范围）：-0.10618531703948975
胜 | 实际值：1.0 | 预测值（含误差范围）：1.5287490114569664
胜 | 实际值：0.0 | 预测值（含误差范围）：0.821358859539032
胜 | 实际值：2.0 | 预测值（含误差范围）：1.043881893157959
负 | 实际值：-3.0 | 预测值（含误差范围）：-0.988412618637085
胜 | 实际值：3.0 | 预测值（含误差范围）：2.5309759378433228
胜 | 实际值：0.0 | 预测值（含误差范围）：-0.3490489721298218
胜 | 实际值：-1.0 | 预测值（含误差范围）：-0.06677603721618652
胜 | 实际值：0.0 | 预测值（含误差范围）：0.9300402998924255
胜 | 实际值：1.0 | 预测值（含误差范围）：1.7362771928310394
胜 | 实际值：0.0 | 预测值（含误差范围）：0.7730037569999695
胜 | 实际值：1.0 | 预测值（含误差范围）：0.9165640473365784
负 | 实际值：-4.0 | 预测值（含误差范围）：0.08996140956878662
负 | 实际值：0.0 | 预测值（含误差范围）：3.7362430095672607
负 | 实际值：0.0 | 预测值（含误差范围）：4.803107023239136
负 | 实际值：0.0 | 预测值（含误差范围）：4.049633741378784
负 | 实际值：1.0 | 预测值（含误差范围）：3.391931891441345
负 | 实际值：3.0 | 预测值（含误差范围）：1.532067321240902
胜 | 实际值：0.0 | 预测值（含误差范围）：-0.7367100715637207
胜 | 实际值：0.0 | 预测值（含误差范围）：-0.04992222785949707
负 | 实际值：-3.0 | 预测值（含误差范围）：-1.1365725994110107
负 | 实际值：0.0 | 预测值（含误差范围）：2.7094942331314087
负 | 实际值：0.0 | 预测值（含误差范围）：2.1714691519737244
负 | 实际值：3.0 | 预测值（含误差范围）：1.9331042766571045
胜 | 实际值：-1.0 | 预测值（含误差范围）：-0.6966707706451416
负 | 实际值：-3.0 | 预测值（含误差范围）：0.5111042857170105
负 | 实际值：0.0 | 预测值（含误差范围）：3.8358776569366455
负 | 实际值：3.0 | 预测值（含误差范围）：4.447735786437988
胜 | 实际值：-1.0 | 预测值（含误差范围）：-0.17659270763397217
负 | 实际值：-1.0 | 预测值（含误差范围）：0.15088820457458496
负 | 实际值：0.0 | 预测值（含误差范围）：2.053512215614319
胜 | 实际值：3.0 | 预测值（含误差范围）：2.213166117668152
胜 | 实际值：-1.0 | 预测值（含误差范围）：-1.440542221069336
负 | 实际值：-2.0 | 预测值（含误差范围）：0.4508281946182251
胜 | 实际值：2.0 | 预测值（含误差范围）：2.1705830693244934
胜 | 实际值：0.0 | 预测值（含误差范围）：0.3409327268600464
负 | 实际值：-3.0 | 预测值（含误差范围）：0.4460357427597046
负 | 实际值：0.0 | 预测值（含误差范围）：3.1089357137680054
负 | 实际值：3.0 | 预测值（含误差范围）：5.231598138809204
负 | 实际值：-2.0 | 预测值（含误差范围）：-0.9928946495056152
胜 | 实际值：2.0 | 预测值（含误差范围）：1.8804896771907806
负 | 实际值：-2.0 | 预测值（含误差范围）：0.03042018413543701
负 | 实际值：0.0 | 预测值（含误差范围）：1.2774711698293686
负 | 实际值：-1.0 | 预测值（含误差范围）：1.3811480924487114
负 | 实际值：1.0 | 预测值（含误差范围）：5.006985425949097
负 | 实际值：0.0 | 预测值（含误差范围）：1.327566847205162
负 | 实际值：0.0 | 预测值（含误差范围）：1.6029324531555176
负 | 实际值：-1.0 | 预测值（含误差范围）：1.5359952971339226
负 | 实际值：0.0 | 预测值（含误差范围）：3.0828691720962524
胜 | 实际值：2.0 | 预测值（含误差范围）：2.0240432620048523
负 | 实际值：-1.0 | 预测值（含误差范围）：0.34614086151123047
负 | 实际值：-1.0 | 预测值（含误差范围）：1.072131097316742
负 | 实际值：4.0 | 预测值（含误差范围）：2.258619546890259
负 | 实际值：-3.0 | 预测值（含误差范围）：-1.4795000553131104
负 | 实际值：3.0 | 预测值（含误差范围）：1.0437716841697693
负 | 实际值：0.0 | 预测值（含误差范围）：-1.3224985599517822
负 | 实际值：0.0 | 预测值（含误差范围）：-1.13224458694458
胜 | 实际值：0.0 | 预测值（含误差范围）：0.019609808921813965
负 | 实际值：-4.0 | 预测值（含误差范围）：0.06884288787841797
负 | 实际值：0.0 | 预测值（含误差范围）：5.15578818321228
负 | 实际值：2.0 | 预测值（含误差范围）：4.968369960784912
负 | 实际值：1.0 | 预测值（含误差范围）：3.9540469646453857
负 | 实际值：-1.0 | 预测值（含误差范围）：1.0352258682250977
负 | 实际值：-2.0 | 预测值（含误差范围）：3.6385855674743652
负 | 实际值：1.0 | 预测值（含误差范围）：6.0257062911987305
负 | 实际值：3.0 | 预测值（含误差范围）：4.7945780754089355
负 | 实际值：-4.0 | 预测值（含误差范围）：-0.41987717151641846
负 | 实际值：2.0 | 预测值（含误差范围）：3.0845874547958374
胜 | 实际值：0.0 | 预测值（含误差范围）：0.9660773277282715
负 | 实际值：-1.0 | 预测值（含误差范围）：1.0518614947795868
胜 | 实际值：1.0 | 预测值（含误差范围）：1.1952791810035706
负 | 实际值：2.0 | 预测值（含误差范围）：0.6693344116210938
胜 | 实际值：-1.0 | 预测值（含误差范围）：-0.038924336433410645
胜 | 实际值：-1.0 | 预测值（含误差范围）：-0.7931938171386719
胜 | 实际值：1.0 | 预测值（含误差范围）：0.8384023308753967
负 | 实际值：1.0 | 预测值（含误差范围）：-0.05695664882659912
负 | 实际值：-3.0 | 预测值（含误差范围）：-0.9639465808868408
负 | 实际值：0.0 | 预测值（含误差范围）：3.915278196334839
负 | 实际值：2.0 | 预测值（含误差范围）：4.833593845367432
胜 | 实际值：0.0 | 预测值（含误差范围）：0.8790181279182434
负 | 实际值：-2.0 | 预测值（含误差范围）：1.0360512733459473
负 | 实际值：0.0 | 预测值（含误差范围）：3.31861412525177
胜 | 实际值：3.0 | 预测值（含误差范围）：3.630042791366577
胜 | 实际值：0.0 | 预测值（含误差范围）：-0.20649492740631104
负 | 实际值：-4.0 | 预测值（含误差范围）：0.5617666840553284
胜 | 实际值：3.0 | 预测值（含误差范围）：3.417488694190979
负 | 实际值：1.0 | 预测值（含误差范围）：-0.5075043439865112
胜 | 实际值：0.0 | 预测值（含误差范围）：0.1380082368850708
胜 | 实际值：0.0 | 预测值（含误差范围）：-0.19423675537109375
胜 | 实际值：0.0 | 预测值（含误差范围）：-0.18604373931884766
负 | 实际值：-2.0 | 预测值（含误差范围）：0.13977909088134766
负 | 实际值：1.0 | 预测值（含误差范围）：2.0184804797172546
负 | 实际值：0.0 | 预测值（含误差范围）：2.8041059970855713
负 | 实际值：0.0 | 预测值（含误差范围）：2.056349754333496
负 | 实际值：0.0 | 预测值（含误差范围）：1.82872873544693
负 | 实际值：-3.0 | 预测值（含误差范围）：2.7715033292770386
负 | 实际值：1.0 | 预测值（含误差范围）：6.968040943145752
负 | 实际值：-1.0 | 预测值（含误差范围）：4.692491292953491
负 | 实际值：2.0 | 预测值（含误差范围）：4.8579182624816895
负 | 实际值：0.0 | 预测值（含误差范围）：1.3048080950975418
胜 | 实际值：2.0 | 预测值（含误差范围）：1.1875394582748413
负 | 实际值：-3.0 | 预测值（含误差范围）：0.05649268627166748
负 | 实际值：1.0 | 预测值（含误差范围）：2.4440802931785583
胜 | 实际值：0.0 | 预测值（含误差范围）：0.5329819321632385
胜 | 实际值：0.0 | 预测值（含误差范围）：0.5689682960510254
负 | 实际值：-1.0 | 预测值（含误差范围）：1.4845707323402166
胜 | 实际值：2.0 | 预测值（含误差范围）：1.7664889097213745
负 | 实际值：1.0 | 预测值（含误差范围）：-0.33438432216644287
负 | 实际值：-3.0 | 预测值（含误差范围）：-0.8369815349578857
负 | 实际值：0.0 | 预测值（含误差范围）：2.798306703567505
胜 | 实际值：3.0 | 预测值（含误差范围）：3.6848647594451904
胜 | 实际值：0.0 | 预测值（含误差范围）：-0.2635934352874756
负 | 实际值：-3.0 | 预测值（含误差范围）：-0.6689822673797607
胜 | 实际值：3.0 | 预测值（含误差范围）：2.6157479286193848
负 | 实际值：-4.0 | 预测值（含误差范围）：-0.5837695598602295
胜 | 实际值：3.0 | 预测值（含误差范围）：2.8350895643234253
负 | 实际值：-2.0 | 预测值（含误差范围）：0.16799509525299072
胜 | 实际值：1.0 | 预测值（含误差范围）：1.1651706993579865
负 | 实际值：-1.0 | 预测值（含误差范围）：0.6973910927772522
胜 | 实际值：3.0 | 预测值（含误差范围）：2.0768443942070007
负 | 实际值：-3.0 | 预测值（含误差范围）：-0.41090071201324463
负 | 实际值：2.0 | 预测值（含误差范围）：3.331697106361389
胜 | 实际值：1.0 | 预测值（含误差范围）：0.15033423900604248
负 | 实际值：-3.0 | 预测值（含误差范围）：-0.40402019023895264
负 | 实际值：1.0 | 预测值（含误差范围）：3.1596773862838745
负 | 实际值：0.0 | 预测值（含误差范围）：1.8901927471160889
负 | 实际值：-2.0 | 预测值（含误差范围）：1.7544618546962738
胜 | 实际值：4.0 | 预测值（含误差范围）：4.699627161026001
胜 | 实际值：-1.0 | 预测值（含误差范围）：-1.4470980167388916
负 | 实际值：-2.0 | 预测值（含误差范围）：0.7854359149932861
负 | 实际值：-1.0 | 预测值（含误差范围）：2.780102849006653
负 | 实际值：3.0 | 预测值（含误差范围）：4.16289210319519
负 | 实际值：1.0 | 预测值（含误差范围）：-0.9722573757171631
负 | 实际值：-2.0 | 预测值（含误差范围）：-0.07120764255523682
胜 | 实际值：1.0 | 预测值（含误差范围）：0.1450362205505371
负 | 实际值：-3.0 | 预测值（含误差范围）：1.0273655354976654
胜 | 实际值：3.0 | 预测值（含误差范围）：3.630875825881958
负 | 实际值：-3.0 | 预测值（含误差范围）：0.1266559362411499
负 | 实际值：0.0 | 预测值（含误差范围）：1.88016876578331
胜 | 实际值：2.0 | 预测值（含误差范围）：2.3953633904457092
负 | 实际值：1.0 | 预测值（含误差范围）：-0.8041930198669434
负 | 实际值：-2.0 | 预测值（含误差范围）：0.0074503421783447266
负 | 实际值：-1.0 | 预测值（含误差范围）：0.8610152006149292
负 | 实际值：1.0 | 预测值（含误差范围）：4.086914777755737
负 | 实际值：0.0 | 预测值（含误差范围）：1.4157022014260292
负 | 实际值：0.0 | 预测值（含误差范围）：1.0096642971038818
负 | 实际值：2.0 | 预测值（含误差范围）：0.9909133911132812
负 | 实际值：-1.0 | 预测值（含误差范围）：0.14232611656188965
负 | 实际值：-2.0 | 预测值（含误差范围）：-0.6063544750213623
胜 | 实际值：2.0 | 预测值（含误差范围）：2.4232307076454163
负 | 实际值：2.0 | 预测值（含误差范围）：0.4160860776901245
负 | 实际值：-3.0 | 预测值（含误差范围）：-0.07412636280059814
胜 | 实际值：1.0 | 预测值（含误差范围）：0.48805761337280273
胜 | 实际值：-1.0 | 预测值（含误差范围）：-0.5597116947174072
胜 | 实际值：1.0 | 预测值（含误差范围）：0.8942190408706665
胜 | 实际值：0.0 | 预测值（含误差范围）：-0.24862253665924072
第6次训练后，新的数据集测试
误差范围：1.369843602180481
负 | 实际值：4.0 | 预测值（含误差范围）：5.276708483695984
负 | 实际值：-2.0 | 预测值（含误差范围）：1.0823206901550293
负 | 实际值：-1.0 | 预测值（含误差范围）：3.7231136560440063
负 | 实际值：3.0 | 预测值（含误差范围）：4.322002053260803
负 | 实际值：-2.0 | 预测值（含误差范围）：0.6289218068122864
负 | 实际值：-1.0 | 预测值（含误差范围）：3.002938389778137
负 | 实际值：2.0 | 预测值（含误差范围）：4.100044131278992
负 | 实际值：-2.0 | 预测值（含误差范围）：0.9186055362224579
负 | 实际值：3.0 | 预测值（含误差范围）：4.49816620349884
负 | 实际值：-4.0 | 预测值（含误差范围）：0.9019323885440826
负 | 实际值：4.0 | 预测值（含误差范围）：5.306989073753357
负 | 实际值：-1.0 | 预测值（含误差范围）：1.9714643955230713
胜 | 实际值：1.0 | 预测值（含误差范围）：1.0914180874824524
负 | 实际值：-3.0 | 预测值（含误差范围）：0.6868708729743958
负 | 实际值：-1.0 | 预测值（含误差范围）：0.5743827819824219
负 | 实际值：0.0 | 预测值（含误差范围）：1.890328586101532
负 | 实际值：3.0 | 预测值（含误差范围）：4.35086977481842
胜 | 实际值：0.0 | 预测值（含误差范围）：-0.7052274942398071
负 | 实际值：-1.0 | 预测值（含误差范围）：1.2865850254893303
负 | 实际值：0.0 | 预测值（含误差范围）：2.4767524003982544
负 | 实际值：-1.0 | 预测值（含误差范围）：2.199662208557129
负 | 实际值：1.0 | 预测值（含误差范围）：3.0583677291870117
胜 | 实际值：2.0 | 预测值（含误差范围）：2.853654980659485
胜 | 实际值：0.0 | 预测值（含误差范围）：0.6096665263175964
负 | 实际值：0.0 | 预测值（含误差范围）：-1.3604742288589478
负 | 实际值：-2.0 | 预测值（含误差范围）：-0.037352919578552246
胜 | 实际值：1.0 | 预测值（含误差范围）：1.006948083639145
负 | 实际值：-3.0 | 预测值（含误差范围）：0.49687594175338745
负 | 实际值：0.0 | 预测值（含误差范围）：2.1225932240486145
负 | 实际值：0.0 | 预测值（含误差范围）：2.7402641773223877
负 | 实际值：0.0 | 预测值（含误差范围）：4.863391280174255
负 | 实际值：2.0 | 预测值（含误差范围）：4.133515954017639
胜 | 实际值：1.0 | 预测值（含误差范围）：1.3283370323479176
负 | 实际值：1.0 | 预测值（含误差范围）：-0.5149997472763062
胜 | 实际值：-1.0 | 预测值（含误差范围）：-0.592545747756958
负 | 实际值：-1.0 | 预测值（含误差范围）：0.062752366065979
负 | 实际值：-2.0 | 预测值（含误差范围）：1.210527017712593
负 | 实际值：0.0 | 预测值（含误差范围）：2.146344840526581
胜 | 实际值：3.0 | 预测值（含误差范围）：3.087516665458679
胜 | 实际值：1.0 | 预测值（含误差范围）：0.2851475477218628
负 | 实际值：-4.0 | 预测值（含误差范围）：-1.4491597414016724
胜 | 实际值：4.0 | 预测值（含误差范围）：3.0832111835479736
胜 | 实际值：0.0 | 预测值（含误差范围）：-0.41453349590301514
负 | 实际值：0.0 | 预测值（含误差范围）：1.150906965136528
负 | 实际值：-2.0 | 预测值（含误差范围）：1.0376502573490143
胜 | 实际值：2.0 | 预测值（含误差范围）：2.311202883720398
负 | 实际值：-3.0 | 预测值（含误差范围）：-0.2081049680709839
胜 | 实际值：1.0 | 预测值（含误差范围）：1.8510711193084717
负 | 实际值：2.0 | 预测值（含误差范围）：0.8826853930950165
负 | 实际值：-2.0 | 预测值（含误差范围）：-0.23278725147247314
负 | 实际值：-2.0 | 预测值（含误差范围）：2.5874171257019043
负 | 实际值：2.0 | 预测值（含误差范围）：4.032251477241516
负 | 实际值：0.0 | 预测值（含误差范围）：1.2569142505526543
负 | 实际值：2.0 | 预测值（含误差范围）：0.4176238179206848
胜 | 实际值：-3.0 | 预测值（含误差范围）：-2.510335087776184
胜 | 实际值：3.0 | 预测值（含误差范围）：3.456543803215027
负 | 实际值：-3.0 | 预测值（含误差范围）：1.3256371803581715
负 | 实际值：0.0 | 预测值（含误差范围）：2.800930142402649
负 | 实际值：3.0 | 预测值（含误差范围）：4.49629008769989
负 | 实际值：-4.0 | 预测值（含误差范围）：0.6678206920623779
负 | 实际值：1.0 | 预测值（含误差范围）：3.1327091455459595
负 | 实际值：0.0 | 预测值（含误差范围）：2.408574938774109
负 | 实际值：1.0 | 预测值（含误差范围）：2.524163603782654
负 | 实际值：2.0 | 预测值（含误差范围）：0.927700012922287
负 | 实际值：-3.0 | 预测值（含误差范围）：-1.4021660089492798
胜 | 实际值：2.0 | 预测值（含误差范围）：1.830810934305191
负 | 实际值：1.0 | 预测值（含误差范围）：-0.1752300262451172
胜 | 实际值：-1.0 | 预测值（含误差范围）：-0.3861018419265747
负 | 实际值：-3.0 | 预测值（含误差范围）：0.5427548885345459
负 | 实际值：2.0 | 预测值（含误差范围）：3.695113778114319
胜 | 实际值：2.0 | 预测值（含误差范围）：1.1859414279460907
负 | 实际值：-4.0 | 预测值（含误差范围）：-0.5371423959732056
胜 | 实际值：3.0 | 预测值（含误差范围）：2.6107977628707886
负 | 实际值：-2.0 | 预测值（含误差范围）：0.9618957340717316
负 | 实际值：1.0 | 预测值（含误差范围）：2.7871450185775757
胜 | 实际值：2.0 | 预测值（含误差范围）：1.1240161508321762
胜 | 实际值：0.0 | 预测值（含误差范围）：-0.9660149812698364
胜 | 实际值：0.0 | 预测值（含误差范围）：0.14183223247528076
负 | 实际值：-4.0 | 预测值（含误差范围）：0.3376356363296509
负 | 实际值：4.0 | 预测值（含误差范围）：2.38821017742157
胜 | 实际值：-1.0 | 预测值（含误差范围）：-0.03399074077606201
胜 | 实际值：1.0 | 预测值（含误差范围）：0.45235365629196167
负 | 实际值：-2.0 | 预测值（含误差范围）：-0.0011745691299438477
负 | 实际值：-2.0 | 预测值（含误差范围）：0.9082675278186798
负 | 实际值：4.0 | 预测值（含误差范围）：2.544535517692566
负 | 实际值：-3.0 | 预测值（含误差范围）：0.7223276495933533
负 | 实际值：-1.0 | 预测值（含误差范围）：0.7950641512870789
负 | 实际值：1.0 | 预测值（含误差范围）：3.0514763593673706
负 | 实际值：3.0 | 预测值（含误差范围）：4.041694521903992
负 | 实际值：-4.0 | 预测值（含误差范围）：0.9755637347698212
负 | 实际值：2.0 | 预测值（含误差范围）：3.272213339805603
胜 | 实际值：2.0 | 预测值（含误差范围）：1.7795051634311676
胜 | 实际值：0.0 | 预测值（含误差范围）：0.2034435272216797
负 | 实际值：-2.0 | 预测值（含误差范围）：0.07942473888397217
负 | 实际值：-1.0 | 预测值（含误差范围）：2.376899003982544
负 | 实际值：-1.0 | 预测值（含误差范围）：3.004894971847534
负 | 实际值：1.0 | 预测值（含误差范围）：2.8356385231018066
负 | 实际值：1.0 | 预测值（含误差范围）：2.23170930147171
负 | 实际值：-1.0 | 预测值（含误差范围）：0.9829517304897308
负 | 实际值：0.0 | 预测值（含误差范围）：3.5843669176101685
胜 | 实际值：3.0 | 预测值（含误差范围）：2.7125284671783447
胜 | 实际值：-2.0 | 预测值（含误差范围）：-1.1494311094284058
负 | 实际值：-2.0 | 预测值（含误差范围）：2.2490788102149963
负 | 实际值：0.0 | 预测值（含误差范围）：1.5310339778661728
胜 | 实际值：4.0 | 预测值（含误差范围）：4.741816878318787
负 | 实际值：-2.0 | 预测值（含误差范围）：-0.8837541341781616
负 | 实际值：0.0 | 预测值（含误差范围）：2.8997758626937866
负 | 实际值：0.0 | 预测值（含误差范围）：1.846646636724472
胜 | 实际值：2.0 | 预测值（含误差范围）：1.7851962745189667
负 | 实际值：-2.0 | 预测值（含误差范围）：0.956397294998169
胜 | 实际值：1.0 | 预测值（含误差范围）：1.426479283720255
负 | 实际值：-3.0 | 预测值（含误差范围）：0.2860783338546753
负 | 实际值：0.0 | 预测值（含误差范围）：4.405347228050232
负 | 实际值：1.0 | 预测值（含误差范围）：4.253286957740784
胜 | 实际值：1.0 | 预测值（含误差范围）：1.7845402657985687
负 | 实际值：-1.0 | 预测值（含误差范围）：1.6412673592567444
负 | 实际值：1.0 | 预测值（含误差范围）：3.2856866121292114
负 | 实际值：-1.0 | 预测值（含误差范围）：1.6731777489185333
负 | 实际值：2.0 | 预测值（含误差范围）：3.4031399488449097
负 | 实际值：-2.0 | 预测值（含误差范围）：0.4754987359046936
负 | 实际值：1.0 | 预测值（含误差范围）：2.7832776308059692
负 | 实际值：-1.0 | 预测值（含误差范围）：2.8793588876724243
负 | 实际值：0.0 | 预测值（含误差范围）：2.9327367544174194
负 | 实际值：0.0 | 预测值（含误差范围）：2.8819425106048584
胜 | 实际值：2.0 | 预测值（含误差范围）：2.6711701154708862
胜 | 实际值：0.0 | 预测值（含误差范围）：0.7269173860549927
负 | 实际值：-3.0 | 预测值（含误差范围）：-0.9447921514511108
胜 | 实际值：2.0 | 预测值（含误差范围）：1.6797004342079163
负 | 实际值：-1.0 | 预测值（含误差范围）：0.38926029205322266
负 | 实际值：1.0 | 预测值（含误差范围）：3.958454966545105
胜 | 实际值：1.0 | 预测值（含误差范围）：0.41989606618881226
胜 | 实际值：-1.0 | 预测值（含误差范围）：-1.4854599237442017
负 | 实际值：2.0 | 预测值（含误差范围）：0.9692733287811279
胜 | 实际值：-1.0 | 预测值（含误差范围）：-1.3111730813980103
负 | 实际值：-3.0 | 预测值（含误差范围）：-0.08301818370819092
胜 | 实际值：1.0 | 预测值（含误差范围）：1.2150685340166092
负 | 实际值：3.0 | 预测值（含误差范围）：1.1266111880540848
胜 | 实际值：0.0 | 预测值（含误差范围）：-0.8031388521194458
负 | 实际值：-4.0 | 预测值（含误差范围）：-1.0051785707473755
负 | 实际值：0.0 | 预测值（含误差范围）：2.5886240005493164
负 | 实际值：0.0 | 预测值（含误差范围）：3.302876591682434
胜 | 实际值：2.0 | 预测值（含误差范围）：2.2938674092292786
负 | 实际值：-2.0 | 预测值（含误差范围）：1.7313265800476074
负 | 实际值：1.0 | 预测值（含误差范围）：4.984129309654236
胜 | 实际值：2.0 | 预测值（含误差范围）：2.1951562762260437
负 | 实际值：-3.0 | 预测值（含误差范围）：-0.7799209356307983
负 | 实际值：1.0 | 预测值（含误差范围）：3.7804588079452515
负 | 实际值：3.0 | 预测值（含误差范围）：1.8953951597213745
负 | 实际值：-3.0 | 预测值（含误差范围）：-0.9759670495986938
负 | 实际值：-1.0 | 预测值（含误差范围）：3.3135554790496826
负 | 实际值：4.0 | 预测值（含误差范围）：2.0094327330589294
负 | 实际值：-1.0 | 预测值（含误差范围）：1.3238552995026112
负 | 实际值：-1.0 | 预测值（含误差范围）：0.4825589060783386
负 | 实际值：0.0 | 预测值（含误差范围）：2.0762349367141724
负 | 实际值：0.0 | 预测值（含误差范围）：2.277529537677765
胜 | 实际值：1.0 | 预测值（含误差范围）：0.5497840046882629
胜 | 实际值：0.0 | 预测值（含误差范围）：0.07678842544555664
负 | 实际值：-3.0 | 预测值（含误差范围）：1.044799268245697
负 | 实际值：1.0 | 预测值（含误差范围）：3.9210466146469116
负 | 实际值：0.0 | 预测值（含误差范围）：2.571182608604431
负 | 实际值：-1.0 | 预测值（含误差范围）：3.176946759223938
胜 | 实际值：4.0 | 预测值（含误差范围）：4.912777781486511
负 | 实际值：0.0 | 预测值（含误差范围）：1.5386044532060623
胜 | 实际值：-1.0 | 预测值（含误差范围）：-0.021167874336242676
负 | 实际值：-2.0 | 预测值（含误差范围）：1.0770213305950165
负 | 实际值：0.0 | 预测值（含误差范围）：1.6144639998674393
负 | 实际值：3.0 | 预测值（含误差范围）：4.190769076347351
胜 | 实际值：0.0 | 预测值（含误差范围）：0.1812342405319214
胜 | 实际值：-1.0 | 预测值（含误差范围）：-0.4461590051651001
胜 | 实际值：1.0 | 预测值（含误差范围）：0.7616665959358215
负 | 实际值：-2.0 | 预测值（含误差范围）：-0.5729085206985474
负 | 实际值：0.0 | 预测值（含误差范围）：2.8382294178009033
负 | 实际值：-1.0 | 预测值（含误差范围）：1.7544094026088715
负 | 实际值：0.0 | 预测值（含误差范围）：1.5706046223640442
负 | 实际值：-1.0 | 预测值（含误差范围）：2.2405688166618347
负 | 实际值：1.0 | 预测值（含误差范围）：3.7093571424484253
负 | 实际值：2.0 | 预测值（含误差范围）：4.080507159233093
负 | 实际值：-3.0 | 预测值（含误差范围）：0.8917449414730072
胜 | 实际值：4.0 | 预测值（含误差范围）：3.1207209825515747
胜 | 实际值：0.0 | 预测值（含误差范围）：0.4359329342842102
胜 | 实际值：-1.0 | 预测值（含误差范围）：-0.14285767078399658
负 | 实际值：-1.0 | 预测值（含误差范围）：0.9924613833427429
负 | 实际值：-2.0 | 预测值（含误差范围）：3.3212649822235107
胜 | 实际值：4.0 | 预测值（含误差范围）：4.162029147148132
负 | 实际值：-3.0 | 预测值（含误差范围）：0.9188602268695831
胜 | 实际值：3.0 | 预测值（含误差范围）：3.0144951343536377
负 | 实际值：-3.0 | 预测值（含误差范围）：0.20159196853637695
负 | 实际值：3.0 | 预测值（含误差范围）：4.291477560997009
负 | 实际值：-2.0 | 预测值（含误差范围）：1.842767357826233
负 | 实际值：-2.0 | 预测值（含误差范围）：2.1944249868392944
负 | 实际值：3.0 | 预测值（含误差范围）：4.194475531578064
负 | 实际值：-1.0 | 预测值（含误差范围）：0.49725860357284546
胜 | 实际值：0.0 | 预测值（含误差范围）：0.33174073696136475
负 | 实际值：0.0 | 预测值（含误差范围）：1.4137214310467243
负 | 实际值：-1.0 | 预测值（含误差范围）：1.8377331793308258
负 | 实际值：0.0 | 预测值（含误差范围）：4.49786102771759
负 | 实际值：3.0 | 预测值（含误差范围）：4.2502206563949585
负 | 实际值：-3.0 | 预测值（含误差范围）：0.6842195987701416
负 | 实际值：2.0 | 预测值（含误差范围）：3.9252909421920776
负 | 实际值：-3.0 | 预测值（含误差范围）：0.3088582754135132
胜 | 实际值：4.0 | 预测值（含误差范围）：3.595695376396179
负 | 实际值：-1.0 | 预测值（含误差范围）：0.4896875023841858
负 | 实际值：-3.0 | 预测值（含误差范围）：1.609710544347763
负 | 实际值：1.0 | 预测值（含误差范围）：2.250267446041107
负 | 实际值：0.0 | 预测值（含误差范围）：3.0052270889282227
胜 | 实际值：2.0 | 预测值（含误差范围）：2.399923086166382
胜 | 实际值：0.0 | 预测值（含误差范围）：-0.34620487689971924
负 | 实际值：-1.0 | 预测值（含误差范围）：0.6006726622581482
负 | 实际值：-1.0 | 预测值（含误差范围）：1.9141570925712585
胜 | 实际值：2.0 | 预测值（含误差范围）：1.589990273118019
负 | 实际值：-1.0 | 预测值（含误差范围）：0.6487173438072205
胜 | 实际值：1.0 | 预测值（含误差范围）：1.5631187707185745
负 | 实际值：-1.0 | 预测值（含误差范围）：0.8641414046287537
负 | 实际值：-2.0 | 预测值（含误差范围）：1.6350900530815125
负 | 实际值：0.0 | 预测值（含误差范围）：2.4769150018692017
负 | 实际值：0.0 | 预测值（含误差范围）：4.653060555458069
负 | 实际值：0.0 | 预测值（含误差范围）：4.9284268617630005
负 | 实际值：0.0 | 预测值（含误差范围）：3.4908350706100464
负 | 实际值：2.0 | 预测值（含误差范围）：4.809086203575134
负 | 实际值：-1.0 | 预测值（含误差范围）：0.3363485336303711
胜 | 实际值：2.0 | 预测值（含误差范围）：2.60311496257782
负 | 实际值：-2.0 | 预测值（含误差范围）：0.6834244132041931
胜 | 实际值：2.0 | 预测值（含误差范围）：2.91290819644928
胜 | 实际值：-1.0 | 预测值（含误差范围）：-0.5691622495651245
负 | 实际值：2.0 | 预测值（含误差范围）：0.7960140109062195
负 | 实际值：-4.0 | 预测值（含误差范围）：-1.5026272535324097
胜 | 实际值：4.0 | 预测值（含误差范围）：3.706945776939392
负 | 实际值：-4.0 | 预测值（含误差范围）：1.8324489891529083
负 | 实际值：1.0 | 预测值（含误差范围）：2.1438926458358765
负 | 实际值：3.0 | 预测值（含误差范围）：0.8459036946296692
负 | 实际值：-1.0 | 预测值（含误差范围）：1.7692914307117462
胜 | 实际值：1.0 | 预测值（含误差范围）：0.41846179962158203
负 | 实际值：-2.0 | 预测值（含误差范围）：0.5912017226219177
负 | 实际值：-1.0 | 预测值（含误差范围）：1.5344566851854324
负 | 实际值：0.0 | 预测值（含误差范围）：2.0976733565330505
负 | 实际值：-1.0 | 预测值（含误差范围）：2.59789502620697
负 | 实际值：4.0 | 预测值（含误差范围）：5.180493712425232
负 | 实际值：-1.0 | 预测值（含误差范围）：1.1361588388681412
负 | 实际值：-1.0 | 预测值（含误差范围）：1.096483200788498
胜 | 实际值：2.0 | 预测值（含误差范围）：2.565897226333618
负 | 实际值：0.0 | 预测值（含误差范围）：1.13468736410141
负 | 实际值：-3.0 | 预测值（含误差范围）：0.5242931246757507
负 | 实际值：0.0 | 预测值（含误差范围）：1.651185691356659
负 | 实际值：0.0 | 预测值（含误差范围）：2.9440141916275024
负 | 实际值：1.0 | 预测值（含误差范围）：4.299417853355408
胜 | 实际值：2.0 | 预测值（含误差范围）：2.0622804164886475
胜 | 实际值：0.0 | 预测值（含误差范围）：0.1337031126022339
胜 | 实际值：-2.0 | 预测值（含误差范围）：-1.2324033975601196
负 | 实际值：1.0 | 预测值（含误差范围）：2.255584239959717
负 | 实际值：-3.0 | 预测值（含误差范围）：0.315568208694458
负 | 实际值：3.0 | 预测值（含误差范围）：4.024719595909119
负 | 实际值：-2.0 | 预测值（含误差范围）：0.9763315916061401
负 | 实际值：0.0 | 预测值（含误差范围）：3.7944198846817017
负 | 实际值：1.0 | 预测值（含误差范围）：2.099125921726227
负 | 实际值：-2.0 | 预测值（含误差范围）：1.8041130304336548
负 | 实际值：1.0 | 预测值（含误差范围）：3.844739556312561
胜 | 实际值：3.0 | 预测值（含误差范围）：2.69853937625885
负 | 实际值：-2.0 | 预测值（含误差范围）：-0.761320948600769
负 | 实际值：-2.0 | 预测值（含误差范围）：1.1844106763601303
负 | 实际值：0.0 | 预测值（含误差范围）：2.3215819001197815
负 | 实际值：0.0 | 预测值（含误差范围）：3.692993998527527
胜 | 实际值：3.0 | 预测值（含误差范围）：3.64606511592865
负 | 实际值：-2.0 | 预测值（含误差范围）：1.0491986274719238
负 | 实际值：-1.0 | 预测值（含误差范围）：3.2779656648635864
负 | 实际值：2.0 | 预测值（含误差范围）：3.7775853872299194
负 | 实际值：-1.0 | 预测值（含误差范围）：1.2610900923609734
负 | 实际值：-1.0 | 预测值（含误差范围）：3.996437430381775
负 | 实际值：3.0 | 预测值（含误差范围）：4.155014872550964
胜 | 实际值：0.0 | 预测值（含误差范围）：0.18141984939575195
负 | 实际值：-2.0 | 预测值（含误差范围）：-0.02638256549835205
胜 | 实际值：3.0 | 预测值（含误差范围）：2.662014365196228
负 | 实际值：-3.0 | 预测值（含误差范围）：0.5553833246231079
负 | 实际值：0.0 | 预测值（含误差范围）：1.3815971557050943
胜 | 实际值：1.0 | 预测值（含误差范围）：0.5586037039756775
胜 | 实际值：0.0 | 预测值（含误差范围）：0.6231998801231384
负 | 实际值：-2.0 | 预测值（含误差范围）：0.6784277558326721
胜 | 实际值：1.0 | 预测值（含误差范围）：0.9810979068279266
胜 | 实际值：3.0 | 预测值（含误差范围）：3.4741181135177612
负 | 实际值：-3.0 | 预测值（含误差范围）：-1.0129033327102661
负 | 实际值：-1.0 | 预测值（含误差范围）：3.8524280786514282
负 | 实际值：2.0 | 预测值（含误差范围）：4.650664687156677
负 | 实际值：-1.0 | 预测值（含误差范围）：1.6602436900138855
胜 | 实际值：2.0 | 预测值（含误差范围）：2.4098206758499146
负 | 实际值：-3.0 | 预测值（含误差范围）：0.9714658558368683
负 | 实际值：1.0 | 预测值（含误差范围）：3.687402606010437
负 | 实际值：3.0 | 预测值（含误差范围）：1.6549051105976105
负 | 实际值：-2.0 | 预测值（含误差范围）：-0.48047149181365967
胜 | 实际值：1.0 | 预测值（含误差范围）：1.3618205841630697
胜 | 实际值：0.0 | 预测值（含误差范围）：0.9901687204837799
负 | 实际值：-1.0 | 预测值（含误差范围）：0.868604838848114
负 | 实际值：2.0 | 预测值（含误差范围）：0.6233777403831482
负 | 实际值：-4.0 | 预测值（含误差范围）：-0.3499183654785156
负 | 实际值：1.0 | 预测值（含误差范围）：2.17153400182724
胜 | 实际值：1.0 | 预测值（含误差范围）：0.6729878187179565
胜 | 实际值：-1.0 | 预测值（含误差范围）：-0.44370555877685547
负 | 实际值：0.0 | 预测值（含误差范围）：1.0598914325237274
胜 | 实际值：3.0 | 预测值（含误差范围）：2.599896788597107
负 | 实际值：-4.0 | 预测值（含误差范围）：0.050552964210510254
负 | 实际值：0.0 | 预测值（含误差范围）：3.438957095146179
负 | 实际值：1.0 | 预测值（含误差范围）：4.972406029701233
负 | 实际值：0.0 | 预测值（含误差范围）：2.46244215965271
负 | 实际值：0.0 | 预测值（含误差范围）：2.4504648447036743
负 | 实际值：-1.0 | 预测值（含误差范围）：2.742481231689453
负 | 实际值：4.0 | 预测值（含误差范围）：2.8786529302597046
负 | 实际值：-3.0 | 预测值（含误差范围）：-0.4928622245788574
负 | 实际值：1.0 | 预测值（含误差范围）：3.554195284843445
胜 | 实际值：2.0 | 预测值（含误差范围）：2.135549306869507
负 | 实际值：-2.0 | 预测值（含误差范围）：-0.8228377103805542
负 | 实际值：0.0 | 预测值（含误差范围）：1.7845182716846466
胜 | 实际值：1.0 | 预测值（含误差范围）：1.8095511496067047
负 | 实际值：-1.0 | 预测值（含误差范围）：0.3403509855270386
负 | 实际值：1.0 | 预测值（含误差范围）：2.3345304131507874
负 | 实际值：-1.0 | 预测值（含误差范围）：0.28480494022369385
胜 | 实际值：0.0 | 预测值（含误差范围）：0.3887379765510559
胜 | 实际值：0.0 | 预测值（含误差范围）：0.5433785319328308
负 | 实际值：-2.0 | 预测值（含误差范围）：0.7039075493812561
负 | 实际值：3.0 | 预测值（含误差范围）：4.074370741844177
负 | 实际值：-3.0 | 预测值（含误差范围）：0.8332277536392212
负 | 实际值：2.0 | 预测值（含误差范围）：3.844992518424988
负 | 实际值：-2.0 | 预测值（含误差范围）：1.4441107138991356
负 | 实际值：2.0 | 预测值（含误差范围）：4.280847907066345
负 | 实际值：-1.0 | 预测值（含误差范围）：1.8839643001556396
负 | 实际值：-1.0 | 预测值（含误差范围）：3.552477717399597
负 | 实际值：1.0 | 预测值（含误差范围）：4.0208553075790405
负 | 实际值：-1.0 | 预测值（含误差范围）：3.582457184791565
负 | 实际值：2.0 | 预测值（含误差范围）：3.821837067604065
负 | 实际值：0.0 | 预测值（含误差范围）：1.0187008082866669
负 | 实际值：-1.0 | 预测值（含误差范围）：2.9880841970443726
胜 | 实际值：2.0 | 预测值（含误差范围）：1.5713006407022476
负 | 实际值：1.0 | 预测值（含误差范围）：-0.6671353578567505
负 | 实际值：-4.0 | 预测值（含误差范围）：-0.7524360418319702
胜 | 实际值：1.0 | 预测值（含误差范围）：1.8928973078727722
负 | 实际值：3.0 | 预测值（含误差范围）：1.659592181444168
负 | 实际值：-3.0 | 预测值（含误差范围）：-0.5079573392868042
负 | 实际值：2.0 | 预测值（含误差范围）：0.9995523989200592
胜 | 实际值：0.0 | 预测值（含误差范围）：0.7811499238014221
负 | 实际值：-3.0 | 预测值（含误差范围）：0.22034943103790283
胜 | 实际值：2.0 | 预测值（含误差范围）：2.4733909368515015
胜 | 实际值：0.0 | 预测值（含误差范围）：0.7669329047203064
负 | 实际值：-2.0 | 预测值（含误差范围）：-0.11616623401641846
胜 | 实际值：4.0 | 预测值（含误差范围）：4.195886254310608
负 | 实际值：-1.0 | 预测值（含误差范围）：0.041425347328186035
胜 | 实际值：0.0 | 预测值（含误差范围）：0.38320422172546387
负 | 实际值：-2.0 | 预测值（含误差范围）：0.5730734467506409
负 | 实际值：2.0 | 预测值（含误差范围）：3.4368895292282104
负 | 实际值：-1.0 | 预测值（含误差范围）：0.6653240323066711
胜 | 实际值：0.0 | 预测值（含误差范围）：0.8768391907215118
负 | 实际值：-2.0 | 预测值（含误差范围）：1.267346404492855
负 | 实际值：1.0 | 预测值（含误差范围）：4.315991759300232
负 | 实际值：0.0 | 预测值（含误差范围）：2.191288650035858
胜 | 实际值：3.0 | 预测值（含误差范围）：3.73397696018219
胜 | 实际值：-1.0 | 预测值（含误差范围）：-0.09018182754516602
胜 | 实际值：1.0 | 预测值（含误差范围）：1.1498712450265884
负 | 实际值：0.0 | 预测值（含误差范围）：-1.5430487394332886
胜 | 实际值：0.0 | 预测值（含误差范围）：0.04552936553955078
胜 | 实际值：0.0 | 预测值（含误差范围）：-0.26924169063568115
胜 | 实际值：0.0 | 预测值（含误差范围）：-0.16259527206420898
负 | 实际值：-1.0 | 预测值（含误差范围）：0.11449503898620605
胜 | 实际值：1.0 | 预测值（含误差范围）：0.8166285753250122
胜 | 实际值：0.0 | 预测值（含误差范围）：-0.47309410572052
负 | 实际值：-3.0 | 预测值（含误差范围）：-0.25864875316619873
胜 | 实际值：2.0 | 预测值（含误差范围）：2.6070631742477417
负 | 实际值：-2.0 | 预测值（含误差范围）：-0.028722524642944336
负 | 实际值：-1.0 | 预测值（含误差范围）：1.8065394461154938
负 | 实际值：1.0 | 预测值（含误差范围）：4.856765627861023
负 | 实际值：2.0 | 预测值（含误差范围）：4.111878037452698
胜 | 实际值：1.0 | 预测值（含误差范围）：1.8283162117004395
负 | 实际值：-2.0 | 预测值（含误差范围）：0.5654018521308899
负 | 实际值：0.0 | 预测值（含误差范围）：1.2515257000923157
负 | 实际值：0.0 | 预测值（含误差范围）：2.8767967224121094
负 | 实际值：-2.0 | 预测值（含误差范围）：2.623794436454773
胜 | 实际值：3.0 | 预测值（含误差范围）：3.12292218208313
负 | 实际值：-1.0 | 预测值（含误差范围）：0.8575154542922974
胜 | 实际值：2.0 | 预测值（含误差范围）：2.794103264808655
负 | 实际值：-1.0 | 预测值（含误差范围）：0.1062004566192627
负 | 实际值：-3.0 | 预测值（含误差范围）：1.01404270529747
负 | 实际值：1.0 | 预测值（含误差范围）：3.362697958946228
胜 | 实际值：2.0 | 预测值（含误差范围）：2.9521223306655884
胜 | 实际值：0.0 | 预测值（含误差范围）：0.40406930446624756
胜 | 实际值：-1.0 | 预测值（含误差范围）：-0.6416782140731812
胜 | 实际值：1.0 | 预测值（含误差范围）：1.7496043741703033
负 | 实际值：-2.0 | 预测值（含误差范围）：0.19661366939544678
负 | 实际值：-1.0 | 预测值（含误差范围）：2.436649441719055
负 | 实际值：1.0 | 预测值（含误差范围）：3.8829234838485718
负 | 实际值：0.0 | 预测值（含误差范围）：2.661969304084778
负 | 实际值：-1.0 | 预测值（含误差范围）：2.430458903312683
负 | 实际值：1.0 | 预测值（含误差范围）：3.3768926858901978
胜 | 实际值：3.0 | 预测值（含误差范围）：3.658910632133484
胜 | 实际值：0.0 | 预测值（含误差范围）：-0.2610067129135132
负 | 实际值：-4.0 | 预测值（含误差范围）：-0.7361170053482056
胜 | 实际值：2.0 | 预测值（含误差范围）：2.178272843360901
胜 | 实际值：1.0 | 预测值（含误差范围）：1.0924007892608643
胜 | 实际值：0.0 | 预测值（含误差范围）：0.47001534700393677
负 | 实际值：-2.0 | 预测值（含误差范围）：-0.5638138055801392
负 | 实际值：2.0 | 预测值（含误差范围）：3.4521385431289673
负 | 实际值：-1.0 | 预测值（含误差范围）：0.8690072894096375
负 | 实际值：-1.0 | 预测值（含误差范围）：0.6854156255722046
负 | 实际值：3.0 | 预测值（含误差范围）：1.3459072317928076
负 | 实际值：-3.0 | 预测值（含误差范围）：0.5110244154930115
负 | 实际值：-1.0 | 预测值（含误差范围）：2.1391459107398987
负 | 实际值：3.0 | 预测值（含误差范围）：1.1199763268232346
负 | 实际值：-2.0 | 预测值（含误差范围）：-0.6554139852523804
负 | 实际值：-1.0 | 预测值（含误差范围）：2.564816474914551
负 | 实际值：3.0 | 预测值（含误差范围）：4.940468907356262
负 | 实际值：-1.0 | 预测值（含误差范围）：1.4327963516116142
负 | 实际值：-1.0 | 预测值（含误差范围）：1.5555477440357208
负 | 实际值：2.0 | 预测值（含误差范围）：3.867118239402771
负 | 实际值：-1.0 | 预测值（含误差范围）：0.8801122903823853
胜 | 实际值：1.0 | 预测值（含误差范围）：1.6712312698364258
负 | 实际值：-1.0 | 预测值（含误差范围）：0.21667516231536865
负 | 实际值：-1.0 | 预测值（含误差范围）：1.3888804521411657
胜 | 实际值：2.0 | 预测值（含误差范围）：1.1575974524021149
胜 | 实际值：-1.0 | 预测值（含误差范围）：-0.21178174018859863
负 | 实际值：0.0 | 预测值（含误差范围）：1.5765141397714615
负 | 实际值：-1.0 | 预测值（含误差范围）：0.9653344750404358
胜 | 实际值：2.0 | 预测值（含误差范围）：2.7243897914886475
负 | 实际值：-2.0 | 预测值（含误差范围）：0.8814117014408112
负 | 实际值：1.0 | 预测值（含误差范围）：3.65827739238739
负 | 实际值：1.0 | 预测值（含误差范围）：2.471230387687683
胜 | 实际值：1.0 | 预测值（含误差范围）：0.6965277791023254
负 | 实际值：-4.0 | 预测值（含误差范围）：-0.7653428316116333
负 | 实际值：1.0 | 预测值（含误差范围）：3.654206395149231
负 | 实际值：0.0 | 预测值（含误差范围）：2.2347702980041504
胜 | 实际值：3.0 | 预测值（含误差范围）：2.8832110166549683
负 | 实际值：-3.0 | 预测值（含误差范围）：-0.02397453784942627
负 | 实际值：0.0 | 预测值（含误差范围）：1.8929672837257385
胜 | 实际值：3.0 | 预测值（含误差范围）：2.223683536052704
胜 | 实际值：0.0 | 预测值（含误差范围）：0.7137294411659241
负 | 实际值：-3.0 | 预测值（含误差范围）：-0.8517504930496216
负 | 实际值：0.0 | 预测值（含误差范围）：2.349170446395874
负 | 实际值：-1.0 | 预测值（含误差范围）：0.594843864440918
负 | 实际值：0.0 | 预测值（含误差范围）：3.545871615409851
负 | 实际值：2.0 | 预测值（含误差范围）：3.038572669029236
胜 | 实际值：2.0 | 预测值（含误差范围）：1.8498533964157104
胜 | 实际值：0.0 | 预测值（含误差范围）：0.3098965883255005
胜 | 实际值：-1.0 | 预测值（含误差范围）：-0.32366716861724854
负 | 实际值：-1.0 | 预测值（含误差范围）：0.31547272205352783
负 | 实际值：-2.0 | 预测值（含误差范围）：2.2536314129829407
负 | 实际值：1.0 | 预测值（含误差范围）：3.149220108985901
胜 | 实际值：3.0 | 预测值（含误差范围）：2.875769257545471
负 | 实际值：0.0 | 预测值（含误差范围）：-1.1961089372634888
胜 | 实际值：0.0 | 预测值（含误差范围）：-0.6754812002182007
胜 | 实际值：-1.0 | 预测值（含误差范围）：-0.7115308046340942
负 | 实际值：-3.0 | 预测值（含误差范围）：0.5157144665718079
负 | 实际值：0.0 | 预测值（含误差范围）：3.1735233068466187
胜 | 实际值：4.0 | 预测值（含误差范围）：3.3707984685897827
负 | 实际值：-3.0 | 预测值（含误差范围）：0.07928884029388428
负 | 实际值：-1.0 | 预测值（含误差范围）：4.243272185325623
胜 | 实际值：4.0 | 预测值（含误差范围）：4.2371357679367065
负 | 实际值：-4.0 | 预测值（含误差范围）：0.7547211647033691
胜 | 实际值：3.0 | 预测值（含误差范围）：3.951728940010071
负 | 实际值：-2.0 | 预测值（含误差范围）：1.402154851704836
胜 | 实际值：3.0 | 预测值（含误差范围）：2.7331329584121704
负 | 实际值：-1.0 | 预测值（含误差范围）：0.6463448405265808
胜 | 实际值：1.0 | 预测值（含误差范围）：1.1662553995847702
胜 | 实际值：0.0 | 预测值（含误差范围）：0.4138221740722656
负 | 实际值：-2.0 | 预测值（含误差范围）：0.6728020310401917
负 | 实际值：2.0 | 预测值（含误差范围）：0.7335931658744812
负 | 实际值：-1.0 | 预测值（含误差范围）：0.002783656120300293
胜 | 实际值：1.0 | 预测值（含误差范围）：0.13231182098388672
负 | 实际值：-1.0 | 预测值（含误差范围）：1.6269440948963165
负 | 实际值：0.0 | 预测值（含误差范围）：2.6156402826309204
负 | 实际值：-3.0 | 预测值（含误差范围）：2.6820026636123657
负 | 实际值：0.0 | 预测值（含误差范围）：4.325287222862244
胜 | 实际值：4.0 | 预测值（含误差范围）：3.4855047464370728
负 | 实际值：-3.0 | 预测值（含误差范围）：1.315588865429163
负 | 实际值：0.0 | 预测值（含误差范围）：3.338421940803528
胜 | 实际值：3.0 | 预测值（含误差范围）：2.1708168387413025
负 | 实际值：-3.0 | 预测值（含误差范围）：1.0764572322368622
负 | 实际值：-1.0 | 预测值（含误差范围）：2.4444838762283325
负 | 实际值：0.0 | 预测值（含误差范围）：4.340124726295471
负 | 实际值：2.0 | 预测值（含误差范围）：3.6840957403182983
胜 | 实际值：2.0 | 预测值（含误差范围）：2.4276496171951294
胜 | 实际值：-2.0 | 预测值（含误差范围）：-1.1496282815933228
负 | 实际值：-2.0 | 预测值（含误差范围）：2.0390753149986267
负 | 实际值：1.0 | 预测值（含误差范围）：3.919211983680725
负 | 实际值：-1.0 | 预测值（含误差范围）：3.1302703619003296
负 | 实际值：4.0 | 预测值（含误差范围）：2.8990414142608643
负 | 实际值：-3.0 | 预测值（含误差范围）：-0.42610716819763184
胜 | 实际值：3.0 | 预测值（含误差范围）：3.673725724220276
第7次训练后，新的数据集测试
误差范围：1.1522667407989502
胜 | 实际值：-1.0 | 预测值（含误差范围）：-1.14945387840271
负 | 实际值：-1.0 | 预测值（含误差范围）：0.17483091354370117
负 | 实际值：-1.0 | 预测值（含误差范围）：2.9016294479370117
负 | 实际值：2.0 | 预测值（含误差范围）：3.0914013385772705
负 | 实际值：-2.0 | 预测值（含误差范围）：1.843532919883728
胜 | 实际值：1.0 | 预测值（含误差范围）：1.4513685703277588
胜 | 实际值：2.0 | 预测值（含误差范围）：1.4659753739833832
负 | 实际值：-3.0 | 预测值（含误差范围）：-1.382206916809082
胜 | 实际值：1.0 | 预测值（含误差范围）：1.2148445844650269
负 | 实际值：-2.0 | 预测值（含误差范围）：1.1039364524185658
负 | 实际值：2.0 | 预测值（含误差范围）：3.4637374877929688
负 | 实际值：2.0 | 预测值（含误差范围）：3.11955189704895
负 | 实际值：-4.0 | 预测值（含误差范围）：-2.670844554901123
负 | 实际值：1.0 | 预测值（含误差范围）：2.039457619190216
胜 | 实际值：1.0 | 预测值（含误差范围）：1.5769077241420746
胜 | 实际值：-1.0 | 预测值（含误差范围）：-0.6350388526916504
负 | 实际值：-1.0 | 预测值（含误差范围）：1.2790178805589676
负 | 实际值：2.0 | 预测值（含误差范围）：3.0412427186965942
胜 | 实际值：-1.0 | 预测值（含误差范围）：-0.7538912296295166
胜 | 实际值：2.0 | 预测值（含误差范围）：2.3662109375
胜 | 实际值：-1.0 | 预测值（含误差范围）：-0.20202386379241943
负 | 实际值：1.0 | 预测值（含误差范围）：2.319972276687622
负 | 实际值：-3.0 | 预测值（含误差范围）：1.4617162644863129
胜 | 实际值：4.0 | 预测值（含误差范围）：4.081858158111572
负 | 实际值：-3.0 | 预测值（含误差范围）：0.6213981509208679
胜 | 实际值：1.0 | 预测值（含误差范围）：1.8076123595237732
负 | 实际值：0.0 | 预测值（含误差范围）：1.9701165556907654
负 | 实际值：-1.0 | 预测值（含误差范围）：1.8528623580932617
胜 | 实际值：1.0 | 预测值（含误差范围）：0.4890974760055542
胜 | 实际值：1.0 | 预测值（含误差范围）：0.6749092042446136
负 | 实际值：-3.0 | 预测值（含误差范围）：0.8559018969535828
负 | 实际值：4.0 | 预测值（含误差范围）：1.2720834165811539
胜 | 实际值：-1.0 | 预测值（含误差范围）：-1.9388017654418945
胜 | 实际值：-1.0 | 预测值（含误差范围）：-0.2280493974685669
负 | 实际值：-1.0 | 预测值（含误差范围）：0.557665228843689
