第0次训练后，新的数据集测试
误差范围：1.4002952575683594
胜 | 实际值：2.0 | 预测值（含误差范围）：2.201855182647705
负 | 实际值：-3.0 | 预测值（含误差范围）：0.2205512523651123
负 | 实际值：1.0 | 预测值（含误差范围）：2.394805610179901
负 | 实际值：-1.0 | 预测值（含误差范围）：1.7264403998851776
负 | 实际值：1.0 | 预测值（含误差范围）：4.186281204223633
负 | 实际值：0.0 | 预测值（含误差范围）：1.8600723147392273
负 | 实际值：-1.0 | 预测值（含误差范围）：2.2620177268981934
负 | 实际值：1.0 | 预测值（含误差范围）：4.401040554046631
负 | 实际值：1.0 | 预测值（含误差范围）：2.536597967147827
负 | 实际值：-2.0 | 预测值（含误差范围）：1.6622332036495209
胜 | 实际值：3.0 | 预测值（含误差范围）：3.4320666790008545
负 | 实际值：-4.0 | 预测值（含误差范围）：-0.07776510715484619
负 | 实际值：0.0 | 预测值（含误差范围）：2.634179949760437
胜 | 实际值：4.0 | 预测值（含误差范围）：3.821676731109619
胜 | 实际值：-2.0 | 预测值（含误差范围）：-1.1310710906982422
负 | 实际值：-2.0 | 预测值（含误差范围）：1.025034338235855
胜 | 实际值：3.0 | 预测值（含误差范围）：3.485490322113037
负 | 实际值：-3.0 | 预测值（含误差范围）：-0.02171766757965088
负 | 实际值：1.0 | 预测值（含误差范围）：3.544473648071289
负 | 实际值：-1.0 | 预测值（含误差范围）：3.4536495208740234
第1次训练后，新的数据集测试
误差范围：1.4790570735931396
负 | 实际值：4.0 | 预测值（含误差范围）：2.259511113166809
负 | 实际值：-1.0 | 预测值（含误差范围）：-3.966055154800415
负 | 实际值：0.0 | 预测值（含误差范围）：-1.2801306247711182
负 | 实际值：0.0 | 预测值（含误差范围）：-1.112058401107788
负 | 实际值：-2.0 | 预测值（含误差范围）：-0.713273286819458
负 | 实际值：0.0 | 预测值（含误差范围）：1.4614094868302345
负 | 实际值：-1.0 | 预测值（含误差范围）：1.3062999248504639
负 | 实际值：0.0 | 预测值（含误差范围）：2.9898382425308228
负 | 实际值：2.0 | 预测值（含误差范围）：5.960308313369751
胜 | 实际值：-1.0 | 预测值（含误差范围）：-0.8811237812042236
负 | 实际值：-1.0 | 预测值（含误差范围）：0.3854551315307617
负 | 实际值：2.0 | 预测值（含误差范围）：4.754975080490112
胜 | 实际值：2.0 | 预测值（含误差范围）：2.0374099612236023
胜 | 实际值：-1.0 | 预测值（含误差范围）：-1.1662538051605225
负 | 实际值：-1.0 | 预测值（含误差范围）：0.6324557065963745
负 | 实际值：2.0 | 预测值（含误差范围）：0.24657559394836426
负 | 实际值：-3.0 | 预测值（含误差范围）：-1.2398250102996826
胜 | 实际值：1.0 | 预测值（含误差范围）：1.4368724711239338
负 | 实际值：-2.0 | 预测值（含误差范围）：-0.29668331146240234
胜 | 实际值：2.0 | 预测值（含误差范围）：2.6922301054000854
第2次训练后，新的数据集测试
误差范围：2.4038851261138916
负 | 实际值：-1.0 | 预测值（含误差范围）：6.831636667251587
胜 | 实际值：1.0 | 预测值（含误差范围）：1.8982341885566711
负 | 实际值：1.0 | 预测值（含误差范围）：2.010758399963379
负 | 实际值：-2.0 | 预测值（含误差范围）：1.5036848187446594
负 | 实际值：4.0 | 预测值（含误差范围）：1.761875867843628
负 | 实际值：-4.0 | 预测值（含误差范围）：1.2557622194290161
负 | 实际值：3.0 | 预测值（含误差范围）：1.800322949886322
胜 | 实际值：1.0 | 预测值（含误差范围）：1.3531811237335205
负 | 实际值：-2.0 | 预测值（含误差范围）：1.5639919638633728
负 | 实际值：0.0 | 预测值（含误差范围）：1.7570675015449524
胜 | 实际值：1.0 | 预测值（含误差范围）：1.80343896150589
负 | 实际值：-2.0 | 预测值（含误差范围）：3.2328564524650574
负 | 实际值：-1.0 | 预测值（含误差范围）：1.918254792690277
胜 | 实际值：2.0 | 预测值（含误差范围）：2.4152000192552805
胜 | 实际值：1.0 | 预测值（含误差范围）：1.583258330821991
负 | 实际值：-1.0 | 预测值（含误差范围）：1.6443642973899841
胜 | 实际值：2.0 | 预测值（含误差范围）：1.7725250124931335
负 | 实际值：-3.0 | 预测值（含误差范围）：1.5938339233398438
负 | 实际值：-1.0 | 预测值（含误差范围）：1.9825266003608704
负 | 实际值：3.0 | 预测值（含误差范围）：1.6499667763710022
胜 | 实际值：1.0 | 预测值（含误差范围）：1.3428914546966553
负 | 实际值：-2.0 | 预测值（含误差范围）：1.912296622991562
胜 | 实际值：1.0 | 预测值（含误差范围）：1.7799674272537231
胜 | 实际值：1.0 | 预测值（含误差范围）：1.5693395733833313
负 | 实际值：-1.0 | 预测值（含误差范围）：2.783489614725113
负 | 实际值：-1.0 | 预测值（含误差范围）：1.9474222660064697
负 | 实际值：-2.0 | 预测值（含误差范围）：5.169689893722534
胜 | 实际值：4.0 | 预测值（含误差范围）：4.2059937715530396
负 | 实际值：0.0 | 预测值（含误差范围）：1.515255331993103
负 | 实际值：-2.0 | 预测值（含误差范围）：1.6620308756828308
负 | 实际值：-2.0 | 预测值（含误差范围）：1.8304384350776672
胜 | 实际值：3.0 | 预测值（含误差范围）：3.0020740032196045
负 | 实际值：-3.0 | 预测值（含误差范围）：1.423263967037201
负 | 实际值：1.0 | 预测值（含误差范围）：4.862887382507324
负 | 实际值：0.0 | 预测值（含误差范围）：3.390877604484558
负 | 实际值：1.0 | 预测值（含误差范围）：5.593841314315796
负 | 实际值：-1.0 | 预测值（含误差范围）：2.653000846505165
负 | 实际值：-1.0 | 预测值（含误差范围）：7.2550623416900635
负 | 实际值：0.0 | 预测值（含误差范围）：3.3121320009231567
负 | 实际值：2.0 | 预测值（含误差范围）：3.343896508216858
负 | 实际值：1.0 | 预测值（含误差范围）：7.949701547622681
负 | 实际值：-3.0 | 预测值（含误差范围）：5.601054430007935
负 | 实际值：0.0 | 预测值（含误差范围）：6.940672159194946
负 | 实际值：1.0 | 预测值（含误差范围）：9.459994077682495
负 | 实际值：-1.0 | 预测值（含误差范围）：7.2447779178619385
负 | 实际值：3.0 | 预测值（含误差范围）：8.663275957107544
第4次训练后，新的数据集测试
误差范围：1.2916051149368286
负 | 实际值：1.0 | 预测值（含误差范围）：-0.36089324951171875
负 | 实际值：-2.0 | 预测值（含误差范围）：-0.7914854288101196
负 | 实际值：2.0 | 预测值（含误差范围）：0.9613782465457916
负 | 实际值：-3.0 | 预测值（含误差范围）：0.1240612268447876
胜 | 实际值：3.0 | 预测值（含误差范围）：3.2156351804733276
胜 | 实际值：0.0 | 预测值（含误差范围）：0.11514604091644287
负 | 实际值：-3.0 | 预测值（含误差范围）：0.40586256980895996
负 | 实际值：2.0 | 预测值（含误差范围）：3.383818507194519
负 | 实际值：2.0 | 预测值（含误差范围）：0.8762936890125275
负 | 实际值：-3.0 | 预测值（含误差范围）：-0.596068263053894
负 | 实际值：0.0 | 预测值（含误差范围）：1.795750081539154
负 | 实际值：3.0 | 预测值（含误差范围）：1.6795268952846527
胜 | 实际值：-1.0 | 预测值（含误差范围）：-0.8160814046859741
胜 | 实际值：-1.0 | 预测值（含误差范围）：-0.3615022897720337
胜 | 实际值：1.0 | 预测值（含误差范围）：0.7003711462020874
负 | 实际值：-1.0 | 预测值（含误差范围）：0.2691507339477539
负 | 实际值：-2.0 | 预测值（含误差范围）：0.9338716566562653
胜 | 实际值：4.0 | 预测值（含误差范围）：3.786161780357361
负 | 实际值：-2.0 | 预测值（含误差范围）：-0.12097799777984619
负 | 实际值：-1.0 | 预测值（含误差范围）：2.0895885825157166
负 | 实际值：2.0 | 预测值（含误差范围）：3.043156385421753
负 | 实际值：-2.0 | 预测值（含误差范围）：0.6629529595375061
胜 | 实际值：2.0 | 预测值（含误差范围）：2.773674249649048
负 | 实际值：-2.0 | 预测值（含误差范围）：0.47687238454818726
负 | 实际值：-1.0 | 预测值（含误差范围）：2.2678253650665283
负 | 实际值：2.0 | 预测值（含误差范围）：3.5642844438552856
负 | 实际值：-1.0 | 预测值（含误差范围）：0.9226934611797333
胜 | 实际值：2.0 | 预测值（含误差范围）：1.510744258761406
胜 | 实际值：0.0 | 预测值（含误差范围）：-0.12499642372131348
负 | 实际值：-2.0 | 预测值（含误差范围）：0.33654916286468506
负 | 实际值：0.0 | 预测值（含误差范围）：2.0321103930473328
负 | 实际值：-1.0 | 预测值（含误差范围）：2.0144471526145935
负 | 实际值：1.0 | 预测值（含误差范围）：3.1750861406326294
胜 | 实际值：2.0 | 预测值（含误差范围）：1.9908810257911682
负 | 实际值：1.0 | 预测值（含误差范围）：-0.02272927761077881
胜 | 实际值：0.0 | 预测值（含误差范围）：-0.2557988166809082
胜 | 实际值：0.0 | 预测值（含误差范围）：-0.20277786254882812
负 | 实际值：-2.0 | 预测值（含误差范围）：-0.4012417793273926
负 | 实际值：-1.0 | 预测值（含误差范围）：2.406708836555481
负 | 实际值：0.0 | 预测值（含误差范围）：3.1758651733398438
第5次训练后，新的数据集测试
误差范围：1.3059135675430298
负 | 实际值：2.0 | 预测值（含误差范围）：3.4424461126327515
负 | 实际值：2.0 | 预测值（含误差范围）：0.5448502898216248
负 | 实际值：-3.0 | 预测值（含误差范围）：-1.0673695802688599
负 | 实际值：3.0 | 预测值（含误差范围）：1.8885949850082397
胜 | 实际值：-1.0 | 预测值（含误差范围）：-0.8294092416763306
负 | 实际值：1.0 | 预测值（含误差范围）：-0.2775716781616211
负 | 实际值：-4.0 | 预测值（含误差范围）：-0.8181256055831909
负 | 实际值：0.0 | 预测值（含误差范围）：3.6112250089645386
负 | 实际值：2.0 | 预测值（含误差范围）：3.599803328514099
负 | 实际值：-1.0 | 预测值（含误差范围）：0.33360183238983154
胜 | 实际值：1.0 | 预测值（含误差范围）：1.444348156452179
负 | 实际值：1.0 | 预测值（含误差范围）：-0.051496148109436035
胜 | 实际值：0.0 | 预测值（含误差范围）：-0.7850319147109985
胜 | 实际值：-1.0 | 预测值（含误差范围）：-0.8194566965103149
胜 | 实际值：-1.0 | 预测值（含误差范围）：-0.06112802028656006
负 | 实际值：0.0 | 预测值（含误差范围）：1.3768162727355957
负 | 实际值：3.0 | 预测值（含误差范围）：1.2530061900615692
负 | 实际值：-4.0 | 预测值（含误差范围）：-1.1078397035598755
胜 | 实际值：3.0 | 预测值（含误差范围）：3.1056874990463257
负 | 实际值：-2.0 | 预测值（含误差范围）：-0.3240029811859131
胜 | 实际值：2.0 | 预测值（含误差范围）：2.0593265295028687
负 | 实际值：-3.0 | 预测值（含误差范围）：-0.2628086805343628
负 | 实际值：1.0 | 预测值（含误差范围）：3.5779513120651245
负 | 实际值：-1.0 | 预测值（含误差范围）：2.2834364771842957
胜 | 实际值：4.0 | 预测值（含误差范围）：3.4136017560958862
胜 | 实际值：0.0 | 预测值（含误差范围）：-0.8361729383468628
负 | 实际值：-4.0 | 预测值（含误差范围）：-0.9671097993850708
负 | 实际值：1.0 | 预测值（含误差范围）：3.5039762258529663
负 | 实际值：0.0 | 预测值（含误差范围）：2.1247997283935547
负 | 实际值：-1.0 | 预测值（含误差范围）：1.5265071094036102
负 | 实际值：1.0 | 预测值（含误差范围）：2.7397392988204956
胜 | 实际值：1.0 | 预测值（含误差范围）：0.8815535008907318
负 | 实际值：-2.0 | 预测值（含误差范围）：-0.4703904390335083
负 | 实际值：3.0 | 预测值（含误差范围）：1.8395453691482544
负 | 实际值：1.0 | 预测值（含误差范围）：-0.9482156038284302
胜 | 实际值：-2.0 | 预测值（含误差范围）：-1.5352154970169067
胜 | 实际值：-1.0 | 预测值（含误差范围）：-0.38109290599823
负 | 实际值：-1.0 | 预测值（含误差范围）：1.2102473080158234
负 | 实际值：4.0 | 预测值（含误差范围）：2.828272819519043
胜 | 实际值：0.0 | 预测值（含误差范围）：-0.9815865755081177
胜 | 实际值：-2.0 | 预测值（含误差范围）：-1.07046377658844
负 | 实际值：2.0 | 预测值（含误差范围）：0.862207442522049
胜 | 实际值：0.0 | 预测值（含误差范围）：-0.7688828706741333
胜 | 实际值：0.0 | 预测值（含误差范围）：-0.7992149591445923
负 | 实际值：-4.0 | 预测值（含误差范围）：-0.7527350187301636
负 | 实际值：3.0 | 预测值（含误差范围）：4.361180901527405
负 | 实际值：-1.0 | 预测值（含误差范围）：0.24380314350128174
负 | 实际值：-2.0 | 预测值（含误差范围）：1.641393780708313
负 | 实际值：0.0 | 预测值（含误差范围）：4.4498056173324585
胜 | 实际值：4.0 | 预测值（含误差范围）：4.1588214635849
胜 | 实际值：0.0 | 预测值（含误差范围）：-0.6834708452224731
负 | 实际值：-4.0 | 预测值（含误差范围）：-0.8534671068191528
负 | 实际值：2.0 | 预测值（含误差范围）：3.7306350469589233
负 | 实际值：-1.0 | 预测值（含误差范围）：1.0868779718875885
负 | 实际值：0.0 | 预测值（含误差范围）：2.0695570707321167
负 | 实际值：3.0 | 预测值（含误差范围）：1.8630379438400269
胜 | 实际值：-1.0 | 预测值（含误差范围）：-1.0346451997756958
负 | 实际值：1.0 | 预测值（含误差范围）：-0.6031463146209717
负 | 实际值：-3.0 | 预测值（含误差范围）：-1.1025198698043823
胜 | 实际值：2.0 | 预测值（含误差范围）：1.9164915680885315
负 | 实际值：-3.0 | 预测值（含误差范围）：-0.4297581911087036
负 | 实际值：0.0 | 预测值（含误差范围）：3.145516037940979
胜 | 实际值：3.0 | 预测值（含误差范围）：3.0950366258621216
负 | 实际值：-3.0 | 预测值（含误差范围）：-0.6068111658096313
胜 | 实际值：2.0 | 预测值（含误差范围）：2.6712902784347534
负 | 实际值：-2.0 | 预测值（含误差范围）：0.1833876371383667
负 | 实际值：0.0 | 预测值（含误差范围）：2.8390512466430664
胜 | 实际值：3.0 | 预测值（含误差范围）：2.776669144630432
胜 | 实际值：-1.0 | 预测值（含误差范围）：-0.7130361795425415
胜 | 实际值：-1.0 | 预测值（含误差范围）：-0.19866454601287842
负 | 实际值：0.0 | 预测值（含误差范围）：1.3463514149188995
负 | 实际值：3.0 | 预测值（含误差范围）：1.2198348492383957
负 | 实际值：-4.0 | 预测值（含误差范围）：-1.1988588571548462
负 | 实际值：0.0 | 预测值（含误差范围）：2.5352635383605957
负 | 实际值：1.0 | 预测值（含误差范围）：2.7044659852981567
胜 | 实际值：1.0 | 预测值（含误差范围）：0.8608317077159882
负 | 实际值：1.0 | 预测值（含误差范围）：-0.3569847345352173
负 | 实际值：1.0 | 预测值（含误差范围）：-0.9537867307662964
负 | 实际值：-4.0 | 预测值（含误差范围）：-1.3955994844436646
胜 | 实际值：2.0 | 预测值（含误差范围）：2.3087048530578613
负 | 实际值：1.0 | 预测值（含误差范围）：-0.13504040241241455
胜 | 实际值：-1.0 | 预测值（含误差范围）：-0.8123475313186646
负 | 实际值：1.0 | 预测值（含误差范围）：-0.10694348812103271
胜 | 实际值：-1.0 | 预测值（含误差范围）：-0.6423312425613403
负 | 实际值：-1.0 | 预测值（含误差范围）：0.3219531774520874
负 | 实际值：0.0 | 预测值（含误差范围）：1.8463516235351562
负 | 实际值：0.0 | 预测值（含误差范围）：1.8329734206199646
负 | 实际值：-1.0 | 预测值（含误差范围）：1.6302572190761566
负 | 实际值：1.0 | 预测值（含误差范围）：3.115475296974182
负 | 实际值：0.0 | 预测值（含误差范围）：1.4727272689342499
胜 | 实际值：2.0 | 预测值（含误差范围）：1.3962482810020447
负 | 实际值：-3.0 | 预测值（含误差范围）：-0.6232961416244507
胜 | 实际值：3.0 | 预测值（含误差范围）：3.0694552659988403
负 | 实际值：-2.0 | 预测值（含误差范围）：-0.2431018352508545
负 | 实际值：-1.0 | 预测值（含误差范围）：2.205041766166687
负 | 实际值：2.0 | 预测值（含误差范围）：3.76553213596344
负 | 实际值：-1.0 | 预测值（含误差范围）：0.6821988821029663
胜 | 实际值：1.0 | 预测值（含误差范围）：1.9505707025527954
负 | 实际值：2.0 | 预测值（含误差范围）：0.5162873268127441
负 | 实际值：-3.0 | 预测值（含误差范围）：-1.0013328790664673
负 | 实际值：1.0 | 预测值（含误差范围）：2.01386296749115
负 | 实际值：-2.0 | 预测值（含误差范围）：0.71955406665802
负 | 实际值：0.0 | 预测值（含误差范围）：3.4414957761764526
负 | 实际值：2.0 | 预测值（含误差范围）：3.2597638368606567
负 | 实际值：-2.0 | 预测值（含误差范围）：0.1005934476852417
负 | 实际值：1.0 | 预测值（含误差范围）：2.859584927558899
负 | 实际值：-1.0 | 预测值（含误差范围）：1.3300258833914995
负 | 实际值：4.0 | 预测值（含误差范围）：2.586076259613037
负 | 实际值：0.0 | 预测值（含误差范围）：-1.1092818975448608
负 | 实际值：0.0 | 预测值（含误差范围）：-1.171744465827942
负 | 实际值：0.0 | 预测值（含误差范围）：-1.056444764137268
胜 | 实际值：0.0 | 预测值（含误差范围）：-0.919211745262146
负 | 实际值：-3.0 | 预测值（含误差范围）：-0.8594053983688354
胜 | 实际值：2.0 | 预测值（含误差范围）：2.7589441537857056
胜 | 实际值：0.0 | 预测值（含误差范围）：0.06791162490844727
负 | 实际值：-3.0 | 预测值（含误差范围）：-0.08877313137054443
负 | 实际值：0.0 | 预测值（含误差范围）：4.155387759208679
负 | 实际值：3.0 | 预测值（含误差范围）：4.041096091270447
胜 | 实际值：-1.0 | 预测值（含误差范围）：-0.21962988376617432
胜 | 实际值：1.0 | 预测值（含误差范围）：0.9264082610607147
胜 | 实际值：0.0 | 预测值（含误差范围）：-0.14483606815338135
胜 | 实际值：-1.0 | 预测值（含误差范围）：-0.15609896183013916
负 | 实际值：0.0 | 预测值（含误差范围）：1.4324238300323486
负 | 实际值：0.0 | 预测值（含误差范围）：1.4269752502441406
胜 | 实际值：1.0 | 预测值（含误差范围）：1.276930870488286
胜 | 实际值：-1.0 | 预测值（含误差范围）：-0.09627819061279297
负 | 实际值：0.0 | 预测值（含误差范围）：1.2225388139486313
胜 | 实际值：1.0 | 预测值（含误差范围）：1.2631377875804901
胜 | 实际值：0.0 | 预测值（含误差范围）：-0.06762099266052246
负 | 实际值：-2.0 | 预测值（含误差范围）：-0.02741527557373047
胜 | 实际值：2.0 | 预测值（含误差范围）：2.946969151496887
负 | 实际值：-1.0 | 预测值（含误差范围）：0.18291425704956055
胜 | 实际值：1.0 | 预测值（含误差范围）：1.6465087532997131
负 | 实际值：-1.0 | 预测值（含误差范围）：0.5700125098228455
负 | 实际值：-1.0 | 预测值（含误差范围）：2.1105197072029114
胜 | 实际值：3.0 | 预测值（含误差范围）：3.667467951774597
负 | 实际值：-4.0 | 预测值（含误差范围）：-0.15919697284698486
负 | 实际值：0.0 | 预测值（含误差范围）：4.7970699071884155
负 | 实际值：2.0 | 预测值（含误差范围）：4.583539366722107
负 | 实际值：0.0 | 预测值（含误差范围）：1.4522883594036102
负 | 实际值：-1.0 | 预测值（含误差范围）：1.134336695075035
胜 | 实际值：3.0 | 预测值（含误差范围）：2.5365813970565796
负 | 实际值：-3.0 | 预测值（含误差范围）：-0.6998611688613892
负 | 实际值：0.0 | 预测值（含误差范围）：2.4451181888580322
负 | 实际值：-1.0 | 预测值（含误差范围）：2.5515280961990356
胜 | 实际值：3.0 | 预测值（含误差范围）：3.6385873556137085
负 | 实际值：1.0 | 预测值（含误差范围）：-0.352752685546875
负 | 实际值：-3.0 | 预测值（含误差范围）：-1.0694140195846558
胜 | 实际值：1.0 | 预测值（含误差范围）：1.8738800883293152
负 | 实际值：-1.0 | 预测值（含误差范围）：0.5632752180099487
胜 | 实际值：1.0 | 预测值（含误差范围）：1.8583177328109741
胜 | 实际值：0.0 | 预测值（含误差范围）：0.3088414669036865
胜 | 实际值：1.0 | 预测值（含误差范围）：0.17762064933776855
胜 | 实际值：-1.0 | 预测值（含误差范围）：-0.6193293333053589
负 | 实际值：-1.0 | 预测值（含误差范围）：0.2493964433670044
胜 | 实际值：2.0 | 预测值（含误差范围）：1.7634076178073883
胜 | 实际值：0.0 | 预测值（含误差范围）：-0.4363356828689575
负 | 实际值：-2.0 | 预测值（含误差范围）：-0.40017008781433105
负 | 实际值：-1.0 | 预测值（含误差范围）：2.3414825201034546
负 | 实际值：0.0 | 预测值（含误差范围）：3.850894808769226
负 | 实际值：1.0 | 预测值（含误差范围）：3.58505380153656
胜 | 实际值：1.0 | 预测值（含误差范围）：1.8563330173492432
胜 | 实际值：1.0 | 预测值（含误差范围）：0.38666605949401855
胜 | 实际值：0.0 | 预测值（含误差范围）：-0.39843451976776123
负 | 实际值：-2.0 | 预测值（含误差范围）：-0.34803712368011475
负 | 实际值：1.0 | 预测值（含误差范围）：2.4924875497817993
负 | 实际值：-2.0 | 预测值（含误差范围）：1.1243164539337158
胜 | 实际值：4.0 | 预测值（含误差范围）：3.8842321634292603
胜 | 实际值：0.0 | 预测值（含误差范围）：-0.5390897989273071
负 | 实际值：-4.0 | 预测值（含误差范围）：-0.629858136177063
负 | 实际值：2.0 | 预测值（含误差范围）：4.2171348333358765
负 | 实际值：-1.0 | 预测值（含误差范围）：1.48263680934906
负 | 实际值：-1.0 | 预测值（含误差范围）：2.6211308240890503
负 | 实际值：2.0 | 预测值（含误差范围）：3.9648154973983765
胜 | 实际值：0.0 | 预测值（含误差范围）：0.8244514763355255
负 | 实际值：-1.0 | 预测值（含误差范围）：0.5853027105331421
负 | 实际值：0.0 | 预测值（含误差范围）：1.933656096458435
负 | 实际值：0.0 | 预测值（含误差范围）：1.79312863945961
胜 | 实际值：2.0 | 预测值（含误差范围）：1.6645567417144775
负 | 实际值：-3.0 | 预测值（含误差范围）：-0.6473816633224487
负 | 实际值：0.0 | 预测值（含误差范围）：2.8356984853744507
负 | 实际值：4.0 | 预测值（含误差范围）：2.78814160823822
负 | 实际值：-4.0 | 预测值（含误差范围）：-1.1011258363723755
负 | 实际值：4.0 | 预测值（含误差范围）：2.667328953742981
胜 | 实际值：-1.0 | 预测值（含误差范围）：-0.8456863164901733
胜 | 实际值：0.0 | 预测值（含误差范围）：-0.39250731468200684
负 | 实际值：1.0 | 预测值（含误差范围）：-0.26530492305755615
胜 | 实际值：-1.0 | 预测值（含误差范围）：-0.8756629228591919
负 | 实际值：1.0 | 预测值（含误差范围）：-0.07324862480163574
胜 | 实际值：0.0 | 预测值（含误差范围）：-0.7144774198532104
胜 | 实际值：0.0 | 预测值（含误差范围）：-0.7596467733383179
胜 | 实际值：-1.0 | 预测值（含误差范围）：-0.7099543809890747
负 | 实际值：-3.0 | 预测值（含误差范围）：0.11161589622497559
负 | 实际值：3.0 | 预测值（含误差范围）：4.246533274650574
负 | 实际值：-3.0 | 预测值（含误差范围）：-0.052316904067993164
胜 | 实际值：3.0 | 预测值（含误差范围）：3.8000954389572144
胜 | 实际值：0.0 | 预测值（含误差范围）：-0.13879859447479248
负 | 实际值：-2.0 | 预测值（含误差范围）：-0.2865954637527466
负 | 实际值：-1.0 | 预测值（含误差范围）：2.4864917993545532
负 | 实际值：0.0 | 预测值（含误差范围）：4.025973200798035
负 | 实际值：2.0 | 预测值（含误差范围）：3.916051983833313
胜 | 实际值：0.0 | 预测值（含误差范围）：0.6301026940345764
胜 | 实际值：0.0 | 预测值（含误差范围）：0.5161615014076233
负 | 实际值：2.0 | 预测值（含误差范围）：0.7071385383605957
负 | 实际值：-4.0 | 预测值（含误差范围）：-1.0034290552139282
负 | 实际值：1.0 | 预测值（含误差范围）：3.085193395614624
胜 | 实际值：2.0 | 预测值（含误差范围）：1.6775512397289276
胜 | 实际值：0.0 | 预测值（含误差范围）：-0.6284759044647217
胜 | 实际值：-1.0 | 预测值（含误差范围）：-0.6997452974319458
胜 | 实际值：0.0 | 预测值（含误差范围）：0.21901190280914307
负 | 实际值：-1.0 | 预测值（含误差范围）：0.3181002140045166
胜 | 实际值：1.0 | 预测值（含误差范围）：1.744202196598053
负 | 实际值：-2.0 | 预测值（含误差范围）：0.2958763837814331
胜 | 实际值：3.0 | 预测值（含误差范围）：3.2430498600006104
负 | 实际值：-2.0 | 预测值（含误差范围）：-0.3422337770462036
胜 | 实际值：3.0 | 预测值（含误差范围）：2.137496292591095
胜 | 实际值：-1.0 | 预测值（含误差范围）：-0.7231928110122681
负 | 实际值：-3.0 | 预测值（含误差范围）：-0.15006029605865479
胜 | 实际值：4.0 | 预测值（含误差范围）：4.216670870780945
负 | 实际值：-2.0 | 预测值（含误差范围）：-0.42706334590911865
负 | 实际值：0.0 | 预测值（含误差范围）：1.6010608673095703
负 | 实际值：0.0 | 预测值（含误差范围）：1.7331465780735016
负 | 实际值：-2.0 | 预测值（含误差范围）：1.5350953042507172
负 | 实际值：1.0 | 预测值（含误差范围）：4.2045100927352905
胜 | 实际值：2.0 | 预测值（含误差范围）：2.3975573778152466
胜 | 实际值：-1.0 | 预测值（含误差范围）：-0.360390305519104
负 | 实际值：-1.0 | 预测值（含误差范围）：0.5458377599716187
负 | 实际值：0.0 | 预测值（含误差范围）：1.9101392030715942
胜 | 实际值：2.0 | 预测值（含误差范围）：1.6999572217464447
胜 | 实际值：0.0 | 预测值（含误差范围）：-0.6040863990783691
负 | 实际值：1.0 | 预测值（含误差范围）：-0.6674939393997192
胜 | 实际值：-1.0 | 预测值（含误差范围）：-1.1279574632644653
负 | 实际值：-3.0 | 预测值（含误差范围）：-0.517469048500061
负 | 实际值：0.0 | 预测值（含误差范围）：3.504315972328186
负 | 实际值：0.0 | 预测值（含误差范围）：3.58186137676239
胜 | 实际值：3.0 | 预测值（含误差范围）：3.319661021232605
负 | 实际值：-2.0 | 预测值（含误差范围）：-0.35103118419647217
胜 | 实际值：3.0 | 预测值（含误差范围）：2.0054104328155518
负 | 实际值：-2.0 | 预测值（含误差范围）：-0.7540007829666138
胜 | 实际值：2.0 | 预测值（含误差范围）：1.2491895258426666
负 | 实际值：-4.0 | 预测值（含误差范围）：-0.5541490316390991
负 | 实际值：2.0 | 预测值（含误差范围）：4.050001502037048
胜 | 实际值：1.0 | 预测值（含误差范围）：1.3415869772434235
负 | 实际值：1.0 | 预测值（含误差范围）：-0.21919310092926025
负 | 实际值：-2.0 | 预测值（含误差范围）：-0.9045263528823853
胜 | 实际值：1.0 | 预测值（含误差范围）：0.9782980680465698
负 | 实际值：1.0 | 预测值（含误差范围）：-0.23855698108673096
负 | 实际值：-3.0 | 预测值（含误差范围）：-0.9347587823867798
胜 | 实际值：2.0 | 预测值（含误差范围）：2.2330304980278015
胜 | 实际值：-1.0 | 预测值（含误差范围）：-0.28447163105010986
负 | 实际值：-1.0 | 预测值（含误差范围）：0.7224735021591187
胜 | 实际值：2.0 | 预测值（含误差范围）：2.170976161956787
负 | 实际值：1.0 | 预测值（含误差范围）：-0.37329936027526855
负 | 实际值：-2.0 | 预测值（含误差范围）：-0.9311493635177612
负 | 实际值：0.0 | 预测值（含误差范围）：1.0035821497440338
胜 | 实际值：2.0 | 预测值（含误差范围）：1.127097338438034
胜 | 实际值：-1.0 | 预测值（含误差范围）：-0.7055295705795288
胜 | 实际值：1.0 | 预测值（含误差范围）：0.05808103084564209
胜 | 实际值：-1.0 | 预测值（含误差范围）：-0.5173808336257935
负 | 实际值：-1.0 | 预测值（含误差范围）：0.5719331502914429
负 | 实际值：-2.0 | 预测值（含误差范围）：2.1810469031333923
负 | 实际值：1.0 | 预测值（含误差范围）：5.155805706977844
负 | 实际值：1.0 | 预测值（含误差范围）：3.4050036668777466
负 | 实际值：0.0 | 预测值（含误差范围）：1.4908501505851746
胜 | 实际值：2.0 | 预测值（含误差范围）：1.3745772242546082
负 | 实际值：-2.0 | 预测值（含误差范围）：-0.5946896076202393
胜 | 实际值：2.0 | 预测值（含误差范围）：1.6493903994560242
负 | 实际值：-2.0 | 预测值（含误差范围）：-0.40897107124328613
负 | 实际值：1.0 | 预测值（含误差范围）：2.1235976815223694
负 | 实际值：-2.0 | 预测值（含误差范围）：0.7850220203399658
负 | 实际值：1.0 | 预测值（含误差范围）：3.5970624685287476
负 | 实际值：-2.0 | 预测值（含误差范围）：2.092536985874176
负 | 实际值：0.0 | 预测值（含误差范围）：4.579285025596619
负 | 实际值：2.0 | 预测值（含误差范围）：4.262593626976013
胜 | 实际值：1.0 | 预测值（含误差范围）：1.066349744796753
负 | 实际值：1.0 | 预测值（含误差范围）：-0.2971569299697876
负 | 实际值：-3.0 | 预测值（含误差范围）：-0.8465181589126587
胜 | 实际值：3.0 | 预测值（含误差范围）：2.4433478116989136
胜 | 实际值：-1.0 | 预测值（含误差范围）：-0.6203994750976562
负 | 实际值：-1.0 | 预测值（含误差范围）：0.0028001070022583008
负 | 实际值：-2.0 | 预测值（含误差范围）：1.6439806520938873
负 | 实际值：2.0 | 预测值（含误差范围）：4.576804518699646
胜 | 实际值：2.0 | 预测值（含误差范围）：1.3790223002433777
胜 | 实际值：0.0 | 预测值（含误差范围）：-0.7961918115615845
负 | 实际值：-4.0 | 预测值（含误差范围）：-0.8226810693740845
胜 | 实际值：4.0 | 预测值（含误差范围）：3.903608202934265
负 | 实际值：-4.0 | 预测值（含误差范围）：-0.5050270557403564
负 | 实际值：1.0 | 预测值（含误差范围）：3.8505977392196655
负 | 实际值：-1.0 | 预测值（含误差范围）：2.6312631368637085
胜 | 实际值：3.0 | 预测值（含误差范围）：3.63111674785614
负 | 实际值：1.0 | 预测值（含误差范围）：-0.31546998023986816
负 | 实际值：-4.0 | 预测值（含误差范围）：-1.0890358686447144
胜 | 实际值：3.0 | 预测值（含误差范围）：3.0488059520721436
胜 | 实际值：-1.0 | 预测值（含误差范围）：-0.45748746395111084
胜 | 实际值：0.0 | 预测值（含误差范围）：0.07446730136871338
胜 | 实际值：0.0 | 预测值（含误差范围）：-0.0019472837448120117
胜 | 实际值：0.0 | 预测值（含误差范围）：-0.1611328125
胜 | 实际值：-1.0 | 预测值（含误差范围）：-0.23017585277557373
负 | 实际值：3.0 | 预测值（含误差范围）：1.00102499127388
胜 | 实际值：-2.0 | 预测值（含误差范围）：-1.2993954420089722
胜 | 实际值：0.0 | 预测值（含误差范围）：-0.2197563648223877
胜 | 实际值：-1.0 | 预测值（含误差范围）：-0.10029351711273193
负 | 实际值：3.0 | 预测值（含误差范围）：1.2527069747447968
负 | 实际值：-3.0 | 预测值（含误差范围）：-1.0930532217025757
胜 | 实际值：2.0 | 预测值（含误差范围）：1.559253454208374
负 | 实际值：-2.0 | 预测值（含误差范围）：-0.3825732469558716
胜 | 实际值：2.0 | 预测值（含误差范围）：2.3426860570907593
负 | 实际值：1.0 | 预测值（含误差范围）：-0.052869439125061035
负 | 实际值：-4.0 | 预测值（含误差范围）：-0.7871357202529907
负 | 实际值：2.0 | 预测值（含误差范围）：3.829974055290222
负 | 实际值：-1.0 | 预测值（含误差范围）：1.1440142095088959
负 | 实际值：0.0 | 预测值（含误差范围）：2.2589065432548523
胜 | 实际值：2.0 | 预测值（含误差范围）：2.3469892740249634
负 | 实际值：-3.0 | 预测值（含误差范围）：-0.3921245336532593
负 | 实际值：0.0 | 预测值（含误差范围）：3.2284809350967407
负 | 实际值：1.0 | 预测值（含误差范围）：3.154715418815613
负 | 实际值：-1.0 | 预测值（含误差范围）：1.232112556695938
胜 | 实际值：3.0 | 预测值（含误差范围）：2.407382845878601
胜 | 实际值：-1.0 | 预测值（含误差范围）：-0.8078457117080688
胜 | 实际值：0.0 | 预测值（含误差范围）：-0.2405179738998413
负 | 实际值：2.0 | 预测值（含误差范围）：-0.13094079494476318
胜 | 实际值：-2.0 | 预测值（含误差范围）：-1.2364946603775024
负 | 实际值：-1.0 | 预测值（含误差范围）：0.09146690368652344
负 | 实际值：3.0 | 预测值（含误差范围）：1.8037763237953186
负 | 实际值：-4.0 | 预测值（含误差范围）：-0.9391456842422485
负 | 实际值：1.0 | 预测值（含误差范围）：3.2723233699798584
负 | 实际值：0.0 | 预测值（含误差范围）：2.042762279510498
胜 | 实际值：2.0 | 预测值（含误差范围）：1.802220195531845
负 | 实际值：-3.0 | 预测值（含误差范围）：-0.46622371673583984
胜 | 实际值：3.0 | 预测值（含误差范围）：3.2877334356307983
胜 | 实际值：0.0 | 预测值（含误差范围）：-0.33113157749176025
胜 | 实际值：-1.0 | 预测值（含误差范围）：-0.4847966432571411
胜 | 实际值：0.0 | 预测值（含误差范围）：0.6373001337051392
胜 | 实际值：1.0 | 预测值（含误差范围）：0.6480731964111328
胜 | 实际值：0.0 | 预测值（含误差范围）：-0.4345426559448242
负 | 实际值：1.0 | 预测值（含误差范围）：-0.5083441734313965
负 | 实际值：-4.0 | 预测值（含误差范围）：-1.042765736579895
负 | 实际值：0.0 | 预测值（含误差范围）：3.237177014350891
负 | 实际值：0.0 | 预测值（含误差范围）：3.314003348350525
负 | 实际值：0.0 | 预测值（含误差范围）：2.9431573152542114
负 | 实际值：1.0 | 预测值（含误差范围）：2.629617214202881
负 | 实际值：3.0 | 预测值（含误差范围）：0.9802809953689575
负 | 实际值：0.0 | 预测值（含误差范围）：-1.2484570741653442
负 | 实际值：0.0 | 预测值（含误差范围）：-1.2191158533096313
负 | 实际值：-3.0 | 预测值（含误差范围）：-0.9983893632888794
负 | 实际值：0.0 | 预测值（含误差范围）：2.45570707321167
负 | 实际值：0.0 | 预测值（含误差范围）：2.5715166330337524
胜 | 实际值：3.0 | 预测值（含误差范围）：2.320206046104431
胜 | 实际值：-1.0 | 预测值（含误差范围）：-0.8258248567581177
负 | 实际值：-3.0 | 预测值（含误差范围）：-0.23074877262115479
负 | 实际值：0.0 | 预测值（含误差范围）：4.078939318656921
胜 | 实际值：3.0 | 预测值（含误差范围）：3.978882908821106
胜 | 实际值：-1.0 | 预测值（含误差范围）：-0.23945879936218262
负 | 实际值：-1.0 | 预测值（含误差范围）：0.8004213571548462
负 | 实际值：0.0 | 预测值（含误差范围）：2.3497496843338013
胜 | 实际值：3.0 | 预测值（含误差范围）：2.2436243891716003
胜 | 实际值：-1.0 | 预测值（含误差范围）：-0.8596135377883911
负 | 实际值：-2.0 | 预测值（含误差范围）：-0.2150477170944214
胜 | 实际值：2.0 | 预测值（含误差范围）：2.7260531187057495
胜 | 实际值：0.0 | 预测值（含误差范围）：-0.1240997314453125
负 | 实际值：-3.0 | 预测值（含误差范围）：-0.291446328163147
负 | 实际值：0.0 | 预测值（含误差范围）：3.779809355735779
胜 | 实际值：3.0 | 预测值（含误差范围）：3.69271981716156
负 | 实际值：-2.0 | 预测值（含误差范围）：-0.347747802734375
胜 | 实际值：2.0 | 预测值（含误差范围）：1.9151880145072937
负 | 实际值：-2.0 | 预测值（含误差范围）：-0.3249613046646118
负 | 实际值：0.0 | 预测值（含误差范围）：2.0937620997428894
负 | 实际值：-1.0 | 预测值（含误差范围）：2.1269272565841675
负 | 实际值：1.0 | 预测值（含误差范围）：3.422533869743347
负 | 实际值：0.0 | 预测值（含误差范围）：1.6701481640338898
负 | 实际值：0.0 | 预测值（含误差范围）：1.5854473114013672
负 | 实际值：-1.0 | 预测值（含误差范围）：1.4081493616104126
负 | 实际值：0.0 | 预测值（含误差范围）：2.687714695930481
胜 | 实际值：2.0 | 预测值（含误差范围）：2.5063081979751587
胜 | 实际值：-1.0 | 预测值（含误差范围）：-0.2737172842025757
负 | 实际值：-1.0 | 预测值（含误差范围）：0.8806545436382294
负 | 实际值：4.0 | 预测值（含误差范围）：2.452357530593872
负 | 实际值：-3.0 | 预测值（含误差范围）：-1.069283366203308
负 | 实际值：3.0 | 预测值（含误差范围）：1.6419938802719116
胜 | 实际值：0.0 | 预测值（含误差范围）：-0.8012493848800659
胜 | 实际值：0.0 | 预测值（含误差范围）：-0.8206864595413208
胜 | 实际值：0.0 | 预测值（含误差范围）：-0.7254434823989868
负 | 实际值：-4.0 | 预测值（含误差范围）：-0.6612788438796997
负 | 实际值：0.0 | 预测值（含误差范围）：4.324716925621033
负 | 实际值：2.0 | 预测值（含误差范围）：4.341572642326355
胜 | 实际值：1.0 | 预测值（含误差范围）：0.9749351739883423
胜 | 实际值：-1.0 | 预测值（含误差范围）：-0.3581724166870117
负 | 实际值：-2.0 | 预测值（含误差范围）：0.7679210901260376
负 | 实际值：1.0 | 预测值（含误差范围）：3.6974304914474487
负 | 实际值：3.0 | 预测值（含误差范围）：1.9389544129371643
负 | 实际值：-4.0 | 预测值（含误差范围）：-1.0399466753005981
胜 | 实际值：2.0 | 预测值（含误差范围）：2.985862135887146
胜 | 实际值：0.0 | 预测值（含误差范围）：0.42498254776000977
负 | 实际值：-1.0 | 预测值（含误差范围）：0.1599050760269165
胜 | 实际值：1.0 | 预测值（含误差范围）：1.5675564110279083
负 | 实际值：2.0 | 预测值（含误差范围）：0.11203217506408691
胜 | 实际值：-1.0 | 预测值（含误差范围）：-1.2282406091690063
胜 | 实际值：-1.0 | 预测值（含误差范围）：-0.5908719301223755
胜 | 实际值：1.0 | 预测值（含误差范围）：0.6167850494384766
负 | 实际值：1.0 | 预测值（含误差范围）：-0.41347062587738037
负 | 实际值：-3.0 | 预测值（含误差范围）：-0.9769748449325562
负 | 实际值：0.0 | 预测值（含误差范围）：2.1180485486984253
胜 | 实际值：2.0 | 预测值（含误差范围）：2.188960909843445
胜 | 实际值：0.0 | 预测值（含误差范围）：-0.28533995151519775
负 | 实际值：-2.0 | 预测值（含误差范围）：-0.34443867206573486
负 | 实际值：0.0 | 预测值（含误差范围）：2.544554829597473
胜 | 实际值：3.0 | 预测值（含误差范围）：2.574825406074524
胜 | 实际值：0.0 | 预测值（含误差范围）：-0.6879516839981079
负 | 实际值：-4.0 | 预测值（含误差范围）：-0.6913360357284546
负 | 实际值：3.0 | 预测值（含误差范围）：4.228571772575378
胜 | 实际值：1.0 | 预测值（含误差范围）：0.331030011177063
胜 | 实际值：0.0 | 预测值（含误差范围）：-0.5508564710617065
胜 | 实际值：0.0 | 预测值（含误差范围）：-0.553998589515686
胜 | 实际值：0.0 | 预测值（含误差范围）：-0.5268181562423706
负 | 实际值：-2.0 | 预测值（含误差范围）：-0.5159667730331421
负 | 实际值：1.0 | 预测值（含误差范围）：2.0027705430984497
胜 | 实际值：0.0 | 预测值（含误差范围）：0.551060140132904
胜 | 实际值：0.0 | 预测值（含误差范围）：0.3899145722389221
胜 | 实际值：0.0 | 预测值（含误差范围）：0.3616332411766052
负 | 实际值：-3.0 | 预测值（含误差范围）：0.3291255235671997
负 | 实际值：1.0 | 预测值（含误差范围）：4.475196719169617
负 | 实际值：-1.0 | 预测值（含误差范围）：3.0996681451797485
负 | 实际值：2.0 | 预测值（含误差范围）：4.194088816642761
负 | 实际值：0.0 | 预测值（含误差范围）：1.0556490421295166
负 | 实际值：2.0 | 预测值（含误差范围）：0.950356662273407
负 | 实际值：-3.0 | 预测值（含误差范围）：-0.7408138513565063
负 | 实际值：1.0 | 预测值（含误差范围）：2.6981807947158813
负 | 实际值：0.0 | 预测值（含误差范围）：1.4622882604599
负 | 实际值：0.0 | 预测值（含误差范围）：1.3202245254069567
负 | 实际值：-1.0 | 预测值（含误差范围）：1.506428450345993
胜 | 实际值：2.0 | 预测值（含误差范围）：2.711027145385742
负 | 实际值：1.0 | 预测值（含误差范围）：-0.15072810649871826
负 | 实际值：-3.0 | 预测值（含误差范围）：-0.7936166524887085
负 | 实际值：0.0 | 预测值（含误差范围）：2.5610324144363403
胜 | 实际值：3.0 | 预测值（含误差范围）：2.666544556617737
胜 | 实际值：0.0 | 预测值（含误差范围）：-0.6748911142349243
负 | 实际值：-3.0 | 预测值（含误差范围）：-0.7001210451126099
胜 | 实际值：3.0 | 预测值（含误差范围）：2.9383286237716675
负 | 实际值：-4.0 | 预测值（含误差范围）：-0.42562413215637207
负 | 实际值：3.0 | 预测值（含误差范围）：4.20854127407074
负 | 实际值：-2.0 | 预测值（含误差范围）：0.4711763858795166
负 | 实际值：1.0 | 预测值（含误差范围）：2.8859310150146484
负 | 实际值：-1.0 | 预测值（含误差范围）：1.5038470923900604
胜 | 实际值：3.0 | 预测值（含误差范围）：2.5726081132888794
负 | 实际值：-3.0 | 预测值（含误差范围）：-0.7661265134811401
胜 | 实际值：2.0 | 预测值（含误差范围）：2.2330615520477295
负 | 实际值：1.0 | 预测值（含误差范围）：-0.2071366310119629
负 | 实际值：-3.0 | 预测值（含误差范围）：-0.9710029363632202
负 | 实际值：1.0 | 预测值（含误差范围）：2.0009055733680725
胜 | 实际值：0.0 | 预测值（含误差范围）：0.5645468831062317
负 | 实际值：-2.0 | 预测值（含误差范围）：0.25514376163482666
负 | 实际值：4.0 | 预测值（含误差范围）：2.9696460962295532
胜 | 实际值：-1.0 | 预测值（含误差范围）：-0.9806169271469116
负 | 实际值：-2.0 | 预测值（含误差范围）：-0.5639654397964478
负 | 实际值：-1.0 | 预测值（含误差范围）：1.9583284854888916
胜 | 实际值：3.0 | 预测值（含误差范围）：3.509421706199646
负 | 实际值：1.0 | 预测值（含误差范围）：-0.4083329439163208
胜 | 实际值：-2.0 | 预测值（含误差范围）：-1.0688859224319458
胜 | 实际值：1.0 | 预测值（含误差范围）：0.7366905212402344
负 | 实际值：-3.0 | 预测值（含误差范围）：-0.24654948711395264
胜 | 实际值：3.0 | 预测值（含误差范围）：3.739524722099304
负 | 实际值：-3.0 | 预测值（含误差范围）：-0.21125423908233643
负 | 实际值：0.0 | 预测值（含误差范围）：3.454037070274353
负 | 实际值：2.0 | 预测值（含误差范围）：3.449189782142639
胜 | 实际值：1.0 | 预测值（含误差范围）：0.1979084014892578
负 | 实际值：-2.0 | 预测值（含误差范围）：-0.6693795919418335
负 | 实际值：-1.0 | 预测值（含误差范围）：1.4939107298851013
负 | 实际值：1.0 | 预测值（含误差范围）：2.9620717763900757
负 | 实际值：0.0 | 预测值（含误差范围）：1.340384691953659
胜 | 实际值：0.0 | 预测值（含误差范围）：0.9984395802021027
负 | 实际值：2.0 | 预测值（含误差范围）：0.837559849023819
胜 | 实际值：-1.0 | 预测值（含误差范围）：-0.9164758920669556
负 | 实际值：-2.0 | 预测值（含误差范围）：-0.23082435131072998
胜 | 实际值：2.0 | 预测值（含误差范围）：2.638527274131775
负 | 实际值：2.0 | 预测值（含误差范围）：-0.0863884687423706
负 | 实际值：-3.0 | 预测值（含误差范围）：-1.2793163061141968
胜 | 实际值：1.0 | 预测值（含误差范围）：1.5428037345409393
负 | 实际值：-1.0 | 预测值（含误差范围）：0.42740947008132935
胜 | 实际值：1.0 | 预测值（含误差范围）：1.8809664249420166
胜 | 实际值：0.0 | 预测值（含误差范围）：0.5270028114318848
第6次训练后，新的数据集测试
误差范围：1.2541159391403198
胜 | 实际值：4.0 | 预测值（含误差范围）：3.7714239358901978
负 | 实际值：-2.0 | 预测值（含误差范围）：-0.007365584373474121
负 | 实际值：-1.0 | 预测值（含误差范围）：2.119965374469757
负 | 实际值：3.0 | 预测值（含误差范围）：4.0470839738845825
负 | 实际值：-2.0 | 预测值（含误差范围）：-0.21901702880859375
负 | 实际值：-1.0 | 预测值（含误差范围）：1.5891341865062714
负 | 实际值：2.0 | 预测值（含误差范围）：3.922235608100891
负 | 实际值：-2.0 | 预测值（含误差范围）：0.4184723496437073
胜 | 实际值：3.0 | 预测值（含误差范围）：3.9584845304489136
负 | 实际值：-4.0 | 预测值（含误差范围）：0.025881648063659668
胜 | 实际值：4.0 | 预测值（含误差范围）：4.231494307518005
胜 | 实际值：-1.0 | 预测值（含误差范围）：-0.02082502841949463
胜 | 实际值：1.0 | 预测值（含误差范围）：1.0432709455490112
负 | 实际值：-3.0 | 预测值（含误差范围）：0.2333592176437378
负 | 实际值：-1.0 | 预测值（含误差范围）：2.172057092189789
负 | 实际值：0.0 | 预测值（含误差范围）：2.8821901082992554
胜 | 实际值：3.0 | 预测值（含误差范围）：3.7269357442855835
胜 | 实际值：0.0 | 预测值（含误差范围）：0.7027381658554077
负 | 实际值：-1.0 | 预测值（含误差范围）：0.7517400979995728
负 | 实际值：0.0 | 预测值（含误差范围）：1.486016422510147
负 | 实际值：-1.0 | 预测值（含误差范围）：1.5864368677139282
负 | 实际值：1.0 | 预测值（含误差范围）：2.925999402999878
胜 | 实际值：2.0 | 预测值（含误差范围）：1.3354237526655197
胜 | 实际值：0.0 | 预测值（含误差范围）：-0.6606264114379883
负 | 实际值：0.0 | 预测值（含误差范围）：-1.0982962846755981
胜 | 实际值：-2.0 | 预测值（含误差范围）：-1.583778977394104
胜 | 实际值：1.0 | 预测值（含误差范围）：1.0389133244752884
负 | 实际值：-3.0 | 预测值（含误差范围）：-0.8554443120956421
负 | 实际值：0.0 | 预测值（含误差范围）：4.222246050834656
负 | 实际值：0.0 | 预测值（含误差范围）：3.1206727027893066
负 | 实际值：0.0 | 预测值（含误差范围）：3.0489161014556885
负 | 实际值：2.0 | 预测值（含误差范围）：4.225657343864441
胜 | 实际值：1.0 | 预测值（含误差范围）：0.9710918068885803
胜 | 实际值：1.0 | 预测值（含误差范围）：0.08958745002746582
胜 | 实际值：-1.0 | 预测值（含误差范围）：-1.1340430974960327
胜 | 实际值：-1.0 | 预测值（含误差范围）：-0.4136453866958618
负 | 实际值：-2.0 | 预测值（含误差范围）：0.6247314810752869
负 | 实际值：0.0 | 预测值（含误差范围）：3.0607776641845703
胜 | 实际值：3.0 | 预测值（含误差范围）：3.104321002960205
负 | 实际值：1.0 | 预测值（含误差范围）：-0.7581292390823364
负 | 实际值：-4.0 | 预测值（含误差范围）：-1.6208537817001343
负 | 实际值：4.0 | 预测值（含误差范围）：2.319046378135681
胜 | 实际值：0.0 | 预测值（含误差范围）：-0.997695803642273
胜 | 实际值：0.0 | 预测值（含误差范围）：-0.6132224798202515
负 | 实际值：-2.0 | 预测值（含误差范围）：-0.5220279693603516
胜 | 实际值：2.0 | 预测值（含误差范围）：2.431505799293518
负 | 实际值：-3.0 | 预测值（含误差范围）：-0.4287339448928833
负 | 实际值：1.0 | 预测值（含误差范围）：2.289849638938904
胜 | 实际值：2.0 | 预测值（含误差范围）：1.2134828455746174
负 | 实际值：-2.0 | 预测值（含误差范围）：-0.19084346294403076
负 | 实际值：-2.0 | 预测值（含误差范围）：1.365082174539566
负 | 实际值：2.0 | 预测值（含误差范围）：3.035545587539673
负 | 实际值：0.0 | 预测值（含误差范围）：1.2072176523506641
胜 | 实际值：2.0 | 预测值（含误差范围）：1.4554363936185837
负 | 实际值：-3.0 | 预测值（含误差范围）：-0.2654956579208374
胜 | 实际值：3.0 | 预测值（含误差范围）：2.6894997358322144
负 | 实际值：-3.0 | 预测值（含误差范围）：0.19470560550689697
负 | 实际值：0.0 | 预测值（含误差范围）：2.5734983682632446
胜 | 实际值：3.0 | 预测值（含误差范围）：2.5538960695266724
负 | 实际值：-4.0 | 预测值（含误差范围）：0.09855949878692627
负 | 实际值：1.0 | 预测值（含误差范围）：3.0684938430786133
负 | 实际值：0.0 | 预测值（含误差范围）：1.8868053555488586
负 | 实际值：1.0 | 预测值（含误差范围）：2.612784743309021
胜 | 实际值：2.0 | 预测值（含误差范围）：1.4423006772994995
负 | 实际值：-3.0 | 预测值（含误差范围）：-0.5367650985717773
胜 | 实际值：2.0 | 预测值（含误差范围）：1.9784931540489197
胜 | 实际值：1.0 | 预测值（含误差范围）：0.40120071172714233
胜 | 实际值：-1.0 | 预测值（含误差范围）：-0.6026482582092285
负 | 实际值：-3.0 | 预测值（含误差范围）：-0.266294002532959
胜 | 实际值：2.0 | 预测值（含误差范围）：2.9385405778884888
负 | 实际值：2.0 | 预测值（含误差范围）：0.49255478382110596
负 | 实际值：-4.0 | 预测值（含误差范围）：-0.6750870943069458
胜 | 实际值：3.0 | 预测值（含误差范围）：3.061645269393921
负 | 实际值：-2.0 | 预测值（含误差范围）：0.21194517612457275
负 | 实际值：1.0 | 预测值（含误差范围）：2.3877995014190674
胜 | 实际值：2.0 | 预测值（含误差范围）：1.0930348485708237
胜 | 实际值：0.0 | 预测值（含误差范围）：-0.3302764892578125
胜 | 实际值：0.0 | 预测值（含误差范围）：-0.14211750030517578
负 | 实际值：-4.0 | 预测值（含误差范围）：-0.00947868824005127
负 | 实际值：4.0 | 预测值（含误差范围）：2.8582671880722046
胜 | 实际值：-1.0 | 预测值（含误差范围）：-0.09181296825408936
胜 | 实际值：1.0 | 预测值（含误差范围）：0.5921162366867065
负 | 实际值：-2.0 | 预测值（含误差范围）：-0.1192253828048706
负 | 实际值：-2.0 | 预测值（含误差范围）：1.207955565303564
胜 | 实际值：4.0 | 预测值（含误差范围）：3.3440011739730835
负 | 实际值：-3.0 | 预测值（含误差范围）：0.3169361352920532
负 | 实际值：-1.0 | 预测值（含误差范围）：2.4321497678756714
负 | 实际值：1.0 | 预测值（含误差范围）：2.9141675233840942
胜 | 实际值：3.0 | 预测值（含误差范围）：2.369185447692871
负 | 实际值：-4.0 | 预测值（含误差范围）：0.27549803256988525
胜 | 实际值：2.0 | 预测值（含误差范围）：2.7392460107803345
胜 | 实际值：2.0 | 预测值（含误差范围）：1.3968459218740463
胜 | 实际值：0.0 | 预测值（含误差范围）：-0.22460365295410156
负 | 实际值：-2.0 | 预测值（含误差范围）：-0.19791364669799805
负 | 实际值：-1.0 | 预测值（含误差范围）：1.212084773927927
负 | 实际值：-1.0 | 预测值（含误差范围）：2.2033923864364624
负 | 实际值：1.0 | 预测值（含误差范围）：3.180327534675598
负 | 实际值：1.0 | 预测值（含误差范围）：2.5207196474075317
负 | 实际值：-1.0 | 预测值（含误差范围）：1.4229937642812729
负 | 实际值：0.0 | 预测值（含误差范围）：2.2261220812797546
胜 | 实际值：3.0 | 预测值（含误差范围）：2.894815683364868
胜 | 实际值：-2.0 | 预测值（含误差范围）：-1.1838136911392212
负 | 实际值：-2.0 | 预测值（含误差范围）：2.339985966682434
负 | 实际值：0.0 | 预测值（含误差范围）：2.9690357446670532
负 | 实际值：4.0 | 预测值（含误差范围）：2.9438135623931885
负 | 实际值：-2.0 | 预测值（含误差范围）：-0.5037429332733154
负 | 实际值：0.0 | 预测值（含误差范围）：1.5907150506973267
负 | 实际值：0.0 | 预测值（含误差范围）：1.3455942422151566
胜 | 实际值：2.0 | 预测值（含误差范围）：1.4330509305000305
负 | 实际值：-2.0 | 预测值（含误差范围）：-0.4614543914794922
胜 | 实际值：1.0 | 预测值（含误差范围）：0.9660406410694122
负 | 实际值：-3.0 | 预测值（含误差范围）：-0.0411224365234375
负 | 实际值：0.0 | 预测值（含误差范围）：4.892471671104431
负 | 实际值：1.0 | 预测值（含误差范围）：4.795700907707214
胜 | 实际值：1.0 | 预测值（含误差范围）：1.827082872390747
负 | 实际值：-1.0 | 预测值（含误差范围）：0.9638318717479706
负 | 实际值：1.0 | 预测值（含误差范围）：2.1226476430892944
负 | 实际值：-1.0 | 预测值（含误差范围）：1.029920756816864
胜 | 实际值：2.0 | 预测值（含误差范围）：2.5004842281341553
负 | 实际值：-2.0 | 预测值（含误差范围）：0.0006628036499023438
负 | 实际值：1.0 | 预测值（含误差范围）：2.427392363548279
负 | 实际值：-1.0 | 预测值（含误差范围）：2.4445950984954834
负 | 实际值：0.0 | 预测值（含误差范围）：2.333718180656433
负 | 实际值：0.0 | 预测值（含误差范围）：1.758224606513977
胜 | 实际值：2.0 | 预测值（含误差范围）：1.771494209766388
胜 | 实际值：0.0 | 预测值（含误差范围）：0.20297539234161377
负 | 实际值：-3.0 | 预测值（含误差范围）：-1.2384394407272339
胜 | 实际值：2.0 | 预测值（含误差范围）：2.5260764360427856
负 | 实际值：-1.0 | 预测值（含误差范围）：0.0913701057434082
负 | 实际值：1.0 | 预测值（含误差范围）：3.7931712865829468
胜 | 实际值：1.0 | 预测值（含误差范围）：0.06997120380401611
胜 | 实际值：-1.0 | 预测值（含误差范围）：-0.9125286340713501
负 | 实际值：2.0 | 预测值（含误差范围）：0.1471250057220459
胜 | 实际值：-1.0 | 预测值（含误差范围）：-1.3691602945327759
负 | 实际值：-3.0 | 预测值（含误差范围）：-0.9899746179580688
负 | 实际值：1.0 | 预测值（含误差范围）：2.221804201602936
负 | 实际值：3.0 | 预测值（含误差范围）：1.1638625115156174
负 | 实际值：0.0 | 预测值（含误差范围）：-1.2066313028335571
负 | 实际值：-4.0 | 预测值（含误差范围）：-1.1499780416488647
负 | 实际值：0.0 | 预测值（含误差范围）：2.9039071798324585
负 | 实际值：0.0 | 预测值（含误差范围）：2.6211479902267456
胜 | 实际值：2.0 | 预测值（含误差范围）：2.911280035972595
负 | 实际值：-2.0 | 预测值（含误差范围）：0.8677156865596771
负 | 实际值：1.0 | 预测值（含误差范围）：3.1196810007095337
胜 | 实际值：2.0 | 预测值（含误差范围）：1.9471590518951416
负 | 实际值：-3.0 | 预测值（含误差范围）：-0.2852894067764282
负 | 实际值：1.0 | 预测值（含误差范围）：3.217821478843689
负 | 实际值：3.0 | 预测值（含误差范围）：1.321801096200943
负 | 实际值：-3.0 | 预测值（含误差范围）：-1.1752091646194458
负 | 实际值：-1.0 | 预测值（含误差范围）：1.4561510235071182
负 | 实际值：4.0 | 预测值（含误差范围）：2.5205129384994507
胜 | 实际值：-1.0 | 预测值（含误差范围）：-0.6861370801925659
负 | 实际值：-1.0 | 预测值（含误差范围）：0.268474817276001
负 | 实际值：0.0 | 预测值（含误差范围）：2.2224836349487305
负 | 实际值：0.0 | 预测值（含误差范围）：1.2612309344112873
胜 | 实际值：1.0 | 预测值（含误差范围）：0.9697665274143219
胜 | 实际值：0.0 | 预测值（含误差范围）：-0.05793726444244385
负 | 实际值：-3.0 | 预测值（含误差范围）：0.17115700244903564
负 | 实际值：1.0 | 预测值（含误差范围）：3.6628202199935913
负 | 实际值：0.0 | 预测值（含误差范围）：1.8285795450210571
负 | 实际值：-1.0 | 预测值（含误差范围）：2.124868094921112
负 | 实际值：4.0 | 预测值（含误差范围）：2.9105817079544067
胜 | 实际值：0.0 | 预测值（含误差范围）：-0.46493256092071533
胜 | 实际值：-1.0 | 预测值（含误差范围）：-0.30419111251831055
负 | 实际值：-2.0 | 预测值（含误差范围）：0.8341481983661652
负 | 实际值：0.0 | 预测值（含误差范围）：2.89337420463562
胜 | 实际值：3.0 | 预测值（含误差范围）：2.5959956645965576
胜 | 实际值：0.0 | 预测值（含误差范围）：-0.20428645610809326
胜 | 实际值：-1.0 | 预测值（含误差范围）：-0.29629552364349365
胜 | 实际值：1.0 | 预测值（含误差范围）：0.4578004479408264
负 | 实际值：-2.0 | 预测值（含误差范围）：-0.44633734226226807
负 | 实际值：0.0 | 预测值（含误差范围）：1.9123986959457397
负 | 实际值：-1.0 | 预测值（含误差范围）：0.6198475956916809
负 | 实际值：0.0 | 预测值（含误差范围）：1.7178848385810852
负 | 实际值：-1.0 | 预测值（含误差范围）：2.114428997039795
负 | 实际值：1.0 | 预测值（含误差范围）：3.11158287525177
负 | 实际值：2.0 | 预测值（含误差范围）：3.0028849840164185
负 | 实际值：-3.0 | 预测值（含误差范围）：0.35898303985595703
胜 | 实际值：4.0 | 预测值（含误差范围）：3.735555052757263
胜 | 实际值：0.0 | 预测值（含误差范围）：-0.14033842086791992
胜 | 实际值：-1.0 | 预测值（含误差范围）：-0.30146729946136475
负 | 实际值：-1.0 | 预测值（含误差范围）：0.637184739112854
负 | 实际值：-2.0 | 预测值（含误差范围）：2.8759385347366333
胜 | 实际值：4.0 | 预测值（含误差范围）：4.484606623649597
负 | 实际值：-3.0 | 预测值（含误差范围）：-0.29248476028442383
胜 | 实际值：3.0 | 预测值（含误差范围）：2.0440369844436646
负 | 实际值：-3.0 | 预测值（含误差范围）：-0.13735473155975342
胜 | 实际值：3.0 | 预测值（含误差范围）：3.900335669517517
负 | 实际值：-2.0 | 预测值（含误差范围）：0.3339027166366577
负 | 实际值：-2.0 | 预测值（含误差范围）：1.6721187829971313
负 | 实际值：3.0 | 预测值（含误差范围）：4.013654589653015
负 | 实际值：-1.0 | 预测值（含误差范围）：0.7944720387458801
负 | 实际值：0.0 | 预测值（含误差范围）：1.4356233775615692
负 | 实际值：0.0 | 预测值（含误差范围）：1.468509703874588
负 | 实际值：-1.0 | 预测值（含误差范围）：1.569760113954544
负 | 实际值：0.0 | 预测值（含误差范围）：2.5418297052383423
胜 | 实际值：3.0 | 预测值（含误差范围）：2.6728981733322144
负 | 实际值：-3.0 | 预测值（含误差范围）：-0.27327120304107666
胜 | 实际值：2.0 | 预测值（含误差范围）：2.266176462173462
负 | 实际值：-3.0 | 预测值（含误差范围）：0.5142166614532471
胜 | 实际值：4.0 | 预测值（含误差范围）：3.0315479040145874
胜 | 实际值：-1.0 | 预测值（含误差范围）：-0.12675201892852783
负 | 实际值：-3.0 | 预测值（含误差范围）：0.9486232399940491
负 | 实际值：1.0 | 预测值（含误差范围）：2.624385952949524
负 | 实际值：0.0 | 预测值（含误差范围）：2.6547223329544067
胜 | 实际值：2.0 | 预测值（含误差范围）：2.2242634296417236
胜 | 实际值：0.0 | 预测值（含误差范围）：0.5804243087768555
负 | 实际值：-1.0 | 预测值（含误差范围）：0.4453691244125366
负 | 实际值：-1.0 | 预测值（含误差范围）：2.0485198497772217
胜 | 实际值：2.0 | 预测值（含误差范围）：2.0967267751693726
负 | 实际值：-1.0 | 预测值（含误差范围）：0.25232720375061035
胜 | 实际值：1.0 | 预测值（含误差范围）：0.6087543964385986
胜 | 实际值：-1.0 | 预测值（含误差范围）：-0.8474565744400024
负 | 实际值：-2.0 | 预测值（含误差范围）：-0.034751296043395996
负 | 实际值：0.0 | 预测值（含误差范围）：3.8557368516921997
负 | 实际值：0.0 | 预测值（含误差范围）：3.2292752265930176
负 | 实际值：0.0 | 预测值（含误差范围）：2.798441529273987
负 | 实际值：0.0 | 预测值（含误差范围）：3.4120980501174927
负 | 实际值：2.0 | 预测值（含误差范围）：3.100819706916809
负 | 实际值：-1.0 | 预测值（含误差范围）：1.1080826222896576
胜 | 实际值：2.0 | 预测值（含误差范围）：2.558170199394226
负 | 实际值：-2.0 | 预测值（含误差范围）：0.5378392934799194
胜 | 实际值：2.0 | 预测值（含误差范围）：2.4577478170394897
胜 | 实际值：-1.0 | 预测值（含误差范围）：-1.1070791482925415
负 | 实际值：2.0 | 预测值（含误差范围）：-0.2797999382019043
负 | 实际值：-4.0 | 预测值（含误差范围）：-1.841429591178894
胜 | 实际值：4.0 | 预测值（含误差范围）：3.5229161977767944
负 | 实际值：-4.0 | 预测值（含误差范围）：-0.9750701189041138
负 | 实际值：1.0 | 预测值（含误差范围）：2.4350876808166504
负 | 实际值：3.0 | 预测值（含误差范围）：1.1600913107395172
胜 | 实际值：-1.0 | 预测值（含误差范围）：-0.7403703927993774
胜 | 实际值：1.0 | 预测值（含误差范围）：0.1133648157119751
负 | 实际值：-2.0 | 预测值（含误差范围）：-0.6710468530654907
负 | 实际值：-1.0 | 预测值（含误差范围）：1.2014297284185886
负 | 实际值：0.0 | 预测值（含误差范围）：2.07996666431427
负 | 实际值：-1.0 | 预测值（含误差范围）：2.1983768343925476
胜 | 实际值：4.0 | 预测值（含误差范围）：3.0147160291671753
负 | 实际值：-1.0 | 预测值（含误差范围）：0.08263623714447021
负 | 实际值：-1.0 | 预测值（含误差范围）：0.8449084460735321
胜 | 实际值：2.0 | 预测值（含误差范围）：1.553962230682373
胜 | 实际值：0.0 | 预测值（含误差范围）：0.14280569553375244
负 | 实际值：-3.0 | 预测值（含误差范围）：-0.4340771436691284
负 | 实际值：0.0 | 预测值（含误差范围）：2.685206890106201
负 | 实际值：0.0 | 预测值（含误差范围）：2.834326386451721
负 | 实际值：1.0 | 预测值（含误差范围）：2.5163886547088623
胜 | 实际值：2.0 | 预测值（含误差范围）：2.1113038659095764
胜 | 实际值：0.0 | 预测值（含误差范围）：-0.07507717609405518
负 | 实际值：-2.0 | 预测值（含误差范围）：-0.4076889753341675
胜 | 实际值：1.0 | 预测值（含误差范围）：1.3358495384454727
负 | 实际值：-3.0 | 预测值（含误差范围）：0.30133581161499023
胜 | 实际值：3.0 | 预测值（含误差范围）：3.9864341020584106
负 | 实际值：-2.0 | 预测值（含误差范围）：0.09973680973052979
负 | 实际值：0.0 | 预测值（含误差范围）：3.6692837476730347
负 | 实际值：1.0 | 预测值（含误差范围）：2.5064306259155273
负 | 实际值：-2.0 | 预测值（含误差范围）：1.3363597840070724
负 | 实际值：1.0 | 预测值（含误差范围）：3.2734605073928833
胜 | 实际值：3.0 | 预测值（含误差范围）：2.340271234512329
负 | 实际值：-2.0 | 预测值（含误差范围）：-0.8102685213088989
负 | 实际值：-2.0 | 预测值（含误差范围）：1.335268035531044
负 | 实际值：0.0 | 预测值（含误差范围）：3.136050581932068
负 | 实际值：0.0 | 预测值（含误差范围）：3.9925578832626343
负 | 实际值：3.0 | 预测值（含误差范围）：4.046083331108093
负 | 实际值：-2.0 | 预测值（含误差范围）：-0.2193901538848877
负 | 实际值：-1.0 | 预测值（含误差范围）：1.7093394994735718
胜 | 实际值：2.0 | 预测值（含误差范围）：2.822158694267273
负 | 实际值：-1.0 | 预测值（含误差范围）：0.8001325130462646
负 | 实际值：-1.0 | 预测值（含误差范围）：3.7601906061172485
负 | 实际值：3.0 | 预测值（含误差范围）：4.319422125816345
胜 | 实际值：0.0 | 预测值（含误差范围）：-0.17686498165130615
负 | 实际值：-2.0 | 预测值（含误差范围）：-0.11621439456939697
负 | 实际值：3.0 | 预测值（含误差范围）：1.571847826242447
负 | 实际值：-3.0 | 预测值（含误差范围）：-1.1054145097732544
负 | 实际值：0.0 | 预测值（含误差范围）：1.534559816122055
胜 | 实际值：1.0 | 预测值（含误差范围）：1.4541893899440765
胜 | 实际值：0.0 | 预测值（含误差范围）：0.766947329044342
负 | 实际值：-2.0 | 预测值（含误差范围）：0.7207266092300415
负 | 实际值：1.0 | 预测值（含误差范围）：2.615212321281433
负 | 实际值：3.0 | 预测值（含误差范围）：4.2039817571640015
负 | 实际值：-3.0 | 预测值（含误差范围）：-0.8389831781387329
负 | 实际值：-1.0 | 预测值（含误差范围）：2.019439399242401
胜 | 实际值：2.0 | 预测值（含误差范围）：2.8772268295288086
负 | 实际值：-1.0 | 预测值（含误差范围）：1.0160247683525085
胜 | 实际值：2.0 | 预测值（含误差范围）：2.5980812311172485
负 | 实际值：-3.0 | 预测值（含误差范围）：0.06403040885925293
负 | 实际值：1.0 | 预测值（含误差范围）：2.7654255628585815
负 | 实际值：3.0 | 预测值（含误差范围）：1.7675901651382446
负 | 实际值：-2.0 | 预测值（含误差范围）：-0.6721478700637817
胜 | 实际值：1.0 | 预测值（含误差范围）：1.032738596200943
胜 | 实际值：0.0 | 预测值（含误差范围）：0.1342780590057373
负 | 实际值：-1.0 | 预测值（含误差范围）：0.1773616075515747
负 | 实际值：2.0 | 预测值（含误差范围）：0.7189509868621826
负 | 实际值：-4.0 | 预测值（含误差范围）：-0.8042474985122681
胜 | 实际值：1.0 | 预测值（含误差范围）：1.9475524425506592
胜 | 实际值：1.0 | 预测值（含误差范围）：1.1220925748348236
负 | 实际值：-1.0 | 预测值（含误差范围）：0.5170964002609253
负 | 实际值：0.0 | 预测值（含误差范围）：1.9237586855888367
胜 | 实际值：3.0 | 预测值（含误差范围）：2.0870423316955566
负 | 实际值：-4.0 | 预测值（含误差范围）：-0.3300431966781616
负 | 实际值：0.0 | 预测值（含误差范围）：3.733913779258728
负 | 实际值：1.0 | 预测值（含误差范围）：2.865066409111023
负 | 实际值：0.0 | 预测值（含误差范围）：1.864806056022644
负 | 实际值：0.0 | 预测值（含误差范围）：2.0304609537124634
负 | 实际值：-1.0 | 预测值（含误差范围）：1.9163731932640076
胜 | 实际值：4.0 | 预测值（含误差范围）：3.192039966583252
负 | 实际值：-3.0 | 预测值（含误差范围）：-0.9589425325393677
胜 | 实际值：1.0 | 预测值（含误差范围）：1.8086860179901123
胜 | 实际值：2.0 | 预测值（含误差范围）：1.822854995727539
负 | 实际值：-2.0 | 预测值（含误差范围）：-0.9499608278274536
负 | 实际值：0.0 | 预测值（含误差范围）：1.1261503398418427
胜 | 实际值：1.0 | 预测值（含误差范围）：1.0937169194221497
胜 | 实际值：-1.0 | 预测值（含误差范围）：-0.1793738603591919
胜 | 实际值：1.0 | 预测值（含误差范围）：1.8887556791305542
胜 | 实际值：-1.0 | 预测值（含误差范围）：-0.5267593860626221
胜 | 实际值：0.0 | 预测值（含误差范围）：-0.10125458240509033
胜 | 实际值：0.0 | 预测值（含误差范围）：-0.0772240161895752
负 | 实际值：-2.0 | 预测值（含误差范围）：0.29802143573760986
胜 | 实际值：3.0 | 预测值（含误差范围）：3.8412193059921265
负 | 实际值：-3.0 | 预测值（含误差范围）：0.031815409660339355
负 | 实际值：2.0 | 预测值（含误差范围）：3.0318299531936646
负 | 实际值：-2.0 | 预测值（含误差范围）：1.1599695980548859
负 | 实际值：2.0 | 预测值（含误差范围）：3.096294403076172
负 | 实际值：-1.0 | 预测值（含误差范围）：1.1787145286798477
负 | 实际值：-1.0 | 预测值（含误差范围）：2.3892416954040527
负 | 实际值：1.0 | 预测值（含误差范围）：3.1118085384368896
负 | 实际值：-1.0 | 预测值（含误差范围）：3.3209720849990845
胜 | 实际值：2.0 | 预测值（含误差范围）：2.473502278327942
胜 | 实际值：0.0 | 预测值（含误差范围）：0.30595171451568604
负 | 实际值：-1.0 | 预测值（含误差范围）：2.0561559200286865
胜 | 实际值：2.0 | 预测值（含误差范围）：1.0291058421134949
负 | 实际值：1.0 | 预测值（含误差范围）：-0.9379757642745972
负 | 实际值：-4.0 | 预测值（含误差范围）：-2.0086385011672974
胜 | 实际值：1.0 | 预测值（含误差范围）：1.7038831114768982
负 | 实际值：3.0 | 预测值（含误差范围）：1.2443603314459324
胜 | 实际值：-3.0 | 预测值（含误差范围）：-2.0707885026931763
胜 | 实际值：2.0 | 预测值（含误差范围）：1.5076443254947662
胜 | 实际值：0.0 | 预测值（含误差范围）：-0.07942450046539307
负 | 实际值：-3.0 | 预测值（含误差范围）：0.11487281322479248
负 | 实际值：2.0 | 预测值（含误差范围）：3.081984519958496
胜 | 实际值：0.0 | 预测值（含误差范围）：0.7451158761978149
负 | 实际值：-2.0 | 预测值（含误差范围）：0.8006933331489563
负 | 实际值：4.0 | 预测值（含误差范围）：2.7348934412002563
胜 | 实际值：-1.0 | 预测值（含误差范围）：-0.5434458255767822
胜 | 实际值：0.0 | 预测值（含误差范围）：0.4614117741584778
负 | 实际值：-2.0 | 预测值（含误差范围）：0.5245947241783142
胜 | 实际值：2.0 | 预测值（含误差范围）：2.0853946805000305
负 | 实际值：-1.0 | 预测值（含误差范围）：0.5410849452018738
负 | 实际值：0.0 | 预测值（含误差范围）：1.1453414261341095
负 | 实际值：-2.0 | 预测值（含误差范围）：1.139977902173996
负 | 实际值：1.0 | 预测值（含误差范围）：2.88620924949646
负 | 实际值：0.0 | 预测值（含误差范围）：2.2961345911026
胜 | 实际值：3.0 | 预测值（含误差范围）：2.6857508420944214
胜 | 实际值：-1.0 | 预测值（含误差范围）：-0.3449831008911133
胜 | 实际值：1.0 | 预测值（含误差范围）：0.6381407976150513
胜 | 实际值：0.0 | 预测值（含误差范围）：-0.3993266820907593
胜 | 实际值：0.0 | 预测值（含误差范围）：-0.6482700109481812
负 | 实际值：0.0 | 预测值（含误差范围）：-1.0984829664230347
负 | 实际值：0.0 | 预测值（含误差范围）：-1.308169960975647
胜 | 实际值：-1.0 | 预测值（含误差范围）：-1.442668080329895
负 | 实际值：1.0 | 预测值（含误差范围）：-1.4327510595321655
负 | 实际值：0.0 | 预测值（含误差范围）：-2.3828502893447876
负 | 实际值：-3.0 | 预测值（含误差范围）：-1.9659048318862915
胜 | 实际值：2.0 | 预测值（含误差范围）：1.9481990337371826
胜 | 实际值：-2.0 | 预测值（含误差范围）：-1.5683475732803345
负 | 实际值：-1.0 | 预测值（含误差范围）：2.634590744972229
负 | 实际值：1.0 | 预测值（含误差范围）：3.09966504573822
胜 | 实际值：2.0 | 预测值（含误差范围）：2.9350796937942505
胜 | 实际值：1.0 | 预测值（含误差范围）：0.7760286331176758
负 | 实际值：-2.0 | 预测值（含误差范围）：-0.3365281820297241
负 | 实际值：0.0 | 预测值（含误差范围）：1.764525294303894
负 | 实际值：0.0 | 预测值（含误差范围）：1.5213337540626526
负 | 实际值：-2.0 | 预测值（含误差范围）：1.2091450728476048
胜 | 实际值：3.0 | 预测值（含误差范围）：3.8596853017807007
胜 | 实际值：-1.0 | 预测值（含误差范围）：-0.2625405788421631
胜 | 实际值：2.0 | 预测值（含误差范围）：1.1865249574184418
胜 | 实际值：-1.0 | 预测值（含误差范围）：-1.0533713102340698
负 | 实际值：-3.0 | 预测值（含误差范围）：-0.008229374885559082
负 | 实际值：1.0 | 预测值（含误差范围）：3.7561901807785034
负 | 实际值：2.0 | 预测值（含误差范围）：3.0275654792785645
胜 | 实际值：0.0 | 预测值（含误差范围）：-0.09613502025604248
负 | 实际值：-1.0 | 预测值（含误差范围）：0.04757189750671387
胜 | 实际值：1.0 | 预测值（含误差范围）：1.8141131401062012
负 | 实际值：-2.0 | 预测值（含误差范围）：0.10710155963897705
负 | 实际值：-1.0 | 预测值（含误差范围）：2.2220577597618103
负 | 实际值：1.0 | 预测值（含误差范围）：2.952879786491394
负 | 实际值：0.0 | 预测值（含误差范围）：1.8507355451583862
负 | 实际值：-1.0 | 预测值（含误差范围）：2.009659767150879
负 | 实际值：1.0 | 预测值（含误差范围）：3.3675063848495483
胜 | 实际值：3.0 | 预测值（含误差范围）：3.3460439443588257
负 | 实际值：0.0 | 预测值（含误差范围）：-1.013863205909729
负 | 实际值：-4.0 | 预测值（含误差范围）：-1.0220898389816284
负 | 实际值：2.0 | 预测值（含误差范围）：3.2407771348953247
胜 | 实际值：1.0 | 预测值（含误差范围）：0.7609547972679138
胜 | 实际值：0.0 | 预测值（含误差范围）：-0.47307026386260986
负 | 实际值：-2.0 | 预测值（含误差范围）：-0.4951972961425781
负 | 实际值：2.0 | 预测值（含误差范围）：3.39903461933136
胜 | 实际值：-1.0 | 预测值（含误差范围）：-0.48322272300720215
负 | 实际值：-1.0 | 预测值（含误差范围）：0.42506980895996094
负 | 实际值：3.0 | 预测值（含误差范围）：1.0762363821268082
负 | 实际值：-3.0 | 预测值（含误差范围）：-1.355664849281311
负 | 实际值：-1.0 | 预测值（含误差范围）：2.0850528478622437
胜 | 实际值：3.0 | 预测值（含误差范围）：2.6499146223068237
负 | 实际值：-2.0 | 预测值（含误差范围）：0.021961569786071777
负 | 实际值：-1.0 | 预测值（含误差范围）：2.254828929901123
胜 | 实际值：3.0 | 预测值（含误差范围）：3.138095498085022
负 | 实际值：-1.0 | 预测值（含误差范围）：0.5093857049942017
负 | 实际值：-1.0 | 预测值（含误差范围）：1.2916357703506947
胜 | 实际值：2.0 | 预测值（含误差范围）：2.2262498140335083
负 | 实际值：-1.0 | 预测值（含误差范围）：0.5060948133468628
胜 | 实际值：1.0 | 预测值（含误差范围）：1.7577152252197266
负 | 实际值：-1.0 | 预测值（含误差范围）：0.3528176546096802
负 | 实际值：-1.0 | 预测值（含误差范围）：0.8936404883861542
胜 | 实际值：2.0 | 预测值（含误差范围）：1.6674782037734985
胜 | 实际值：-1.0 | 预测值（含误差范围）：-0.4731333255767822
胜 | 实际值：0.0 | 预测值（含误差范围）：0.6789188385009766
负 | 实际值：-1.0 | 预测值（含误差范围）：0.17743420600891113
胜 | 实际值：2.0 | 预测值（含误差范围）：2.1720759868621826
负 | 实际值：-2.0 | 预测值（含误差范围）：-0.5158864259719849
负 | 实际值：1.0 | 预测值（含误差范围）：2.3851406574249268
负 | 实际值：1.0 | 预测值（含误差范围）：2.0683826208114624
胜 | 实际值：1.0 | 预测值（含误差范围）：0.15729117393493652
负 | 实际值：-4.0 | 预测值（含误差范围）：-0.6346879005432129
负 | 实际值：1.0 | 预测值（含误差范围）：3.3606749773025513
负 | 实际值：0.0 | 预测值（含误差范围）：1.845988154411316
负 | 实际值：3.0 | 预测值（含误差范围）：1.7864767909049988
负 | 实际值：-3.0 | 预测值（含误差范围）：-1.2162595987319946
负 | 实际值：0.0 | 预测值（含误差范围）：1.95220547914505
负 | 实际值：3.0 | 预测值（含误差范围）：1.6451411247253418
胜 | 实际值：0.0 | 预测值（含误差范围）：-0.9507757425308228
负 | 实际值：-3.0 | 预测值（含误差范围）：-0.8801301717758179
负 | 实际值：0.0 | 预测值（含误差范围）：2.228986382484436
负 | 实际值：-1.0 | 预测值（含误差范围）：1.847900152206421
负 | 实际值：0.0 | 预测值（含误差范围）：2.871840238571167
负 | 实际值：2.0 | 预测值（含误差范围）：3.1616116762161255
负 | 实际值：2.0 | 预测值（含误差范围）：0.9938283562660217
胜 | 实际值：0.0 | 预测值（含误差范围）：-0.7476261854171753
胜 | 实际值：-1.0 | 预测值（含误差范围）：-0.7037307024002075
负 | 实际值：-1.0 | 预测值（含误差范围）：0.009527206420898438
负 | 实际值：-2.0 | 预测值（含误差范围）：0.886263906955719
负 | 实际值：1.0 | 预测值（含误差范围）：2.6343477964401245
胜 | 实际值：3.0 | 预测值（含误差范围）：2.1362926959991455
胜 | 实际值：0.0 | 预测值（含误差范围）：-0.9568983316421509
胜 | 实际值：0.0 | 预测值（含误差范围）：-0.7380887269973755
胜 | 实际值：-1.0 | 预测值（含误差范围）：-1.0539847612380981
负 | 实际值：-3.0 | 预测值（含误差范围）：-0.11750125885009766
负 | 实际值：0.0 | 预测值（含误差范围）：3.755811095237732
负 | 实际值：4.0 | 预测值（含误差范围）：2.896851897239685
负 | 实际值：-3.0 | 预测值（含误差范围）：-0.4033792018890381
负 | 实际值：-1.0 | 预测值（含误差范围）：3.679200530052185
胜 | 实际值：4.0 | 预测值（含误差范围）：4.2951496839523315
负 | 实际值：-4.0 | 预测值（含误差范围）：0.010027408599853516
胜 | 实际值：3.0 | 预测值（含误差范围）：3.3719788789749146
负 | 实际值：-2.0 | 预测值（含误差范围）：0.6184301376342773
负 | 实际值：3.0 | 预测值（含误差范围）：1.9939094185829163
负 | 实际值：-1.0 | 预测值（含误差范围）：0.033877015113830566
胜 | 实际值：1.0 | 预测值（含误差范围）：0.9450364708900452
胜 | 实际值：0.0 | 预测值（含误差范围）：0.012328505516052246
负 | 实际值：-2.0 | 预测值（含误差范围）：0.03356659412384033
