第0次训练后，新的数据集测试
误差范围：1.4231383800506592
胜 | 实际值：2.0 | 预测值（含误差范围）：2.0242013335227966
负 | 实际值：-3.0 | 预测值（含误差范围）：0.10856544971466064
负 | 实际值：1.0 | 预测值（含误差范围）：2.180365800857544
负 | 实际值：-1.0 | 预测值（含误差范围）：1.3750809617340565
负 | 实际值：1.0 | 预测值（含误差范围）：4.085810661315918
负 | 实际值：0.0 | 预测值（含误差范围）：1.494604468345642
负 | 实际值：-1.0 | 预测值（含误差范围）：2.128411650657654
负 | 实际值：1.0 | 预测值（含误差范围）：4.691505432128906
负 | 实际值：1.0 | 预测值（含误差范围）：2.3520249724388123
负 | 实际值：-2.0 | 预测值（含误差范围）：1.7053443491458893
胜 | 实际值：3.0 | 预测值（含误差范围）：3.1870464086532593
负 | 实际值：-4.0 | 预测值（含误差范围）：0.0070302486419677734
负 | 实际值：0.0 | 预测值（含误差范围）：2.755400061607361
胜 | 实际值：4.0 | 预测值（含误差范围）：3.8474280834198
负 | 实际值：-2.0 | 预测值（含误差范围）：-0.9632725715637207
负 | 实际值：-2.0 | 预测值（含误差范围）：1.1248550713062286
胜 | 实际值：3.0 | 预测值（含误差范围）：3.426888942718506
负 | 实际值：-3.0 | 预测值（含误差范围）：0.4511401057243347
负 | 实际值：1.0 | 预测值（含误差范围）：3.4496262073516846
负 | 实际值：-1.0 | 预测值（含误差范围）：3.678905725479126
第1次训练后，新的数据集测试
误差范围：2.2856228351593018
负 | 实际值：4.0 | 预测值（含误差范围）：6.621481657028198
胜 | 实际值：-1.0 | 预测值（含误差范围）：-1.7040750980377197
胜 | 实际值：0.0 | 预测值（含误差范围）：-0.6458616256713867
胜 | 实际值：0.0 | 预测值（含误差范围）：0.4672051668167114
负 | 实际值：-2.0 | 预测值（含误差范围）：1.3547388315200806
负 | 实际值：0.0 | 预测值（含误差范围）：4.322207927703857
负 | 实际值：-1.0 | 预测值（含误差范围）：5.10519552230835
负 | 实际值：0.0 | 预测值（含误差范围）：7.6712329387664795
负 | 实际值：2.0 | 预测值（含误差范围）：7.678217649459839
负 | 实际值：-1.0 | 预测值（含误差范围）：2.4240246564149857
负 | 实际值：-1.0 | 预测值（含误差范围）：5.078021049499512
负 | 实际值：2.0 | 预测值（含误差范围）：6.872878313064575
胜 | 实际值：2.0 | 预测值（含误差范围）：1.6869832277297974
胜 | 实际值：-1.0 | 预测值（含误差范围）：-1.7045612335205078
胜 | 实际值：-1.0 | 预测值（含误差范围）：-0.27446937561035156
胜 | 实际值：2.0 | 预测值（含误差范围）：1.5591508150100708
负 | 实际值：-3.0 | 预测值（含误差范围）：-0.7079362869262695
胜 | 实际值：1.0 | 预测值（含误差范围）：0.8902865648269653
负 | 实际值：-2.0 | 预测值（含误差范围）：1.3870843052864075
负 | 实际值：2.0 | 预测值（含误差范围）：3.2487837076187134
第2次训练后，新的数据集测试
误差范围：1.6167380809783936
负 | 实际值：-1.0 | 预测值（含误差范围）：1.8120265007019043
负 | 实际值：1.0 | 预测值（含误差范围）：2.911469578742981
负 | 实际值：1.0 | 预测值（含误差范围）：4.341751575469971
负 | 实际值：-2.0 | 预测值（含误差范围）：2.647250175476074
负 | 实际值：4.0 | 预测值（含误差范围）：6.083397150039673
负 | 实际值：-4.0 | 预测值（含误差范围）：2.547256350517273
胜 | 实际值：3.0 | 预测值（含误差范围）：2.034756660461426
负 | 实际值：1.0 | 预测值（含误差范围）：3.818963050842285
负 | 实际值：-2.0 | 预测值（含误差范围）：0.6873282790184021
负 | 实际值：0.0 | 预测值（含误差范围）：4.499772071838379
胜 | 实际值：1.0 | 预测值（含误差范围）：1.037480354309082
负 | 实际值：-2.0 | 预测值（含误差范围）：0.4093865156173706
负 | 实际值：-1.0 | 预测值（含误差范围）：1.3423980176448822
胜 | 实际值：2.0 | 预测值（含误差范围）：2.810559868812561
胜 | 实际值：1.0 | 预测值（含误差范围）：1.0029332637786865
负 | 实际值：-1.0 | 预测值（含误差范围）：0.5067697763442993
负 | 实际值：2.0 | 预测值（含误差范围）：0.9601004123687744
负 | 实际值：-3.0 | 预测值（含误差范围）：0.5699975490570068
负 | 实际值：-1.0 | 预测值（含误差范围）：0.8318198919296265
胜 | 实际值：3.0 | 预测值（含误差范围）：2.5385863184928894
胜 | 实际值：1.0 | 预测值（含误差范围）：0.7227280735969543
负 | 实际值：-2.0 | 预测值（含误差范围）：0.5286006927490234
胜 | 实际值：1.0 | 预测值（含误差范围）：1.00055730342865
胜 | 实际值：1.0 | 预测值（含误差范围）：0.9625259637832642
负 | 实际值：-1.0 | 预测值（含误差范围）：0.9822788834571838
负 | 实际值：-1.0 | 预测值（含误差范围）：1.046143651008606
负 | 实际值：-2.0 | 预测值（含误差范围）：0.2703826427459717
负 | 实际值：4.0 | 预测值（含误差范围）：2.683476209640503
胜 | 实际值：0.0 | 预测值（含误差范围）：0.5424836874008179
负 | 实际值：-2.0 | 预测值（含误差范围）：0.5266107320785522
负 | 实际值：-2.0 | 预测值（含误差范围）：0.7918516397476196
负 | 实际值：3.0 | 预测值（含误差范围）：1.7805649638175964
负 | 实际值：-3.0 | 预测值（含误差范围）：0.4411659240722656
胜 | 实际值：1.0 | 预测值（含误差范围）：0.7445060014724731
负 | 实际值：0.0 | 预测值（含误差范围）：2.1739752292633057
负 | 实际值：1.0 | 预测值（含误差范围）：3.4290913343429565
负 | 实际值：-1.0 | 预测值（含误差范围）：1.7671899795532227
负 | 实际值：-1.0 | 预测值（含误差范围）：3.6060889959335327
负 | 实际值：0.0 | 预测值（含误差范围）：2.1956918239593506
胜 | 实际值：2.0 | 预测值（含误差范围）：1.747707799077034
负 | 实际值：1.0 | 预测值（含误差范围）：4.146335601806641
负 | 实际值：-3.0 | 预测值（含误差范围）：2.582079291343689
负 | 实际值：0.0 | 预测值（含误差范围）：4.530813217163086
负 | 实际值：1.0 | 预测值（含误差范围）：5.231776237487793
负 | 实际值：-1.0 | 预测值（含误差范围）：3.8349721431732178
负 | 实际值：3.0 | 预测值（含误差范围）：4.725629091262817
第4次训练后，新的数据集测试
误差范围：1.3217746019363403
胜 | 实际值：1.0 | 预测值（含误差范围）：0.3139137029647827
负 | 实际值：-2.0 | 预测值（含误差范围）：-0.14918529987335205
胜 | 实际值：2.0 | 预测值（含误差范围）：1.139206349849701
负 | 实际值：-3.0 | 预测值（含误差范围）：0.3682270050048828
胜 | 实际值：3.0 | 预测值（含误差范围）：2.7487324476242065
胜 | 实际值：0.0 | 预测值（含误差范围）：-0.13854527473449707
负 | 实际值：-3.0 | 预测值（含误差范围）：-0.05368494987487793
胜 | 实际值：2.0 | 预测值（含误差范围）：1.9274712204933167
负 | 实际值：2.0 | 预测值（含误差范围）：-0.0023381710052490234
负 | 实际值：-3.0 | 预测值（含误差范围）：-1.1863805055618286
胜 | 实际值：0.0 | 预测值（含误差范围）：0.27445363998413086
负 | 实际值：3.0 | 预测值（含误差范围）：0.5500476956367493
胜 | 实际值：-1.0 | 预测值（含误差范围）：-1.1106420755386353
胜 | 实际值：-1.0 | 预测值（含误差范围）：-0.50589919090271
胜 | 实际值：1.0 | 预测值（含误差范围）：0.19785451889038086
负 | 实际值：-1.0 | 预测值（含误差范围）：0.07862305641174316
负 | 实际值：-2.0 | 预测值（含误差范围）：0.3031882047653198
胜 | 实际值：4.0 | 预测值（含误差范围）：4.079526305198669
负 | 实际值：-2.0 | 预测值（含误差范围）：-0.30942726135253906
负 | 实际值：-1.0 | 预测值（含误差范围）：1.0629862546920776
胜 | 实际值：2.0 | 预测值（含误差范围）：2.2041805386543274
负 | 实际值：-2.0 | 预测值（含误差范围）：0.4414311647415161
胜 | 实际值：2.0 | 预测值（含误差范围）：2.4300267696380615
负 | 实际值：-2.0 | 预测值（含误差范围）：0.42325371503829956
负 | 实际值：-1.0 | 预测值（含误差范围）：2.308960497379303
负 | 实际值：2.0 | 预测值（含误差范围）：4.325620532035828
负 | 实际值：-1.0 | 预测值（含误差范围）：1.0150455832481384
胜 | 实际值：2.0 | 预测值（含误差范围）：2.4561794996261597
胜 | 实际值：0.0 | 预测值（含误差范围）：0.26226556301116943
负 | 实际值：-2.0 | 预测值（含误差范围）：0.5944700241088867
负 | 实际值：0.0 | 预测值（含误差范围）：2.1900126338005066
负 | 实际值：-1.0 | 预测值（含误差范围）：2.5663161277770996
负 | 实际值：1.0 | 预测值（含误差范围）：4.009382843971252
胜 | 实际值：2.0 | 预测值（含误差范围）：2.495020866394043
胜 | 实际值：1.0 | 预测值（含误差范围）：0.17815232276916504
胜 | 实际值：0.0 | 预测值（含误差范围）：-0.019867897033691406
胜 | 实际值：0.0 | 预测值（含误差范围）：0.04217934608459473
负 | 实际值：-2.0 | 预测值（含误差范围）：-0.27460789680480957
负 | 实际值：-1.0 | 预测值（含误差范围）：0.775895357131958
负 | 实际值：0.0 | 预测值（含误差范围）：2.416471004486084
第5次训练后，新的数据集测试
误差范围：1.3236790895462036
胜 | 实际值：2.0 | 预测值（含误差范围）：2.8243892192840576
负 | 实际值：2.0 | 预测值（含误差范围）：0.11511540412902832
负 | 实际值：-3.0 | 预测值（含误差范围）：-1.1137441396713257
负 | 实际值：3.0 | 预测值（含误差范围）：1.0571438372135162
胜 | 实际值：-1.0 | 预测值（含误差范围）：-1.1055716276168823
负 | 实际值：1.0 | 预测值（含误差范围）：-0.411826491355896
负 | 实际值：-4.0 | 预测值（含误差范围）：-0.9113036394119263
负 | 实际值：0.0 | 预测值（含误差范围）：3.4145580530166626
负 | 实际值：2.0 | 预测值（含误差范围）：4.108344674110413
负 | 实际值：-1.0 | 预测值（含误差范围）：0.5424792766571045
负 | 实际值：1.0 | 预测值（含误差范围）：2.204758584499359
胜 | 实际值：1.0 | 预测值（含误差范围）：0.47129762172698975
胜 | 实际值：0.0 | 预测值（含误差范围）：-0.191003680229187
负 | 实际值：-1.0 | 预测值（含误差范围）：3.5762786865234375e-05
负 | 实际值：-1.0 | 预测值（含误差范围）：0.9549875855445862
负 | 实际值：0.0 | 预测值（含误差范围）：2.292538642883301
胜 | 实际值：3.0 | 预测值（含误差范围）：2.747822880744934
负 | 实际值：-4.0 | 预测值（含误差范围）：-0.6876791715621948
胜 | 实际值：3.0 | 预测值（含误差范围）：2.6724523305892944
负 | 实际值：-2.0 | 预测值（含误差范围）：-0.3136117458343506
胜 | 实际值：2.0 | 预测值（含误差范围）：1.4994668662548065
负 | 实际值：-3.0 | 预测值（含误差范围）：-0.24184739589691162
负 | 实际值：1.0 | 预测值（含误差范围）：2.8149752616882324
负 | 实际值：-1.0 | 预测值（含误差范围）：1.1925372183322906
胜 | 实际值：4.0 | 预测值（含误差范围）：3.3756805658340454
负 | 实际值：0.0 | 预测值（含误差范围）：-1.0681551694869995
负 | 实际值：-4.0 | 预测值（含误差范围）：-1.2798875570297241
负 | 实际值：1.0 | 预测值（含误差范围）：2.870000123977661
负 | 实际值：0.0 | 预测值（含误差范围）：1.5255086570978165
负 | 实际值：-1.0 | 预测值（含误差范围）：1.9912824034690857
负 | 实际值：1.0 | 预测值（含误差范围）：3.1917080879211426
胜 | 实际值：1.0 | 预测值（含误差范围）：1.0904131382703781
负 | 实际值：-2.0 | 预测值（含误差范围）：0.002728104591369629
胜 | 实际值：3.0 | 预测值（含误差范围）：2.270416557788849
负 | 实际值：1.0 | 预测值（含误差范围）：-0.6841088533401489
胜 | 实际值：-2.0 | 预测值（含误差范围）：-1.1624828577041626
负 | 实际值：-1.0 | 预测值（含误差范围）：0.5509244203567505
负 | 实际值：-1.0 | 预测值（含误差范围）：1.2584924027323723
负 | 实际值：4.0 | 预测值（含误差范围）：2.96791934967041
胜 | 实际值：0.0 | 预测值（含误差范围）：-0.8764296770095825
负 | 实际值：-2.0 | 预测值（含误差范围）：-0.8050090074539185
负 | 实际值：2.0 | 预测值（含误差范围）：0.9034255146980286
胜 | 实际值：0.0 | 预测值（含误差范围）：-0.47892236709594727
胜 | 实际值：0.0 | 预测值（含误差范围）：-0.35069775581359863
负 | 实际值：-4.0 | 预测值（含误差范围）：0.004000306129455566
负 | 实际值：3.0 | 预测值（含误差范围）：4.993471741676331
负 | 实际值：-1.0 | 预测值（含误差范围）：0.700038731098175
负 | 实际值：-2.0 | 预测值（含误差范围）：1.4606151431798935
负 | 实际值：0.0 | 预测值（含误差范围）：4.965112328529358
胜 | 实际值：4.0 | 预测值（含误差范围）：4.626677632331848
胜 | 实际值：0.0 | 预测值（含误差范围）：-0.7185386419296265
负 | 实际值：-4.0 | 预测值（含误差范围）：-0.6095296144485474
胜 | 实际值：2.0 | 预测值（含误差范围）：2.653932571411133
负 | 实际值：-1.0 | 预测值（含误差范围）：0.5745221972465515
负 | 实际值：0.0 | 预测值（含误差范围）：1.4449329748749733
负 | 实际值：3.0 | 预测值（含误差范围）：1.6472292244434357
胜 | 实际值：-1.0 | 预测值（含误差范围）：-0.8925541639328003
负 | 实际值：1.0 | 预测值（含误差范围）：-0.10418057441711426
负 | 实际值：-3.0 | 预测值（含误差范围）：-0.6013736724853516
胜 | 实际值：2.0 | 预测值（含误差范围）：2.142740249633789
负 | 实际值：-3.0 | 预测值（含误差范围）：0.10812568664550781
负 | 实际值：0.0 | 预测值（含误差范围）：3.254721999168396
胜 | 实际值：3.0 | 预测值（含误差范围）：3.6554185152053833
负 | 实际值：-3.0 | 预测值（含误差范围）：-0.38089799880981445
胜 | 实际值：2.0 | 预测值（含误差范围）：2.140739917755127
负 | 实际值：-2.0 | 预测值（含误差范围）：0.26180386543273926
负 | 实际值：0.0 | 预测值（含误差范围）：2.4705872535705566
胜 | 实际值：3.0 | 预测值（含误差范围）：2.4146063327789307
胜 | 实际值：-1.0 | 预测值（含误差范围）：-0.6933876276016235
负 | 实际值：-1.0 | 预测值（含误差范围）：0.24494385719299316
负 | 实际值：0.0 | 预测值（含误差范围）：1.1201708018779755
负 | 实际值：3.0 | 预测值（含误差范围）：1.1243781745433807
负 | 实际值：-4.0 | 预测值（含误差范围）：-1.0652660131454468
负 | 实际值：0.0 | 预测值（含误差范围）：2.1731680631637573
负 | 实际值：1.0 | 预测值（含误差范围）：2.382315754890442
胜 | 实际值：1.0 | 预测值（含误差范围）：0.7358909845352173
胜 | 实际值：1.0 | 预测值（含误差范围）：0.007395505905151367
负 | 实际值：1.0 | 预测值（含误差范围）：-0.57554030418396
负 | 实际值：-4.0 | 预测值（含误差范围）：-1.4005595445632935
胜 | 实际值：2.0 | 预测值（含误差范围）：1.8129137456417084
胜 | 实际值：1.0 | 预测值（含误差范围）：0.28043699264526367
胜 | 实际值：-1.0 | 预测值（含误差范围）：-0.3496851921081543
胜 | 实际值：1.0 | 预测值（含误差范围）：0.718298614025116
胜 | 实际值：-1.0 | 预测值（含误差范围）：-0.16002893447875977
负 | 实际值：-1.0 | 预测值（含误差范围）：0.9846608340740204
负 | 实际值：0.0 | 预测值（含误差范围）：2.818792700767517
负 | 实际值：0.0 | 预测值（含误差范围）：2.6619348526000977
负 | 实际值：-1.0 | 预测值（含误差范围）：2.5026062726974487
负 | 实际值：1.0 | 预测值（含误差范围）：4.420027136802673
负 | 实际值：0.0 | 预测值（含误差范围）：2.085151970386505
胜 | 实际值：2.0 | 预测值（含误差范围）：2.5508549213409424
负 | 实际值：-3.0 | 预测值（含误差范围）：-0.31168222427368164
胜 | 实际值：3.0 | 预测值（含误差范围）：3.0914177894592285
负 | 实际值：-2.0 | 预测值（含误差范围）：-0.32238197326660156
负 | 实际值：-1.0 | 预测值（含误差范围）：1.6645983457565308
胜 | 实际值：2.0 | 预测值（含误差范围）：2.93196177482605
负 | 实际值：-1.0 | 预测值（含误差范围）：0.17122244834899902
胜 | 实际值：1.0 | 预测值（含误差范围）：1.2440398335456848
负 | 实际值：2.0 | 预测值（含误差范围）：0.19811248779296875
负 | 实际值：-3.0 | 预测值（含误差范围）：-1.5463722944259644
负 | 实际值：1.0 | 预测值（含误差范围）：2.4470196962356567
负 | 实际值：-2.0 | 预测值（含误差范围）：1.443933792412281
负 | 实际值：0.0 | 预测值（含误差范围）：3.956954836845398
负 | 实际值：2.0 | 预测值（含误差范围）：3.9513550996780396
负 | 实际值：-2.0 | 预测值（含误差范围）：0.6032162308692932
负 | 实际值：1.0 | 预测值（含误差范围）：3.27503764629364
负 | 实际值：-1.0 | 预测值（含误差范围）：1.11800979077816
负 | 实际值：4.0 | 预测值（含误差范围）：2.746701955795288
负 | 实际值：0.0 | 预测值（含误差范围）：-1.1447027921676636
负 | 实际值：0.0 | 预测值（含误差范围）：-1.1476539373397827
负 | 实际值：0.0 | 预测值（含误差范围）：-1.0104206800460815
胜 | 实际值：0.0 | 预测值（含误差范围）：-0.9708653688430786
负 | 实际值：-3.0 | 预测值（含误差范围）：-0.5766031742095947
负 | 实际值：2.0 | 预测值（含误差范围）：3.460605263710022
胜 | 实际值：0.0 | 预测值（含误差范围）：0.5551773309707642
负 | 实际值：-3.0 | 预测值（含误差范围）：0.6180237531661987
负 | 实际值：0.0 | 预测值（含误差范围）：5.022497296333313
负 | 实际值：3.0 | 预测值（含误差范围）：5.106679558753967
胜 | 实际值：-1.0 | 预测值（含误差范围）：-0.08774101734161377
胜 | 实际值：1.0 | 预测值（含误差范围）：0.9315235912799835
胜 | 实际值：0.0 | 预测值（含误差范围）：0.13979768753051758
负 | 实际值：-1.0 | 预测值（含误差范围）：0.2860255241394043
负 | 实际值：0.0 | 预测值（含误差范围）：1.925643801689148
负 | 实际值：0.0 | 预测值（含误差范围）：2.1321147680282593
胜 | 实际值：1.0 | 预测值（含误差范围）：1.3445730563253164
负 | 实际值：-1.0 | 预测值（含误差范围）：0.5572119355201721
负 | 实际值：0.0 | 预测值（含误差范围）：1.7378500401973724
负 | 实际值：1.0 | 预测值（含误差范围）：2.249262511730194
胜 | 实际值：0.0 | 预测值（含误差范围）：0.2367401123046875
负 | 实际值：-2.0 | 预测值（含误差范围）：0.3222006559371948
负 | 实际值：2.0 | 预测值（含误差范围）：3.7698241472244263
负 | 实际值：-1.0 | 预测值（含误差范围）：0.28854990005493164
胜 | 实际值：1.0 | 预测值（含误差范围）：1.8849267363548279
负 | 实际值：-1.0 | 预测值（含误差范围）：0.4601401686668396
负 | 实际值：-1.0 | 预测值（含误差范围）：2.325801968574524
胜 | 实际值：3.0 | 预测值（含误差范围）：3.932761311531067
负 | 实际值：-4.0 | 预测值（含误差范围）：-0.46967434883117676
负 | 实际值：0.0 | 预测值（含误差范围）：4.331196904182434
负 | 实际值：2.0 | 预测值（含误差范围）：4.285185694694519
胜 | 实际值：0.0 | 预测值（含误差范围）：0.9071448147296906
负 | 实际值：-1.0 | 预测值（含误差范围）：1.4013887271285057
胜 | 实际值：3.0 | 预测值（含误差范围）：2.7051868438720703
负 | 实际值：-3.0 | 预测值（含误差范围）：-1.0357226133346558
负 | 实际值：0.0 | 预测值（含误差范围）：2.3706527948379517
负 | 实际值：-1.0 | 预测值（含误差范围）：2.4306812286376953
胜 | 实际值：3.0 | 预测值（含误差范围）：3.743756651878357
负 | 实际值：1.0 | 预测值（含误差范围）：-0.2816838026046753
负 | 实际值：-3.0 | 预测值（含误差范围）：-1.0940731763839722
胜 | 实际值：1.0 | 预测值（含误差范围）：1.945915400981903
负 | 实际值：-1.0 | 预测值（含误差范围）：0.6760181784629822
负 | 实际值：1.0 | 预测值（含误差范围）：2.0398975014686584
胜 | 实际值：0.0 | 预测值（含误差范围）：0.6800751686096191
胜 | 实际值：1.0 | 预测值（含误差范围）：0.6642984747886658
胜 | 实际值：-1.0 | 预测值（含误差范围）：-0.024090051651000977
负 | 实际值：-1.0 | 预测值（含误差范围）：0.8999684154987335
胜 | 实际值：2.0 | 预测值（含误差范围）：2.186945378780365
胜 | 实际值：0.0 | 预测值（含误差范围）：0.04993796348571777
负 | 实际值：-2.0 | 预测值（含误差范围）：0.3272501826286316
负 | 实际值：-1.0 | 预测值（含误差范围）：2.7082786560058594
负 | 实际值：0.0 | 预测值（含误差范围）：4.674222350120544
负 | 实际值：1.0 | 预测值（含误差范围）：4.099020838737488
负 | 实际值：1.0 | 预测值（含误差范围）：2.309449017047882
胜 | 实际值：1.0 | 预测值（含误差范围）：0.3570469617843628
胜 | 实际值：0.0 | 预测值（含误差范围）：-0.12742042541503906
负 | 实际值：-2.0 | 预测值（含误差范围）：-0.0025687217712402344
负 | 实际值：1.0 | 预测值（含误差范围）：2.7489510774612427
负 | 实际值：-2.0 | 预测值（含误差范围）：0.82086181640625
胜 | 实际值：4.0 | 预测值（含误差范围）：4.243491291999817
负 | 实际值：0.0 | 预测值（含误差范围）：-1.0783244371414185
负 | 实际值：-4.0 | 预测值（含误差范围）：-1.1180802583694458
负 | 实际值：2.0 | 预测值（含误差范围）：3.708968758583069
负 | 实际值：-1.0 | 预测值（含误差范围）：1.2831171825528145
负 | 实际值：-1.0 | 预测值（含误差范围）：2.5860114097595215
负 | 实际值：2.0 | 预测值（含误差范围）：3.923361659049988
胜 | 实际值：0.0 | 预测值（含误差范围）：0.7556338906288147
负 | 实际值：-1.0 | 预测值（含误差范围）：0.5522456765174866
负 | 实际值：0.0 | 预测值（含误差范围）：2.761679530143738
负 | 实际值：0.0 | 预测值（含误差范围）：2.6583878993988037
胜 | 实际值：2.0 | 预测值（含误差范围）：2.1643688082695007
负 | 实际值：-3.0 | 预测值（含误差范围）：-0.18497586250305176
负 | 实际值：0.0 | 预测值（含误差范围）：3.0055739879608154
负 | 实际值：4.0 | 预测值（含误差范围）：2.913705587387085
负 | 实际值：-4.0 | 预测值（含误差范围）：-1.131790280342102
负 | 实际值：4.0 | 预测值（含误差范围）：1.6758128702640533
胜 | 实际值：-1.0 | 预测值（含误差范围）：-1.2309602499008179
胜 | 实际值：0.0 | 预测值（含误差范围）：-0.5045375823974609
负 | 实际值：1.0 | 预测值（含误差范围）：-0.29206085205078125
胜 | 实际值：-1.0 | 预测值（含误差范围）：-0.8956419229507446
胜 | 实际值：1.0 | 预测值（含误差范围）：0.2086801528930664
胜 | 实际值：0.0 | 预测值（含误差范围）：-0.5164415836334229
胜 | 实际值：0.0 | 预测值（含误差范围）：-0.058432817459106445
负 | 实际值：-1.0 | 预测值（含误差范围）：0.3818475008010864
负 | 实际值：-3.0 | 预测值（含误差范围）：1.8080041110515594
负 | 实际值：3.0 | 预测值（含误差范围）：6.484633564949036
负 | 实际值：-3.0 | 预测值（含误差范围）：0.7093695998191833
负 | 实际值：3.0 | 预测值（含误差范围）：4.757613778114319
胜 | 实际值：0.0 | 预测值（含误差范围）：0.2886343002319336
负 | 实际值：-2.0 | 预测值（含误差范围）：0.4333825707435608
负 | 实际值：-1.0 | 预测值（含误差范围）：3.269336223602295
负 | 实际值：0.0 | 预测值（含误差范围）：3.979314684867859
负 | 实际值：2.0 | 预测值（含误差范围）：5.126968502998352
负 | 实际值：0.0 | 预测值（含误差范围）：2.2407085299491882
胜 | 实际值：0.0 | 预测值（含误差范围）：0.23043453693389893
胜 | 实际值：2.0 | 预测值（含误差范围）：1.4563461542129517
负 | 实际值：-4.0 | 预测值（含误差范围）：-1.0650867223739624
负 | 实际值：1.0 | 预测值（含误差范围）：2.7963826656341553
胜 | 实际值：2.0 | 预测值（含误差范围）：1.237872801721096
胜 | 实际值：0.0 | 预测值（含误差范围）：-0.5172631740570068
胜 | 实际值：-1.0 | 预测值（含误差范围）：-0.4708714485168457
胜 | 实际值：0.0 | 预测值（含误差范围）：0.552102267742157
负 | 实际值：-1.0 | 预测值（含误差范围）：0.80128014087677
负 | 实际值：1.0 | 预测值（含误差范围）：2.311023771762848
负 | 实际值：-2.0 | 预测值（含误差范围）：0.8057330250740051
胜 | 实际值：3.0 | 预测值（含误差范围）：3.762544274330139
负 | 实际值：-2.0 | 预测值（含误差范围）：-0.16278433799743652
负 | 实际值：3.0 | 预测值（含误差范围）：1.7973850667476654
胜 | 实际值：-1.0 | 预测值（含误差范围）：-1.0432907342910767
负 | 实际值：-3.0 | 预测值（含误差范围）：-0.08544278144836426
胜 | 实际值：4.0 | 预测值（含误差范围）：4.040454983711243
负 | 实际值：-2.0 | 预测值（含误差范围）：-0.6674636602401733
胜 | 实际值：0.0 | 预测值（含误差范围）：0.7644895911216736
负 | 实际值：0.0 | 预测值（含误差范围）：1.440962739288807
负 | 实际值：-2.0 | 预测值（含误差范围）：1.329216981306672
负 | 实际值：1.0 | 预测值（含误差范围）：4.080545783042908
胜 | 实际值：2.0 | 预测值（含误差范围）：2.610472559928894
胜 | 实际值：-1.0 | 预测值（含误差范围）：-0.06782054901123047
负 | 实际值：-1.0 | 预测值（含误差范围）：0.6413702368736267
负 | 实际值：0.0 | 预测值（含误差范围）：2.5901849269866943
胜 | 实际值：2.0 | 预测值（含误差范围）：2.392885208129883
胜 | 实际值：0.0 | 预测值（含误差范围）：-0.1862555742263794
负 | 实际值：1.0 | 预测值（含误差范围）：-0.11086392402648926
胜 | 实际值：-1.0 | 预测值（含误差范围）：-0.532109260559082
负 | 实际值：-3.0 | 预测值（含误差范围）：0.44992536306381226
负 | 实际值：0.0 | 预测值（含误差范围）：3.714941382408142
负 | 实际值：0.0 | 预测值（含误差范围）：3.9151068925857544
胜 | 实际值：3.0 | 预测值（含误差范围）：3.554242253303528
负 | 实际值：-2.0 | 预测值（含误差范围）：-0.34148120880126953
负 | 实际值：3.0 | 预测值（含误差范围）：1.2619518265128136
负 | 实际值：-2.0 | 预测值（含误差范围）：-0.827238917350769
胜 | 实际值：2.0 | 预测值（含误差范围）：1.3636905401945114
负 | 实际值：-4.0 | 预测值（含误差范围）：-0.9847005605697632
负 | 实际值：2.0 | 预测值（含误差范围）：3.3917371034622192
胜 | 实际值：1.0 | 预测值（含误差范围）：0.776520311832428
负 | 实际值：1.0 | 预测值（含误差范围）：-0.2832452058792114
胜 | 实际值：-2.0 | 预测值（含误差范围）：-1.0950876474380493
胜 | 实际值：1.0 | 预测值（含误差范围）：1.7303946912288666
胜 | 实际值：1.0 | 预测值（含误差范围）：0.3201134204864502
负 | 实际值：-3.0 | 预测值（含误差范围）：-0.6188986301422119
胜 | 实际值：2.0 | 预测值（含误差范围）：2.821721076965332
负 | 实际值：-1.0 | 预测值（含误差范围）：0.45971018075942993
负 | 实际值：-1.0 | 预测值（含误差范围）：1.658846229314804
负 | 实际值：2.0 | 预测值（含误差范围）：3.4626771211624146
胜 | 实际值：1.0 | 预测值（含误差范围）：0.20436739921569824
负 | 实际值：-2.0 | 预测值（含误差范围）：-0.2758798599243164
负 | 实际值：0.0 | 预测值（含误差范围）：1.7700685858726501
胜 | 实际值：2.0 | 预测值（含误差范围）：2.299272119998932
胜 | 实际值：-1.0 | 预测值（含误差范围）：-0.31376779079437256
胜 | 实际值：1.0 | 预测值（含误差范围）：0.8646949827671051
胜 | 实际值：-1.0 | 预测值（含误差范围）：-0.13399112224578857
负 | 实际值：-1.0 | 预测值（含误差范围）：0.9991152882575989
负 | 实际值：-2.0 | 预测值（含误差范围）：2.736793279647827
负 | 实际值：1.0 | 预测值（含误差范围）：6.473100781440735
负 | 实际值：1.0 | 预测值（含误差范围）：3.7665215730667114
负 | 实际值：0.0 | 预测值（含误差范围）：1.2184807285666466
胜 | 实际值：2.0 | 预测值（含误差范围）：1.089048445224762
负 | 实际值：-2.0 | 预测值（含误差范围）：-0.3984508514404297
胜 | 实际值：2.0 | 预测值（含误差范围）：1.191654920578003
负 | 实际值：-2.0 | 预测值（含误差范围）：-0.5551073551177979
胜 | 实际值：1.0 | 预测值（含误差范围）：1.5553071647882462
负 | 实际值：-2.0 | 预测值（含误差范围）：0.4362190365791321
负 | 实际值：1.0 | 预测值（含误差范围）：3.5419830083847046
负 | 实际值：-2.0 | 预测值（含误差范围）：1.3008277919143438
负 | 实际值：0.0 | 预测值（含误差范围）：4.862073540687561
负 | 实际值：2.0 | 预测值（含误差范围）：4.347042202949524
胜 | 实际值：1.0 | 预测值（含误差范围）：0.44152146577835083
负 | 实际值：1.0 | 预测值（含误差范围）：-0.12920570373535156
负 | 实际值：-3.0 | 预测值（含误差范围）：-1.1822115182876587
胜 | 实际值：3.0 | 预测值（含误差范围）：2.4957633018493652
胜 | 实际值：-1.0 | 预测值（含误差范围）：-1.1162599325180054
胜 | 实际值：-1.0 | 预测值（含误差范围）：-0.05426442623138428
负 | 实际值：-2.0 | 预测值（含误差范围）：1.7284443080425262
负 | 实际值：2.0 | 预测值（含误差范围）：4.963574051856995
负 | 实际值：2.0 | 预测值（含误差范围）：0.7689293026924133
胜 | 实际值：0.0 | 预测值（含误差范围）：-0.7131210565567017
负 | 实际值：-4.0 | 预测值（含误差范围）：-0.6944035291671753
胜 | 实际值：4.0 | 预测值（含误差范围）：3.7633248567581177
负 | 实际值：-4.0 | 预测值（含误差范围）：-0.6454380750656128
负 | 实际值：1.0 | 预测值（含误差范围）：3.3741594552993774
负 | 实际值：-1.0 | 预测值（含误差范围）：2.133948802947998
胜 | 实际值：3.0 | 预测值（含误差范围）：3.471021294593811
负 | 实际值：1.0 | 预测值（含误差范围）：-0.3715181350708008
负 | 实际值：-4.0 | 预测值（含误差范围）：-1.040481448173523
负 | 实际值：3.0 | 预测值（含误差范围）：1.9797211289405823
胜 | 实际值：-1.0 | 预测值（含误差范围）：-0.3925347328186035
胜 | 实际值：0.0 | 预测值（含误差范围）：0.23788464069366455
胜 | 实际值：0.0 | 预测值（含误差范围）：0.45164722204208374
胜 | 实际值：0.0 | 预测值（含误差范围）：0.597432553768158
负 | 实际值：-1.0 | 预测值（含误差范围）：0.7701925039291382
胜 | 实际值：3.0 | 预测值（含误差范围）：2.350312113761902
负 | 实际值：-2.0 | 预测值（含误差范围）：-0.6914008855819702
胜 | 实际值：0.0 | 预测值（含误差范围）：0.7456349730491638
负 | 实际值：-1.0 | 预测值（含误差范围）：1.2612290009856224
胜 | 实际值：3.0 | 预测值（含误差范围）：2.2375659346580505
负 | 实际值：-3.0 | 预测值（含误差范围）：-0.6849008798599243
胜 | 实际值：2.0 | 预测值（含误差范围）：1.3997672200202942
负 | 实际值：-2.0 | 预测值（含误差范围）：0.26096224784851074
胜 | 实际值：2.0 | 预测值（含误差范围）：2.2121675610542297
胜 | 实际值：1.0 | 预测值（含误差范围）：0.04993152618408203
负 | 实际值：-4.0 | 预测值（含误差范围）：-0.5479257106781006
胜 | 实际值：2.0 | 预测值（含误差范围）：2.66162109375
负 | 实际值：-1.0 | 预测值（含误差范围）：0.5294950604438782
负 | 实际值：0.0 | 预测值（含误差范围）：2.0096442103385925
胜 | 实际值：2.0 | 预测值（含误差范围）：1.8680687546730042
负 | 实际值：-3.0 | 预测值（含误差范围）：-0.07063651084899902
负 | 实际值：0.0 | 预测值（含误差范围）：3.38745653629303
负 | 实际值：1.0 | 预测值（含误差范围）：3.3223259449005127
负 | 实际值：-1.0 | 预测值（含误差范围）：0.983413964509964
胜 | 实际值：3.0 | 预测值（含误差范围）：2.4396581649780273
胜 | 实际值：-1.0 | 预测值（含误差范围）：-0.6895354986190796
胜 | 实际值：0.0 | 预测值（含误差范围）：0.06725764274597168
负 | 实际值：2.0 | 预测值（含误差范围）：0.24188363552093506
胜 | 实际值：-2.0 | 预测值（含误差范围）：-1.0436745882034302
负 | 实际值：-1.0 | 预测值（含误差范围）：0.7203496098518372
胜 | 实际值：3.0 | 预测值（含误差范围）：2.0430005192756653
负 | 实际值：-4.0 | 预测值（含误差范围）：-0.7663954496383667
负 | 实际值：1.0 | 预测值（含误差范围）：2.9372730255126953
负 | 实际值：0.0 | 预测值（含误差范围）：1.5726871341466904
胜 | 实际值：2.0 | 预测值（含误差范围）：1.7757903635501862
负 | 实际值：-3.0 | 预测值（含误差范围）：-0.35891616344451904
胜 | 实际值：3.0 | 预测值（含误差范围）：3.0075513124465942
胜 | 实际值：0.0 | 预测值（含误差范围）：-0.3277873992919922
胜 | 实际值：-1.0 | 预测值（含误差范围）：-0.2877298593521118
胜 | 实际值：0.0 | 预测值（含误差范围）：0.6890763640403748
胜 | 实际值：1.0 | 预测值（含误差范围）：1.4078611060976982
胜 | 实际值：0.0 | 预测值（含误差范围）：0.11195969581604004
胜 | 实际值：1.0 | 预测值（含误差范围）：0.308835506439209
负 | 实际值：-4.0 | 预测值（含误差范围）：-0.43712949752807617
负 | 实际值：0.0 | 预测值（含误差范围）：3.4421390295028687
负 | 实际值：0.0 | 预测值（含误差范围）：4.207512974739075
负 | 实际值：0.0 | 预测值（含误差范围）：3.847207188606262
负 | 实际值：1.0 | 预测值（含误差范围）：3.3092331886291504
负 | 实际值：3.0 | 预测值（含误差范围）：1.1056118160486221
负 | 实际值：0.0 | 预测值（含误差范围）：-1.154826045036316
胜 | 实际值：0.0 | 预测值（含误差范围）：-0.8335930109024048
负 | 实际值：-3.0 | 预测值（含误差范围）：-1.1040419340133667
负 | 实际值：0.0 | 预测值（含误差范围）：1.982866108417511
负 | 实际值：0.0 | 预测值（含误差范围）：2.065123498439789
负 | 实际值：3.0 | 预测值（含误差范围）：1.9527780413627625
胜 | 实际值：-1.0 | 预测值（含误差范围）：-0.8805490732192993
负 | 实际值：-3.0 | 预测值（含误差范围）：0.001913905143737793
负 | 实际值：0.0 | 预测值（含误差范围）：4.331110119819641
负 | 实际值：3.0 | 预测值（含误差范围）：4.260149121284485
胜 | 实际值：-1.0 | 预测值（含误差范围）：-0.1687859296798706
负 | 实际值：-1.0 | 预测值（含误差范围）：0.592945396900177
负 | 实际值：0.0 | 预测值（含误差范围）：2.382282018661499
胜 | 实际值：3.0 | 预测值（含误差范围）：2.2858572006225586
胜 | 实际值：-1.0 | 预测值（含误差范围）：-1.1161259412765503
负 | 实际值：-2.0 | 预测值（含误差范围）：0.127050518989563
胜 | 实际值：2.0 | 预测值（含误差范围）：2.4006593227386475
胜 | 实际值：0.0 | 预测值（含误差范围）：0.11744284629821777
负 | 实际值：-3.0 | 预测值（含误差范围）：0.18976259231567383
负 | 实际值：0.0 | 预测值（含误差范围）：3.876306653022766
胜 | 实际值：3.0 | 预测值（含误差范围）：3.9750858545303345
负 | 实际值：-2.0 | 预测值（含误差范围）：-0.22163915634155273
胜 | 实际值：2.0 | 预测值（含误差范围）：1.8507971167564392
负 | 实际值：-2.0 | 预测值（含误差范围）：-0.15558266639709473
负 | 实际值：0.0 | 预测值（含误差范围）：1.4860775619745255
负 | 实际值：-1.0 | 预测值（含误差范围）：1.6233946084976196
负 | 实际值：1.0 | 预测值（含误差范围）：3.6083050966262817
负 | 实际值：0.0 | 预测值（含误差范围）：1.3904226869344711
负 | 实际值：0.0 | 预测值（含误差范围）：1.734394758939743
负 | 实际值：-1.0 | 预测值（含误差范围）：1.8766599297523499
负 | 实际值：0.0 | 预测值（含误差范围）：3.0076048374176025
胜 | 实际值：2.0 | 预测值（含误差范围）：2.6614720821380615
胜 | 实际值：-1.0 | 预测值（含误差范围）：-0.04860544204711914
负 | 实际值：-1.0 | 预测值（含误差范围）：1.0763854533433914
负 | 实际值：4.0 | 预测值（含误差范围）：2.464933156967163
负 | 实际值：-3.0 | 预测值（含误差范围）：-1.4303768873214722
负 | 实际值：3.0 | 预测值（含误差范围）：0.7503592371940613
负 | 实际值：0.0 | 预测值（含误差范围）：-1.5160783529281616
负 | 实际值：0.0 | 预测值（含误差范围）：-1.4951454401016235
负 | 实际值：0.0 | 预测值（含误差范围）：-1.1571768522262573
负 | 实际值：-4.0 | 预测值（含误差范围）：-0.8981608152389526
负 | 实际值：0.0 | 预测值（含误差范围）：4.482013821601868
负 | 实际值：2.0 | 预测值（含误差范围）：4.958468079566956
负 | 实际值：1.0 | 预测值（含误差范围）：2.068075478076935
负 | 实际值：-1.0 | 预测值（含误差范围）：0.10693073272705078
负 | 实际值：-2.0 | 预测值（含误差范围）：1.2300094291567802
负 | 实际值：1.0 | 预测值（含误差范围）：4.597887396812439
胜 | 实际值：3.0 | 预测值（含误差范围）：2.314887821674347
负 | 实际值：-4.0 | 预测值（含误差范围）：-0.772753119468689
胜 | 实际值：2.0 | 预测值（含误差范围）：2.314318358898163
胜 | 实际值：0.0 | 预测值（含误差范围）：0.28359389305114746
负 | 实际值：-1.0 | 预测值（含误差范围）：0.45420438051223755
胜 | 实际值：1.0 | 预测值（含误差范围）：1.1636473387479782
负 | 实际值：2.0 | 预测值（含误差范围）：0.4401652216911316
胜 | 实际值：-1.0 | 预测值（含误差范围）：-0.9325336217880249
胜 | 实际值：-1.0 | 预测值（含误差范围）：-0.30693840980529785
胜 | 实际值：1.0 | 预测值（含误差范围）：0.9393930733203888
胜 | 实际值：1.0 | 预测值（含误差范围）：0.051073431968688965
负 | 实际值：-3.0 | 预测值（含误差范围）：-0.8077725172042847
负 | 实际值：0.0 | 预测值（含误差范围）：3.0942728519439697
负 | 实际值：2.0 | 预测值（含误差范围）：3.3347681760787964
胜 | 实际值：0.0 | 预测值（含误差范围）：0.2915186882019043
负 | 实际值：-2.0 | 预测值（含误差范围）：0.4991611838340759
负 | 实际值：0.0 | 预测值（含误差范围）：3.0365149974823
胜 | 实际值：3.0 | 预测值（含误差范围）：3.070118546485901
胜 | 实际值：0.0 | 预测值（含误差范围）：-0.5179896354675293
负 | 实际值：-4.0 | 预测值（含误差范围）：-0.19842898845672607
胜 | 实际值：3.0 | 预测值（含误差范围）：3.3939696550369263
胜 | 实际值：1.0 | 预测值（含误差范围）：0.020548343658447266
胜 | 实际值：0.0 | 预测值（含误差范围）：-0.7588471174240112
胜 | 实际值：0.0 | 预测值（含误差范围）：-0.7525156736373901
胜 | 实际值：0.0 | 预测值（含误差范围）：-0.542816162109375
负 | 实际值：-2.0 | 预测值（含误差范围）：-0.3490273952484131
负 | 实际值：1.0 | 预测值（含误差范围）：2.773505926132202
负 | 实际值：0.0 | 预测值（含误差范围）：1.8812561631202698
负 | 实际值：0.0 | 预测值（含误差范围）：1.602926641702652
负 | 实际值：0.0 | 预测值（含误差范围）：1.3081467058509588
负 | 实际值：-3.0 | 预测值（含误差范围）：1.297498820349574
负 | 实际值：1.0 | 预测值（含误差范围）：6.2421804666519165
负 | 实际值：-1.0 | 预测值（含误差范围）：3.8841463327407837
负 | 实际值：2.0 | 预测值（含误差范围）：5.244523406028748
负 | 实际值：0.0 | 预测值（含误差范围）：1.1764226257801056
胜 | 实际值：2.0 | 预测值（含误差范围）：1.3485100697726011
负 | 实际值：-3.0 | 预测值（含误差范围）：-0.5328128337860107
负 | 实际值：1.0 | 预测值（含误差范围）：3.3329843282699585
胜 | 实际值：0.0 | 预测值（含误差范围）：0.5599847435951233
胜 | 实际值：0.0 | 预测值（含误差范围）：0.6127111315727234
负 | 实际值：-1.0 | 预测值（含误差范围）：1.546293780207634
胜 | 实际值：2.0 | 预测值（含误差范围）：2.681424379348755
负 | 实际值：1.0 | 预测值（含误差范围）：-0.3009366989135742
负 | 实际值：-3.0 | 预测值（含误差范围）：-1.1747201681137085
负 | 实际值：0.0 | 预测值（含误差范围）：2.953636646270752
胜 | 实际值：3.0 | 预测值（含误差范围）：3.084860324859619
胜 | 实际值：0.0 | 预测值（含误差范围）：-0.8905028104782104
负 | 实际值：-3.0 | 预测值（含误差范围）：-0.9085582494735718
胜 | 实际值：3.0 | 预测值（含误差范围）：3.209763526916504
负 | 实际值：-4.0 | 预测值（含误差范围）：-0.6340336799621582
胜 | 实际值：3.0 | 预测值（含误差范围）：3.7499510049819946
负 | 实际值：-2.0 | 预测值（含误差范围）：-0.006991028785705566
负 | 实际值：1.0 | 预测值（含误差范围）：2.271656811237335
负 | 实际值：-1.0 | 预测值（含误差范围）：0.6727787256240845
胜 | 实际值：3.0 | 预测值（含误差范围）：2.540094017982483
负 | 实际值：-3.0 | 预测值（含误差范围）：-0.7146784067153931
胜 | 实际值：2.0 | 预测值（含误差范围）：2.4951990842819214
胜 | 实际值：1.0 | 预测值（含误差范围）：0.030231475830078125
负 | 实际值：-3.0 | 预测值（含误差范围）：-0.7022956609725952
负 | 实际值：1.0 | 预测值（含误差范围）：2.206295430660248
胜 | 实际值：0.0 | 预测值（含误差范围）：0.8787730634212494
负 | 实际值：-2.0 | 预测值（含误差范围）：0.8710819184780121
胜 | 实际值：4.0 | 预测值（含误差范围）：3.654706597328186
胜 | 实际值：-1.0 | 预测值（含误差范围）：-0.7855967283248901
负 | 实际值：-2.0 | 预测值（含误差范围）：-0.09609079360961914
负 | 实际值：-1.0 | 预测值（含误差范围）：1.7755440473556519
胜 | 实际值：3.0 | 预测值（含误差范围）：3.6613651514053345
负 | 实际值：1.0 | 预测值（含误差范围）：-0.31992220878601074
负 | 实际值：-2.0 | 预测值（含误差范围）：-0.8577619791030884
胜 | 实际值：1.0 | 预测值（含误差范围）：0.6780878901481628
负 | 实际值：-3.0 | 预测值（含误差范围）：0.33770614862442017
胜 | 实际值：3.0 | 预测值（含误差范围）：3.768097996711731
负 | 实际值：-3.0 | 预测值（含误差范围）：-0.09996724128723145
负 | 实际值：0.0 | 预测值（含误差范围）：2.8500090837478638
胜 | 实际值：2.0 | 预测值（含误差范围）：2.895171046257019
胜 | 实际值：1.0 | 预测值（含误差范围）：0.08176922798156738
负 | 实际值：-2.0 | 预测值（含误差范围）：-0.39317989349365234
负 | 实际值：-1.0 | 预测值（含误差范围）：1.1080095171928406
负 | 实际值：1.0 | 预测值（含误差范围）：3.0389879941940308
负 | 实际值：0.0 | 预测值（含误差范围）：1.255849540233612
负 | 实际值：0.0 | 预测值（含误差范围）：1.0600500106811523
胜 | 实际值：2.0 | 预测值（含误差范围）：1.1627095937728882
胜 | 实际值：-1.0 | 预测值（含误差范围）：-0.47209155559539795
负 | 实际值：-2.0 | 预测值（含误差范围）：0.3239888548851013
胜 | 实际值：2.0 | 预测值（含误差范围）：2.9427754878997803
负 | 实际值：2.0 | 预测值（含误差范围）：0.22863328456878662
负 | 实际值：-3.0 | 预测值（含误差范围）：-1.1418002843856812
胜 | 实际值：1.0 | 预测值（含误差范围）：1.3130904901772738
负 | 实际值：-1.0 | 预测值（含误差范围）：0.42006629705429077
胜 | 实际值：1.0 | 预测值（含误差范围）：1.7258486151695251
胜 | 实际值：0.0 | 预测值（含误差范围）：0.5551372170448303
第6次训练后，新的数据集测试
误差范围：1.2903432846069336
胜 | 实际值：4.0 | 预测值（含误差范围）：4.687224388122559
负 | 实际值：-2.0 | 预测值（含误差范围）：1.5537645816802979
负 | 实际值：-1.0 | 预测值（含误差范围）：2.5408151149749756
胜 | 实际值：3.0 | 预测值（含误差范围）：3.4343698024749756
负 | 实际值：-2.0 | 预测值（含误差范围）：1.153935506939888
负 | 实际值：-1.0 | 预测值（含误差范围）：2.7282564640045166
负 | 实际值：2.0 | 预测值（含误差范围）：3.212914228439331
负 | 实际值：-2.0 | 预测值（含误差范围）：1.211818367242813
胜 | 实际值：3.0 | 预测值（含误差范围）：3.6730170249938965
负 | 实际值：-4.0 | 预测值（含误差范围）：0.4739567041397095
胜 | 实际值：4.0 | 预测值（含误差范围）：4.08049201965332
负 | 实际值：-1.0 | 预测值（含误差范围）：0.3424839973449707
负 | 实际值：1.0 | 预测值（含误差范围）：2.181443929672241
负 | 实际值：-3.0 | 预测值（含误差范围）：0.37079375982284546
负 | 实际值：-1.0 | 预测值（含误差范围）：1.84366774559021
负 | 实际值：0.0 | 预测值（含误差范围）：3.2734622955322266
胜 | 实际值：3.0 | 预测值（含误差范围）：3.648730993270874
胜 | 实际值：0.0 | 预测值（含误差范围）：0.5838013887405396
胜 | 实际值：-1.0 | 预测值（含误差范围）：-0.22882437705993652
胜 | 实际值：0.0 | 预测值（含误差范围）：0.45089828968048096
负 | 实际值：-1.0 | 预测值（含误差范围）：0.8640882670879364
负 | 实际值：1.0 | 预测值（含误差范围）：2.9792816638946533
负 | 实际值：2.0 | 预测值（含误差范围）：0.970680832862854
胜 | 实际值：0.0 | 预测值（含误差范围）：0.30536937713623047
胜 | 实际值：0.0 | 预测值（含误差范围）：-0.7929906845092773
负 | 实际值：-2.0 | 预测值（含误差范围）：0.12507116794586182
胜 | 实际值：1.0 | 预测值（含误差范围）：1.5452122390270233
负 | 实际值：-3.0 | 预测值（含误差范围）：0.31043195724487305
负 | 实际值：0.0 | 预测值（含误差范围）：2.50631582736969
负 | 实际值：0.0 | 预测值（含误差范围）：3.1042680740356445
负 | 实际值：0.0 | 预测值（含误差范围）：4.819515228271484
负 | 实际值：2.0 | 预测值（含误差范围）：4.950165271759033
胜 | 实际值：1.0 | 预测值（含误差范围）：1.8709256052970886
胜 | 实际值：1.0 | 预测值（含误差范围）：0.22946810722351074
胜 | 实际值：-1.0 | 预测值（含误差范围）：-0.6232345104217529
负 | 实际值：-1.0 | 预测值（含误差范围）：0.6917942762374878
负 | 实际值：-2.0 | 预测值（含误差范围）：2.0057402849197388
负 | 实际值：0.0 | 预测值（含误差范围）：2.6464011669158936
胜 | 实际值：3.0 | 预测值（含误差范围）：3.150648832321167
胜 | 实际值：1.0 | 预测值（含误差范围）：0.7575558423995972
负 | 实际值：-4.0 | 预测值（含误差范围）：-1.193716049194336
负 | 实际值：4.0 | 预测值（含误差范围）：2.7319763898849487
胜 | 实际值：0.0 | 预测值（含误差范围）：-0.07901501655578613
胜 | 实际值：0.0 | 预测值（含误差范围）：-0.17659521102905273
负 | 实际值：-2.0 | 预测值（含误差范围）：-0.19179749488830566
胜 | 实际值：2.0 | 预测值（含误差范围）：2.6783275604248047
负 | 实际值：-3.0 | 预测值（含误差范围）：-0.6306880712509155
负 | 实际值：1.0 | 预测值（含误差范围）：2.1799848079681396
负 | 实际值：2.0 | 预测值（含误差范围）：0.69754958152771
负 | 实际值：-2.0 | 预测值（含误差范围）：-0.09596502780914307
负 | 实际值：-2.0 | 预测值（含误差范围）：1.6522262692451477
负 | 实际值：2.0 | 预测值（含误差范围）：4.579710960388184
胜 | 实际值：0.0 | 预测值（含误差范围）：0.6748310327529907
负 | 实际值：2.0 | 预测值（含误差范围）：0.9079171419143677
负 | 实际值：-3.0 | 预测值（含误差范围）：-0.6265153884887695
胜 | 实际值：3.0 | 预测值（含误差范围）：2.67238712310791
负 | 实际值：-3.0 | 预测值（含误差范围）：0.5249735713005066
负 | 实际值：0.0 | 预测值（含误差范围）：2.950094223022461
胜 | 实际值：3.0 | 预测值（含误差范围）：3.020413637161255
负 | 实际值：-4.0 | 预测值（含误差范围）：0.3598170280456543
负 | 实际值：1.0 | 预测值（含误差范围）：3.2491928339004517
负 | 实际值：0.0 | 预测值（含误差范围）：2.3508527278900146
负 | 实际值：1.0 | 预测值（含误差范围）：3.3116164207458496
胜 | 实际值：2.0 | 预测值（含误差范围）：1.9852038621902466
负 | 实际值：-3.0 | 预测值（含误差范围）：-0.9348318576812744
胜 | 实际值：2.0 | 预测值（含误差范围）：2.144355595111847
胜 | 实际值：1.0 | 预测值（含误差范围）：0.39316844940185547
胜 | 实际值：-1.0 | 预测值（含误差范围）：-0.12862348556518555
负 | 实际值：-3.0 | 预测值（含误差范围）：1.0183233618736267
胜 | 实际值：2.0 | 预测值（含误差范围）：2.866612195968628
负 | 实际值：2.0 | 预测值（含误差范围）：0.4022352695465088
负 | 实际值：-4.0 | 预测值（含误差范围）：-0.1645057201385498
胜 | 实际值：3.0 | 预测值（含误差范围）：2.50040340423584
负 | 实际值：-2.0 | 预测值（含误差范围）：0.40302371978759766
负 | 实际值：1.0 | 预测值（含误差范围）：3.1809576749801636
负 | 实际值：2.0 | 预测值（含误差范围）：0.24646234512329102
胜 | 实际值：0.0 | 预测值（含误差范围）：-0.9457066059112549
胜 | 实际值：0.0 | 预测值（含误差范围）：0.15674996376037598
负 | 实际值：-4.0 | 预测值（含误差范围）：0.5523912906646729
负 | 实际值：4.0 | 预测值（含误差范围）：2.5067903995513916
负 | 实际值：-1.0 | 预测值（含误差范围）：0.4230382442474365
胜 | 实际值：1.0 | 预测值（含误差范围）：0.5117407441139221
负 | 实际值：-2.0 | 预测值（含误差范围）：0.4100158214569092
负 | 实际值：-2.0 | 预测值（含误差范围）：0.4290127754211426
负 | 实际值：4.0 | 预测值（含误差范围）：2.535241961479187
负 | 实际值：-3.0 | 预测值（含误差范围）：0.3532029986381531
负 | 实际值：-1.0 | 预测值（含误差范围）：1.7030195891857147
负 | 实际值：1.0 | 预测值（含误差范围）：3.1287124156951904
负 | 实际值：3.0 | 预测值（含误差范围）：1.907770574092865
负 | 实际值：-4.0 | 预测值（含误差范围）：-0.0924673080444336
负 | 实际值：2.0 | 预测值（含误差范围）：3.0969318151474
负 | 实际值：2.0 | 预测值（含误差范围）：0.9756896197795868
胜 | 实际值：0.0 | 预测值（含误差范围）：0.20832109451293945
负 | 实际值：-2.0 | 预测值（含误差范围）：0.26024746894836426
负 | 实际值：-1.0 | 预测值（含误差范围）：1.829587459564209
负 | 实际值：-1.0 | 预测值（含误差范围）：2.600099563598633
负 | 实际值：1.0 | 预测值（含误差范围）：2.5581765174865723
负 | 实际值：1.0 | 预测值（含误差范围）：2.8869640827178955
负 | 实际值：-1.0 | 预测值（含误差范围）：1.6440452337265015
负 | 实际值：0.0 | 预测值（含误差范围）：2.7526540756225586
胜 | 实际值：3.0 | 预测值（含误差范围）：3.5481035709381104
负 | 实际值：-2.0 | 预测值（含误差范围）：-0.3493509292602539
负 | 实际值：-2.0 | 预测值（含误差范围）：2.8353803157806396
负 | 实际值：0.0 | 预测值（含误差范围）：2.5270087718963623
胜 | 实际值：4.0 | 预测值（含误差范围）：4.069465637207031
负 | 实际值：-2.0 | 预测值（含误差范围）：-0.17383229732513428
负 | 实际值：0.0 | 预测值（含误差范围）：1.9811766743659973
负 | 实际值：0.0 | 预测值（含误差范围）：1.830087423324585
胜 | 实际值：2.0 | 预测值（含误差范围）：1.7579361200332642
负 | 实际值：-2.0 | 预测值（含误差范围）：-0.4636714458465576
胜 | 实际值：1.0 | 预测值（含误差范围）：0.7508578896522522
负 | 实际值：-3.0 | 预测值（含误差范围）：0.015440225601196289
负 | 实际值：0.0 | 预测值（含误差范围）：4.838985204696655
负 | 实际值：1.0 | 预测值（含误差范围）：4.4649224281311035
胜 | 实际值：1.0 | 预测值（含误差范围）：1.688517689704895
负 | 实际值：-1.0 | 预测值（含误差范围）：0.7699839472770691
负 | 实际值：1.0 | 预测值（含误差范围）：2.340003490447998
负 | 实际值：-1.0 | 预测值（含误差范围）：0.9459444582462311
胜 | 实际值：2.0 | 预测值（含误差范围）：2.58809232711792
负 | 实际值：-2.0 | 预测值（含误差范围）：0.31299006938934326
负 | 实际值：1.0 | 预测值（含误差范围）：2.379556179046631
负 | 实际值：-1.0 | 预测值（含误差范围）：2.2335819602012634
负 | 实际值：0.0 | 预测值（含误差范围）：2.216828942298889
负 | 实际值：0.0 | 预测值（含误差范围）：2.282626986503601
胜 | 实际值：2.0 | 预测值（含误差范围）：2.3567590713500977
胜 | 实际值：0.0 | 预测值（含误差范围）：0.44847631454467773
负 | 实际值：-3.0 | 预测值（含误差范围）：-1.0921568870544434
胜 | 实际值：2.0 | 预测值（含误差范围）：2.4308114051818848
负 | 实际值：-1.0 | 预测值（含误差范围）：0.082724928855896
负 | 实际值：1.0 | 预测值（含误差范围）：3.7659988403320312
负 | 实际值：1.0 | 预测值（含误差范围）：-0.16108083724975586
胜 | 实际值：-1.0 | 预测值（含误差范围）：-0.6840970516204834
负 | 实际值：2.0 | 预测值（含误差范围）：-0.3324575424194336
负 | 实际值：-1.0 | 预测值（含误差范围）：-2.2750658988952637
负 | 实际值：-3.0 | 预测值（含误差范围）：-0.751619815826416
胜 | 实际值：1.0 | 预测值（含误差范围）：1.741710364818573
负 | 实际值：3.0 | 预测值（含误差范围）：1.104476973414421
胜 | 实际值：0.0 | 预测值（含误差范围）：-0.9099545478820801
负 | 实际值：-4.0 | 预测值（含误差范围）：-1.127936840057373
负 | 实际值：0.0 | 预测值（含误差范围）：2.9609806537628174
负 | 实际值：0.0 | 预测值（含误差范围）：2.7049607038497925
胜 | 实际值：2.0 | 预测值（含误差范围）：2.594469666481018
负 | 实际值：-2.0 | 预测值（含误差范围）：1.281731741502881
负 | 实际值：1.0 | 预测值（含误差范围）：3.3431601524353027
胜 | 实际值：2.0 | 预测值（含误差范围）：1.673893302679062
负 | 实际值：-3.0 | 预测值（含误差范围）：-0.18268287181854248
负 | 实际值：1.0 | 预测值（含误差范围）：3.1264212131500244
负 | 实际值：3.0 | 预测值（含误差范围）：1.7725239098072052
负 | 实际值：-3.0 | 预测值（含误差范围）：-0.843376636505127
负 | 实际值：-1.0 | 预测值（含误差范围）：2.3890180587768555
负 | 实际值：4.0 | 预测值（含误差范围）：2.3731402158737183
胜 | 实际值：-1.0 | 预测值（含误差范围）：-0.38595569133758545
负 | 实际值：-1.0 | 预测值（含误差范围）：0.4693087339401245
负 | 实际值：0.0 | 预测值（含误差范围）：2.778498649597168
负 | 实际值：0.0 | 预测值（含误差范围）：2.405218243598938
胜 | 实际值：1.0 | 预测值（含误差范围）：0.9603605270385742
胜 | 实际值：0.0 | 预测值（含误差范围）：0.4816584587097168
负 | 实际值：-3.0 | 预测值（含误差范围）：0.6479192972183228
负 | 实际值：1.0 | 预测值（含误差范围）：4.003675937652588
负 | 实际值：0.0 | 预测值（含误差范围）：1.1707246005535126
负 | 实际值：-1.0 | 预测值（含误差范围）：1.2873971706721932
胜 | 实际值：4.0 | 预测值（含误差范围）：3.3352129459381104
胜 | 实际值：0.0 | 预测值（含误差范围）：0.7534418106079102
负 | 实际值：-1.0 | 预测值（含误差范围）：0.16997218132019043
负 | 实际值：-2.0 | 预测值（含误差范围）：1.2766714114695787
负 | 实际值：0.0 | 预测值（含误差范围）：2.412389039993286
胜 | 实际值：3.0 | 预测值（含误差范围）：3.358522653579712
胜 | 实际值：0.0 | 预测值（含误差范围）：0.2280515432357788
胜 | 实际值：-1.0 | 预测值（含误差范围）：-0.3488430976867676
胜 | 实际值：1.0 | 预测值（含误差范围）：0.5827678442001343
胜 | 实际值：-2.0 | 预测值（含误差范围）：-1.4122650623321533
负 | 实际值：0.0 | 预测值（含误差范围）：2.929971933364868
负 | 实际值：-1.0 | 预测值（含误差范围）：1.7366382479667664
负 | 实际值：0.0 | 预测值（含误差范围）：2.722432017326355
负 | 实际值：-1.0 | 预测值（含误差范围）：3.0237499475479126
负 | 实际值：1.0 | 预测值（含误差范围）：3.6570491790771484
负 | 实际值：2.0 | 预测值（含误差范围）：3.4694809913635254
负 | 实际值：-3.0 | 预测值（含误差范围）：1.2827381659299135
胜 | 实际值：4.0 | 预测值（含误差范围）：4.088709831237793
负 | 实际值：0.0 | 预测值（含误差范围）：1.2550249584019184
负 | 实际值：-1.0 | 预测值（含误差范围）：0.37728190422058105
负 | 实际值：-1.0 | 预测值（含误差范围）：1.3147345799952745
负 | 实际值：-2.0 | 预测值（含误差范围）：3.298619270324707
胜 | 实际值：4.0 | 预测值（含误差范围）：3.4566919803619385
负 | 实际值：-3.0 | 预测值（含误差范围）：0.2763330936431885
胜 | 实际值：3.0 | 预测值（含误差范围）：3.1947370767593384
负 | 实际值：-3.0 | 预测值（含误差范围）：0.44051122665405273
负 | 实际值：3.0 | 预测值（含误差范围）：4.105500936508179
负 | 实际值：-2.0 | 预测值（含误差范围）：0.7000382542610168
负 | 实际值：-2.0 | 预测值（含误差范围）：3.1612303256988525
胜 | 实际值：3.0 | 预测值（含误差范围）：3.7726216316223145
负 | 实际值：-1.0 | 预测值（含误差范围）：0.4870392084121704
胜 | 实际值：0.0 | 预测值（含误差范围）：0.6233912110328674
胜 | 实际值：0.0 | 预测值（含误差范围）：0.3676384687423706
负 | 实际值：-1.0 | 预测值（含误差范围）：0.503094494342804
负 | 实际值：0.0 | 预测值（含误差范围）：2.488422155380249
胜 | 实际值：3.0 | 预测值（含误差范围）：2.4783263206481934
负 | 实际值：-3.0 | 预测值（含误差范围）：0.4634261131286621
胜 | 实际值：2.0 | 预测值（含误差范围）：2.796006679534912
负 | 实际值：-3.0 | 预测值（含误差范围）：1.1539255231618881
胜 | 实际值：4.0 | 预测值（含误差范围）：3.4399144649505615
负 | 实际值：-1.0 | 预测值（含误差范围）：0.5407123565673828
负 | 实际值：-3.0 | 预测值（含误差范围）：0.8118040561676025
负 | 实际值：1.0 | 预测值（含误差范围）：3.3520944118499756
负 | 实际值：0.0 | 预测值（含误差范围）：3.195547580718994
胜 | 实际值：2.0 | 预测值（含误差范围）：1.6642003655433655
胜 | 实际值：0.0 | 预测值（含误差范围）：0.4238804578781128
负 | 实际值：-1.0 | 预测值（含误差范围）：0.5450527667999268
负 | 实际值：-1.0 | 预测值（含误差范围）：2.613241672515869
胜 | 实际值：2.0 | 预测值（含误差范围）：2.089177429676056
负 | 实际值：-1.0 | 预测值（含误差范围）：0.7587317228317261
负 | 实际值：1.0 | 预测值（含误差范围）：2.2414952516555786
负 | 实际值：-1.0 | 预测值（含误差范围）：0.594064474105835
负 | 实际值：-2.0 | 预测值（含误差范围）：1.0599740594625473
负 | 实际值：0.0 | 预测值（含误差范围）：2.1543548107147217
负 | 实际值：0.0 | 预测值（含误差范围）：3.817701816558838
负 | 实际值：0.0 | 预测值（含误差范围）：3.7246217727661133
负 | 实际值：0.0 | 预测值（含误差范围）：3.9000678062438965
负 | 实际值：2.0 | 预测值（含误差范围）：3.5890228748321533
负 | 实际值：-1.0 | 预测值（含误差范围）：1.3761243373155594
胜 | 实际值：2.0 | 预测值（含误差范围）：2.1436550617218018
负 | 实际值：-2.0 | 预测值（含误差范围）：0.27195465564727783
负 | 实际值：2.0 | 预测值（含误差范围）：3.3705763816833496
胜 | 实际值：-1.0 | 预测值（含误差范围）：-0.5427956581115723
负 | 实际值：2.0 | 预测值（含误差范围）：0.611660361289978
负 | 实际值：-4.0 | 预测值（含误差范围）：-1.6570208072662354
胜 | 实际值：4.0 | 预测值（含误差范围）：4.173285722732544
负 | 实际值：-4.0 | 预测值（含误差范围）：-0.16581988334655762
负 | 实际值：1.0 | 预测值（含误差范围）：3.14335560798645
负 | 实际值：3.0 | 预测值（含误差范围）：1.1030575931072235
胜 | 实际值：-1.0 | 预测值（含误差范围）：-0.4122750759124756
负 | 实际值：1.0 | 预测值（含误差范围）：-0.015372753143310547
负 | 实际值：-2.0 | 预测值（含误差范围）：-0.4136866331100464
负 | 实际值：-1.0 | 预测值（含误差范围）：1.4532955139875412
胜 | 实际值：0.0 | 预测值（含误差范围）：0.9748754501342773
负 | 实际值：-1.0 | 预测值（含误差范围）：1.0747238546609879
胜 | 实际值：4.0 | 预测值（含误差范围）：3.038167119026184
负 | 实际值：-1.0 | 预测值（含误差范围）：0.18706893920898438
胜 | 实际值：-1.0 | 预测值（含误差范围）：-0.34250712394714355
胜 | 实际值：2.0 | 预测值（含误差范围）：1.0801394134759903
胜 | 实际值：0.0 | 预测值（含误差范围）：0.08266377449035645
负 | 实际值：-3.0 | 预测值（含误差范围）：0.7207375764846802
负 | 实际值：0.0 | 预测值（含误差范围）：3.3092260360717773
负 | 实际值：0.0 | 预测值（含误差范围）：2.4210606813430786
负 | 实际值：1.0 | 预测值（含误差范围）：3.0146214962005615
胜 | 实际值：2.0 | 预测值（含误差范围）：2.1900635957717896
胜 | 实际值：0.0 | 预测值（含误差范围）：0.2426995038986206
负 | 实际值：-2.0 | 预测值（含误差范围）：-0.8373165130615234
胜 | 实际值：1.0 | 预测值（含误差范围）：1.8230852484703064
负 | 实际值：-3.0 | 预测值（含误差范围）：0.010227560997009277
负 | 实际值：3.0 | 预测值（含误差范围）：4.181187152862549
负 | 实际值：-2.0 | 预测值（含误差范围）：0.39140474796295166
负 | 实际值：0.0 | 预测值（含误差范围）：3.958115816116333
负 | 实际值：1.0 | 预测值（含误差范围）：2.308291435241699
负 | 实际值：-2.0 | 预测值（含误差范围）：1.4306949228048325
负 | 实际值：1.0 | 预测值（含误差范围）：3.519050121307373
胜 | 实际值：3.0 | 预测值（含误差范围）：2.4987374544143677
负 | 实际值：-2.0 | 预测值（含误差范围）：-0.5853564739227295
负 | 实际值：-2.0 | 预测值（含误差范围）：2.0273795127868652
负 | 实际值：0.0 | 预测值（含误差范围）：2.4732993841171265
负 | 实际值：0.0 | 预测值（含误差范围）：3.6454896926879883
胜 | 实际值：3.0 | 预测值（含误差范围）：3.845345973968506
负 | 实际值：-2.0 | 预测值（含误差范围）：0.8656052947044373
负 | 实际值：-1.0 | 预测值（含误差范围）：2.7799177169799805
胜 | 实际值：2.0 | 预测值（含误差范围）：2.9285755157470703
负 | 实际值：-1.0 | 预测值（含误差范围）：1.221934363245964
负 | 实际值：-1.0 | 预测值（含误差范围）：3.892900228500366
负 | 实际值：3.0 | 预测值（含误差范围）：4.319277048110962
胜 | 实际值：0.0 | 预测值（含误差范围）：0.04950761795043945
负 | 实际值：-2.0 | 预测值（含误差范围）：-0.30664312839508057
胜 | 实际值：3.0 | 预测值（含误差范围）：2.0619142055511475
负 | 实际值：-3.0 | 预测值（含误差范围）：-0.6557743549346924
负 | 实际值：0.0 | 预测值（含误差范围）：1.6460010409355164
胜 | 实际值：1.0 | 预测值（含误差范围）：1.2521996460855007
胜 | 实际值：0.0 | 预测值（含误差范围）：0.9787656962871552
负 | 实际值：-2.0 | 预测值（含误差范围）：0.9256554245948792
负 | 实际值：1.0 | 预测值（含误差范围）：2.260028839111328
胜 | 实际值：3.0 | 预测值（含误差范围）：3.958223342895508
负 | 实际值：-3.0 | 预测值（含误差范围）：-0.8313479423522949
负 | 实际值：-1.0 | 预测值（含误差范围）：1.5572723746299744
负 | 实际值：2.0 | 预测值（含误差范围）：3.3462376594543457
负 | 实际值：-1.0 | 预测值（含误差范围）：0.6792483925819397
负 | 实际值：2.0 | 预测值（含误差范围）：3.1495022773742676
负 | 实际值：-3.0 | 预测值（含误差范围）：0.4236876964569092
负 | 实际值：1.0 | 预测值（含误差范围）：3.5381011962890625
负 | 实际值：3.0 | 预测值（含误差范围）：1.556193083524704
负 | 实际值：-2.0 | 预测值（含误差范围）：-0.5491688251495361
胜 | 实际值：1.0 | 预测值（含误差范围）：1.6642583906650543
胜 | 实际值：0.0 | 预测值（含误差范围）：0.28588569164276123
负 | 实际值：-1.0 | 预测值（含误差范围）：0.5588841438293457
负 | 实际值：2.0 | 预测值（含误差范围）：0.9171563386917114
负 | 实际值：-4.0 | 预测值（含误差范围）：-0.36277246475219727
负 | 实际值：1.0 | 预测值（含误差范围）：2.198829472064972
胜 | 实际值：1.0 | 预测值（含误差范围）：0.6384342908859253
负 | 实际值：-1.0 | 预测值（含误差范围）：0.41843318939208984
负 | 实际值：0.0 | 预测值（含误差范围）：1.3724791035056114
负 | 实际值：3.0 | 预测值（含误差范围）：1.5664602518081665
负 | 实际值：-4.0 | 预测值（含误差范围）：0.17048680782318115
负 | 实际值：0.0 | 预测值（含误差范围）：4.104441404342651
负 | 实际值：1.0 | 预测值（含误差范围）：2.9458765983581543
负 | 实际值：0.0 | 预测值（含误差范围）：1.1287645548582077
负 | 实际值：0.0 | 预测值（含误差范围）：1.392641730606556
负 | 实际值：-1.0 | 预测值（含误差范围）：1.7196588516235352
负 | 实际值：4.0 | 预测值（含误差范围）：2.675379753112793
负 | 实际值：-3.0 | 预测值（含误差范围）：-0.9940388202667236
负 | 实际值：1.0 | 预测值（含误差范围）：2.774552583694458
胜 | 实际值：2.0 | 预测值（含误差范围）：2.6258095502853394
负 | 实际值：-2.0 | 预测值（含误差范围）：-0.9181418418884277
负 | 实际值：0.0 | 预测值（含误差范围）：2.690150260925293
负 | 实际值：1.0 | 预测值（含误差范围）：2.4156932830810547
负 | 实际值：-1.0 | 预测值（含误差范围）：0.37671446800231934
负 | 实际值：1.0 | 预测值（含误差范围）：2.326748490333557
负 | 实际值：-1.0 | 预测值（含误差范围）：0.5449191331863403
胜 | 实际值：0.0 | 预测值（含误差范围）：0.42400825023651123
胜 | 实际值：0.0 | 预测值（含误差范围）：0.9130492508411407
负 | 实际值：-2.0 | 预测值（含误差范围）：0.6053034067153931
胜 | 实际值：3.0 | 预测值（含误差范围）：3.383249521255493
负 | 实际值：-3.0 | 预测值（含误差范围）：1.0781217366456985
负 | 实际值：2.0 | 预测值（含误差范围）：3.714282512664795
负 | 实际值：-2.0 | 预测值（含误差范围）：0.873683750629425
负 | 实际值：2.0 | 预测值（含误差范围）：3.4367434978485107
负 | 实际值：-1.0 | 预测值（含误差范围）：1.0346507728099823
负 | 实际值：-1.0 | 预测值（含误差范围）：2.1750832200050354
负 | 实际值：1.0 | 预测值（含误差范围）：3.073646306991577
负 | 实际值：-1.0 | 预测值（含误差范围）：3.455883026123047
胜 | 实际值：2.0 | 预测值（含误差范围）：2.8250904083251953
胜 | 实际值：0.0 | 预测值（含误差范围）：0.7480907440185547
负 | 实际值：-1.0 | 预测值（含误差范围）：1.8773635029792786
胜 | 实际值：2.0 | 预测值（含误差范围）：1.7534570693969727
负 | 实际值：1.0 | 预测值（含误差范围）：-0.8701412677764893
负 | 实际值：-4.0 | 预测值（含误差范围）：-1.7162151336669922
负 | 实际值：1.0 | 预测值（含误差范围）：2.0239250659942627
胜 | 实际值：3.0 | 预测值（含误差范围）：2.083816885948181
负 | 实际值：-3.0 | 预测值（含误差范围）：-1.3705291748046875
胜 | 实际值：2.0 | 预测值（含误差范围）：2.203405261039734
胜 | 实际值：0.0 | 预测值（含误差范围）：-0.17593109607696533
负 | 实际值：-3.0 | 预测值（含误差范围）：0.5774815082550049
胜 | 实际值：2.0 | 预测值（含误差范围）：2.821302890777588
胜 | 实际值：0.0 | 预测值（含误差范围）：0.2585538625717163
负 | 实际值：-2.0 | 预测值（含误差范围）：0.5512453317642212
负 | 实际值：4.0 | 预测值（含误差范围）：2.543104648590088
胜 | 实际值：-1.0 | 预测值（含误差范围）：-0.2814137935638428
胜 | 实际值：0.0 | 预测值（含误差范围）：0.27688300609588623
负 | 实际值：-2.0 | 预测值（含误差范围）：0.7293957471847534
胜 | 实际值：2.0 | 预测值（含误差范围）：1.8267040848731995
负 | 实际值：-1.0 | 预测值（含误差范围）：0.6886976361274719
胜 | 实际值：0.0 | 预测值（含误差范围）：0.6357293128967285
负 | 实际值：-2.0 | 预测值（含误差范围）：0.6468126177787781
负 | 实际值：1.0 | 预测值（含误差范围）：3.720656156539917
负 | 实际值：0.0 | 预测值（含误差范围）：2.1283300518989563
胜 | 实际值：3.0 | 预测值（含误差范围）：3.1594871282577515
负 | 实际值：-1.0 | 预测值（含误差范围）：0.3698219060897827
胜 | 实际值：1.0 | 预测值（含误差范围）：0.8523952960968018
胜 | 实际值：0.0 | 预测值（含误差范围）：-0.7166891098022461
胜 | 实际值：0.0 | 预测值（含误差范围）：-0.22894597053527832
胜 | 实际值：0.0 | 预测值（含误差范围）：-0.39455699920654297
胜 | 实际值：0.0 | 预测值（含误差范围）：-0.4824788570404053
胜 | 实际值：-1.0 | 预测值（含误差范围）：-1.3019373416900635
负 | 实际值：1.0 | 预测值（含误差范围）：-0.16087079048156738
胜 | 实际值：0.0 | 预测值（含误差范围）：-0.8692922592163086
负 | 实际值：-3.0 | 预测值（含误差范围）：-1.6576333045959473
负 | 实际值：2.0 | 预测值（含误差范围）：3.71728515625
负 | 实际值：-2.0 | 预测值（含误差范围）：0.3678247928619385
负 | 实际值：-1.0 | 预测值（含误差范围）：2.8386166095733643
负 | 实际值：1.0 | 预测值（含误差范围）：5.084754467010498
负 | 实际值：2.0 | 预测值（含误差范围）：3.7699837684631348
负 | 实际值：1.0 | 预测值（含误差范围）：2.1153740286827087
负 | 实际值：-2.0 | 预测值（含误差范围）：0.8285329043865204
负 | 实际值：0.0 | 预测值（含误差范围）：2.2862088680267334
负 | 实际值：0.0 | 预测值（含误差范围）：2.5162787437438965
负 | 实际值：-2.0 | 预测值（含误差范围）：2.673658609390259
胜 | 实际值：3.0 | 预测值（含误差范围）：2.901879668235779
负 | 实际值：-1.0 | 预测值（含误差范围）：1.1667852252721786
负 | 实际值：2.0 | 预测值（含误差范围）：3.1407713890075684
胜 | 实际值：-1.0 | 预测值（含误差范围）：-0.5575685501098633
负 | 实际值：-3.0 | 预测值（含误差范围）：0.7478601932525635
负 | 实际值：1.0 | 预测值（含误差范围）：3.7966012954711914
负 | 实际值：2.0 | 预测值（含误差范围）：3.422071933746338
胜 | 实际值：0.0 | 预测值（含误差范围）：-0.027481675148010254
负 | 实际值：-1.0 | 预测值（含误差范围）：0.3905830979347229
负 | 实际值：1.0 | 预测值（含误差范围）：2.0006083846092224
负 | 实际值：-2.0 | 预测值（含误差范围）：0.12289202213287354
负 | 实际值：-1.0 | 预测值（含误差范围）：2.4569071531295776
负 | 实际值：1.0 | 预测值（含误差范围）：3.6657562255859375
负 | 实际值：0.0 | 预测值（含误差范围）：2.8901153802871704
负 | 实际值：-1.0 | 预测值（含误差范围）：2.8210580348968506
负 | 实际值：1.0 | 预测值（含误差范围）：2.9710023403167725
胜 | 实际值：3.0 | 预测值（含误差范围）：3.779428482055664
胜 | 实际值：0.0 | 预测值（含误差范围）：-0.2563077211380005
负 | 实际值：-4.0 | 预测值（含误差范围）：-0.8580470085144043
胜 | 实际值：2.0 | 预测值（含误差范围）：2.1930415630340576
胜 | 实际值：1.0 | 预测值（含误差范围）：1.2311999388039112
胜 | 实际值：0.0 | 预测值（含误差范围）：-0.3425428867340088
负 | 实际值：-2.0 | 预测值（含误差范围）：-0.557623028755188
负 | 实际值：2.0 | 预测值（含误差范围）：3.376875638961792
胜 | 实际值：-1.0 | 预测值（含误差范围）：-0.39610302448272705
胜 | 实际值：-1.0 | 预测值（含误差范围）：-0.48531782627105713
负 | 实际值：3.0 | 预测值（含误差范围）：1.7468277215957642
负 | 实际值：-3.0 | 预测值（含误差范围）：-0.9197578430175781
负 | 实际值：-1.0 | 预测值（含误差范围）：2.7512412071228027
胜 | 实际值：3.0 | 预测值（含误差范围）：2.507220506668091
负 | 实际值：-2.0 | 预测值（含误差范围）：0.19325828552246094
负 | 实际值：-1.0 | 预测值（含误差范围）：1.4972716569900513
胜 | 实际值：3.0 | 预测值（含误差范围）：3.8077921867370605
负 | 实际值：-1.0 | 预测值（含误差范围）：1.0782006531953812
负 | 实际值：-1.0 | 预测值（含误差范围）：0.9095647633075714
胜 | 实际值：2.0 | 预测值（含误差范围）：2.760868549346924
负 | 实际值：-1.0 | 预测值（含误差范围）：0.7744705677032471
负 | 实际值：1.0 | 预测值（含误差范围）：2.569763422012329
负 | 实际值：-1.0 | 预测值（含误差范围）：0.3664017915725708
负 | 实际值：-1.0 | 预测值（含误差范围）：1.0831218659877777
胜 | 实际值：2.0 | 预测值（含误差范围）：1.8005598783493042
胜 | 实际值：-1.0 | 预测值（含误差范围）：-0.0642625093460083
负 | 实际值：0.0 | 预测值（含误差范围）：2.0795387029647827
负 | 实际值：-1.0 | 预测值（含误差范围）：1.096207782626152
胜 | 实际值：2.0 | 预测值（含误差范围）：2.731273651123047
负 | 实际值：-2.0 | 预测值（含误差范围）：0.1379479169845581
负 | 实际值：1.0 | 预测值（含误差范围）：2.663756847381592
负 | 实际值：1.0 | 预测值（含误差范围）：2.4143224954605103
胜 | 实际值：1.0 | 预测值（含误差范围）：0.3661842346191406
负 | 实际值：-4.0 | 预测值（含误差范围）：-1.011256217956543
负 | 实际值：1.0 | 预测值（含误差范围）：3.229164481163025
负 | 实际值：0.0 | 预测值（含误差范围）：1.64972984790802
胜 | 实际值：3.0 | 预测值（含误差范围）：2.3457201719284058
负 | 实际值：-3.0 | 预测值（含误差范围）：-0.995429277420044
负 | 实际值：0.0 | 预测值（含误差范围）：1.8783274292945862
胜 | 实际值：3.0 | 预测值（含误差范围）：2.006914734840393
胜 | 实际值：0.0 | 预测值（含误差范围）：-0.8071498870849609
负 | 实际值：-3.0 | 预测值（含误差范围）：-0.8076229095458984
负 | 实际值：0.0 | 预测值（含误差范围）：2.7515387535095215
负 | 实际值：-1.0 | 预测值（含误差范围）：1.4038498103618622
负 | 实际值：0.0 | 预测值（含误差范围）：3.457904100418091
胜 | 实际值：2.0 | 预测值（含误差范围）：2.9827682971954346
胜 | 实际值：2.0 | 预测值（含误差范围）：1.0584747791290283
胜 | 实际值：0.0 | 预测值（含误差范围）：-0.21011996269226074
胜 | 实际值：-1.0 | 预测值（含误差范围）：-0.347337007522583
负 | 实际值：-1.0 | 预测值（含误差范围）：0.4585598111152649
负 | 实际值：-2.0 | 预测值（含误差范围）：1.5563141107559204
负 | 实际值：1.0 | 预测值（含误差范围）：2.424342632293701
胜 | 实际值：3.0 | 预测值（含误差范围）：2.6156909465789795
胜 | 实际值：0.0 | 预测值（含误差范围）：-0.5878496170043945
胜 | 实际值：0.0 | 预测值（含误差范围）：-0.905148983001709
胜 | 实际值：-1.0 | 预测值（含误差范围）：-0.8967626094818115
负 | 实际值：-3.0 | 预测值（含误差范围）：-0.049834489822387695
负 | 实际值：0.0 | 预测值（含误差范围）：3.8662562370300293
胜 | 实际值：4.0 | 预测值（含误差范围）：4.33062219619751
负 | 实际值：-3.0 | 预测值（含误差范围）：0.6588666439056396
负 | 实际值：-1.0 | 预测值（含误差范围）：4.479050636291504
胜 | 实际值：4.0 | 预测值（含误差范围）：4.207895755767822
负 | 实际值：-4.0 | 预测值（含误差范围）：1.1334181874990463
胜 | 实际值：3.0 | 预测值（含误差范围）：3.943542718887329
负 | 实际值：-2.0 | 预测值（含误差范围）：1.73825204372406
胜 | 实际值：3.0 | 预测值（含误差范围）：2.941124439239502
负 | 实际值：-1.0 | 预测值（含误差范围）：0.41448527574539185
负 | 实际值：1.0 | 预测值（含误差范围）：2.6005821228027344
胜 | 实际值：0.0 | 预测值（含误差范围）：0.4676557183265686
负 | 实际值：-2.0 | 预测值（含误差范围）：0.5597752332687378
